07:00:21:70 | I | Matching ok | SEQ : 20174626290, PART : 04578885AC, SCAN P04578885AC, CELL [1,1]
07:00:23:30 | I | Matching ok | SEQ : 20174626280, PART : 04578885AC, SCAN P04578885AC, CELL [1,2]
07:00:24:30 | I | Matching ok | SEQ : 20174626270, PART : 68193661AB, SCAN P68193661AB, CELL [1,3]
07:00:26:32 | I | Matching ok | SEQ : 20174626260, PART : N/A, SCAN N/A, CELL [1,4]
07:00:27:88 | I | Matching ok | SEQ : 20174626250, PART : 04578885AC, SCAN P04578885AC, CELL [1,5]
07:00:28:93 | I | Matching ok | SEQ : 20174626240, PART : 04578885AC, SCAN P04578885AC, CELL [1,6]
07:00:30:48 | I | Matching ok | SEQ : 20174626350, PART : 52124713AD, SCAN P52124713AD, CELL [2,1]
07:00:31:53 | I | Matching ok | SEQ : 20174626340, PART : 68193661AB, SCAN P68193661AB, CELL [2,2]
07:00:32:73 | I | Matching ok | SEQ : 20174626330, PART : 04578885AC, SCAN P04578885AC, CELL [2,3]
07:00:34:08 | I | Matching ok | SEQ : 20174626320, PART : 68193661AB, SCAN P68193661AB, CELL [2,4]
07:00:35:26 | I | Matching ok | SEQ : 20174626310, PART : 52124713AD, SCAN P52124713AD, CELL [2,5]
07:00:36:46 | I | Matching ok | SEQ : 20174626300, PART : 04578885AC, SCAN P04578885AC, CELL [2,6]
07:17:26:13 | I | Matching ok | SEQ : 20174626410, PART : 04578885AC, SCAN P04578885AC, CELL [1,1]
07:17:28:30 | I | Matching ok | SEQ : 20174626400, PART : 68193661AB, SCAN P68193661AB, CELL [1,2]
07:17:30:58 | I | Matching ok | SEQ : 20174626390, PART : 52124713AD, SCAN P52124713AD, CELL [1,3]
07:17:32:85 | I | Matching ok | SEQ : 20174626380, PART : 04578885AC, SCAN P04578885AC, CELL [1,4]
07:17:34:87 | I | Matching ok | SEQ : 20174626370, PART : N/A, SCAN N/A, CELL [1,5]
07:17:39:75 | I | Matching ok | SEQ : 20174626360, PART : 52124713AD, SCAN P52124713AD, CELL [1,6]
07:17:42:97 | I | Matching ok | SEQ : 20174626470, PART : 52124713AD, SCAN P52124713AD, CELL [2,1]
07:17:55:10 | I | Matching ok | SEQ : 20174626460, PART : 68193661AB, SCAN P68193661AB, CELL [2,2]
07:17:59:53 | I | Matching ok | SEQ : 20174626450, PART : 04578885AC, SCAN P04578885AC, CELL [2,3]
07:18:01:56 | I | Matching ok | SEQ : 20174626440, PART : N/A, SCAN N/A, CELL [2,4]
07:18:06:02 | I | Matching ok | SEQ : 20174626430, PART : 52124713AD, SCAN P52124713AD, CELL [2,5]
07:18:08:05 | I | Matching ok | SEQ : 20174626420, PART : N/A, SCAN N/A, CELL [2,6]
07:29:00:19 | I | Matching ok | SEQ : 20174626530, PART : 52124713AD, SCAN P52124713AD, CELL [1,1]
07:29:02:99 | I | Matching ok | SEQ : 20174626520, PART : 68193661AB, SCAN P68193661AB, CELL [1,2]
07:29:05:67 | I | Matching ok | SEQ : 20174626510, PART : 68193661AB, SCAN P68193661AB, CELL [1,3]
07:29:07:69 | I | Matching ok | SEQ : 20174626500, PART : N/A, SCAN N/A, CELL [1,4]
07:29:11:09 | I | Matching ok | SEQ : 20174626490, PART : 52124713AD, SCAN P52124713AD, CELL [1,5]
07:29:13:27 | I | Matching ok | SEQ : 20174626480, PART : 52124713AD, SCAN P52124713AD, CELL [1,6]
07:29:15:42 | I | Matching ok | SEQ : 20174626590, PART : 04578885AC, SCAN P04578885AC, CELL [2,1]
07:29:17:89 | I | Matching ok | SEQ : 20174626580, PART : 68193661AB, SCAN P68193661AB, CELL [2,2]
07:29:20:12 | I | Matching ok | SEQ : 20174626570, PART : 52124713AD, SCAN P52124713AD, CELL [2,3]
07:29:22:62 | I | Matching ok | SEQ : 20174626560, PART : 04578885AC, SCAN P04578885AC, CELL [2,4]
07:29:25:02 | I | Matching ok | SEQ : 20174626550, PART : 04578885AC, SCAN P04578885AC, CELL [2,5]
07:29:27:12 | I | Matching ok | SEQ : 20174626540, PART : 68193661AB, SCAN P68193661AB, CELL [2,6]
07:38:15:93 | I | Matching ok | SEQ : 20174626650, PART : 04578885AC, SCAN P04578885AC, CELL [1,1]
07:38:18:95 | I | Matching ok | SEQ : 20174626640, PART : 04578885AC, SCAN P04578885AC, CELL [1,2]
07:38:22:30 | I | Matching ok | SEQ : 20174626630, PART : 52124713AD, SCAN P52124713AD, CELL [1,3]
07:38:26:45 | I | Matching ok | SEQ : 20174626620, PART : 04578885AC, SCAN P04578885AC, CELL [1,4]
07:38:29:68 | I | Matching ok | SEQ : 20174626610, PART : 68193661AB, SCAN P68193661AB, CELL [1,5]
07:38:33:01 | I | Matching ok | SEQ : 20174626600, PART : 04578885AC, SCAN P04578885AC, CELL [1,6]
07:38:36:28 | I | Matching ok | SEQ : 20174626710, PART : 68193661AB, SCAN P68193661AB, CELL [2,1]
07:38:41:25 | I | Matching ok | SEQ : 20174626700, PART : 04578885AC, SCAN P04578885AC, CELL [2,2]
07:38:45:25 | I | Matching ok | SEQ : 20174626690, PART : 68193661AB, SCAN P68193661AB, CELL [2,3]
07:38:48:36 | I | Matching ok | SEQ : 20174626680, PART : 04578885AC, SCAN P04578885AC, CELL [2,4]
07:38:52:33 | I | Matching ok | SEQ : 20174626670, PART : 52124713AD, SCAN P52124713AD, CELL [2,5]
07:38:54:34 | I | Matching ok | SEQ : 20174626660, PART : N/A, SCAN N/A, CELL [2,6]
07:38:56:42 | I | Matching ok | SEQ : 20174626770, PART : N/A, SCAN N/A, CELL [1,1]
07:54:16:53 | I | Matching ok | SEQ : 20174626760, PART : 52124713AD, SCAN P52124713AD, CELL [1,2]
07:54:18:56 | I | Matching ok | SEQ : 20174626750, PART : N/A, SCAN N/A, CELL [1,3]
07:54:21:43 | I | Matching ok | SEQ : 20174626740, PART : 04578885AC, SCAN P04578885AC, CELL [1,4]
07:54:24:18 | I | Matching ok | SEQ : 20174626730, PART : 52124713AD, SCAN P52124713AD, CELL [1,5]
07:54:26:18 | I | Matching ok | SEQ : 20174626720, PART : N/A, SCAN N/A, CELL [1,6]
07:54:30:35 | I | Matching ok | SEQ : 20174626830, PART : 68193661AB, SCAN P68193661AB, CELL [2,1]
07:54:33:45 | I | Matching ok | SEQ : 20174626820, PART : 04578885AC, SCAN P04578885AC, CELL [2,2]
07:54:36:03 | I | Matching ok | SEQ : 20174626810, PART : 68193661AB, SCAN P68193661AB, CELL [2,3]
07:54:39:65 | I | Matching ok | SEQ : 20174626800, PART : 04578885AC, SCAN P04578885AC, CELL [2,4]
07:54:42:68 | I | Matching ok | SEQ : 20174626790, PART : 68193661AB, SCAN P68193661AB, CELL [2,5]
07:54:46:28 | I | Matching ok | SEQ : 20174626780, PART : 68193661AB, SCAN P68193661AB, CELL [2,6]
08:36:16:46 | I | Matching ok | SEQ : 20174626890, PART : 68193661AB, SCAN P68193661AB, CELL [1,1]
08:36:20:12 | I | Matching ok | SEQ : 20174626880, PART : 04578885AC, SCAN P04578885AC, CELL [1,2]
08:36:23:16 | I | Matching ok | SEQ : 20174626870, PART : 68193661AB, SCAN P68193661AB, CELL [1,3]
08:36:26:49 | I | Matching ok | SEQ : 20174626860, PART : 68193661AB, SCAN P68193661AB, CELL [1,4]
08:36:28:50 | I | Matching ok | SEQ : 20174626850, PART : N/A, SCAN N/A, CELL [1,5]
08:36:31:64 | I | Matching ok | SEQ : 20174626840, PART : 52124713AD, SCAN P52124713AD, CELL [1,6]
08:36:36:39 | I | Matching ok | SEQ : 20174626950, PART : 04578885AC, SCAN P04578885AC, CELL [2,1]
08:36:40:66 | I | Matching ok | SEQ : 20174626940, PART : 52124713AD, SCAN P52124713AD, CELL [2,2]
08:36:44:39 | I | Matching ok | SEQ : 20174626930, PART : 52124713AD, SCAN P52124713AD, CELL [2,3]
08:36:48:12 | I | Matching ok | SEQ : 20174626920, PART : 04578885AC, SCAN P04578885AC, CELL [2,4]
08:36:52:11 | I | Matching ok | SEQ : 20174626910, PART : 52124713AD, SCAN P52124713AD, CELL [2,5]
08:36:55:76 | I | Matching ok | SEQ : 20174626900, PART : 04578885AC, SCAN P04578885AC, CELL [2,6]
08:41:08:54 | I | Matching ok | SEQ : 20174627010, PART : 04578885AC, SCAN P04578885AC, CELL [1,1]
08:41:11:57 | I | Matching ok | SEQ : 20174627000, PART : 52124713AD, SCAN P52124713AD, CELL [1,2]
08:41:20:44 | I | Matching ok | SEQ : 20174626990, PART : 68193661AB, SCAN P68193661AB, CELL [1,3]
08:41:29:04 | I | Matching ok | SEQ : 20174626980, PART : 04578885AC, SCAN P04578885AC, CELL [1,4]
08:41:44:27 | I | Matching ok | SEQ : 20174626970, PART : 04578885AC, SCAN P04578885AC, CELL [1,5]
08:41:48:52 | I | Matching ok | SEQ : 20174626960, PART : 04578885AC, SCAN P04578885AC, CELL [1,6]
08:42:06:75 | I | Matching ok | SEQ : 20174627070, PART : 52124713AD, SCAN P52124713AD, CELL [2,1]
08:42:08:76 | I | Matching ok | SEQ : 20174627060, PART : N/A, SCAN N/A, CELL [2,2]
08:42:10:77 | I | Matching ok | SEQ : 20174627050, PART : N/A, SCAN N/A, CELL [2,3]
08:42:12:78 | I | Matching ok | SEQ : 20174627040, PART : N/A, SCAN N/A, CELL [2,4]
08:42:17:00 | I | Matching ok | SEQ : 20174627030, PART : 52124713AD, SCAN P52124713AD, CELL [2,5]
08:42:20:25 | I | Matching ok | SEQ : 20174627020, PART : 04578885AC, SCAN P04578885AC, CELL [2,6]
09:00:13:92 | I | Matching ok | SEQ : 20174627130, PART : 04578885AC, SCAN P04578885AC, CELL [1,1]
09:00:16:87 | I | Matching ok | SEQ : 20174627120, PART : 04578885AC, SCAN P04578885AC, CELL [1,2]
09:00:18:91 | I | Matching ok | SEQ : 20174627110, PART : N/A, SCAN N/A, CELL [1,3]
09:00:20:92 | I | Matching ok | SEQ : 20174627100, PART : N/A, SCAN N/A, CELL [1,4]
09:00:23:72 | I | Matching ok | SEQ : 20174627090, PART : 68193661AB, SCAN P68193661AB, CELL [1,5]
09:00:26:52 | I | Matching ok | SEQ : 20174627080, PART : 04578885AC, SCAN P04578885AC, CELL [1,6]
09:00:28:53 | I | Matching ok | SEQ : 20174627190, PART : N/A, SCAN N/A, CELL [2,1]
09:00:31:62 | I | Matching ok | SEQ : 20174627180, PART : 68193661AB, SCAN P68193661AB, CELL [2,2]
09:00:34:55 | I | Matching ok | SEQ : 20174627170, PART : 52124713AD, SCAN P52124713AD, CELL [2,3]
09:00:37:72 | I | Matching ok | SEQ : 20174627160, PART : 52124713AD, SCAN P52124713AD, CELL [2,4]
09:00:40:83 | I | Matching ok | SEQ : 20174627150, PART : 04578885AC, SCAN P04578885AC, CELL [2,5]
09:00:44:10 | I | Matching ok | SEQ : 20174627140, PART : 52124713AD, SCAN P52124713AD, CELL [2,6]
09:00:46:13 | I | Matching ok | SEQ : 20174627250, PART : N/A, SCAN N/A, CELL [1,1]
09:09:41:11 | I | Matching ok | SEQ : 20174627240, PART : 52124713AD, SCAN P52124713AD, CELL [1,2]
09:09:44:28 | I | Matching ok | SEQ : 20174627230, PART : 04578885AC, SCAN P04578885AC, CELL [1,3]
09:09:47:07 | I | Matching ok | SEQ : 20174627220, PART : 68193661AB, SCAN P68193661AB, CELL [1,4]
09:09:49:09 | I | Matching ok | SEQ : 20174627210, PART : N/A, SCAN N/A, CELL [1,5]
09:09:51:83 | I | Matching ok | SEQ : 20174627200, PART : 04578885AC, SCAN P04578885AC, CELL [1,6]
09:09:57:18 | I | Matching ok | SEQ : 20174627310, PART : 04578885AC, SCAN P04578885AC, CELL [2,1]
09:09:59:20 | I | Matching ok | SEQ : 20174627300, PART : N/A, SCAN N/A, CELL [2,2]
09:10:02:63 | I | Matching ok | SEQ : 20174627290, PART : 52124713AD, SCAN P52124713AD, CELL [2,3]
09:10:06:46 | I | Matching ok | SEQ : 20174627280, PART : 04578885AC, SCAN P04578885AC, CELL [2,4]
09:10:09:81 | I | Matching ok | SEQ : 20174627270, PART : 68193661AB, SCAN P68193661AB, CELL [2,5]
09:10:13:16 | I | Matching ok | SEQ : 20174627260, PART : 52124713AD, SCAN P52124713AD, CELL [2,6]
09:21:16:05 | I | Matching ok | SEQ : 20174627370, PART : 68193661AB, SCAN P68193661AB, CELL [1,1]
09:21:17:58 | I | Matching ok | SEQ : 20174627360, PART : 68193661AB, SCAN P68193661AB, CELL [1,2]
09:21:19:13 | I | Matching ok | SEQ : 20174627350, PART : 04578885AC, SCAN P04578885AC, CELL [1,3]
09:21:20:60 | I | Matching ok | SEQ : 20174627340, PART : 04578885AC, SCAN P04578885AC, CELL [1,4]
09:21:22:03 | I | Matching ok | SEQ : 20174627330, PART : 68193661AB, SCAN P68193661AB, CELL [1,5]
09:21:23:53 | I | Matching ok | SEQ : 20174627320, PART : 52124713AD, SCAN P52124713AD, CELL [1,6]
09:21:24:93 | I | Matching ok | SEQ : 20174627430, PART : 52124713AD, SCAN P52124713AD, CELL [2,1]
09:21:26:38 | I | Matching ok | SEQ : 20174627420, PART : 68193661AB, SCAN P68193661AB, CELL [2,2]
09:21:28:41 | I | Matching ok | SEQ : 20174627410, PART : 04578885AC, SCAN P04578885AC, CELL [2,3]
09:21:29:86 | I | Matching ok | SEQ : 20174627400, PART : 04578885AC, SCAN P04578885AC, CELL [2,4]
09:21:31:06 | I | Matching ok | SEQ : 20174627390, PART : 68193661AB, SCAN P68193661AB, CELL [2,5]
09:21:32:51 | I | Matching ok | SEQ : 20174627380, PART : 04578885AC, SCAN P04578885AC, CELL [2,6]
09:32:53:03 | I | Matching ok | SEQ : 20174627490, PART : 04578885AC, SCAN P04578885AC, CELL [1,1]
09:32:55:02 | I | Matching ok | SEQ : 20174627480, PART : 04578885AC, SCAN P04578885AC, CELL [1,2]
09:32:56:07 | I | Matching ok | SEQ : 20174627470, PART : 68193661AB, SCAN P68193661AB, CELL [1,3]
09:32:57:37 | I | Matching ok | SEQ : 20174627460, PART : 52124713AD, SCAN P52124713AD, CELL [1,4]
09:32:59:05 | I | Matching ok | SEQ : 20174627450, PART : 04578885AC, SCAN P04578885AC, CELL [1,5]
09:33:00:27 | I | Matching ok | SEQ : 20174627440, PART : 04578885AC, SCAN P04578885AC, CELL [1,6]
09:33:01:35 | I | Matching ok | SEQ : 20174627550, PART : 52124713AD, SCAN P52124713AD, CELL [2,1]
09:33:02:45 | I | Matching ok | SEQ : 20174627540, PART : 52124713AD, SCAN P52124713AD, CELL [2,2]
09:33:03:50 | I | Matching ok | SEQ : 20174627530, PART : 04578885AC, SCAN P04578885AC, CELL [2,3]
09:33:04:65 | I | Matching ok | SEQ : 20174627520, PART : 52124713AD, SCAN P52124713AD, CELL [2,4]
09:33:05:65 | I | Matching ok | SEQ : 20174627510, PART : 68193661AB, SCAN P68193661AB, CELL [2,5]
09:33:07:23 | I | Matching ok | SEQ : 20174627500, PART : 04578885AC, SCAN P04578885AC, CELL [2,6]
09:42:41:76 | I | Matching ok | SEQ : 20174627610, PART : 52124713AD, SCAN P52124713AD, CELL [1,1]
09:42:45:76 | I | Matching ok | SEQ : 20174627600, PART : 04578885AC, SCAN P04578885AC, CELL [1,2]
09:42:50:38 | I | Matching ok | SEQ : 20174627590, PART : 52124713AD, SCAN P52124713AD, CELL [1,3]
09:42:55:21 | I | Matching ok | SEQ : 20174627580, PART : 04578885AC, SCAN P04578885AC, CELL [1,4]
09:42:59:31 | I | Matching ok | SEQ : 20174627570, PART : 04578885AC, SCAN P04578885AC, CELL [1,5]
09:43:02:93 | I | Matching ok | SEQ : 20174627560, PART : 68193661AB, SCAN P68193661AB, CELL [1,6]
09:43:08:28 | I | Matching ok | SEQ : 20174627670, PART : 04578885AC, SCAN P04578885AC, CELL [2,1]
09:43:13:41 | I | Matching ok | SEQ : 20174627660, PART : 52124713AD, SCAN P52124713AD, CELL [2,2]
09:43:17:83 | I | Matching ok | SEQ : 20174627650, PART : 04578885AC, SCAN P04578885AC, CELL [2,3]
09:43:20:81 | I | Matching ok | SEQ : 20174627640, PART : 04578885AC, SCAN P04578885AC, CELL [2,4]
09:43:23:16 | I | Matching ok | SEQ : 20174627630, PART : 68193661AB, SCAN P68193661AB, CELL [2,5]
09:43:25:93 | I | Matching ok | SEQ : 20174627620, PART : 52124713AD, SCAN P52124713AD, CELL [2,6]
09:43:27:98 | I | Matching ok | SEQ : 20174627730, PART : N/A, SCAN N/A, CELL [1,1]
09:53:28:58 | I | Matching ok | SEQ : 20174627720, PART : 04578885AC, SCAN P04578885AC, CELL [1,2]
09:53:36:43 | I | Matching ok | SEQ : 20174627710, PART : 68193661AB, SCAN P68193661AB, CELL [1,3]
09:53:38:46 | I | Matching ok | SEQ : 20174627700, PART : N/A, SCAN N/A, CELL [1,4]
09:53:40:47 | I | Matching ok | SEQ : 20174627690, PART : N/A, SCAN N/A, CELL [1,5]
09:53:43:75 | I | Matching ok | SEQ : 20174627680, PART : 52124713AD, SCAN P52124713AD, CELL [1,6]
09:53:45:77 | I | Matching ok | SEQ : 20174627790, PART : N/A, SCAN N/A, CELL [2,1]
09:53:49:68 | I | Matching ok | SEQ : 20174627780, PART : 04578885AC, SCAN P04578885AC, CELL [2,2]
09:53:52:55 | I | Matching ok | SEQ : 20174627770, PART : 04578885AC, SCAN P04578885AC, CELL [2,3]
09:53:54:59 | I | Matching ok | SEQ : 20174627760, PART : N/A, SCAN N/A, CELL [2,4]
09:53:57:63 | I | Matching ok | SEQ : 20174627750, PART : 04578885AC, SCAN P04578885AC, CELL [2,5]
09:53:59:66 | I | Matching ok | SEQ : 20174627740, PART : N/A, SCAN N/A, CELL [2,6]
10:03:10:72 | I | Matching ok | SEQ : 20174627850, PART : 52124713AD, SCAN P52124713AD, CELL [1,1]
10:03:12:74 | I | Matching ok | SEQ : 20174627840, PART : N/A, SCAN N/A, CELL [1,2]
10:03:17:04 | I | Matching ok | SEQ : 20174627830, PART : 68193661AB, SCAN P68193661AB, CELL [1,3]
10:03:21:04 | I | Matching ok | SEQ : 20174627820, PART : 52124713AD, SCAN P52124713AD, CELL [1,4]
10:03:25:07 | I | Matching ok | SEQ : 20174627810, PART : 68193661AB, SCAN P68193661AB, CELL [1,5]
10:03:29:07 | I | Matching ok | SEQ : 20174627800, PART : 04578885AC, SCAN P04578885AC, CELL [1,6]
10:03:35:42 | I | Matching ok | SEQ : 20174627910, PART : 52124713AD, SCAN P52124713AD, CELL [2,1]
10:03:37:44 | I | Matching ok | SEQ : 20174627900, PART : N/A, SCAN N/A, CELL [2,2]
10:03:39:45 | I | Matching ok | SEQ : 20174627890, PART : N/A, SCAN N/A, CELL [2,3]
10:03:44:14 | W | Mismatching | SEQ : 20174627880, PART : 68193661AB, SCAN P52124713AD, CELL [2,4]
10:03:59:92 | I | Matching ok | SEQ : 20174627880, PART : 68193661AB, SCAN P68193661AB, CELL [2,4]
10:04:02:79 | I | Matching ok | SEQ : 20174627870, PART : 52124713AD, SCAN P52124713AD, CELL [2,5]
10:04:05:69 | I | Matching ok | SEQ : 20174627860, PART : 04578885AC, SCAN P04578885AC, CELL [2,6]
10:14:23:71 | I | Matching ok | SEQ : 20174627970, PART : 04578885AC, SCAN P04578885AC, CELL [1,1]
10:14:26:81 | I | Matching ok | SEQ : 20174627960, PART : 04578885AC, SCAN P04578885AC, CELL [1,2]
10:14:28:82 | I | Matching ok | SEQ : 20174627950, PART : N/A, SCAN N/A, CELL [1,3]
10:14:30:85 | I | Matching ok | SEQ : 20174627940, PART : N/A, SCAN N/A, CELL [1,4]
10:14:34:46 | I | Matching ok | SEQ : 20174627930, PART : 04578885AC, SCAN P04578885AC, CELL [1,5]
10:14:38:46 | W | Mismatching | SEQ : 20174627920, PART : 68193661AB, SCAN P04578885AC, CELL [1,6]
10:14:47:81 | I | Matching ok | SEQ : 20174627920, PART : 68193661AB, SCAN P68193661AB, CELL [1,6]
10:14:49:48 | I | Matching ok | SEQ : 20174628030, PART : 04578885AC, SCAN P04578885AC, CELL [2,1]
10:14:50:71 | I | Matching ok | SEQ : 20174628020, PART : 52124713AD, SCAN P52124713AD, CELL [2,2]
10:14:52:43 | I | Matching ok | SEQ : 20174628010, PART : 68193661AB, SCAN P68193661AB, CELL [2,3]
10:14:54:09 | W | Mismatching | SEQ : 20174628000, PART : 68193661AB, SCAN P04578885AC, CELL [2,4]
10:14:54:84 | W | Mismatching | SEQ : 20174628000, PART : 68193661AB, SCAN P52124713AD, CELL [2,4]
10:15:00:31 | I | Matching ok | SEQ : 20174628000, PART : 68193661AB, SCAN P68193661AB, CELL [2,4]
10:15:02:46 | I | Matching ok | SEQ : 20174627990, PART : 04578885AC, SCAN P04578885AC, CELL [2,5]
10:15:04:06 | I | Matching ok | SEQ : 20174627980, PART : 52124713AD, SCAN P52124713AD, CELL [2,6]
10:23:48:30 | I | Matching ok | SEQ : 20174628090, PART : 52124713AD, SCAN P52124713AD, CELL [1,1]
10:23:51:53 | I | Matching ok | SEQ : 20174628080, PART : 68193661AB, SCAN P68193661AB, CELL [1,2]
10:23:53:54 | I | Matching ok | SEQ : 20174628070, PART : N/A, SCAN N/A, CELL [1,3]
10:23:56:25 | I | Matching ok | SEQ : 20174628060, PART : 04578885AC, SCAN P04578885AC, CELL [1,4]
10:23:59:07 | I | Matching ok | SEQ : 20174628050, PART : 68193661AB, SCAN P68193661AB, CELL [1,5]
10:24:02:30 | I | Matching ok | SEQ : 20174628040, PART : 68193661AB, SCAN P68193661AB, CELL [1,6]
10:24:05:57 | I | Matching ok | SEQ : 20174628150, PART : 68193661AB, SCAN P68193661AB, CELL [2,1]
10:24:08:95 | I | Matching ok | SEQ : 20174628140, PART : 52124713AD, SCAN P52124713AD, CELL [2,2]
10:24:11:62 | I | Matching ok | SEQ : 20174628130, PART : 52124713AD, SCAN P52124713AD, CELL [2,3]
10:24:14:85 | I | Matching ok | SEQ : 20174628120, PART : 04578885AC, SCAN P04578885AC, CELL [2,4]
10:24:16:87 | I | Matching ok | SEQ : 20174628110, PART : N/A, SCAN N/A, CELL [2,5]
10:24:18:88 | I | Matching ok | SEQ : 20174628100, PART : N/A, SCAN N/A, CELL [2,6]
10:35:54:69 | I | Matching ok | SEQ : 20174628210, PART : 04578885AC, SCAN P04578885AC, CELL [1,1]
10:35:59:04 | I | Matching ok | SEQ : 20174628200, PART : 52124713AD, SCAN P52124713AD, CELL [1,2]
10:36:01:05 | I | Matching ok | SEQ : 20174628190, PART : N/A, SCAN N/A, CELL [1,3]
10:36:03:07 | I | Matching ok | SEQ : 20174628180, PART : N/A, SCAN N/A, CELL [1,4]
10:36:05:09 | I | Matching ok | SEQ : 20174628170, PART : N/A, SCAN N/A, CELL [1,5]
10:36:10:06 | I | Matching ok | SEQ : 20174628160, PART : 68193661AB, SCAN P68193661AB, CELL [1,6]
10:36:15:74 | I | Matching ok | SEQ : 20174628270, PART : 04578885AC, SCAN P04578885AC, CELL [2,1]
10:36:19:64 | I | Matching ok | SEQ : 20174628260, PART : 68193661AB, SCAN P68193661AB, CELL [2,2]
10:36:22:34 | I | Matching ok | SEQ : 20174628250, PART : 04578885AC, SCAN P04578885AC, CELL [2,3]
10:36:24:47 | I | Matching ok | SEQ : 20174628240, PART : 68193661AB, SCAN P68193661AB, CELL [2,4]
10:36:26:51 | I | Matching ok | SEQ : 20174628230, PART : N/A, SCAN N/A, CELL [2,5]
10:36:30:89 | I | Matching ok | SEQ : 20174628220, PART : 52124713AD, SCAN P52124713AD, CELL [2,6]
10:47:32:53 | I | Matching ok | SEQ : 20174628330, PART : 68193661AB, SCAN P68193661AB, CELL [1,1]
10:47:35:16 | I | Matching ok | SEQ : 20174628320, PART : 68193661AB, SCAN P68193661AB, CELL [1,2]
10:47:37:88 | I | Matching ok | SEQ : 20174628310, PART : 52124713AD, SCAN P52124713AD, CELL [1,3]
10:47:39:91 | I | Matching ok | SEQ : 20174628300, PART : N/A, SCAN N/A, CELL [1,4]
10:47:42:61 | I | Matching ok | SEQ : 20174628290, PART : 52124713AD, SCAN P52124713AD, CELL [1,5]
10:47:45:30 | I | Matching ok | SEQ : 20174628280, PART : 52124713AD, SCAN P52124713AD, CELL [1,6]
10:47:48:63 | I | Matching ok | SEQ : 20174628390, PART : 04578885AC, SCAN P04578885AC, CELL [2,1]
10:47:52:03 | I | Matching ok | SEQ : 20174628380, PART : 04578885AC, SCAN P04578885AC, CELL [2,2]
10:47:54:06 | I | Matching ok | SEQ : 20174628370, PART : N/A, SCAN N/A, CELL [2,3]
10:47:57:06 | I | Matching ok | SEQ : 20174628360, PART : 52124713AD, SCAN P52124713AD, CELL [2,4]
10:48:00:33 | I | Matching ok | SEQ : 20174628350, PART : 04578885AC, SCAN P04578885AC, CELL [2,5]
10:48:02:34 | I | Matching ok | SEQ : 20174628340, PART : N/A, SCAN N/A, CELL [2,6]
11:00:12:27 | I | Matching ok | SEQ : 20174628450, PART : 52124713AD, SCAN P52124713AD, CELL [1,1]
11:00:15:03 | I | Matching ok | SEQ : 20174628440, PART : 04578885AC, SCAN P04578885AC, CELL [1,2]
11:00:18:15 | I | Matching ok | SEQ : 20174628430, PART : 04578885AC, SCAN P04578885AC, CELL [1,3]
11:00:20:97 | I | Matching ok | SEQ : 20174628420, PART : 04578885AC, SCAN P04578885AC, CELL [1,4]
11:00:25:10 | I | Matching ok | SEQ : 20174628410, PART : 68193661AB, SCAN P68193661AB, CELL [1,5]
11:00:29:15 | I | Matching ok | SEQ : 20174628400, PART : 52124713AD, SCAN P52124713AD, CELL [1,6]
11:00:32:03 | I | Matching ok | SEQ : 20174628510, PART : 68193661AB, SCAN P68193661AB, CELL [2,1]
11:00:34:03 | I | Matching ok | SEQ : 20174628500, PART : N/A, SCAN N/A, CELL [2,2]
11:00:36:87 | I | Matching ok | SEQ : 20174628490, PART : 04578885AC, SCAN P04578885AC, CELL [2,3]
11:00:39:87 | I | Matching ok | SEQ : 20174628480, PART : 68193661AB, SCAN P68193661AB, CELL [2,4]
11:00:42:32 | I | Matching ok | SEQ : 20174628470, PART : 52124713AD, SCAN P52124713AD, CELL [2,5]
11:00:45:05 | I | Matching ok | SEQ : 20174628460, PART : 04578885AC, SCAN P04578885AC, CELL [2,6]
11:45:11:11 | I | Matching ok | SEQ : 20174628570, PART : 04578885AC, SCAN P04578885AC, CELL [1,1]
11:45:14:35 | I | Matching ok | SEQ : 20174628560, PART : 04578885AC, SCAN P04578885AC, CELL [1,2]
11:45:16:69 | I | Matching ok | SEQ : 20174628550, PART : 04578885AC, SCAN P04578885AC, CELL [1,3]
11:45:18:81 | I | Matching ok | SEQ : 20174628540, PART : 52124713AD, SCAN P52124713AD, CELL [1,4]
11:45:20:82 | I | Matching ok | SEQ : 20174628530, PART : N/A, SCAN N/A, CELL [1,5]
11:45:23:54 | I | Matching ok | SEQ : 20174628520, PART : 04578885AC, SCAN P04578885AC, CELL [1,6]
11:45:25:92 | I | Matching ok | SEQ : 20174628630, PART : 68193661AB, SCAN P68193661AB, CELL [2,1]
11:45:28:71 | I | Matching ok | SEQ : 20174628620, PART : 04578885AC, SCAN P04578885AC, CELL [2,2]
11:45:31:64 | I | Matching ok | SEQ : 20174628610, PART : 04578885AC, SCAN P04578885AC, CELL [2,3]
11:45:34:34 | I | Matching ok | SEQ : 20174628600, PART : 68193661AB, SCAN P68193661AB, CELL [2,4]
11:45:37:41 | I | Matching ok | SEQ : 20174628590, PART : 52124713AD, SCAN P52124713AD, CELL [2,5]
11:45:40:19 | I | Matching ok | SEQ : 20174628580, PART : 68193661AB, SCAN P68193661AB, CELL [2,6]
11:45:42:44 | I | Matching ok | SEQ : 20174628690, PART : N/A, SCAN N/A, CELL [1,1]
11:58:24:28 | W | Mismatching | SEQ : 20174628680, PART : 52124713AD, SCAN TQ41797H0327, CELL [1,2]
11:58:35:51 | I | Matching ok | SEQ : 20174628680, PART : 52124713AD, SCAN P52124713AD, CELL [1,2]
11:58:39:81 | I | Matching ok | SEQ : 20174628670, PART : 68193661AB, SCAN P68193661AB, CELL [1,3]
11:58:41:86 | I | Matching ok | SEQ : 20174628660, PART : N/A, SCAN N/A, CELL [1,4]
11:58:43:91 | I | Matching ok | SEQ : 20174628650, PART : N/A, SCAN N/A, CELL [1,5]
11:58:47:81 | I | Matching ok | SEQ : 20174628640, PART : 52124713AD, SCAN P52124713AD, CELL [1,6]
11:58:51:06 | I | Matching ok | SEQ : 20174628750, PART : 68193661AB, SCAN P68193661AB, CELL [2,1]
11:58:54:18 | I | Matching ok | SEQ : 20174628740, PART : 52124713AD, SCAN P52124713AD, CELL [2,2]
11:58:58:08 | I | Matching ok | SEQ : 20174628730, PART : 04578885AC, SCAN P04578885AC, CELL [2,3]
11:59:02:18 | I | Matching ok | SEQ : 20174628720, PART : 04578885AC, SCAN P04578885AC, CELL [2,4]
11:59:06:28 | I | Matching ok | SEQ : 20174628710, PART : 52124713AD, SCAN P52124713AD, CELL [2,5]
11:59:11:31 | I | Matching ok | SEQ : 20174628700, PART : 68193661AB, SCAN P68193661AB, CELL [2,6]
12:07:05:92 | I | Matching ok | SEQ : 20174628810, PART : 04578885AC, SCAN P04578885AC, CELL [1,1]
12:07:08:87 | I | Matching ok | SEQ : 20174628800, PART : 04578885AC, SCAN P04578885AC, CELL [1,2]
12:07:11:99 | I | Matching ok | SEQ : 20174628790, PART : 52124713AD, SCAN P52124713AD, CELL [1,3]
12:07:14:01 | I | Matching ok | SEQ : 20174628780, PART : N/A, SCAN N/A, CELL [1,4]
12:07:20:84 | I | Matching ok | SEQ : 20174628770, PART : 68193661AB, SCAN P68193661AB, CELL [1,5]
12:07:24:95 | I | Matching ok | SEQ : 20174628760, PART : 04578885AC, SCAN P04578885AC, CELL [1,6]
12:07:27:95 | I | Matching ok | SEQ : 20174628870, PART : 04578885AC, SCAN P04578885AC, CELL [2,1]
12:07:30:92 | I | Matching ok | SEQ : 20174628860, PART : 52124713AD, SCAN P52124713AD, CELL [2,2]
12:07:33:92 | I | Matching ok | SEQ : 20174628850, PART : 68193661AB, SCAN P68193661AB, CELL [2,3]
12:07:35:96 | I | Matching ok | SEQ : 20174628840, PART : N/A, SCAN N/A, CELL [2,4]
12:07:37:62 | W | Mismatching | SEQ : 20174628830, PART : N/A, SCAN P52124713AD, CELL [2,5]
12:07:37:98 | I | Matching ok | SEQ : 20174628830, PART : N/A, SCAN N/A, CELL [2,5]
12:07:45:92 | I | Matching ok | SEQ : 20174628820, PART : 52124713AD, SCAN P52124713AD, CELL [2,6]
12:14:51:71 | I | Matching ok | SEQ : 20174628930, PART : 68193661AB, SCAN P68193661AB, CELL [1,1]
12:14:56:11 | I | Matching ok | SEQ : 20174628920, PART : 04578885AC, SCAN P04578885AC, CELL [1,2]
12:14:58:12 | I | Matching ok | SEQ : 20174628910, PART : N/A, SCAN N/A, CELL [1,3]
12:15:01:43 | I | Matching ok | SEQ : 20174628900, PART : 52124713AD, SCAN P52124713AD, CELL [1,4]
12:15:03:45 | I | Matching ok | SEQ : 20174628890, PART : N/A, SCAN N/A, CELL [1,5]
12:15:05:99 | I | Matching ok | SEQ : 20174628880, PART : 04578885AC, SCAN P04578885AC, CELL [1,6]
12:15:10:91 | I | Matching ok | SEQ : 20174628990, PART : 04578885AC, SCAN P04578885AC, CELL [2,1]
12:15:12:91 | I | Matching ok | SEQ : 20174628980, PART : N/A, SCAN N/A, CELL [2,2]
12:15:16:26 | I | Matching ok | SEQ : 20174628970, PART : 52124713AD, SCAN P52124713AD, CELL [2,3]
12:15:20:56 | I | Matching ok | SEQ : 20174628960, PART : 68193661AB, SCAN P68193661AB, CELL [2,4]
12:15:24:63 | I | Matching ok | SEQ : 20174628950, PART : 04578885AC, SCAN P04578885AC, CELL [2,5]
12:15:29:38 | I | Matching ok | SEQ : 20174628940, PART : 04578885AC, SCAN P04578885AC, CELL [2,6]
12:25:40:77 | I | Matching ok | SEQ : 20174629050, PART : 04578885AC, SCAN P04578885AC, CELL [1,1]
12:25:44:35 | I | Matching ok | SEQ : 20174629040, PART : 68193661AB, SCAN P68193661AB, CELL [1,2]
12:25:49:37 | I | Matching ok | SEQ : 20174629030, PART : 68193661AB, SCAN P68193661AB, CELL [1,3]
12:25:53:17 | I | Matching ok | SEQ : 20174629020, PART : 04578885AC, SCAN P04578885AC, CELL [1,4]
12:25:58:10 | I | Matching ok | SEQ : 20174629010, PART : 68193661AB, SCAN P68193661AB, CELL [1,5]
12:26:02:87 | I | Matching ok | SEQ : 20174629000, PART : 52124713AD, SCAN P52124713AD, CELL [1,6]
12:26:07:35 | I | Matching ok | SEQ : 20174629110, PART : 52124713AD, SCAN P52124713AD, CELL [2,1]
12:26:11:80 | I | Matching ok | SEQ : 20174629100, PART : 68193661AB, SCAN P68193661AB, CELL [2,2]
12:26:15:90 | I | Matching ok | SEQ : 20174629090, PART : 52124713AD, SCAN P52124713AD, CELL [2,3]
12:26:19:57 | I | Matching ok | SEQ : 20174629080, PART : 68193661AB, SCAN P68193661AB, CELL [2,4]
12:26:23:65 | I | Matching ok | SEQ : 20174629070, PART : 52124713AD, SCAN P52124713AD, CELL [2,5]
12:26:27:55 | I | Matching ok | SEQ : 20174629060, PART : 04578885AC, SCAN P04578885AC, CELL [2,6]
12:36:48:91 | I | Matching ok | SEQ : 20174629170, PART : 04578885AC, SCAN P04578885AC, CELL [1,1]
12:36:51:72 | I | Matching ok | SEQ : 20174629160, PART : 52124713AD, SCAN P52124713AD, CELL [1,2]
12:36:53:39 | I | Matching ok | SEQ : 20174629150, PART : 04578885AC, SCAN P04578885AC, CELL [1,3]
12:36:54:82 | I | Matching ok | SEQ : 20174629140, PART : 04578885AC, SCAN P04578885AC, CELL [1,4]
12:36:56:34 | I | Matching ok | SEQ : 20174629130, PART : 04578885AC, SCAN P04578885AC, CELL [1,5]
12:36:58:36 | I | Matching ok | SEQ : 20174629120, PART : N/A, SCAN N/A, CELL [1,6]
12:37:00:39 | I | Matching ok | SEQ : 20174629230, PART : 52124713AD, SCAN P52124713AD, CELL [2,1]
12:37:01:74 | I | Matching ok | SEQ : 20174629220, PART : 52124713AD, SCAN P52124713AD, CELL [2,2]
12:37:03:24 | I | Matching ok | SEQ : 20174629210, PART : 04578885AC, SCAN P04578885AC, CELL [2,3]
12:37:05:26 | I | Matching ok | SEQ : 20174629200, PART : N/A, SCAN N/A, CELL [2,4]
12:37:07:49 | I | Matching ok | SEQ : 20174629190, PART : 68193661AB, SCAN P68193661AB, CELL [2,5]
12:37:09:04 | I | Matching ok | SEQ : 20174629180, PART : 52124713AD, SCAN P52124713AD, CELL [2,6]
12:49:24:51 | I | Matching ok | SEQ : 20174629290, PART : 52124713AD, SCAN P52124713AD, CELL [1,1]
12:49:26:57 | I | Matching ok | SEQ : 20174629280, PART : N/A, SCAN N/A, CELL [1,2]
12:49:29:01 | I | Matching ok | SEQ : 20174629270, PART : 68193661AB, SCAN P68193661AB, CELL [1,3]
12:49:33:96 | I | Matching ok | SEQ : 20174629260, PART : 68193661AB, SCAN P68193661AB, CELL [1,4]
12:49:38:18 | I | Matching ok | SEQ : 20174629250, PART : 04578885AC, SCAN P04578885AC, CELL [1,5]
12:49:42:78 | I | Matching ok | SEQ : 20174629240, PART : 04578885AC, SCAN P04578885AC, CELL [1,6]
12:49:47:91 | I | Matching ok | SEQ : 20174629350, PART : 68193661AB, SCAN P68193661AB, CELL [2,1]
12:49:52:71 | I | Matching ok | SEQ : 20174629340, PART : 04578885AC, SCAN P04578885AC, CELL [2,2]
12:49:57:46 | I | Matching ok | SEQ : 20174629330, PART : 52124713AD, SCAN P52124713AD, CELL [2,3]
12:49:59:47 | I | Matching ok | SEQ : 20174629320, PART : N/A, SCAN N/A, CELL [2,4]
12:50:03:18 | I | Matching ok | SEQ : 20174629310, PART : 04578885AC, SCAN P04578885AC, CELL [2,5]
12:50:05:20 | I | Matching ok | SEQ : 20174629300, PART : N/A, SCAN N/A, CELL [2,6]
13:11:18:61 | I | Matching ok | SEQ : 20174629410, PART : 04578885AC, SCAN P04578885AC, CELL [1,1]
13:11:21:49 | I | Matching ok | SEQ : 20174629400, PART : 52124713AD, SCAN P52124713AD, CELL [1,2]
13:11:23:99 | I | Matching ok | SEQ : 20174629390, PART : 04578885AC, SCAN P04578885AC, CELL [1,3]
13:11:26:66 | I | Matching ok | SEQ : 20174629380, PART : 04578885AC, SCAN P04578885AC, CELL [1,4]
13:11:29:41 | I | Matching ok | SEQ : 20174629370, PART : 52124713AD, SCAN P52124713AD, CELL [1,5]
13:11:31:64 | I | Matching ok | SEQ : 20174629360, PART : 04578885AC, SCAN P04578885AC, CELL [1,6]
13:11:33:79 | I | Matching ok | SEQ : 20174629470, PART : 04578885AC, SCAN P04578885AC, CELL [2,1]
13:11:36:06 | I | Matching ok | SEQ : 20174629460, PART : 52124713AD, SCAN P52124713AD, CELL [2,2]
13:11:38:91 | I | Matching ok | SEQ : 20174629450, PART : 52124713AD, SCAN P52124713AD, CELL [2,3]
13:11:41:04 | I | Matching ok | SEQ : 20174629440, PART : 52124713AD, SCAN P52124713AD, CELL [2,4]
13:11:43:44 | I | Matching ok | SEQ : 20174629430, PART : 68193661AB, SCAN P68193661AB, CELL [2,5]
13:11:45:69 | I | Matching ok | SEQ : 20174629420, PART : 52124713AD, SCAN P52124713AD, CELL [2,6]
13:22:39:68 | I | Matching ok | SEQ : 20174629530, PART : 04578885AC, SCAN P04578885AC, CELL [1,1]
13:22:43:13 | I | Matching ok | SEQ : 20174629520, PART : 52124713AD, SCAN P52124713AD, CELL [1,2]
13:22:46:29 | I | Matching ok | SEQ : 20174629510, PART : 68193661AB, SCAN P68193661AB, CELL [1,3]
13:22:48:30 | I | Matching ok | SEQ : 20174629500, PART : N/A, SCAN N/A, CELL [1,4]
13:22:51:56 | I | Matching ok | SEQ : 20174629490, PART : 52124713AD, SCAN P52124713AD, CELL [1,5]
13:22:54:75 | I | Matching ok | SEQ : 20174629480, PART : 04578885AC, SCAN P04578885AC, CELL [1,6]
13:22:57:41 | I | Matching ok | SEQ : 20174629590, PART : 68193661AB, SCAN P68193661AB, CELL [2,1]
13:23:00:28 | I | Matching ok | SEQ : 20174629580, PART : 04578885AC, SCAN P04578885AC, CELL [2,2]
13:23:03:93 | I | Matching ok | SEQ : 20174629570, PART : 04578885AC, SCAN P04578885AC, CELL [2,3]
13:23:06:75 | I | Matching ok | SEQ : 20174629560, PART : 68193661AB, SCAN P68193661AB, CELL [2,4]
13:23:09:71 | I | Matching ok | SEQ : 20174629550, PART : 04578885AC, SCAN P04578885AC, CELL [2,5]
13:23:12:54 | I | Matching ok | SEQ : 20174629540, PART : 04578885AC, SCAN P04578885AC, CELL [2,6]
13:32:09:32 | I | Matching ok | SEQ : 20174629650, PART : 04578885AC, SCAN P04578885AC, CELL [1,1]
13:32:12:97 | I | Matching ok | SEQ : 20174629640, PART : 52124713AD, SCAN P52124713AD, CELL [1,2]
13:32:15:87 | I | Matching ok | SEQ : 20174629630, PART : 52124713AD, SCAN P52124713AD, CELL [1,3]
13:32:18:89 | I | Matching ok | SEQ : 20174629620, PART : 68193661AB, SCAN P68193661AB, CELL [1,4]
13:32:21:82 | I | Matching ok | SEQ : 20174629610, PART : 04578885AC, SCAN P04578885AC, CELL [1,5]
13:32:24:57 | I | Matching ok | SEQ : 20174629600, PART : 68193661AB, SCAN P68193661AB, CELL [1,6]
13:32:26:58 | I | Matching ok | SEQ : 20174629710, PART : N/A, SCAN N/A, CELL [2,1]
13:32:29:34 | I | Matching ok | SEQ : 20174629700, PART : 04578885AC, SCAN P04578885AC, CELL [2,2]
13:32:32:02 | I | Matching ok | SEQ : 20174629690, PART : 52124713AD, SCAN P52124713AD, CELL [2,3]
13:32:34:79 | I | Matching ok | SEQ : 20174629680, PART : 68193661AB, SCAN P68193661AB, CELL [2,4]
13:32:36:83 | I | Matching ok | SEQ : 20174629670, PART : N/A, SCAN N/A, CELL [2,5]
13:32:38:84 | I | Matching ok | SEQ : 20174629660, PART : N/A, SCAN N/A, CELL [2,6]
13:48:42:17 | I | Matching ok | SEQ : 20174629770, PART : 04578885AC, SCAN P04578885AC, CELL [1,1]
13:48:44:79 | I | Matching ok | SEQ : 20174629760, PART : 68193661AB, SCAN P68193661AB, CELL [1,2]
13:48:47:42 | I | Matching ok | SEQ : 20174629750, PART : 04578885AC, SCAN P04578885AC, CELL [1,3]
13:48:50:12 | I | Matching ok | SEQ : 20174629740, PART : 04578885AC, SCAN P04578885AC, CELL [1,4]
13:48:52:15 | I | Matching ok | SEQ : 20174629730, PART : N/A, SCAN N/A, CELL [1,5]
13:48:54:16 | I | Matching ok | SEQ : 20174629720, PART : N/A, SCAN N/A, CELL [1,6]
13:48:57:64 | I | Matching ok | SEQ : 20174629830, PART : 04578885AC, SCAN P04578885AC, CELL [2,1]
13:49:00:54 | I | Matching ok | SEQ : 20174629820, PART : 04578885AC, SCAN P04578885AC, CELL [2,2]
13:49:03:29 | I | Matching ok | SEQ : 20174629810, PART : 52124713AD, SCAN P52124713AD, CELL [2,3]
13:49:06:12 | I | Matching ok | SEQ : 20174629800, PART : 52124713AD, SCAN P52124713AD, CELL [2,4]
13:49:08:87 | I | Matching ok | SEQ : 20174629790, PART : 04578885AC, SCAN P04578885AC, CELL [2,5]
13:49:11:67 | I | Matching ok | SEQ : 20174629780, PART : 52124713AD, SCAN P52124713AD, CELL [2,6]
14:01:02:23 | I | Matching ok | SEQ : 20174629890, PART : 52124713AD, SCAN P52124713AD, CELL [1,1]
14:01:04:96 | I | Matching ok | SEQ : 20174629880, PART : 52124713AD, SCAN P52124713AD, CELL [1,2]
14:01:08:01 | I | Matching ok | SEQ : 20174629870, PART : 04578885AC, SCAN P04578885AC, CELL [1,3]
14:01:10:03 | I | Matching ok | SEQ : 20174629860, PART : N/A, SCAN N/A, CELL [1,4]
14:01:14:57 | W | Mismatching | SEQ : 20174629850, PART : 04578885AC, SCAN P68193661AB, CELL [1,5]
14:01:23:06 | I | Matching ok | SEQ : 20174629850, PART : 04578885AC, SCAN P04578885AC, CELL [1,5]
14:01:25:66 | I | Matching ok | SEQ : 20174629840, PART : 68193661AB, SCAN P68193661AB, CELL [1,6]
14:01:28:31 | I | Matching ok | SEQ : 20174629950, PART : 04578885AC, SCAN P04578885AC, CELL [2,1]
14:01:30:86 | I | Matching ok | SEQ : 20174629940, PART : 52124713AD, SCAN P52124713AD, CELL [2,2]
14:01:33:28 | I | Matching ok | SEQ : 20174629930, PART : 68193661AB, SCAN P68193661AB, CELL [2,3]
14:01:35:54 | I | Matching ok | SEQ : 20174629920, PART : 52124713AD, SCAN P52124713AD, CELL [2,4]
14:01:37:89 | I | Matching ok | SEQ : 20174629910, PART : 52124713AD, SCAN P52124713AD, CELL [2,5]
14:01:40:06 | I | Matching ok | SEQ : 20174629900, PART : 04578885AC, SCAN P04578885AC, CELL [2,6]
14:11:04:97 | I | Matching ok | SEQ : 20174630010, PART : 52124713AD, SCAN P52124713AD, CELL [1,1]
14:11:07:00 | I | Matching ok | SEQ : 20174630000, PART : N/A, SCAN N/A, CELL [1,2]
14:11:09:17 | I | Matching ok | SEQ : 20174629990, PART : 68193661AB, SCAN P68193661AB, CELL [1,3]
14:11:12:43 | I | Matching ok | SEQ : 20174629980, PART : 52124713AD, SCAN P52124713AD, CELL [1,4]
14:11:15:12 | I | Matching ok | SEQ : 20174629970, PART : 04578885AC, SCAN P04578885AC, CELL [1,5]
14:11:17:50 | I | Matching ok | SEQ : 20174629960, PART : 52124713AD, SCAN P52124713AD, CELL [1,6]
14:11:20:25 | I | Matching ok | SEQ : 20174630070, PART : 04578885AC, SCAN P04578885AC, CELL [2,1]
14:11:22:75 | I | Matching ok | SEQ : 20174630060, PART : 68193661AB, SCAN P68193661AB, CELL [2,2]
14:11:28:70 | I | Matching ok | SEQ : 20174630050, PART : 68193661AB, SCAN P68193661AB, CELL [2,3]
14:11:31:80 | I | Matching ok | SEQ : 20174630040, PART : 52124713AD, SCAN P52124713AD, CELL [2,4]
14:11:34:37 | I | Matching ok | SEQ : 20174630030, PART : 04578885AC, SCAN P04578885AC, CELL [2,5]
14:11:36:72 | I | Matching ok | SEQ : 20174630020, PART : 52124713AD, SCAN P52124713AD, CELL [2,6]
14:22:38:62 | I | Matching ok | SEQ : 20174630130, PART : 52124713AD, SCAN P52124713AD, CELL [1,1]
14:22:43:05 | I | Matching ok | SEQ : 20174630120, PART : 04578885AC, SCAN P04578885AC, CELL [1,2]
14:22:47:91 | I | Matching ok | SEQ : 20174630110, PART : 52124713AD, SCAN P52124713AD, CELL [1,3]
14:22:49:93 | I | Matching ok | SEQ : 20174630100, PART : N/A, SCAN N/A, CELL [1,4]
14:22:53:19 | I | Matching ok | SEQ : 20174630090, PART : 04578885AC, SCAN P04578885AC, CELL [1,5]
14:22:55:97 | I | Matching ok | SEQ : 20174630080, PART : 52124713AD, SCAN P52124713AD, CELL [1,6]
14:22:58:99 | I | Matching ok | SEQ : 20174630190, PART : 04578885AC, SCAN P04578885AC, CELL [2,1]
14:23:02:19 | I | Matching ok | SEQ : 20174630180, PART : 04578885AC, SCAN P04578885AC, CELL [2,2]
14:23:05:02 | I | Matching ok | SEQ : 20174630170, PART : 52124713AD, SCAN P52124713AD, CELL [2,3]
14:23:07:59 | I | Matching ok | SEQ : 20174630160, PART : 52124713AD, SCAN P52124713AD, CELL [2,4]
14:23:10:14 | I | Matching ok | SEQ : 20174630150, PART : 04578885AC, SCAN P04578885AC, CELL [2,5]
14:23:12:54 | I | Matching ok | SEQ : 20174630140, PART : 68193661AB, SCAN P68193661AB, CELL [2,6]
14:35:53:96 | I | Matching ok | SEQ : 20174630250, PART : 04578885AC, SCAN P04578885AC, CELL [1,1]
14:35:56:59 | I | Matching ok | SEQ : 20174630240, PART : 52124713AD, SCAN P52124713AD, CELL [1,2]
14:35:58:74 | I | Matching ok | SEQ : 20174630230, PART : 04578885AC, SCAN P04578885AC, CELL [1,3]
14:36:01:06 | I | Matching ok | SEQ : 20174630220, PART : 68193661AB, SCAN P68193661AB, CELL [1,4]
14:36:03:08 | I | Matching ok | SEQ : 20174630210, PART : N/A, SCAN N/A, CELL [1,5]
14:36:06:21 | I | Matching ok | SEQ : 20174630200, PART : 52124713AD, SCAN P52124713AD, CELL [1,6]
14:36:08:23 | I | Matching ok | SEQ : 20174630310, PART : N/A, SCAN N/A, CELL [2,1]
14:36:11:88 | I | Matching ok | SEQ : 20174630300, PART : 04578885AC, SCAN P04578885AC, CELL [2,2]
14:36:14:82 | I | Matching ok | SEQ : 20174630290, PART : 68193661AB, SCAN P68193661AB, CELL [2,3]
14:36:17:69 | I | Matching ok | SEQ : 20174630280, PART : 52124713AD, SCAN P52124713AD, CELL [2,4]
14:36:20:78 | I | Matching ok | SEQ : 20174630270, PART : 04578885AC, SCAN P04578885AC, CELL [2,5]
14:36:22:80 | I | Matching ok | SEQ : 20174630260, PART : N/A, SCAN N/A, CELL [2,6]
14:46:41:27 | I | Matching ok | SEQ : 20174630370, PART : 52124713AD, SCAN P52124713AD, CELL [1,1]
14:46:44:25 | I | Matching ok | SEQ : 20174630360, PART : 04578885AC, SCAN P04578885AC, CELL [1,2]
14:46:46:95 | I | Matching ok | SEQ : 20174630350, PART : 52124713AD, SCAN P52124713AD, CELL [1,3]
14:46:49:13 | I | Matching ok | SEQ : 20174630340, PART : 04578885AC, SCAN P04578885AC, CELL [1,4]
14:46:51:40 | W | Mismatching | SEQ : 20174630330, PART : 68193661AB, SCAN TQ41827C1152, CELL [1,5]
14:46:57:40 | I | Matching ok | SEQ : 20174630330, PART : 68193661AB, SCAN P68193661AB, CELL [1,5]
14:47:00:05 | I | Matching ok | SEQ : 20174630320, PART : 52124713AD, SCAN P52124713AD, CELL [1,6]
14:47:01:23 | I | Matching ok | SEQ : 20174630430, PART : 04578885AC, SCAN P04578885AC, CELL [2,1]
14:47:01:93 | I | Matching ok | SEQ : 20174630420, PART : 52124713AD, SCAN P52124713AD, CELL [2,2]
14:47:03:20 | I | Matching ok | SEQ : 20174630410, PART : 68193661AB, SCAN P68193661AB, CELL [2,3]
14:47:04:20 | I | Matching ok | SEQ : 20174630400, PART : 04578885AC, SCAN P04578885AC, CELL [2,4]
14:47:06:21 | I | Matching ok | SEQ : 20174630390, PART : N/A, SCAN N/A, CELL [2,5]
14:47:06:68 | I | Matching ok | SEQ : 20174630380, PART : 52124713AD, SCAN P52124713AD, CELL [2,6]
14:57:44:09 | I | Matching ok | SEQ : 20174630490, PART : 68193661AB, SCAN P68193661AB, CELL [1,1]
14:57:46:11 | I | Matching ok | SEQ : 20174630480, PART : N/A, SCAN N/A, CELL [1,2]
14:57:49:32 | I | Matching ok | SEQ : 20174630470, PART : 04578885AC, SCAN P04578885AC, CELL [1,3]
14:57:52:22 | I | Matching ok | SEQ : 20174630460, PART : 04578885AC, SCAN P04578885AC, CELL [1,4]
14:57:55:02 | I | Matching ok | SEQ : 20174630450, PART : 52124713AD, SCAN P52124713AD, CELL [1,5]
14:57:57:03 | I | Matching ok | SEQ : 20174630440, PART : N/A, SCAN N/A, CELL [1,6]
14:57:59:82 | I | Matching ok | SEQ : 20174630550, PART : 52124713AD, SCAN P52124713AD, CELL [2,1]
14:58:02:54 | I | Matching ok | SEQ : 20174630540, PART : 04578885AC, SCAN P04578885AC, CELL [2,2]
14:58:04:55 | I | Matching ok | SEQ : 20174630530, PART : N/A, SCAN N/A, CELL [2,3]
14:58:07:62 | I | Matching ok | SEQ : 20174630520, PART : 52124713AD, SCAN P52124713AD, CELL [2,4]
14:58:10:67 | I | Matching ok | SEQ : 20174630510, PART : 04578885AC, SCAN P04578885AC, CELL [2,5]
14:58:13:59 | I | Matching ok | SEQ : 20174630500, PART : 68193661AB, SCAN P68193661AB, CELL [2,6]
15:03:42:45 | I | Matching ok | SEQ : 20174630610, PART : 52124713AD, SCAN P52124713AD, CELL [1,1]
15:03:45:02 | I | Matching ok | SEQ : 20174630600, PART : 04578885AC, SCAN P04578885AC, CELL [1,2]
15:03:47:40 | I | Matching ok | SEQ : 20174630590, PART : 52124713AD, SCAN P52124713AD, CELL [1,3]
15:03:49:70 | I | Matching ok | SEQ : 20174630580, PART : 52124713AD, SCAN P52124713AD, CELL [1,4]
15:03:52:48 | I | Matching ok | SEQ : 20174630570, PART : 68193661AB, SCAN P68193661AB, CELL [1,5]
15:03:55:22 | I | Matching ok | SEQ : 20174630560, PART : 52124713AD, SCAN P52124713AD, CELL [1,6]
15:03:58:07 | I | Matching ok | SEQ : 20174630670, PART : 04578885AC, SCAN P04578885AC, CELL [2,1]
15:04:01:85 | I | Matching ok | SEQ : 20174630660, PART : 04578885AC, SCAN P04578885AC, CELL [2,2]
15:04:04:75 | I | Matching ok | SEQ : 20174630650, PART : 68193661AB, SCAN P68193661AB, CELL [2,3]
15:04:07:50 | I | Matching ok | SEQ : 20174630640, PART : 52124713AD, SCAN P52124713AD, CELL [2,4]
15:04:11:55 | I | Matching ok | SEQ : 20174630630, PART : 04578885AC, SCAN P04578885AC, CELL [2,5]
15:07:27:08 | I | Matching ok | SEQ : 20174630620, PART : 04578885AC, SCAN P04578885AC, CELL [2,6]
15:07:29:13 | I | Matching ok | SEQ : 20174630730, PART : N/A, SCAN N/A, CELL [1,1]
15:07:31:15 | I | Matching ok | SEQ : 20174630720, PART : N/A, SCAN N/A, CELL [1,2]
15:24:56:98 | I | Matching ok | SEQ : 20174630710, PART : 52124713AD, SCAN P52124713AD, CELL [1,3]
15:25:02:63 | I | Matching ok | SEQ : 20174630700, PART : 04578885AC, SCAN P04578885AC, CELL [1,4]
15:25:04:64 | I | Matching ok | SEQ : 20174630690, PART : N/A, SCAN N/A, CELL [1,5]
15:25:07:83 | I | Matching ok | SEQ : 20174630680, PART : 52124713AD, SCAN P52124713AD, CELL [1,6]
15:25:12:88 | I | Matching ok | SEQ : 20174630790, PART : 04578885AC, SCAN P04578885AC, CELL [2,1]
15:25:18:88 | I | Matching ok | SEQ : 20174630780, PART : 52124713AD, SCAN P52124713AD, CELL [2,2]
15:25:24:36 | I | Matching ok | SEQ : 20174630770, PART : 04578885AC, SCAN P04578885AC, CELL [2,3]
15:25:29:53 | I | Matching ok | SEQ : 20174630760, PART : 04578885AC, SCAN P04578885AC, CELL [2,4]
15:25:33:93 | I | Matching ok | SEQ : 20174630750, PART : 68193661AB, SCAN P68193661AB, CELL [2,5]
15:25:39:13 | I | Matching ok | SEQ : 20174630740, PART : 04578885AC, SCAN P04578885AC, CELL [2,6]
15:33:24:19 | I | Matching ok | SEQ : 20174630850, PART : 68193661AB, SCAN P68193661AB, CELL [1,1]
15:33:28:87 | I | Matching ok | SEQ : 20174630840, PART : 68193661AB, SCAN P68193661AB, CELL [1,2]
15:33:30:88 | I | Matching ok | SEQ : 20174630830, PART : N/A, SCAN N/A, CELL [1,3]
15:33:35:07 | I | Matching ok | SEQ : 20174630820, PART : 52124713AD, SCAN P52124713AD, CELL [1,4]
15:33:40:34 | I | Matching ok | SEQ : 20174630810, PART : 52124713AD, SCAN P52124713AD, CELL [1,5]
15:33:44:54 | I | Matching ok | SEQ : 20174630800, PART : 04578885AC, SCAN P04578885AC, CELL [1,6]
15:33:48:97 | I | Matching ok | SEQ : 20174630910, PART : 52124713AD, SCAN P52124713AD, CELL [2,1]
15:33:53:80 | I | Matching ok | SEQ : 20174630900, PART : 04578885AC, SCAN P04578885AC, CELL [2,2]
15:33:57:22 | I | Matching ok | SEQ : 20174630890, PART : 68193661AB, SCAN P68193661AB, CELL [2,3]
15:34:02:37 | I | Matching ok | SEQ : 20174630880, PART : 52124713AD, SCAN P52124713AD, CELL [2,4]
15:34:07:10 | I | Matching ok | SEQ : 20174630870, PART : 04578885AC, SCAN P04578885AC, CELL [2,5]
15:34:11:39 | I | Matching ok | SEQ : 20174630860, PART : 52124713AD, SCAN P52124713AD, CELL [2,6]
15:41:11:05 | I | Matching ok | SEQ : 20174630970, PART : 52124713AD, SCAN P52124713AD, CELL [1,1]
15:41:13:08 | I | Matching ok | SEQ : 20174630960, PART : N/A, SCAN N/A, CELL [1,2]
15:41:15:09 | I | Matching ok | SEQ : 20174630950, PART : N/A, SCAN N/A, CELL [1,3]
15:41:19:16 | I | Matching ok | SEQ : 20174630940, PART : 52124713AD, SCAN P52124713AD, CELL [1,4]
15:41:23:70 | I | Matching ok | SEQ : 20174630930, PART : 04578885AC, SCAN P04578885AC, CELL [1,5]
15:41:27:10 | I | Matching ok | SEQ : 20174630920, PART : 68193661AB, SCAN P68193661AB, CELL [1,6]
15:41:31:96 | I | Matching ok | SEQ : 20174631030, PART : 52124713AD, SCAN P52124713AD, CELL [2,1]
15:41:33:99 | I | Matching ok | SEQ : 20174631020, PART : N/A, SCAN N/A, CELL [2,2]
15:41:36:01 | I | Matching ok | SEQ : 20174631010, PART : N/A, SCAN N/A, CELL [2,3]
15:41:40:26 | I | Matching ok | SEQ : 20174631000, PART : 68193661AB, SCAN P68193661AB, CELL [2,4]
15:41:45:13 | I | Matching ok | SEQ : 20174630990, PART : 52124713AD, SCAN P52124713AD, CELL [2,5]
15:41:50:06 | I | Matching ok | SEQ : 20174630980, PART : 04578885AC, SCAN P04578885AC, CELL [2,6]
15:41:52:15 | I | Matching ok | SEQ : 20174631090, PART : N/A, SCAN N/A, CELL [1,1]
15:50:03:63 | I | Matching ok | SEQ : 20174631080, PART : 68193661AB, SCAN P68193661AB, CELL [1,2]
15:50:05:65 | I | Matching ok | SEQ : 20174631070, PART : N/A, SCAN N/A, CELL [1,3]
15:50:09:47 | I | Matching ok | SEQ : 20174631060, PART : 52124713AD, SCAN P52124713AD, CELL [1,4]
15:50:13:62 | I | Matching ok | SEQ : 20174631050, PART : 04578885AC, SCAN P04578885AC, CELL [1,5]
15:50:17:89 | I | Matching ok | SEQ : 20174631040, PART : 04578885AC, SCAN P04578885AC, CELL [1,6]
15:50:22:14 | I | Matching ok | SEQ : 20174631150, PART : 04578885AC, SCAN P04578885AC, CELL [2,1]
15:50:26:54 | I | Matching ok | SEQ : 20174631140, PART : 52124713AD, SCAN P52124713AD, CELL [2,2]
15:50:30:29 | I | Matching ok | SEQ : 20174631130, PART : 52124713AD, SCAN P52124713AD, CELL [2,3]
15:50:32:31 | I | Matching ok | SEQ : 20174631120, PART : N/A, SCAN N/A, CELL [2,4]
15:50:35:77 | I | Matching ok | SEQ : 20174631110, PART : 04578885AC, SCAN P04578885AC, CELL [2,5]
15:50:45:92 | I | Matching ok | SEQ : 20174631100, PART : 04578885AC, SCAN P04578885AC, CELL [2,6]
16:01:01:68 | I | Matching ok | SEQ : 20174631210, PART : 68193661AB, SCAN P68193661AB, CELL [1,1]
16:01:04:16 | I | Matching ok | SEQ : 20174631200, PART : 04578885AC, SCAN P04578885AC, CELL [1,2]
16:01:05:18 | I | Matching ok | SEQ : 20174631190, PART : 52124713AD, SCAN P52124713AD, CELL [1,3]
16:01:07:11 | I | Matching ok | SEQ : 20174631180, PART : 04578885AC, SCAN P04578885AC, CELL [1,4]
16:01:11:38 | I | Matching ok | SEQ : 20174631170, PART : 04578885AC, SCAN P04578885AC, CELL [1,5]
16:01:13:33 | I | Matching ok | SEQ : 20174631160, PART : 68193661AB, SCAN P68193661AB, CELL [1,6]
16:01:15:48 | I | Matching ok | SEQ : 20174631270, PART : 04578885AC, SCAN P04578885AC, CELL [2,1]
16:01:17:88 | I | Matching ok | SEQ : 20174631260, PART : 52124713AD, SCAN P52124713AD, CELL [2,2]
16:01:20:21 | I | Matching ok | SEQ : 20174631250, PART : 52124713AD, SCAN P52124713AD, CELL [2,3]
16:01:22:58 | I | Matching ok | SEQ : 20174631240, PART : 68193661AB, SCAN P68193661AB, CELL [2,4]
16:01:25:58 | I | Matching ok | SEQ : 20174631230, PART : 04578885AC, SCAN P04578885AC, CELL [2,5]
16:01:28:51 | I | Matching ok | SEQ : 20174631220, PART : 52124713AD, SCAN P52124713AD, CELL [2,6]
16:11:30:47 | I | Matching ok | SEQ : 20174631330, PART : 52124713AD, SCAN P52124713AD, CELL [1,1]
16:11:33:67 | I | Matching ok | SEQ : 20174631320, PART : 68193661AB, SCAN P68193661AB, CELL [1,2]
16:11:37:05 | I | Matching ok | SEQ : 20174631310, PART : 68193661AB, SCAN P68193661AB, CELL [1,3]
16:11:42:07 | I | Matching ok | SEQ : 20174631300, PART : 04578885AC, SCAN P04578885AC, CELL [1,4]
16:11:46:30 | I | Matching ok | SEQ : 20174631290, PART : 68193661AB, SCAN P68193661AB, CELL [1,5]
16:11:50:65 | I | Matching ok | SEQ : 20174631280, PART : 52124713AD, SCAN P52124713AD, CELL [1,6]
16:11:54:62 | I | Matching ok | SEQ : 20174631390, PART : 04578885AC, SCAN P04578885AC, CELL [2,1]
16:11:59:18 | I | Matching ok | SEQ : 20174631380, PART : 52124713AD, SCAN P52124713AD, CELL [2,2]
16:12:02:62 | I | Matching ok | SEQ : 20174631370, PART : 04578885AC, SCAN P04578885AC, CELL [2,3]
16:12:05:80 | I | Matching ok | SEQ : 20174631360, PART : 52124713AD, SCAN P52124713AD, CELL [2,4]
16:12:07:80 | I | Matching ok | SEQ : 20174631350, PART : N/A, SCAN N/A, CELL [2,5]
16:12:10:10 | I | Matching ok | SEQ : 20174631340, PART : 52124713AD, SCAN P52124713AD, CELL [2,6]
16:12:12:17 | I | Matching ok | SEQ : 20174631450, PART : N/A, SCAN N/A, CELL [1,1]
16:24:24:24 | I | Matching ok | SEQ : 20174631440, PART : 52124713AD, SCAN P52124713AD, CELL [1,2]
16:24:26:26 | I | Matching ok | SEQ : 20174631430, PART : N/A, SCAN N/A, CELL [1,3]
16:24:28:87 | I | Matching ok | SEQ : 20174631420, PART : 68193661AB, SCAN P68193661AB, CELL [1,4]
16:24:31:29 | I | Matching ok | SEQ : 20174631410, PART : 68193661AB, SCAN P68193661AB, CELL [1,5]
16:24:33:72 | I | Matching ok | SEQ : 20174631400, PART : 04578885AC, SCAN P04578885AC, CELL [1,6]
16:24:37:24 | I | Matching ok | SEQ : 20174631510, PART : 68193661AB, SCAN P68193661AB, CELL [2,1]
16:24:39:39 | I | Matching ok | SEQ : 20174631500, PART : 04578885AC, SCAN P04578885AC, CELL [2,2]
16:24:42:07 | I | Matching ok | SEQ : 20174631490, PART : 04578885AC, SCAN P04578885AC, CELL [2,3]
16:24:44:72 | I | Matching ok | SEQ : 20174631480, PART : 52124713AD, SCAN P52124713AD, CELL [2,4]
16:24:47:92 | I | Matching ok | SEQ : 20174631470, PART : 68193661AB, SCAN P68193661AB, CELL [2,5]
16:24:50:52 | I | Matching ok | SEQ : 20174631460, PART : 04578885AC, SCAN P04578885AC, CELL [2,6]
16:36:18:01 | I | Matching ok | SEQ : 20174631570, PART : 04578885AC, SCAN P04578885AC, CELL [1,1]
16:36:20:49 | I | Matching ok | SEQ : 20174631560, PART : 04578885AC, SCAN P04578885AC, CELL [1,2]
16:36:22:79 | I | Matching ok | SEQ : 20174631550, PART : 52124713AD, SCAN P52124713AD, CELL [1,3]
16:36:26:01 | I | Matching ok | SEQ : 20174631540, PART : 04578885AC, SCAN P04578885AC, CELL [1,4]
16:36:28:02 | I | Matching ok | SEQ : 20174631530, PART : N/A, SCAN N/A, CELL [1,5]
16:36:30:36 | I | Matching ok | SEQ : 20174631520, PART : 52124713AD, SCAN P52124713AD, CELL [1,6]
16:36:32:48 | I | Matching ok | SEQ : 20174631630, PART : 52124713AD, SCAN P52124713AD, CELL [2,1]
16:36:35:23 | I | Matching ok | SEQ : 20174631620, PART : 04578885AC, SCAN P04578885AC, CELL [2,2]
16:36:37:46 | I | Matching ok | SEQ : 20174631610, PART : 04578885AC, SCAN P04578885AC, CELL [2,3]
16:36:40:33 | I | Matching ok | SEQ : 20174631600, PART : 68193661AB, SCAN P68193661AB, CELL [2,4]
16:36:42:81 | I | Matching ok | SEQ : 20174631590, PART : 68193661AB, SCAN P68193661AB, CELL [2,5]
16:36:44:83 | I | Matching ok | SEQ : 20174631580, PART : N/A, SCAN N/A, CELL [2,6]
18:20:47:94 | I | Matching ok | SEQ : 20174631690, PART : 52124713AD, SCAN P52124713AD, CELL [1,1]
18:20:56:14 | I | Matching ok | SEQ : 20174631680, PART : 68193661AB, SCAN P68193661AB, CELL [1,2]
18:21:10:06 | I | Matching ok | SEQ : 20174631670, PART : 04578885AC, SCAN P04578885AC, CELL [1,3]
18:21:16:88 | I | Matching ok | SEQ : 20174631660, PART : 52124713AD, SCAN P52124713AD, CELL [1,4]
18:21:30:18 | I | Matching ok | SEQ : 20174631650, PART : 04578885AC, SCAN P04578885AC, CELL [1,5]
18:21:41:41 | I | Matching ok | SEQ : 20174631640, PART : 68193661AB, SCAN P68193661AB, CELL [1,6]
18:21:57:99 | I | Matching ok | SEQ : 20174631750, PART : 52124713AD, SCAN P52124713AD, CELL [2,1]
18:22:00:01 | I | Matching ok | SEQ : 20174631740, PART : N/A, SCAN N/A, CELL [2,2]
18:22:19:21 | I | Matching ok | SEQ : 20174631730, PART : 68193661AB, SCAN P68193661AB, CELL [2,3]
18:22:30:54 | I | Matching ok | SEQ : 20174631720, PART : 52124713AD, SCAN P52124713AD, CELL [2,4]
18:22:36:44 | I | Matching ok | SEQ : 20174631710, PART : 04578885AC, SCAN P04578885AC, CELL [2,5]
18:22:43:99 | I | Matching ok | SEQ : 20174631700, PART : 52124713AD, SCAN P52124713AD, CELL [2,6]
18:32:02:52 | I | Matching ok | SEQ : 20174631810, PART : 52124713AD, SCAN P52124713AD, CELL [1,1]
18:32:04:54 | I | Matching ok | SEQ : 20174631800, PART : N/A, SCAN N/A, CELL [1,2]
18:32:12:13 | I | Matching ok | SEQ : 20174631790, PART : 52124713AD, SCAN P52124713AD, CELL [1,3]
18:32:23:90 | I | Matching ok | SEQ : 20174631780, PART : 04578885AC, SCAN P04578885AC, CELL [1,4]
18:32:31:23 | I | Matching ok | SEQ : 20174631770, PART : 04578885AC, SCAN P04578885AC, CELL [1,5]
18:32:45:85 | I | Matching ok | SEQ : 20174631760, PART : 68193661AB, SCAN P68193661AB, CELL [1,6]
18:33:00:70 | I | Matching ok | SEQ : 20174631870, PART : 52124713AD, SCAN P52124713AD, CELL [2,1]
18:33:06:35 | I | Matching ok | SEQ : 20174631860, PART : 52124713AD, SCAN P52124713AD, CELL [2,2]
18:33:12:33 | I | Matching ok | SEQ : 20174631850, PART : 04578885AC, SCAN P04578885AC, CELL [2,3]
18:33:28:28 | I | Matching ok | SEQ : 20174631840, PART : 68193661AB, SCAN P68193661AB, CELL [2,4]
18:33:39:80 | I | Matching ok | SEQ : 20174631830, PART : 52124713AD, SCAN P52124713AD, CELL [2,5]
18:33:44:68 | I | Matching ok | SEQ : 20174631820, PART : 04578885AC, SCAN P04578885AC, CELL [2,6]
18:44:40:69 | I | Matching ok | SEQ : 20174631930, PART : 68193661AB, SCAN P68193661AB, CELL [1,1]
18:44:53:89 | I | Matching ok | SEQ : 20174631920, PART : 52124713AD, SCAN P52124713AD, CELL [1,2]
18:45:16:52 | I | Matching ok | SEQ : 20174631910, PART : 04578885AC, SCAN P04578885AC, CELL [1,3]
18:45:18:54 | I | Matching ok | SEQ : 20174631900, PART : N/A, SCAN N/A, CELL [1,4]
18:45:24:07 | I | Matching ok | SEQ : 20174631890, PART : 52124713AD, SCAN P52124713AD, CELL [1,5]
18:45:26:09 | I | Matching ok | SEQ : 20174631880, PART : N/A, SCAN N/A, CELL [1,6]
18:45:28:10 | I | Matching ok | SEQ : 20174631990, PART : N/A, SCAN N/A, CELL [2,1]
18:45:30:13 | I | Matching ok | SEQ : 20174631980, PART : N/A, SCAN N/A, CELL [2,2]
18:45:37:12 | I | Matching ok | SEQ : 20174631970, PART : 52124713AD, SCAN P52124713AD, CELL [2,3]
18:45:41:95 | I | Matching ok | SEQ : 20174631960, PART : 52124713AD, SCAN P52124713AD, CELL [2,4]
18:45:58:15 | I | Matching ok | SEQ : 20174631950, PART : 68193661AB, SCAN P68193661AB, CELL [2,5]
18:46:02:35 | I | Matching ok | SEQ : 20174631940, PART : 52124713AD, SCAN P52124713AD, CELL [2,6]
18:57:37:16 | I | Matching ok | SEQ : 20174632050, PART : 04578885AC, SCAN P04578885AC, CELL [1,1]
18:57:40:89 | I | Matching ok | SEQ : 20174632040, PART : 04578885AC, SCAN P04578885AC, CELL [1,2]
18:57:57:91 | I | Matching ok | SEQ : 20174632030, PART : 52124713AD, SCAN P52124713AD, CELL [1,3]
18:58:00:55 | I | Matching ok | SEQ : 20174632020, PART : 52124713AD, SCAN P52124713AD, CELL [1,4]
18:58:22:91 | I | Matching ok | SEQ : 20174632010, PART : 68193661AB, SCAN P68193661AB, CELL [1,5]
18:58:25:19 | I | Matching ok | SEQ : 20174632000, PART : 04578885AC, SCAN P04578885AC, CELL [1,6]
18:58:27:20 | I | Matching ok | SEQ : 20174632110, PART : N/A, SCAN N/A, CELL [2,1]
18:58:49:49 | I | Matching ok | SEQ : 20174632100, PART : 68193661AB, SCAN P68193661AB, CELL [2,2]
18:58:52:39 | I | Matching ok | SEQ : 20174632090, PART : 68193661AB, SCAN P68193661AB, CELL [2,3]
18:58:54:44 | I | Matching ok | SEQ : 20174632080, PART : N/A, SCAN N/A, CELL [2,4]
18:59:12:32 | I | Matching ok | SEQ : 20174632070, PART : 52124713AD, SCAN P52124713AD, CELL [2,5]
18:59:21:96 | I | Matching ok | SEQ : 20174632060, PART : 04578885AC, SCAN P04578885AC, CELL [2,6]
19:06:21:75 | I | Matching ok | SEQ : 20174632170, PART : 68193661AB, SCAN P68193661AB, CELL [1,1]
19:06:37:97 | I | Matching ok | SEQ : 20174632160, PART : 52124713AD, SCAN P52124713AD, CELL [1,2]
19:06:53:97 | I | Matching ok | SEQ : 20174632150, PART : 04578885AC, SCAN P04578885AC, CELL [1,3]
19:06:59:00 | I | Matching ok | SEQ : 20174632140, PART : 52124713AD, SCAN P52124713AD, CELL [1,4]
19:07:17:08 | I | Matching ok | SEQ : 20174632130, PART : 52124713AD, SCAN P52124713AD, CELL [1,5]
19:07:24:93 | I | Matching ok | SEQ : 20174632120, PART : 04578885AC, SCAN P04578885AC, CELL [1,6]
19:07:43:03 | I | Matching ok | SEQ : 20174632230, PART : 52124713AD, SCAN P52124713AD, CELL [2,1]
19:07:46:01 | I | Matching ok | SEQ : 20174632220, PART : 04578885AC, SCAN P04578885AC, CELL [2,2]
19:08:05:75 | I | Matching ok | SEQ : 20174632210, PART : 68193661AB, SCAN P68193661AB, CELL [2,3]
19:08:10:63 | I | Matching ok | SEQ : 20174632200, PART : 04578885AC, SCAN P04578885AC, CELL [2,4]
19:08:24:65 | I | Matching ok | SEQ : 20174632190, PART : 52124713AD, SCAN P52124713AD, CELL [2,5]
19:08:28:68 | I | Matching ok | SEQ : 20174632180, PART : 52124713AD, SCAN P52124713AD, CELL [2,6]
19:17:50:29 | I | Matching ok | SEQ : 20174632290, PART : 04578885AC, SCAN P04578885AC, CELL [1,1]
19:17:55:32 | I | Matching ok | SEQ : 20174632280, PART : 04578885AC, SCAN P04578885AC, CELL [1,2]
19:17:59:19 | I | Matching ok | SEQ : 20174632270, PART : 52124713AD, SCAN P52124713AD, CELL [1,3]
19:18:02:79 | I | Matching ok | SEQ : 20174632260, PART : 52124713AD, SCAN P52124713AD, CELL [1,4]
19:18:17:97 | I | Matching ok | SEQ : 20174632250, PART : 68193661AB, SCAN P68193661AB, CELL [1,5]
19:18:19:99 | I | Matching ok | SEQ : 20174632240, PART : N/A, SCAN N/A, CELL [1,6]
19:18:34:89 | I | Matching ok | SEQ : 20174632350, PART : 04578885AC, SCAN P04578885AC, CELL [2,1]
19:18:45:57 | I | Matching ok | SEQ : 20174632340, PART : 52124713AD, SCAN P52124713AD, CELL [2,2]
19:18:51:59 | I | Matching ok | SEQ : 20174632330, PART : 68193661AB, SCAN P68193661AB, CELL [2,3]
19:18:53:64 | I | Matching ok | SEQ : 20174632320, PART : N/A, SCAN N/A, CELL [2,4]
19:19:00:97 | I | Matching ok | SEQ : 20174632310, PART : 52124713AD, SCAN P52124713AD, CELL [2,5]
19:19:12:73 | I | Matching ok | SEQ : 20174632300, PART : 52124713AD, SCAN P52124713AD, CELL [2,6]
19:29:08:43 | I | Matching ok | SEQ : 20174632410, PART : 68193661AB, SCAN P68193661AB, CELL [1,1]
19:29:18:06 | I | Matching ok | SEQ : 20174632400, PART : 52124713AD, SCAN P52124713AD, CELL [1,2]
19:29:20:09 | I | Matching ok | SEQ : 20174632390, PART : N/A, SCAN N/A, CELL [1,3]
19:29:49:93 | I | Matching ok | SEQ : 20174632380, PART : 04578885AC, SCAN P04578885AC, CELL [1,4]
19:29:54:91 | I | Matching ok | SEQ : 20174632370, PART : 52124713AD, SCAN P52124713AD, CELL [1,5]
19:30:04:16 | I | Matching ok | SEQ : 20174632360, PART : 04578885AC, SCAN P04578885AC, CELL [1,6]
19:30:20:71 | I | Matching ok | SEQ : 20174632470, PART : 68193661AB, SCAN P68193661AB, CELL [2,1]
19:30:24:51 | I | Matching ok | SEQ : 20174632460, PART : 04578885AC, SCAN P04578885AC, CELL [2,2]
19:30:45:31 | I | Matching ok | SEQ : 20174632450, PART : 04578885AC, SCAN P04578885AC, CELL [2,3]
19:30:47:83 | I | Matching ok | SEQ : 20174632440, PART : 52124713AD, SCAN P52124713AD, CELL [2,4]
19:30:57:66 | I | Matching ok | SEQ : 20174632430, PART : 52124713AD, SCAN P52124713AD, CELL [2,5]
19:30:59:68 | I | Matching ok | SEQ : 20174632420, PART : N/A, SCAN N/A, CELL [2,6]
19:39:46:47 | I | Matching ok | SEQ : 20174632530, PART : 52124713AD, SCAN P52124713AD, CELL [1,1]
19:40:10:75 | I | Matching ok | SEQ : 20174632520, PART : 04578885AC, SCAN P04578885AC, CELL [1,2]
19:40:13:00 | I | Matching ok | SEQ : 20174632510, PART : 52124713AD, SCAN P52124713AD, CELL [1,3]
19:40:32:80 | I | Matching ok | SEQ : 20174632500, PART : 68193661AB, SCAN P68193661AB, CELL [1,4]
19:40:37:13 | I | Matching ok | SEQ : 20174632490, PART : 68193661AB, SCAN P68193661AB, CELL [1,5]
19:40:43:27 | I | Matching ok | SEQ : 20174632480, PART : 04578885AC, SCAN P04578885AC, CELL [1,6]
19:40:58:87 | I | Matching ok | SEQ : 20174632590, PART : 52124713AD, SCAN P52124713AD, CELL [2,1]
19:41:24:48 | I | Matching ok | SEQ : 20174632580, PART : 68193661AB, SCAN P68193661AB, CELL [2,2]
19:41:28:62 | I | Matching ok | SEQ : 20174632570, PART : 68193661AB, SCAN P68193661AB, CELL [2,3]
19:42:17:40 | I | Matching ok | SEQ : 20174632560, PART : 52124713AD, SCAN P52124713AD, CELL [2,4]
19:42:26:23 | I | Matching ok | SEQ : 20174632550, PART : 04578885AC, SCAN P04578885AC, CELL [2,5]
19:42:38:20 | I | Matching ok | SEQ : 20174632540, PART : 52124713AD, SCAN P52124713AD, CELL [2,6]
19:42:40:36 | I | Matching ok | SEQ : 20174632650, PART : N/A, SCAN N/A, CELL [1,1]
19:52:35:19 | I | Matching ok | SEQ : 20174632640, PART : 04578885AC, SCAN P04578885AC, CELL [1,2]
19:52:39:17 | I | Matching ok | SEQ : 20174632630, PART : 04578885AC, SCAN P04578885AC, CELL [1,3]
19:52:41:20 | I | Matching ok | SEQ : 20174632620, PART : N/A, SCAN N/A, CELL [1,4]
19:52:45:52 | I | Matching ok | SEQ : 20174632610, PART : 04578885AC, SCAN P04578885AC, CELL [1,5]
19:53:01:29 | I | Matching ok | SEQ : 20174632600, PART : 52124713AD, SCAN P52124713AD, CELL [1,6]
19:53:05:32 | I | Matching ok | SEQ : 20174632710, PART : 52124713AD, SCAN P52124713AD, CELL [2,1]
19:53:22:59 | I | Matching ok | SEQ : 20174632700, PART : 04578885AC, SCAN P04578885AC, CELL [2,2]
19:53:34:37 | I | Matching ok | SEQ : 20174632690, PART : 52124713AD, SCAN P52124713AD, CELL [2,3]
19:53:36:37 | I | Matching ok | SEQ : 20174632680, PART : N/A, SCAN N/A, CELL [2,4]
19:53:48:34 | I | Matching ok | SEQ : 20174632670, PART : 52124713AD, SCAN P52124713AD, CELL [2,5]
19:54:03:77 | I | Matching ok | SEQ : 20174632660, PART : 68193661AB, SCAN P68193661AB, CELL [2,6]
20:02:24:00 | I | Matching ok | SEQ : 20174632770, PART : 04578885AC, SCAN P04578885AC, CELL [1,1]
20:02:27:08 | I | Matching ok | SEQ : 20174632760, PART : 52124713AD, SCAN P52124713AD, CELL [1,2]
20:02:29:10 | I | Matching ok | SEQ : 20174632750, PART : N/A, SCAN N/A, CELL [1,3]
20:02:44:91 | W | Mismatching | SEQ : 20174632740, PART : 68193661AB, SCAN TQ41827C1028, CELL [1,4]
20:02:55:86 | I | Matching ok | SEQ : 20174632740, PART : 68193661AB, SCAN P68193661AB, CELL [1,4]
20:02:57:87 | I | Matching ok | SEQ : 20174632730, PART : N/A, SCAN N/A, CELL [1,5]
20:03:03:43 | I | Matching ok | SEQ : 20174632720, PART : 52124713AD, SCAN P52124713AD, CELL [1,6]
20:03:25:48 | I | Matching ok | SEQ : 20174632830, PART : 68193661AB, SCAN P68193661AB, CELL [2,1]
20:03:29:56 | I | Matching ok | SEQ : 20174632820, PART : 52124713AD, SCAN P52124713AD, CELL [2,2]
20:03:46:23 | I | Matching ok | SEQ : 20174632810, PART : 04578885AC, SCAN P04578885AC, CELL [2,3]
20:03:52:66 | I | Matching ok | SEQ : 20174632800, PART : 04578885AC, SCAN P04578885AC, CELL [2,4]
20:04:57:76 | I | Matching ok | SEQ : 20174632790, PART : 04578885AC, SCAN P04578885AC, CELL [2,5]
20:05:00:68 | I | Matching ok | SEQ : 20174632780, PART : 52124713AD, SCAN P52124713AD, CELL [2,6]
20:13:48:92 | I | Matching ok | SEQ : 20174632890, PART : 04578885AC, SCAN P04578885AC, CELL [1,1]
20:13:53:65 | I | Matching ok | SEQ : 20174632880, PART : 04578885AC, SCAN P04578885AC, CELL [1,2]
20:13:55:66 | I | Matching ok | SEQ : 20174632870, PART : N/A, SCAN N/A, CELL [1,3]
20:14:11:82 | I | Matching ok | SEQ : 20174632860, PART : 52124713AD, SCAN P52124713AD, CELL [1,4]
20:14:16:30 | I | Matching ok | SEQ : 20174632850, PART : 52124713AD, SCAN P52124713AD, CELL [1,5]
20:14:18:31 | I | Matching ok | SEQ : 20174632840, PART : N/A, SCAN N/A, CELL [1,6]
20:14:38:70 | I | Matching ok | SEQ : 20174632950, PART : 04578885AC, SCAN P04578885AC, CELL [2,1]
20:14:47:66 | I | Matching ok | SEQ : 20174632940, PART : 04578885AC, SCAN P04578885AC, CELL [2,2]
20:15:08:50 | I | Matching ok | SEQ : 20174632930, PART : 52124713AD, SCAN P52124713AD, CELL [2,3]
20:15:11:65 | I | Matching ok | SEQ : 20174632920, PART : 04578885AC, SCAN P04578885AC, CELL [2,4]
20:15:34:92 | I | Matching ok | SEQ : 20174632910, PART : 52124713AD, SCAN P52124713AD, CELL [2,5]
20:15:39:60 | I | Matching ok | SEQ : 20174632900, PART : 04578885AC, SCAN P04578885AC, CELL [2,6]
20:23:59:22 | W | Mismatching | SEQ : 20174633010, PART : 68193661AB, SCAN TQ41827C1022, CELL [1,1]
20:24:08:09 | I | Matching ok | SEQ : 20174633010, PART : 68193661AB, SCAN P68193661AB, CELL [1,1]
20:24:28:01 | I | Matching ok | SEQ : 20174633000, PART : 04578885AC, SCAN P04578885AC, CELL [1,2]
20:24:30:26 | I | Matching ok | SEQ : 20174632990, PART : 68193661AB, SCAN P68193661AB, CELL [1,3]
20:24:47:36 | I | Matching ok | SEQ : 20174632980, PART : 04578885AC, SCAN P04578885AC, CELL [1,4]
20:24:50:94 | I | Matching ok | SEQ : 20174632970, PART : 04578885AC, SCAN P04578885AC, CELL [1,5]
20:25:01:91 | I | Matching ok | SEQ : 20174632960, PART : 52124713AD, SCAN P52124713AD, CELL [1,6]
20:25:17:14 | I | Matching ok | SEQ : 20174633070, PART : 04578885AC, SCAN P04578885AC, CELL [2,1]
20:25:20:19 | I | Matching ok | SEQ : 20174633060, PART : 04578885AC, SCAN P04578885AC, CELL [2,2]
20:25:43:46 | I | Matching ok | SEQ : 20174633050, PART : 68193661AB, SCAN P68193661AB, CELL [2,3]
20:25:47:54 | I | Matching ok | SEQ : 20174633040, PART : 52124713AD, SCAN P52124713AD, CELL [2,4]
20:25:49:55 | I | Matching ok | SEQ : 20174633030, PART : N/A, SCAN N/A, CELL [2,5]
20:26:00:12 | I | Matching ok | SEQ : 20174633020, PART : 04578885AC, SCAN P04578885AC, CELL [2,6]
20:35:58:40 | I | Matching ok | SEQ : 20174633130, PART : 04578885AC, SCAN P04578885AC, CELL [1,1]
20:36:16:83 | I | Matching ok | SEQ : 20174633120, PART : 04578885AC, SCAN P04578885AC, CELL [1,2]
20:36:19:48 | I | Matching ok | SEQ : 20174633110, PART : 52124713AD, SCAN P52124713AD, CELL [1,3]
20:36:40:20 | I | Matching ok | SEQ : 20174633100, PART : 04578885AC, SCAN P04578885AC, CELL [1,4]
20:36:44:40 | I | Matching ok | SEQ : 20174633090, PART : 68193661AB, SCAN P68193661AB, CELL [1,5]
20:37:00:56 | I | Matching ok | SEQ : 20174633080, PART : 52124713AD, SCAN P52124713AD, CELL [1,6]
20:37:03:06 | I | Matching ok | SEQ : 20174633190, PART : 52124713AD, SCAN P52124713AD, CELL [2,1]
20:37:31:00 | I | Matching ok | SEQ : 20174633180, PART : 04578885AC, SCAN P04578885AC, CELL [2,2]
20:37:33:43 | I | Matching ok | SEQ : 20174633170, PART : 04578885AC, SCAN P04578885AC, CELL [2,3]
20:37:56:03 | I | Matching ok | SEQ : 20174633160, PART : 52124713AD, SCAN P52124713AD, CELL [2,4]
20:37:58:79 | I | Matching ok | SEQ : 20174633150, PART : 52124713AD, SCAN P52124713AD, CELL [2,5]
20:38:00:79 | I | Matching ok | SEQ : 20174633140, PART : N/A, SCAN N/A, CELL [2,6]
20:46:18:29 | I | Matching ok | SEQ : 20174633250, PART : 04578885AC, SCAN P04578885AC, CELL [1,1]
20:46:21:77 | I | Matching ok | SEQ : 20174633240, PART : 04578885AC, SCAN P04578885AC, CELL [1,2]
20:46:40:59 | I | Matching ok | SEQ : 20174633230, PART : 52124713AD, SCAN P52124713AD, CELL [1,3]
20:46:43:17 | I | Matching ok | SEQ : 20174633220, PART : 04578885AC, SCAN P04578885AC, CELL [1,4]
20:46:55:77 | I | Matching ok | SEQ : 20174633210, PART : 52124713AD, SCAN P52124713AD, CELL [1,5]
20:46:57:79 | I | Matching ok | SEQ : 20174633200, PART : N/A, SCAN N/A, CELL [1,6]
20:46:59:81 | I | Matching ok | SEQ : 20174633310, PART : N/A, SCAN N/A, CELL [2,1]
20:47:01:83 | I | Matching ok | SEQ : 20174633300, PART : N/A, SCAN N/A, CELL [2,2]
20:47:27:10 | I | Matching ok | SEQ : 20174633290, PART : 52124713AD, SCAN P52124713AD, CELL [2,3]
20:47:29:74 | I | Matching ok | SEQ : 20174633280, PART : 04578885AC, SCAN P04578885AC, CELL [2,4]
20:47:31:79 | I | Matching ok | SEQ : 20174633270, PART : N/A, SCAN N/A, CELL [2,5]
20:47:44:97 | I | Matching ok | SEQ : 20174633260, PART : 68193661AB, SCAN P68193661AB, CELL [2,6]
20:58:22:76 | I | Matching ok | SEQ : 20174633370, PART : 04578885AC, SCAN P04578885AC, CELL [1,1]
20:58:25:72 | I | Matching ok | SEQ : 20174633360, PART : 04578885AC, SCAN P04578885AC, CELL [1,2]
20:58:50:69 | I | Matching ok | SEQ : 20174633350, PART : 52124713AD, SCAN P52124713AD, CELL [1,3]
20:58:56:04 | I | Matching ok | SEQ : 20174633340, PART : 04578885AC, SCAN P04578885AC, CELL [1,4]
20:59:17:96 | I | Matching ok | SEQ : 20174633330, PART : 04578885AC, SCAN P04578885AC, CELL [1,5]
20:59:22:19 | I | Matching ok | SEQ : 20174633320, PART : 68193661AB, SCAN P68193661AB, CELL [1,6]
20:59:24:20 | I | Matching ok | SEQ : 20174633430, PART : N/A, SCAN N/A, CELL [2,1]
20:59:43:04 | I | Matching ok | SEQ : 20174633420, PART : 04578885AC, SCAN P04578885AC, CELL [2,2]
20:59:49:74 | I | Matching ok | SEQ : 20174633410, PART : 52124713AD, SCAN P52124713AD, CELL [2,3]
21:00:07:04 | I | Matching ok | SEQ : 20174633400, PART : 68193661AB, SCAN P68193661AB, CELL [2,4]
21:00:09:05 | I | Matching ok | SEQ : 20174633390, PART : N/A, SCAN N/A, CELL [2,5]
21:00:11:51 | I | Matching ok | SEQ : 20174633380, PART : 68193661AB, SCAN P68193661AB, CELL [2,6]
21:09:19:55 | I | Matching ok | SEQ : 20174633490, PART : 04578885AC, SCAN P04578885AC, CELL [1,1]
21:09:24:03 | I | Matching ok | SEQ : 20174633480, PART : 04578885AC, SCAN P04578885AC, CELL [1,2]
21:09:26:03 | I | Matching ok | SEQ : 20174633470, PART : N/A, SCAN N/A, CELL [1,3]
21:09:45:80 | I | Matching ok | SEQ : 20174633460, PART : 52124713AD, SCAN P52124713AD, CELL [1,4]
21:09:50:95 | I | Matching ok | SEQ : 20174633450, PART : 68193661AB, SCAN P68193661AB, CELL [1,5]
21:09:52:98 | I | Matching ok | SEQ : 20174633440, PART : N/A, SCAN N/A, CELL [1,6]
21:10:30:73 | I | Matching ok | SEQ : 20174633550, PART : 04578885AC, SCAN P04578885AC, CELL [2,1]
21:10:35:63 | I | Matching ok | SEQ : 20174633540, PART : 68193661AB, SCAN P68193661AB, CELL [2,2]
21:10:37:67 | I | Matching ok | SEQ : 20174633530, PART : N/A, SCAN N/A, CELL [2,3]
21:10:39:68 | I | Matching ok | SEQ : 20174633520, PART : N/A, SCAN N/A, CELL [2,4]
21:10:49:31 | I | Matching ok | SEQ : 20174633510, PART : 52124713AD, SCAN P52124713AD, CELL [2,5]
21:11:10:83 | I | Matching ok | SEQ : 20174633500, PART : 52124713AD, SCAN P52124713AD, CELL [2,6]
21:19:26:25 | I | Matching ok | SEQ : 20174633610, PART : 52124713AD, SCAN P52124713AD, CELL [1,1]
21:19:40:20 | I | Matching ok | SEQ : 20174633600, PART : 04578885AC, SCAN P04578885AC, CELL [1,2]
21:19:44:12 | I | Matching ok | SEQ : 20174633590, PART : 04578885AC, SCAN P04578885AC, CELL [1,3]
21:19:57:09 | I | Matching ok | SEQ : 20174633580, PART : 68193661AB, SCAN P68193661AB, CELL [1,4]
21:19:59:12 | I | Matching ok | SEQ : 20174633570, PART : N/A, SCAN N/A, CELL [1,5]
21:20:01:13 | I | Matching ok | SEQ : 20174633560, PART : N/A, SCAN N/A, CELL [1,6]
21:20:16:77 | I | Matching ok | SEQ : 20174633670, PART : 04578885AC, SCAN P04578885AC, CELL [2,1]
21:20:21:89 | I | Matching ok | SEQ : 20174633660, PART : 04578885AC, SCAN P04578885AC, CELL [2,2]
21:20:33:12 | I | Matching ok | SEQ : 20174633650, PART : 52124713AD, SCAN P52124713AD, CELL [2,3]
21:20:35:12 | I | Matching ok | SEQ : 20174633640, PART : N/A, SCAN N/A, CELL [2,4]
21:20:49:19 | I | Matching ok | SEQ : 20174633630, PART : 68193661AB, SCAN P68193661AB, CELL [2,5]
21:20:54:97 | I | Matching ok | SEQ : 20174633620, PART : 68193661AB, SCAN P68193661AB, CELL [2,6]
21:30:27:36 | I | Matching ok | SEQ : 20174633730, PART : 52124713AD, SCAN P52124713AD, CELL [1,1]
21:30:47:08 | I | Matching ok | SEQ : 20174633720, PART : 68193661AB, SCAN P68193661AB, CELL [1,2]
21:30:54:16 | I | Matching ok | SEQ : 20174633710, PART : 04578885AC, SCAN P04578885AC, CELL [1,3]
21:30:56:66 | W | Mismatching | SEQ : 20174633700, PART : 04578885AC, SCAN TQ41807C1707, CELL [1,4]
21:31:14:74 | I | Matching ok | SEQ : 20174633700, PART : 04578885AC, SCAN P04578885AC, CELL [1,4]
21:31:32:98 | I | Matching ok | SEQ : 20174633690, PART : 52124713AD, SCAN P52124713AD, CELL [1,5]
21:31:37:28 | I | Matching ok | SEQ : 20174633680, PART : 04578885AC, SCAN P04578885AC, CELL [1,6]
21:31:55:66 | I | Matching ok | SEQ : 20174633790, PART : 52124713AD, SCAN P52124713AD, CELL [2,1]
21:31:57:70 | I | Matching ok | SEQ : 20174633780, PART : N/A, SCAN N/A, CELL [2,2]
21:32:05:59 | I | Matching ok | SEQ : 20174633770, PART : 68193661AB, SCAN P68193661AB, CELL [2,3]
21:32:13:61 | I | Matching ok | SEQ : 20174633760, PART : 04578885AC, SCAN P04578885AC, CELL [2,4]
21:32:15:63 | I | Matching ok | SEQ : 20174633750, PART : N/A, SCAN N/A, CELL [2,5]
21:32:17:66 | I | Matching ok | SEQ : 20174633740, PART : N/A, SCAN N/A, CELL [2,6]
21:42:24:90 | I | Matching ok | SEQ : 20174633850, PART : 52124713AD, SCAN P52124713AD, CELL [1,1]
21:42:30:10 | I | Matching ok | SEQ : 20174633840, PART : 52124713AD, SCAN P52124713AD, CELL [1,2]
21:42:32:11 | I | Matching ok | SEQ : 20174633830, PART : N/A, SCAN N/A, CELL [1,3]
21:42:59:75 | I | Matching ok | SEQ : 20174633820, PART : 52124713AD, SCAN P52124713AD, CELL [1,4]
21:43:09:47 | I | Matching ok | SEQ : 20174633810, PART : 52124713AD, SCAN P52124713AD, CELL [1,5]
21:43:27:73 | I | Matching ok | SEQ : 20174633800, PART : 68193661AB, SCAN P68193661AB, CELL [1,6]
21:43:33:35 | I | Matching ok | SEQ : 20174633910, PART : 52124713AD, SCAN P52124713AD, CELL [2,1]
21:43:35:36 | I | Matching ok | SEQ : 20174633900, PART : N/A, SCAN N/A, CELL [2,2]
21:43:44:30 | I | Matching ok | SEQ : 20174633890, PART : 52124713AD, SCAN P52124713AD, CELL [2,3]
21:44:10:35 | I | Matching ok | SEQ : 20174633880, PART : 68193661AB, SCAN P68193661AB, CELL [2,4]
21:44:13:85 | I | Matching ok | SEQ : 20174633870, PART : 04578885AC, SCAN P04578885AC, CELL [2,5]
21:44:25:95 | I | Matching ok | SEQ : 20174633860, PART : 04578885AC, SCAN P04578885AC, CELL [2,6]
21:44:28:01 | I | Matching ok | SEQ : 20174633970, PART : N/A, SCAN N/A, CELL [1,1]
21:55:47:55 | I | Matching ok | SEQ : 20174633960, PART : 68193661AB, SCAN P68193661AB, CELL [1,2]
21:55:54:97 | I | Matching ok | SEQ : 20174633950, PART : 52124713AD, SCAN P52124713AD, CELL [1,3]
21:55:59:27 | I | Matching ok | SEQ : 20174633940, PART : 04578885AC, SCAN P04578885AC, CELL [1,4]
21:56:12:19 | W | Mismatching | SEQ : 20174633930, PART : 52124713AD, SCAN 713AD, CELL [1,5]
21:56:31:34 | I | Matching ok | SEQ : 20174633930, PART : 52124713AD, SCAN P52124713AD, CELL [1,5]
21:56:35:44 | I | Matching ok | SEQ : 20174633920, PART : 52124713AD, SCAN P52124713AD, CELL [1,6]
21:56:39:94 | I | Matching ok | SEQ : 20174634030, PART : 04578885AC, SCAN P04578885AC, CELL [2,1]
21:56:46:49 | I | Matching ok | SEQ : 20174634020, PART : 04578885AC, SCAN P04578885AC, CELL [2,2]
21:56:53:42 | I | Matching ok | SEQ : 20174634010, PART : 52124713AD, SCAN P52124713AD, CELL [2,3]
21:57:02:69 | I | Matching ok | SEQ : 20174634000, PART : 04578885AC, SCAN P04578885AC, CELL [2,4]
21:57:28:82 | I | Matching ok | SEQ : 20174633990, PART : 04578885AC, SCAN P04578885AC, CELL [2,5]
21:57:32:60 | I | Matching ok | SEQ : 20174633980, PART : 52124713AD, SCAN P52124713AD, CELL [2,6]
22:05:40:36 | W | Mismatching | SEQ : 20174634090, PART : 04578885AC, SCAN P52124713AD, CELL [1,1]
22:06:01:86 | W | Mismatching | SEQ : 20174634090, PART : 04578885AC, SCAN P52124713AD, CELL [1,1]
22:06:24:28 | I | Matching ok | SEQ : 20174634090, PART : 04578885AC, SCAN P04578885AC, CELL [1,1]
22:06:34:38 | I | Matching ok | SEQ : 20174634080, PART : 52124713AD, SCAN P52124713AD, CELL [1,2]
22:06:37:86 | I | Matching ok | SEQ : 20174634070, PART : 52124713AD, SCAN P52124713AD, CELL [1,3]
22:06:57:81 | I | Matching ok | SEQ : 20174634060, PART : 04578885AC, SCAN P04578885AC, CELL [1,4]
22:07:03:11 | I | Matching ok | SEQ : 20174634050, PART : 04578885AC, SCAN P04578885AC, CELL [1,5]
22:07:17:63 | I | Matching ok | SEQ : 20174634040, PART : 68193661AB, SCAN P68193661AB, CELL [1,6]
22:07:29:96 | I | Matching ok | SEQ : 20174634150, PART : 52124713AD, SCAN P52124713AD, CELL [2,1]
22:07:50:81 | I | Matching ok | SEQ : 20174634140, PART : 04578885AC, SCAN P04578885AC, CELL [2,2]
22:07:56:51 | I | Matching ok | SEQ : 20174634130, PART : 04578885AC, SCAN P04578885AC, CELL [2,3]
22:08:20:14 | I | Matching ok | SEQ : 20174634120, PART : 68193661AB, SCAN P68193661AB, CELL [2,4]
22:08:24:14 | I | Matching ok | SEQ : 20174634110, PART : 68193661AB, SCAN P68193661AB, CELL [2,5]
22:08:41:51 | I | Matching ok | SEQ : 20174634100, PART : 04578885AC, SCAN P04578885AC, CELL [2,6]
22:19:09:51 | I | Matching ok | SEQ : 20174634210, PART : 04578885AC, SCAN P04578885AC, CELL [1,1]
22:19:12:85 | I | Matching ok | SEQ : 20174634200, PART : 04578885AC, SCAN P04578885AC, CELL [1,2]
22:19:34:58 | I | Matching ok | SEQ : 20174634190, PART : 52124713AD, SCAN P52124713AD, CELL [1,3]
22:19:37:38 | I | Matching ok | SEQ : 20174634180, PART : 04578885AC, SCAN P04578885AC, CELL [1,4]
22:20:07:18 | I | Matching ok | SEQ : 20174634170, PART : 52124713AD, SCAN P52124713AD, CELL [1,5]
22:20:09:20 | I | Matching ok | SEQ : 20174634160, PART : N/A, SCAN N/A, CELL [1,6]
22:20:12:28 | I | Matching ok | SEQ : 20174634270, PART : 04578885AC, SCAN P04578885AC, CELL [2,1]
22:20:34:83 | I | Matching ok | SEQ : 20174634260, PART : 04578885AC, SCAN P04578885AC, CELL [2,2]
22:20:38:88 | I | Matching ok | SEQ : 20174634250, PART : 68193661AB, SCAN P68193661AB, CELL [2,3]
22:20:40:90 | I | Matching ok | SEQ : 20174634240, PART : N/A, SCAN N/A, CELL [2,4]
22:20:56:35 | I | Matching ok | SEQ : 20174634230, PART : 04578885AC, SCAN P04578885AC, CELL [2,5]
22:21:01:38 | I | Matching ok | SEQ : 20174634220, PART : 52124713AD, SCAN P52124713AD, CELL [2,6]
22:29:46:47 | I | Matching ok | SEQ : 20174634330, PART : 68193661AB, SCAN P68193661AB, CELL [1,1]
22:30:02:29 | I | Matching ok | SEQ : 20174634320, PART : 68193661AB, SCAN P68193661AB, CELL [1,2]
22:30:22:52 | I | Matching ok | SEQ : 20174634310, PART : 04578885AC, SCAN P04578885AC, CELL [1,3]
22:30:28:49 | I | Matching ok | SEQ : 20174634300, PART : 04578885AC, SCAN P04578885AC, CELL [1,4]
22:30:50:24 | I | Matching ok | SEQ : 20174634290, PART : 52124713AD, SCAN P52124713AD, CELL [1,5]
22:30:53:00 | I | Matching ok | SEQ : 20174634280, PART : 04578885AC, SCAN P04578885AC, CELL [1,6]
22:30:55:01 | I | Matching ok | SEQ : 20174634390, PART : N/A, SCAN N/A, CELL [2,1]
22:30:57:02 | I | Matching ok | SEQ : 20174634380, PART : N/A, SCAN N/A, CELL [2,2]
22:30:59:04 | I | Matching ok | SEQ : 20174634370, PART : N/A, SCAN N/A, CELL [2,3]
22:31:24:10 | I | Matching ok | SEQ : 20174634360, PART : 68193661AB, SCAN P68193661AB, CELL [2,4]
22:31:28:68 | I | Matching ok | SEQ : 20174634350, PART : 04578885AC, SCAN P04578885AC, CELL [2,5]
22:31:49:25 | I | Matching ok | SEQ : 20174634340, PART : 04578885AC, SCAN P04578885AC, CELL [2,6]
22:42:06:28 | I | Matching ok | SEQ : 20174634450, PART : 04578885AC, SCAN P04578885AC, CELL [1,1]
22:42:12:54 | I | Matching ok | SEQ : 20174634440, PART : 04578885AC, SCAN P04578885AC, CELL [1,2]
22:42:30:61 | I | Matching ok | SEQ : 20174634430, PART : 68193661AB, SCAN P68193661AB, CELL [1,3]
22:42:34:96 | I | Matching ok | SEQ : 20174634420, PART : 04578885AC, SCAN P04578885AC, CELL [1,4]
22:42:54:71 | I | Matching ok | SEQ : 20174634410, PART : 04578885AC, SCAN P04578885AC, CELL [1,5]
22:43:02:24 | I | Matching ok | SEQ : 20174634400, PART : 68193661AB, SCAN P68193661AB, CELL [1,6]
22:43:17:89 | I | Matching ok | SEQ : 20174634510, PART : 04578885AC, SCAN P04578885AC, CELL [2,1]
22:43:20:86 | I | Matching ok | SEQ : 20174634500, PART : 04578885AC, SCAN P04578885AC, CELL [2,2]
22:43:39:22 | I | Matching ok | SEQ : 20174634490, PART : 52124713AD, SCAN P52124713AD, CELL [2,3]
22:43:42:09 | I | Matching ok | SEQ : 20174634480, PART : 04578885AC, SCAN P04578885AC, CELL [2,4]
22:44:06:59 | I | Matching ok | SEQ : 20174634470, PART : 04578885AC, SCAN P04578885AC, CELL [2,5]
22:44:10:46 | I | Matching ok | SEQ : 20174634460, PART : 52124713AD, SCAN P52124713AD, CELL [2,6]
22:52:34:60 | W | Mismatching | SEQ : 20174634570, PART : 04578885AC, SCAN P52124713AD, CELL [1,1]
22:53:02:50 | I | Matching ok | SEQ : 20174634570, PART : 04578885AC, SCAN P04578885AC, CELL [1,1]
22:53:07:30 | I | Matching ok | SEQ : 20174634560, PART : 52124713AD, SCAN P52124713AD, CELL [1,2]
22:53:31:55 | I | Matching ok | SEQ : 20174634550, PART : 04578885AC, SCAN P04578885AC, CELL [1,3]
22:53:36:65 | I | Matching ok | SEQ : 20174634540, PART : 68193661AB, SCAN P68193661AB, CELL [1,4]
22:53:50:05 | I | Matching ok | SEQ : 20174634530, PART : 68193661AB, SCAN P68193661AB, CELL [1,5]
22:53:54:15 | I | Matching ok | SEQ : 20174634520, PART : 04578885AC, SCAN P04578885AC, CELL [1,6]
22:54:12:25 | I | Matching ok | SEQ : 20174634630, PART : 68193661AB, SCAN P68193661AB, CELL [2,1]
22:54:14:26 | I | Matching ok | SEQ : 20174634620, PART : N/A, SCAN N/A, CELL [2,2]
22:54:19:70 | I | Matching ok | SEQ : 20174634610, PART : 04578885AC, SCAN P04578885AC, CELL [2,3]
22:54:32:53 | I | Matching ok | SEQ : 20174634600, PART : 04578885AC, SCAN P04578885AC, CELL [2,4]
22:54:36:85 | I | Matching ok | SEQ : 20174634590, PART : 52124713AD, SCAN P52124713AD, CELL [2,5]
22:54:38:88 | I | Matching ok | SEQ : 20174634580, PART : N/A, SCAN N/A, CELL [2,6]
23:37:39:46 | W | Mismatching | SEQ : 20174634690, PART : 52124713AD, SCAN TQ41797H0275, CELL [1,1]
23:37:52:82 | I | Matching ok | SEQ : 20174634690, PART : 52124713AD, SCAN P52124713AD, CELL [1,1]
23:38:01:06 | I | Matching ok | SEQ : 20174634680, PART : 04578885AC, SCAN P04578885AC, CELL [1,2]
23:38:03:11 | I | Matching ok | SEQ : 20174634670, PART : N/A, SCAN N/A, CELL [1,3]
23:38:06:26 | I | Matching ok | SEQ : 20174634660, PART : 52124713AD, SCAN P52124713AD, CELL [1,4]
23:38:17:87 | I | Matching ok | SEQ : 20174634650, PART : 04578885AC, SCAN P04578885AC, CELL [1,5]
23:38:19:91 | I | Matching ok | SEQ : 20174634640, PART : N/A, SCAN N/A, CELL [1,6]
23:38:36:56 | I | Matching ok | SEQ : 20174634750, PART : 04578885AC, SCAN P04578885AC, CELL [2,1]
23:38:38:64 | I | Matching ok | SEQ : 20174634740, PART : N/A, SCAN N/A, CELL [2,2]
23:38:48:02 | I | Matching ok | SEQ : 20174634730, PART : 52124713AD, SCAN P52124713AD, CELL [2,3]
23:39:06:07 | I | Matching ok | SEQ : 20174634720, PART : 68193661AB, SCAN P68193661AB, CELL [2,4]
23:39:24:79 | I | Matching ok | SEQ : 20174634710, PART : 04578885AC, SCAN P04578885AC, CELL [2,5]
23:39:38:39 | I | Matching ok | SEQ : 20174634700, PART : 04578885AC, SCAN P04578885AC, CELL [2,6]
23:49:06:23 | I | Matching ok | SEQ : 20174634810, PART : 52124713AD, SCAN P52124713AD, CELL [1,1]
23:49:24:28 | I | Matching ok | SEQ : 20174634800, PART : 68193661AB, SCAN P68193661AB, CELL [1,2]
23:49:32:98 | W | Mismatching | SEQ : 20174634790, PART : 04578885AC, SCAN TQ41807C1680, CELL [1,3]
23:49:41:16 | I | Matching ok | SEQ : 20174634790, PART : 04578885AC, SCAN P04578885AC, CELL [1,3]
23:49:44:83 | I | Matching ok | SEQ : 20174634780, PART : 52124713AD, SCAN P52124713AD, CELL [1,4]
23:49:57:63 | I | Matching ok | SEQ : 20174634770, PART : 04578885AC, SCAN P04578885AC, CELL [1,5]
23:50:13:53 | I | Matching ok | SEQ : 20174634760, PART : 52124713AD, SCAN P52124713AD, CELL [1,6]
23:50:15:58 | I | Matching ok | SEQ : 20174634870, PART : N/A, SCAN N/A, CELL [2,1]
23:50:17:63 | I | Matching ok | SEQ : 20174634860, PART : N/A, SCAN N/A, CELL [2,2]
23:50:20:71 | I | Matching ok | SEQ : 20174634850, PART : 52124713AD, SCAN P52124713AD, CELL [2,3]
23:50:29:76 | I | Matching ok | SEQ : 20174634840, PART : 04578885AC, SCAN P04578885AC, CELL [2,4]
23:50:48:06 | I | Matching ok | SEQ : 20174634830, PART : 04578885AC, SCAN P04578885AC, CELL [2,5]
23:51:04:11 | I | Matching ok | SEQ : 20174634820, PART : 04578885AC, SCAN P04578885AC, CELL [2,6]
23:59:18:22 | I | Matching ok | SEQ : 20174634930, PART : 04578885AC, SCAN P04578885AC, CELL [1,1]
23:59:34:65 | I | Matching ok | SEQ : 20174634920, PART : 52124713AD, SCAN P52124713AD, CELL [1,2]
23:59:36:66 | I | Matching ok | SEQ : 20174634910, PART : N/A, SCAN N/A, CELL [1,3]
23:59:41:75 | I | Matching ok | SEQ : 20174634900, PART : 68193661AB, SCAN P68193661AB, CELL [1,4]
23:59:52:52 | I | Matching ok | SEQ : 20174634890, PART : 52124713AD, SCAN P52124713AD, CELL [1,5]
