05:18:47:51 | I | Matching ok | SEQ : 20174748810, PART : 52124713AD, SCAN P52124713AD, CELL [1,1]
05:18:50:43 | I | Matching ok | SEQ : 20174748800, PART : 52124713AD, SCAN P52124713AD, CELL [1,2]
05:18:53:88 | I | Matching ok | SEQ : 20174748790, PART : 52124713AD, SCAN P52124713AD, CELL [1,3]
05:18:56:75 | I | Matching ok | SEQ : 20174748780, PART : 52124713AD, SCAN P52124713AD, CELL [1,4]
05:18:59:50 | I | Matching ok | SEQ : 20174748770, PART : 52124713AD, SCAN P52124713AD, CELL [1,5]
05:19:02:23 | I | Matching ok | SEQ : 20174748760, PART : 52124713AD, SCAN P52124713AD, CELL [1,6]
05:19:07:60 | I | Matching ok | SEQ : 20174748870, PART : 52124713AD, SCAN P52124713AD, CELL [2,1]
05:19:10:38 | I | Matching ok | SEQ : 20174748860, PART : 52124713AD, SCAN P52124713AD, CELL [2,2]
05:19:13:35 | I | Matching ok | SEQ : 20174748850, PART : 52124713AD, SCAN P52124713AD, CELL [2,3]
05:19:16:50 | I | Matching ok | SEQ : 20174748840, PART : 52124713AD, SCAN P52124713AD, CELL [2,4]
05:19:19:15 | I | Matching ok | SEQ : 20174748830, PART : 52124713AD, SCAN P52124713AD, CELL [2,5]
05:19:21:20 | I | Matching ok | SEQ : 20174748820, PART : N/A, SCAN N/A, CELL [2,6]
05:30:06:42 | I | Matching ok | SEQ : 20174748930, PART : 52124713AD, SCAN P52124713AD, CELL [1,1]
05:30:10:47 | I | Matching ok | SEQ : 20174748920, PART : 52124713AD, SCAN P52124713AD, CELL [1,2]
05:30:14:97 | I | Matching ok | SEQ : 20174748910, PART : 52124713AD, SCAN P52124713AD, CELL [1,3]
05:30:19:37 | I | Matching ok | SEQ : 20174748900, PART : 52124713AD, SCAN P52124713AD, CELL [1,4]
05:30:24:79 | I | Matching ok | SEQ : 20174748890, PART : 52124713AD, SCAN P52124713AD, CELL [1,5]
05:30:26:84 | I | Matching ok | SEQ : 20174748880, PART : N/A, SCAN N/A, CELL [1,6]
05:30:31:57 | I | Matching ok | SEQ : 20174748990, PART : 04578885AC, SCAN P04578885AC, CELL [2,1]
05:30:35:47 | I | Matching ok | SEQ : 20174748980, PART : 52124713AD, SCAN P52124713AD, CELL [2,2]
05:30:38:77 | I | Matching ok | SEQ : 20174748970, PART : 04578885AC, SCAN P04578885AC, CELL [2,3]
05:30:42:39 | I | Matching ok | SEQ : 20174748960, PART : 52124713AD, SCAN P52124713AD, CELL [2,4]
05:30:45:87 | I | Matching ok | SEQ : 20174748950, PART : 52124713AD, SCAN P52124713AD, CELL [2,5]
05:30:49:52 | I | Matching ok | SEQ : 20174748940, PART : 52124713AD, SCAN P52124713AD, CELL [2,6]
05:35:31:05 | I | Matching ok | SEQ : 20174749050, PART : 52124713AD, SCAN P52124713AD, CELL [1,1]
05:35:33:10 | I | Matching ok | SEQ : 20174749040, PART : N/A, SCAN N/A, CELL [1,2]
05:35:36:07 | I | Matching ok | SEQ : 20174749030, PART : 04578885AC, SCAN P04578885AC, CELL [1,3]
05:35:44:18 | I | Matching ok | SEQ : 20174749020, PART : 04578885AC, SCAN P04578885AC, CELL [1,4]
05:35:46:22 | I | Matching ok | SEQ : 20174749010, PART : N/A, SCAN N/A, CELL [1,5]
05:36:08:30 | I | Matching ok | SEQ : 20174749000, PART : 04578885AC, SCAN P04578885AC, CELL [1,6]
05:36:12:15 | I | Matching ok | SEQ : 20174749110, PART : 04578885AC, SCAN P04578885AC, CELL [2,1]
05:36:16:18 | I | Matching ok | SEQ : 20174749100, PART : 52124713AD, SCAN P52124713AD, CELL [2,2]
05:36:20:13 | I | Matching ok | SEQ : 20174749090, PART : 04578885AC, SCAN P04578885AC, CELL [2,3]
05:36:24:33 | I | Matching ok | SEQ : 20174749080, PART : 52124713AD, SCAN P52124713AD, CELL [2,4]
05:36:27:70 | I | Matching ok | SEQ : 20174749070, PART : 52124713AD, SCAN P52124713AD, CELL [2,5]
05:36:30:63 | I | Matching ok | SEQ : 20174749060, PART : 52124713AD, SCAN P52124713AD, CELL [2,6]
05:48:07:42 | I | Matching ok | SEQ : 20174749170, PART : 04578885AC, SCAN P04578885AC, CELL [1,1]
05:48:10:52 | I | Matching ok | SEQ : 20174749160, PART : 52124713AD, SCAN P52124713AD, CELL [1,2]
05:48:12:77 | I | Matching ok | SEQ : 20174749150, PART : 04578885AC, SCAN P04578885AC, CELL [1,3]
05:48:15:52 | I | Matching ok | SEQ : 20174749140, PART : 04578885AC, SCAN P04578885AC, CELL [1,4]
05:48:18:44 | I | Matching ok | SEQ : 20174749130, PART : 52124713AD, SCAN P52124713AD, CELL [1,5]
05:48:21:14 | I | Matching ok | SEQ : 20174749120, PART : 04578885AC, SCAN P04578885AC, CELL [1,6]
05:48:24:05 | I | Matching ok | SEQ : 20174749230, PART : 04578885AC, SCAN P04578885AC, CELL [2,1]
05:48:26:07 | I | Matching ok | SEQ : 20174749220, PART : N/A, SCAN N/A, CELL [2,2]
05:48:29:99 | W | Mismatching | SEQ : 20174749210, PART : 52124713AD, SCAN P04578885AC, CELL [2,3]
05:48:55:34 | I | Matching ok | SEQ : 20174749210, PART : 52124713AD, SCAN P52124713AD, CELL [2,3]
05:48:58:29 | I | Matching ok | SEQ : 20174749200, PART : 04578885AC, SCAN P04578885AC, CELL [2,4]
05:49:01:52 | I | Matching ok | SEQ : 20174749190, PART : 04578885AC, SCAN P04578885AC, CELL [2,5]
05:49:04:14 | I | Matching ok | SEQ : 20174749180, PART : 04578885AC, SCAN P04578885AC, CELL [2,6]
06:07:58:22 | I | Matching ok | SEQ : 20174749290, PART : 04578885AC, SCAN P04578885AC, CELL [1,1]
06:08:01:05 | I | Matching ok | SEQ : 20174749280, PART : 04578885AC, SCAN P04578885AC, CELL [1,2]
06:08:03:08 | I | Matching ok | SEQ : 20174749270, PART : N/A, SCAN N/A, CELL [1,3]
06:08:06:85 | I | Matching ok | SEQ : 20174749260, PART : 04578885AC, SCAN P04578885AC, CELL [1,4]
06:08:15:63 | I | Matching ok | SEQ : 20174749250, PART : 04578885AC, SCAN P04578885AC, CELL [1,5]
06:08:20:42 | I | Matching ok | SEQ : 20174749240, PART : 52124713AD, SCAN P52124713AD, CELL [1,6]
06:08:24:12 | I | Matching ok | SEQ : 20174749350, PART : 04578885AC, SCAN P04578885AC, CELL [2,1]
06:08:30:10 | I | Matching ok | SEQ : 20174749340, PART : 04578885AC, SCAN P04578885AC, CELL [2,2]
06:08:35:52 | I | Matching ok | SEQ : 20174749330, PART : 04578885AC, SCAN P04578885AC, CELL [2,3]
06:08:47:82 | I | Matching ok | SEQ : 20174749320, PART : 52124713AD, SCAN P52124713AD, CELL [2,4]
06:08:51:57 | I | Matching ok | SEQ : 20174749310, PART : 04578885AC, SCAN P04578885AC, CELL [2,5]
06:08:54:45 | I | Matching ok | SEQ : 20174749300, PART : 04578885AC, SCAN P04578885AC, CELL [2,6]
06:20:54:12 | I | Matching ok | SEQ : 20174749410, PART : 04578885AC, SCAN P04578885AC, CELL [1,1]
06:20:56:14 | I | Matching ok | SEQ : 20174749400, PART : N/A, SCAN N/A, CELL [1,2]
06:20:58:16 | I | Matching ok | SEQ : 20174749390, PART : N/A, SCAN N/A, CELL [1,3]
06:21:01:64 | I | Matching ok | SEQ : 20174749380, PART : 52124713AD, SCAN P52124713AD, CELL [1,4]
06:21:08:79 | I | Matching ok | SEQ : 20174749370, PART : 04578885AC, SCAN P04578885AC, CELL [1,5]
06:21:18:59 | I | Matching ok | SEQ : 20174749360, PART : 04578885AC, SCAN P04578885AC, CELL [1,6]
06:21:22:96 | I | Matching ok | SEQ : 20174749470, PART : 52124713AD, SCAN P52124713AD, CELL [2,1]
06:21:26:12 | I | Matching ok | SEQ : 20174749460, PART : 52124713AD, SCAN P52124713AD, CELL [2,2]
06:21:29:44 | I | Matching ok | SEQ : 20174749450, PART : 04578885AC, SCAN P04578885AC, CELL [2,3]
06:21:34:87 | I | Matching ok | SEQ : 20174749440, PART : 52124713AD, SCAN P52124713AD, CELL [2,4]
06:21:39:34 | I | Matching ok | SEQ : 20174749430, PART : 52124713AD, SCAN P52124713AD, CELL [2,5]
06:21:41:74 | I | Matching ok | SEQ : 20174749420, PART : 04578885AC, SCAN P04578885AC, CELL [2,6]
06:43:39:37 | I | Matching ok | SEQ : 20174749530, PART : 04578885AC, SCAN P04578885AC, CELL [1,1]
06:43:43:42 | I | Matching ok | SEQ : 20174749520, PART : 04578885AC, SCAN P04578885AC, CELL [1,2]
06:43:47:45 | I | Matching ok | SEQ : 20174749510, PART : 04578885AC, SCAN P04578885AC, CELL [1,3]
06:43:50:80 | I | Matching ok | SEQ : 20174749500, PART : 04578885AC, SCAN P04578885AC, CELL [1,4]
06:43:52:81 | I | Matching ok | SEQ : 20174749490, PART : N/A, SCAN N/A, CELL [1,5]
06:43:56:25 | I | Matching ok | SEQ : 20174749480, PART : 04578885AC, SCAN P04578885AC, CELL [1,6]
06:43:59:10 | I | Matching ok | SEQ : 20174749590, PART : 04578885AC, SCAN P04578885AC, CELL [2,1]
06:44:01:60 | I | Matching ok | SEQ : 20174749580, PART : 04578885AC, SCAN P04578885AC, CELL [2,2]
06:44:04:47 | I | Matching ok | SEQ : 20174749570, PART : 04578885AC, SCAN P04578885AC, CELL [2,3]
06:44:08:67 | I | Matching ok | SEQ : 20174749560, PART : 04578885AC, SCAN P04578885AC, CELL [2,4]
06:44:11:32 | I | Matching ok | SEQ : 20174749550, PART : 04578885AC, SCAN P04578885AC, CELL [2,5]
06:44:13:92 | I | Matching ok | SEQ : 20174749540, PART : 52124713AD, SCAN P52124713AD, CELL [2,6]
06:55:56:69 | I | Matching ok | SEQ : 20174749650, PART : 52124713AD, SCAN P52124713AD, CELL [1,1]
06:55:59:79 | I | Matching ok | SEQ : 20174749640, PART : 52124713AD, SCAN P52124713AD, CELL [1,2]
06:56:02:87 | I | Matching ok | SEQ : 20174749630, PART : 04578885AC, SCAN P04578885AC, CELL [1,3]
06:56:06:44 | I | Matching ok | SEQ : 20174749620, PART : 04578885AC, SCAN P04578885AC, CELL [1,4]
06:56:09:32 | I | Matching ok | SEQ : 20174749610, PART : 04578885AC, SCAN P04578885AC, CELL [1,5]
06:56:11:82 | I | Matching ok | SEQ : 20174749600, PART : 04578885AC, SCAN P04578885AC, CELL [1,6]
06:56:15:29 | I | Matching ok | SEQ : 20174749710, PART : 04578885AC, SCAN P04578885AC, CELL [2,1]
06:56:18:12 | I | Matching ok | SEQ : 20174749700, PART : 04578885AC, SCAN P04578885AC, CELL [2,2]
06:56:20:29 | I | Matching ok | SEQ : 20174749690, PART : 52124713AD, SCAN P52124713AD, CELL [2,3]
06:56:22:44 | I | Matching ok | SEQ : 20174749680, PART : 04578885AC, SCAN P04578885AC, CELL [2,4]
06:56:24:45 | I | Matching ok | SEQ : 20174749670, PART : N/A, SCAN N/A, CELL [2,5]
06:56:26:72 | I | Matching ok | SEQ : 20174749660, PART : 04578885AC, SCAN P04578885AC, CELL [2,6]
07:32:05:55 | I | Matching ok | SEQ : 20174749770, PART : 52124713AD, SCAN P52124713AD, CELL [1,1]
07:32:09:99 | I | Matching ok | SEQ : 20174749760, PART : 04578885AC, SCAN P04578885AC, CELL [1,2]
07:32:15:32 | I | Matching ok | SEQ : 20174749750, PART : 52124713AD, SCAN P52124713AD, CELL [1,3]
07:32:17:34 | I | Matching ok | SEQ : 20174749740, PART : N/A, SCAN N/A, CELL [1,4]
07:32:21:44 | I | Matching ok | SEQ : 20174749730, PART : 04578885AC, SCAN P04578885AC, CELL [1,5]
07:32:25:92 | I | Matching ok | SEQ : 20174749720, PART : 52124713AD, SCAN P52124713AD, CELL [1,6]
07:32:30:87 | I | Matching ok | SEQ : 20174749830, PART : 04578885AC, SCAN P04578885AC, CELL [2,1]
07:32:35:79 | I | Matching ok | SEQ : 20174749820, PART : 04578885AC, SCAN P04578885AC, CELL [2,2]
07:32:39:84 | I | Matching ok | SEQ : 20174749810, PART : 04578885AC, SCAN P04578885AC, CELL [2,3]
07:32:44:24 | I | Matching ok | SEQ : 20174749800, PART : 04578885AC, SCAN P04578885AC, CELL [2,4]
07:32:48:24 | I | Matching ok | SEQ : 20174749790, PART : 04578885AC, SCAN P04578885AC, CELL [2,5]
07:32:52:82 | I | Matching ok | SEQ : 20174749780, PART : 04578885AC, SCAN P04578885AC, CELL [2,6]
07:45:41:34 | I | Matching ok | SEQ : 20174749890, PART : 52124713AD, SCAN P52124713AD, CELL [1,1]
07:45:45:06 | I | Matching ok | SEQ : 20174749880, PART : 04578885AC, SCAN P04578885AC, CELL [1,2]
07:45:48:64 | I | Matching ok | SEQ : 20174749870, PART : 04578885AC, SCAN P04578885AC, CELL [1,3]
07:45:52:26 | I | Matching ok | SEQ : 20174749860, PART : 04578885AC, SCAN P04578885AC, CELL [1,4]
07:45:56:14 | I | Matching ok | SEQ : 20174749850, PART : 04578885AC, SCAN P04578885AC, CELL [1,5]
07:46:01:09 | I | Matching ok | SEQ : 20174749840, PART : 04578885AC, SCAN P04578885AC, CELL [1,6]
07:46:04:94 | I | Matching ok | SEQ : 20174749950, PART : 04578885AC, SCAN P04578885AC, CELL [2,1]
07:46:08:94 | I | Matching ok | SEQ : 20174749940, PART : 04578885AC, SCAN P04578885AC, CELL [2,2]
07:46:12:59 | I | Matching ok | SEQ : 20174749930, PART : 04578885AC, SCAN P04578885AC, CELL [2,3]
07:46:15:89 | I | Matching ok | SEQ : 20174749920, PART : 04578885AC, SCAN P04578885AC, CELL [2,4]
07:46:19:44 | I | Matching ok | SEQ : 20174749910, PART : 04578885AC, SCAN P04578885AC, CELL [2,5]
07:46:21:45 | I | Matching ok | SEQ : 20174749900, PART : N/A, SCAN N/A, CELL [2,6]
07:55:36:98 | I | Matching ok | SEQ : 20174750010, PART : 52124713AD, SCAN P52124713AD, CELL [1,1]
07:55:41:40 | I | Matching ok | SEQ : 20174750000, PART : 04578885AC, SCAN P04578885AC, CELL [1,2]
07:55:45:80 | I | Matching ok | SEQ : 20174749990, PART : 04578885AC, SCAN P04578885AC, CELL [1,3]
07:55:49:95 | I | Matching ok | SEQ : 20174749980, PART : 04578885AC, SCAN P04578885AC, CELL [1,4]
07:55:54:20 | I | Matching ok | SEQ : 20174749970, PART : 04578885AC, SCAN P04578885AC, CELL [1,5]
07:55:58:23 | I | Matching ok | SEQ : 20174749960, PART : 04578885AC, SCAN P04578885AC, CELL [1,6]
07:56:02:21 | I | Matching ok | SEQ : 20174750070, PART : 04578885AC, SCAN P04578885AC, CELL [2,1]
07:56:07:55 | I | Matching ok | SEQ : 20174750060, PART : 52124713AD, SCAN P52124713AD, CELL [2,2]
07:56:12:10 | I | Matching ok | SEQ : 20174750050, PART : 04578885AC, SCAN P04578885AC, CELL [2,3]
07:56:14:13 | I | Matching ok | SEQ : 20174750040, PART : N/A, SCAN N/A, CELL [2,4]
07:56:17:18 | I | Matching ok | SEQ : 20174750030, PART : 04578885AC, SCAN P04578885AC, CELL [2,5]
07:56:21:73 | I | Matching ok | SEQ : 20174750020, PART : 04578885AC, SCAN P04578885AC, CELL [2,6]
08:06:57:57 | I | Matching ok | SEQ : 20174750130, PART : 04578885AC, SCAN P04578885AC, CELL [1,1]
08:07:02:84 | I | Matching ok | SEQ : 20174750120, PART : 04578885AC, SCAN P04578885AC, CELL [1,2]
08:07:07:79 | I | Matching ok | SEQ : 20174750110, PART : 52124713AD, SCAN P52124713AD, CELL [1,3]
08:07:12:57 | I | Matching ok | SEQ : 20174750100, PART : 04578885AC, SCAN P04578885AC, CELL [1,4]
08:07:17:14 | I | Matching ok | SEQ : 20174750090, PART : 04578885AC, SCAN P04578885AC, CELL [1,5]
08:07:21:92 | I | Matching ok | SEQ : 20174750080, PART : 04578885AC, SCAN P04578885AC, CELL [1,6]
08:07:25:99 | I | Matching ok | SEQ : 20174750190, PART : 04578885AC, SCAN P04578885AC, CELL [2,1]
08:07:31:04 | I | Matching ok | SEQ : 20174750180, PART : 04578885AC, SCAN P04578885AC, CELL [2,2]
08:07:33:06 | I | Matching ok | SEQ : 20174750170, PART : N/A, SCAN N/A, CELL [2,3]
08:07:36:79 | I | Matching ok | SEQ : 20174750160, PART : 04578885AC, SCAN P04578885AC, CELL [2,4]
08:07:41:50 | I | Matching ok | SEQ : 20174750150, PART : 04578885AC, SCAN P04578885AC, CELL [2,5]
08:07:45:77 | I | Matching ok | SEQ : 20174750140, PART : 52124713AD, SCAN P52124713AD, CELL [2,6]
08:20:54:74 | I | Matching ok | SEQ : 20174750250, PART : 04578885AC, SCAN P04578885AC, CELL [1,1]
08:20:58:39 | I | Matching ok | SEQ : 20174750240, PART : 52124713AD, SCAN P52124713AD, CELL [1,2]
08:21:01:26 | I | Matching ok | SEQ : 20174750230, PART : 04578885AC, SCAN P04578885AC, CELL [1,3]
08:21:04:64 | I | Matching ok | SEQ : 20174750220, PART : 04578885AC, SCAN P04578885AC, CELL [1,4]
08:21:06:67 | I | Matching ok | SEQ : 20174750210, PART : N/A, SCAN N/A, CELL [1,5]
08:21:10:94 | I | Matching ok | SEQ : 20174750200, PART : 52124713AD, SCAN P52124713AD, CELL [1,6]
08:21:14:39 | I | Matching ok | SEQ : 20174750310, PART : 52124713AD, SCAN P52124713AD, CELL [2,1]
08:21:16:40 | I | Matching ok | SEQ : 20174750300, PART : N/A, SCAN N/A, CELL [2,2]
08:21:19:94 | I | Matching ok | SEQ : 20174750290, PART : 04578885AC, SCAN P04578885AC, CELL [2,3]
08:21:24:39 | I | Matching ok | SEQ : 20174750280, PART : 52124713AD, SCAN P52124713AD, CELL [2,4]
08:21:26:40 | I | Matching ok | SEQ : 20174750270, PART : N/A, SCAN N/A, CELL [2,5]
08:21:29:91 | I | Matching ok | SEQ : 20174750260, PART : 04578885AC, SCAN P04578885AC, CELL [2,6]
08:40:34:62 | I | Matching ok | SEQ : 20174750370, PART : 52124713AD, SCAN P52124713AD, CELL [1,1]
08:40:37:19 | I | Matching ok | SEQ : 20174750360, PART : 04578885AC, SCAN P04578885AC, CELL [1,2]
08:40:40:44 | I | Matching ok | SEQ : 20174750350, PART : 04578885AC, SCAN P04578885AC, CELL [1,3]
08:40:43:12 | I | Matching ok | SEQ : 20174750340, PART : 04578885AC, SCAN P04578885AC, CELL [1,4]
08:40:45:52 | I | Matching ok | SEQ : 20174750330, PART : 04578885AC, SCAN P04578885AC, CELL [1,5]
08:40:50:02 | I | Matching ok | SEQ : 20174750320, PART : 52124713AD, SCAN P52124713AD, CELL [1,6]
08:40:56:24 | I | Matching ok | SEQ : 20174750430, PART : 52124713AD, SCAN P52124713AD, CELL [2,1]
08:41:03:12 | I | Matching ok | SEQ : 20174750420, PART : 04578885AC, SCAN P04578885AC, CELL [2,2]
08:41:06:24 | I | Matching ok | SEQ : 20174750410, PART : 04578885AC, SCAN P04578885AC, CELL [2,3]
08:41:09:39 | I | Matching ok | SEQ : 20174750400, PART : 04578885AC, SCAN P04578885AC, CELL [2,4]
08:41:11:87 | I | Matching ok | SEQ : 20174750390, PART : 04578885AC, SCAN P04578885AC, CELL [2,5]
08:41:14:22 | I | Matching ok | SEQ : 20174750380, PART : 04578885AC, SCAN P04578885AC, CELL [2,6]
08:48:55:95 | I | Matching ok | SEQ : 20174750490, PART : 04578885AC, SCAN P04578885AC, CELL [1,1]
08:48:59:16 | I | Matching ok | SEQ : 20174750480, PART : 52124713AD, SCAN P52124713AD, CELL [1,2]
08:49:02:00 | I | Matching ok | SEQ : 20174750470, PART : 04578885AC, SCAN P04578885AC, CELL [1,3]
08:49:04:55 | I | Matching ok | SEQ : 20174750460, PART : 04578885AC, SCAN P04578885AC, CELL [1,4]
08:49:07:18 | I | Matching ok | SEQ : 20174750450, PART : 52124713AD, SCAN P52124713AD, CELL [1,5]
08:49:09:21 | I | Matching ok | SEQ : 20174750440, PART : N/A, SCAN N/A, CELL [1,6]
08:49:14:00 | I | Matching ok | SEQ : 20174750550, PART : 04578885AC, SCAN P04578885AC, CELL [2,1]
08:49:27:08 | I | Matching ok | SEQ : 20174750540, PART : 04578885AC, SCAN P04578885AC, CELL [2,2]
08:49:29:09 | I | Matching ok | SEQ : 20174750530, PART : N/A, SCAN N/A, CELL [2,3]
08:49:32:43 | I | Matching ok | SEQ : 20174750520, PART : 04578885AC, SCAN P04578885AC, CELL [2,4]
08:49:36:98 | I | Matching ok | SEQ : 20174750510, PART : 04578885AC, SCAN P04578885AC, CELL [2,5]
08:49:39:00 | I | Matching ok | SEQ : 20174750500, PART : N/A, SCAN N/A, CELL [2,6]
09:03:19:77 | W | Mismatching | SEQ : 20174750610, PART : 04578885AC, SCAN P52124713AD, CELL [1,1]
09:03:33:20 | I | Matching ok | SEQ : 20174750610, PART : 04578885AC, SCAN P04578885AC, CELL [1,1]
09:03:36:85 | I | Matching ok | SEQ : 20174750600, PART : 04578885AC, SCAN P04578885AC, CELL [1,2]
09:03:40:22 | I | Matching ok | SEQ : 20174750590, PART : 04578885AC, SCAN P04578885AC, CELL [1,3]
09:03:44:12 | I | Matching ok | SEQ : 20174750580, PART : 04578885AC, SCAN P04578885AC, CELL [1,4]
09:03:47:85 | I | Matching ok | SEQ : 20174750570, PART : 52124713AD, SCAN P52124713AD, CELL [1,5]
09:03:52:07 | I | Matching ok | SEQ : 20174750560, PART : 04578885AC, SCAN P04578885AC, CELL [1,6]
09:03:55:60 | I | Matching ok | SEQ : 20174750670, PART : 04578885AC, SCAN P04578885AC, CELL [2,1]
09:03:59:10 | I | Matching ok | SEQ : 20174750660, PART : 04578885AC, SCAN P04578885AC, CELL [2,2]
09:04:02:70 | W | Mismatching | SEQ : 20174750650, PART : 52124713AD, SCAN TQ41977C0449, CELL [2,3]
09:04:14:10 | I | Matching ok | SEQ : 20174750650, PART : 52124713AD, SCAN P52124713AD, CELL [2,3]
09:04:19:67 | I | Matching ok | SEQ : 20174750640, PART : 04578885AC, SCAN P04578885AC, CELL [2,4]
09:04:23:80 | I | Matching ok | SEQ : 20174750630, PART : 04578885AC, SCAN P04578885AC, CELL [2,5]
09:04:27:50 | I | Matching ok | SEQ : 20174750620, PART : 52124713AD, SCAN P52124713AD, CELL [2,6]
09:12:04:86 | I | Matching ok | SEQ : 20174750730, PART : 04578885AC, SCAN P04578885AC, CELL [1,1]
09:12:08:23 | I | Matching ok | SEQ : 20174750720, PART : 04578885AC, SCAN P04578885AC, CELL [1,2]
09:12:10:26 | I | Matching ok | SEQ : 20174750710, PART : N/A, SCAN N/A, CELL [1,3]
09:12:12:61 | I | Matching ok | SEQ : 20174750700, PART : 04578885AC, SCAN P04578885AC, CELL [1,4]
09:12:15:41 | I | Matching ok | SEQ : 20174750690, PART : 52124713AD, SCAN P52124713AD, CELL [1,5]
09:12:19:59 | I | Matching ok | SEQ : 20174750680, PART : 52124713AD, SCAN P52124713AD, CELL [1,6]
09:12:23:49 | I | Matching ok | SEQ : 20174750790, PART : 04578885AC, SCAN P04578885AC, CELL [2,1]
09:12:25:96 | I | Matching ok | SEQ : 20174750780, PART : 04578885AC, SCAN P04578885AC, CELL [2,2]
09:12:31:29 | I | Matching ok | SEQ : 20174750770, PART : 52124713AD, SCAN P52124713AD, CELL [2,3]
09:12:43:46 | I | Matching ok | SEQ : 20174750760, PART : 04578885AC, SCAN P04578885AC, CELL [2,4]
09:12:47:79 | I | Matching ok | SEQ : 20174750750, PART : 04578885AC, SCAN P04578885AC, CELL [2,5]
09:12:49:81 | I | Matching ok | SEQ : 20174750740, PART : N/A, SCAN N/A, CELL [2,6]
09:12:51:92 | I | Matching ok | SEQ : 20174750850, PART : N/A, SCAN N/A, CELL [1,1]
09:22:41:05 | I | Matching ok | SEQ : 20174750840, PART : 04578885AC, SCAN P04578885AC, CELL [1,2]
09:22:43:08 | I | Matching ok | SEQ : 20174750830, PART : N/A, SCAN N/A, CELL [1,3]
09:22:45:33 | I | Matching ok | SEQ : 20174750820, PART : 52124713AD, SCAN P52124713AD, CELL [1,4]
09:22:48:35 | I | Matching ok | SEQ : 20174750810, PART : 04578885AC, SCAN P04578885AC, CELL [1,5]
09:22:51:43 | I | Matching ok | SEQ : 20174750800, PART : 04578885AC, SCAN P04578885AC, CELL [1,6]
09:22:54:83 | I | Matching ok | SEQ : 20174750910, PART : 04578885AC, SCAN P04578885AC, CELL [2,1]
09:22:58:32 | I | Matching ok | SEQ : 20174750900, PART : 04578885AC, SCAN P04578885AC, CELL [2,2]
09:23:01:45 | I | Matching ok | SEQ : 20174750890, PART : 52124713AD, SCAN P52124713AD, CELL [2,3]
09:23:04:85 | I | Matching ok | SEQ : 20174750880, PART : 04578885AC, SCAN P04578885AC, CELL [2,4]
09:23:07:83 | I | Matching ok | SEQ : 20174750870, PART : 04578885AC, SCAN P04578885AC, CELL [2,5]
09:23:11:08 | I | Matching ok | SEQ : 20174750860, PART : 04578885AC, SCAN P04578885AC, CELL [2,6]
09:39:20:85 | I | Matching ok | SEQ : 20174750970, PART : 04578885AC, SCAN P04578885AC, CELL [1,1]
09:39:24:02 | I | Matching ok | SEQ : 20174750960, PART : 04578885AC, SCAN P04578885AC, CELL [1,2]
09:39:35:12 | I | Matching ok | SEQ : 20174750950, PART : 04578885AC, SCAN P04578885AC, CELL [1,3]
09:39:59:13 | I | Matching ok | SEQ : 20174750940, PART : 04578885AC, SCAN P04578885AC, CELL [1,4]
09:40:04:05 | I | Matching ok | SEQ : 20174750930, PART : 04578885AC, SCAN P04578885AC, CELL [1,5]
09:40:08:20 | W | Mismatching | SEQ : 20174750920, PART : 52124713AD, SCAN P04578885AC, CELL [1,6]
09:40:17:63 | I | Matching ok | SEQ : 20174750920, PART : 52124713AD, SCAN P52124713AD, CELL [1,6]
09:40:21:20 | I | Matching ok | SEQ : 20174751030, PART : 04578885AC, SCAN P04578885AC, CELL [2,1]
09:40:30:05 | I | Matching ok | SEQ : 20174751020, PART : 04578885AC, SCAN P04578885AC, CELL [2,2]
09:40:33:60 | I | Matching ok | SEQ : 20174751010, PART : 04578885AC, SCAN P04578885AC, CELL [2,3]
09:40:39:03 | I | Matching ok | SEQ : 20174751000, PART : 04578885AC, SCAN P04578885AC, CELL [2,4]
09:40:41:05 | I | Matching ok | SEQ : 20174750990, PART : N/A, SCAN N/A, CELL [2,5]
09:40:45:60 | I | Matching ok | SEQ : 20174750980, PART : 04578885AC, SCAN P04578885AC, CELL [2,6]
10:49:41:30 | I | Matching ok | SEQ : 20174751090, PART : 04578885AC, SCAN P04578885AC, CELL [1,1]
10:49:44:70 | I | Matching ok | SEQ : 20174751080, PART : 04578885AC, SCAN P04578885AC, CELL [1,2]
10:49:47:40 | I | Matching ok | SEQ : 20174751070, PART : 04578885AC, SCAN P04578885AC, CELL [1,3]
10:49:51:15 | I | Matching ok | SEQ : 20174751060, PART : 04578885AC, SCAN P04578885AC, CELL [1,4]
10:49:53:20 | I | Matching ok | SEQ : 20174751050, PART : N/A, SCAN N/A, CELL [1,5]
10:49:55:26 | I | Matching ok | SEQ : 20174751040, PART : N/A, SCAN N/A, CELL [1,6]
10:50:00:00 | I | Matching ok | SEQ : 20174751150, PART : 04578885AC, SCAN P04578885AC, CELL [2,1]
10:50:05:48 | I | Matching ok | SEQ : 20174751140, PART : 04578885AC, SCAN P04578885AC, CELL [2,2]
10:50:11:50 | I | Matching ok | SEQ : 20174751130, PART : 52124713AD, SCAN P52124713AD, CELL [2,3]
10:50:15:90 | I | Matching ok | SEQ : 20174751120, PART : 04578885AC, SCAN P04578885AC, CELL [2,4]
10:50:19:31 | I | Matching ok | SEQ : 20174751110, PART : 04578885AC, SCAN P04578885AC, CELL [2,5]
10:50:22:68 | I | Matching ok | SEQ : 20174751100, PART : 52124713AD, SCAN P52124713AD, CELL [2,6]
10:58:56:94 | I | Matching ok | SEQ : 20174751210, PART : 04578885AC, SCAN P04578885AC, CELL [1,1]
10:59:06:21 | I | Matching ok | SEQ : 20174751200, PART : 04578885AC, SCAN P04578885AC, CELL [1,2]
10:59:09:34 | I | Matching ok | SEQ : 20174751190, PART : 04578885AC, SCAN P04578885AC, CELL [1,3]
10:59:12:14 | I | Matching ok | SEQ : 20174751180, PART : 04578885AC, SCAN P04578885AC, CELL [1,4]
10:59:14:76 | I | Matching ok | SEQ : 20174751170, PART : 52124713AD, SCAN P52124713AD, CELL [1,5]
10:59:16:97 | I | Matching ok | SEQ : 20174751160, PART : 52124713AD, SCAN P52124713AD, CELL [1,6]
10:59:19:49 | I | Matching ok | SEQ : 20174751270, PART : 04578885AC, SCAN P04578885AC, CELL [2,1]
10:59:21:97 | I | Matching ok | SEQ : 20174751260, PART : 04578885AC, SCAN P04578885AC, CELL [2,2]
10:59:24:81 | I | Matching ok | SEQ : 20174751250, PART : 52124713AD, SCAN P52124713AD, CELL [2,3]
10:59:27:07 | I | Matching ok | SEQ : 20174751240, PART : 04578885AC, SCAN P04578885AC, CELL [2,4]
10:59:29:54 | I | Matching ok | SEQ : 20174751230, PART : 04578885AC, SCAN P04578885AC, CELL [2,5]
10:59:31:56 | I | Matching ok | SEQ : 20174751220, PART : N/A, SCAN N/A, CELL [2,6]
11:10:42:55 | I | Matching ok | SEQ : 20174751330, PART : 04578885AC, SCAN P04578885AC, CELL [1,1]
11:10:46:83 | I | Matching ok | SEQ : 20174751320, PART : 52124713AD, SCAN P52124713AD, CELL [1,2]
11:10:51:46 | I | Matching ok | SEQ : 20174751310, PART : 04578885AC, SCAN P04578885AC, CELL [1,3]
11:10:55:58 | I | Matching ok | SEQ : 20174751300, PART : 04578885AC, SCAN P04578885AC, CELL [1,4]
11:10:59:61 | I | Matching ok | SEQ : 20174751290, PART : 52124713AD, SCAN P52124713AD, CELL [1,5]
11:11:05:15 | I | Matching ok | SEQ : 20174751280, PART : 04578885AC, SCAN P04578885AC, CELL [1,6]
11:11:09:26 | I | Matching ok | SEQ : 20174751390, PART : 04578885AC, SCAN P04578885AC, CELL [2,1]
11:11:14:98 | I | Matching ok | SEQ : 20174751380, PART : 52124713AD, SCAN P52124713AD, CELL [2,2]
11:11:16:99 | I | Matching ok | SEQ : 20174751370, PART : N/A, SCAN N/A, CELL [2,3]
11:11:20:75 | I | Matching ok | SEQ : 20174751360, PART : 04578885AC, SCAN P04578885AC, CELL [2,4]
11:11:24:86 | I | Matching ok | SEQ : 20174751350, PART : 52124713AD, SCAN P52124713AD, CELL [2,5]
11:11:26:87 | I | Matching ok | SEQ : 20174751340, PART : N/A, SCAN N/A, CELL [2,6]
11:21:11:97 | I | Matching ok | SEQ : 20174751450, PART : 04578885AC, SCAN P04578885AC, CELL [1,1]
11:21:13:99 | I | Matching ok | SEQ : 20174751440, PART : N/A, SCAN N/A, CELL [1,2]
11:21:18:44 | I | Matching ok | SEQ : 20174751430, PART : 52124713AD, SCAN P52124713AD, CELL [1,3]
11:21:22:37 | I | Matching ok | SEQ : 20174751420, PART : 04578885AC, SCAN P04578885AC, CELL [1,4]
11:21:24:38 | I | Matching ok | SEQ : 20174751410, PART : N/A, SCAN N/A, CELL [1,5]
11:21:30:40 | I | Matching ok | SEQ : 20174751400, PART : 04578885AC, SCAN P04578885AC, CELL [1,6]
11:21:35:84 | I | Matching ok | SEQ : 20174751510, PART : 04578885AC, SCAN P04578885AC, CELL [2,1]
11:21:39:45 | I | Matching ok | SEQ : 20174751500, PART : 52124713AD, SCAN P52124713AD, CELL [2,2]
11:21:41:48 | I | Matching ok | SEQ : 20174751490, PART : N/A, SCAN N/A, CELL [2,3]
11:21:45:52 | I | Matching ok | SEQ : 20174751480, PART : 04578885AC, SCAN P04578885AC, CELL [2,4]
11:21:49:37 | I | Matching ok | SEQ : 20174751470, PART : 04578885AC, SCAN P04578885AC, CELL [2,5]
11:21:55:17 | I | Matching ok | SEQ : 20174751460, PART : 52124713AD, SCAN P52124713AD, CELL [2,6]
11:35:33:49 | I | Matching ok | SEQ : 20174751570, PART : 04578885AC, SCAN P04578885AC, CELL [1,1]
11:35:37:64 | I | Matching ok | SEQ : 20174751560, PART : 04578885AC, SCAN P04578885AC, CELL [1,2]
11:35:44:99 | I | Matching ok | SEQ : 20174751550, PART : 52124713AD, SCAN P52124713AD, CELL [1,3]
11:35:52:52 | I | Matching ok | SEQ : 20174751540, PART : 04578885AC, SCAN P04578885AC, CELL [1,4]
11:36:01:99 | I | Matching ok | SEQ : 20174751530, PART : 52124713AD, SCAN P52124713AD, CELL [1,5]
11:36:08:44 | I | Matching ok | SEQ : 20174751520, PART : 52124713AD, SCAN P52124713AD, CELL [1,6]
11:36:10:87 | I | Matching ok | SEQ : 20174751630, PART : 52124713AD, SCAN P52124713AD, CELL [2,1]
11:36:13:77 | I | Matching ok | SEQ : 20174751620, PART : 04578885AC, SCAN P04578885AC, CELL [2,2]
11:36:16:25 | I | Matching ok | SEQ : 20174751610, PART : 04578885AC, SCAN P04578885AC, CELL [2,3]
11:36:19:25 | I | Matching ok | SEQ : 20174751600, PART : 52124713AD, SCAN P52124713AD, CELL [2,4]
11:36:21:44 | I | Matching ok | SEQ : 20174751590, PART : 04578885AC, SCAN P04578885AC, CELL [2,5]
11:36:23:48 | I | Matching ok | SEQ : 20174751580, PART : N/A, SCAN N/A, CELL [2,6]
11:45:21:78 | I | Matching ok | SEQ : 20174751690, PART : 52124713AD, SCAN P52124713AD, CELL [1,1]
11:45:25:00 | I | Matching ok | SEQ : 20174751680, PART : 04578885AC, SCAN P04578885AC, CELL [1,2]
11:45:28:31 | I | Matching ok | SEQ : 20174751670, PART : 04578885AC, SCAN P04578885AC, CELL [1,3]
11:45:31:75 | I | Matching ok | SEQ : 20174751660, PART : 52124713AD, SCAN P52124713AD, CELL [1,4]
11:45:35:50 | I | Matching ok | SEQ : 20174751650, PART : 04578885AC, SCAN P04578885AC, CELL [1,5]
11:45:38:53 | I | Matching ok | SEQ : 20174751640, PART : 04578885AC, SCAN P04578885AC, CELL [1,6]
11:45:42:30 | I | Matching ok | SEQ : 20174751750, PART : 52124713AD, SCAN P52124713AD, CELL [2,1]
11:45:46:11 | I | Matching ok | SEQ : 20174751740, PART : 52124713AD, SCAN P52124713AD, CELL [2,2]
11:45:49:66 | I | Matching ok | SEQ : 20174751730, PART : 04578885AC, SCAN P04578885AC, CELL [2,3]
11:45:53:70 | I | Matching ok | SEQ : 20174751720, PART : 52124713AD, SCAN P52124713AD, CELL [2,4]
11:45:57:46 | I | Matching ok | SEQ : 20174751710, PART : 52124713AD, SCAN P52124713AD, CELL [2,5]
11:46:01:23 | I | Matching ok | SEQ : 20174751700, PART : 04578885AC, SCAN P04578885AC, CELL [2,6]
11:53:32:97 | I | Matching ok | SEQ : 20174751810, PART : 52124713AD, SCAN P52124713AD, CELL [1,1]
11:53:34:99 | I | Matching ok | SEQ : 20174751800, PART : N/A, SCAN N/A, CELL [1,2]
11:53:38:89 | I | Matching ok | SEQ : 20174751790, PART : 04578885AC, SCAN P04578885AC, CELL [1,3]
11:53:42:64 | I | Matching ok | SEQ : 20174751780, PART : 52124713AD, SCAN P52124713AD, CELL [1,4]
11:53:46:62 | I | Matching ok | SEQ : 20174751770, PART : 04578885AC, SCAN P04578885AC, CELL [1,5]
11:53:50:92 | I | Matching ok | SEQ : 20174751760, PART : 04578885AC, SCAN P04578885AC, CELL [1,6]
11:53:54:94 | I | Matching ok | SEQ : 20174751870, PART : 04578885AC, SCAN P04578885AC, CELL [2,1]
11:54:02:27 | I | Matching ok | SEQ : 20174751860, PART : 52124713AD, SCAN P52124713AD, CELL [2,2]
11:54:07:62 | I | Matching ok | SEQ : 20174751850, PART : 04578885AC, SCAN P04578885AC, CELL [2,3]
11:54:12:77 | I | Matching ok | SEQ : 20174751840, PART : 52124713AD, SCAN P52124713AD, CELL [2,4]
11:54:17:02 | I | Matching ok | SEQ : 20174751830, PART : 52124713AD, SCAN P52124713AD, CELL [2,5]
11:54:22:92 | I | Matching ok | SEQ : 20174751820, PART : 04578885AC, SCAN P04578885AC, CELL [2,6]
12:15:54:87 | I | Matching ok | SEQ : 20174751930, PART : 04578885AC, SCAN P04578885AC, CELL [1,1]
12:15:58:58 | I | Matching ok | SEQ : 20174751920, PART : 04578885AC, SCAN P04578885AC, CELL [1,2]
12:16:01:77 | I | Matching ok | SEQ : 20174751910, PART : 04578885AC, SCAN P04578885AC, CELL [1,3]
12:16:10:75 | I | Matching ok | SEQ : 20174751900, PART : 04578885AC, SCAN P04578885AC, CELL [1,4]
12:16:14:25 | I | Matching ok | SEQ : 20174751890, PART : 04578885AC, SCAN P04578885AC, CELL [1,5]
12:16:17:77 | I | Matching ok | SEQ : 20174751880, PART : 04578885AC, SCAN P04578885AC, CELL [1,6]
12:16:21:55 | I | Matching ok | SEQ : 20174751990, PART : 04578885AC, SCAN P04578885AC, CELL [2,1]
12:16:25:07 | I | Matching ok | SEQ : 20174751980, PART : 04578885AC, SCAN P04578885AC, CELL [2,2]
12:16:29:00 | I | Matching ok | SEQ : 20174751970, PART : 52124713AD, SCAN P52124713AD, CELL [2,3]
12:16:32:38 | I | Matching ok | SEQ : 20174751960, PART : 04578885AC, SCAN P04578885AC, CELL [2,4]
12:16:35:25 | I | Matching ok | SEQ : 20174751950, PART : 04578885AC, SCAN P04578885AC, CELL [2,5]
12:16:38:32 | I | Matching ok | SEQ : 20174751940, PART : 04578885AC, SCAN P04578885AC, CELL [2,6]
12:30:25:45 | I | Matching ok | SEQ : 20174752050, PART : 04578885AC, SCAN P04578885AC, CELL [1,1]
12:30:29:14 | I | Matching ok | SEQ : 20174752040, PART : 04578885AC, SCAN P04578885AC, CELL [1,2]
12:30:31:16 | I | Matching ok | SEQ : 20174752030, PART : N/A, SCAN N/A, CELL [1,3]
12:30:33:18 | I | Matching ok | SEQ : 20174752020, PART : N/A, SCAN N/A, CELL [1,4]
12:30:37:80 | I | Matching ok | SEQ : 20174752010, PART : 04578885AC, SCAN P04578885AC, CELL [1,5]
12:30:41:94 | I | Matching ok | SEQ : 20174752000, PART : 52124713AD, SCAN P52124713AD, CELL [1,6]
12:30:45:00 | I | Matching ok | SEQ : 20174752110, PART : 04578885AC, SCAN P04578885AC, CELL [2,1]
12:30:49:22 | I | Matching ok | SEQ : 20174752100, PART : 04578885AC, SCAN P04578885AC, CELL [2,2]
12:30:53:22 | I | Matching ok | SEQ : 20174752090, PART : 04578885AC, SCAN P04578885AC, CELL [2,3]
12:30:56:92 | I | Matching ok | SEQ : 20174752080, PART : 04578885AC, SCAN P04578885AC, CELL [2,4]
12:31:00:97 | I | Matching ok | SEQ : 20174752070, PART : 04578885AC, SCAN P04578885AC, CELL [2,5]
12:31:04:92 | I | Matching ok | SEQ : 20174752060, PART : 04578885AC, SCAN P04578885AC, CELL [2,6]
12:31:06:99 | I | Matching ok | SEQ : 20174752170, PART : N/A, SCAN N/A, CELL [1,1]
12:43:09:06 | I | Matching ok | SEQ : 20174752160, PART : 04578885AC, SCAN P04578885AC, CELL [1,2]
12:43:12:86 | I | Matching ok | SEQ : 20174752150, PART : 04578885AC, SCAN P04578885AC, CELL [1,3]
12:43:16:59 | I | Matching ok | SEQ : 20174752140, PART : 04578885AC, SCAN P04578885AC, CELL [1,4]
12:43:20:29 | I | Matching ok | SEQ : 20174752130, PART : 04578885AC, SCAN P04578885AC, CELL [1,5]
12:43:23:96 | I | Matching ok | SEQ : 20174752120, PART : 04578885AC, SCAN P04578885AC, CELL [1,6]
12:43:27:69 | I | Matching ok | SEQ : 20174752230, PART : 04578885AC, SCAN P04578885AC, CELL [2,1]
12:43:31:17 | I | Matching ok | SEQ : 20174752220, PART : 04578885AC, SCAN P04578885AC, CELL [2,2]
12:43:34:96 | I | Matching ok | SEQ : 20174752210, PART : 04578885AC, SCAN P04578885AC, CELL [2,3]
12:43:38:64 | I | Matching ok | SEQ : 20174752200, PART : 04578885AC, SCAN P04578885AC, CELL [2,4]
12:43:42:46 | I | Matching ok | SEQ : 20174752190, PART : 04578885AC, SCAN P04578885AC, CELL [2,5]
12:43:46:01 | I | Matching ok | SEQ : 20174752180, PART : 04578885AC, SCAN P04578885AC, CELL [2,6]
12:55:13:58 | W | Mismatching | SEQ : 20174752290, PART : 04578885AC, SCAN P04578884AC, CELL [1,1]
12:55:39:08 | I | Matching ok | SEQ : 20174752290, PART : 04578885AC, SCAN P04578885AC, CELL [1,1]
12:55:42:75 | I | Matching ok | SEQ : 20174752280, PART : 04578885AC, SCAN P04578885AC, CELL [1,2]
12:55:47:66 | I | Matching ok | SEQ : 20174752270, PART : 04578885AC, SCAN P04578885AC, CELL [1,3]
12:55:51:36 | I | Matching ok | SEQ : 20174752260, PART : 04578885AC, SCAN P04578885AC, CELL [1,4]
12:56:00:33 | I | Matching ok | SEQ : 20174752250, PART : 04578885AC, SCAN P04578885AC, CELL [1,5]
12:56:04:06 | I | Matching ok | SEQ : 20174752240, PART : 04578885AC, SCAN P04578885AC, CELL [1,6]
12:56:10:36 | I | Matching ok | SEQ : 20174752350, PART : 04578885AC, SCAN P04578885AC, CELL [2,1]
12:56:14:36 | I | Matching ok | SEQ : 20174752340, PART : 52124713AD, SCAN P52124713AD, CELL [2,2]
12:56:17:81 | I | Matching ok | SEQ : 20174752330, PART : 04578885AC, SCAN P04578885AC, CELL [2,3]
12:56:22:39 | I | Matching ok | SEQ : 20174752320, PART : 04578885AC, SCAN P04578885AC, CELL [2,4]
12:56:25:66 | I | Matching ok | SEQ : 20174752310, PART : 04578885AC, SCAN P04578885AC, CELL [2,5]
12:56:28:71 | I | Matching ok | SEQ : 20174752300, PART : 04578885AC, SCAN P04578885AC, CELL [2,6]
13:02:41:24 | I | Matching ok | SEQ : 20174752410, PART : 04578885AC, SCAN P04578885AC, CELL [1,1]
13:02:53:07 | I | Matching ok | SEQ : 20174752400, PART : 04578885AC, SCAN P04578885AC, CELL [1,2]
13:02:55:09 | I | Matching ok | SEQ : 20174752390, PART : N/A, SCAN N/A, CELL [1,3]
13:03:00:39 | I | Matching ok | SEQ : 20174752380, PART : 52124713AD, SCAN P52124713AD, CELL [1,4]
13:03:04:94 | I | Matching ok | SEQ : 20174752370, PART : 04578885AC, SCAN P04578885AC, CELL [1,5]
13:03:06:96 | I | Matching ok | SEQ : 20174752360, PART : N/A, SCAN N/A, CELL [1,6]
13:03:10:82 | I | Matching ok | SEQ : 20174752470, PART : 04578885AC, SCAN P04578885AC, CELL [2,1]
13:03:12:84 | I | Matching ok | SEQ : 20174752460, PART : N/A, SCAN N/A, CELL [2,2]
13:03:16:44 | I | Matching ok | SEQ : 20174752450, PART : 52124713AD, SCAN P52124713AD, CELL [2,3]
13:03:20:39 | I | Matching ok | SEQ : 20174752440, PART : 04578885AC, SCAN P04578885AC, CELL [2,4]
13:03:24:19 | I | Matching ok | SEQ : 20174752430, PART : 04578885AC, SCAN P04578885AC, CELL [2,5]
13:03:28:27 | I | Matching ok | SEQ : 20174752420, PART : 04578885AC, SCAN P04578885AC, CELL [2,6]
13:08:50:92 | W | Mismatching | SEQ : 20174752530, PART : 04578885AC, SCAN P04578884AC, CELL [1,1]
13:23:00:47 | I | Matching ok | SEQ : 20174752530, PART : 04578885AC, SCAN P04578885AC, CELL [1,1]
13:23:02:49 | I | Matching ok | SEQ : 20174752520, PART : N/A, SCAN N/A, CELL [1,2]
13:23:08:90 | I | Matching ok | SEQ : 20174752510, PART : 04578885AC, SCAN P04578885AC, CELL [1,3]
13:23:11:59 | I | Matching ok | SEQ : 20174752500, PART : 04578885AC, SCAN P04578885AC, CELL [1,4]
13:23:14:59 | I | Matching ok | SEQ : 20174752490, PART : 04578885AC, SCAN P04578885AC, CELL [1,5]
13:23:17:37 | I | Matching ok | SEQ : 20174752480, PART : 04578885AC, SCAN P04578885AC, CELL [1,6]
13:23:20:79 | I | Matching ok | SEQ : 20174752590, PART : 04578885AC, SCAN P04578885AC, CELL [2,1]
13:23:22:81 | I | Matching ok | SEQ : 20174752580, PART : N/A, SCAN N/A, CELL [2,2]
13:23:24:84 | I | Matching ok | SEQ : 20174752570, PART : N/A, SCAN N/A, CELL [2,3]
13:23:28:22 | I | Matching ok | SEQ : 20174752560, PART : 04578885AC, SCAN P04578885AC, CELL [2,4]
13:23:35:60 | I | Matching ok | SEQ : 20174752550, PART : 04578885AC, SCAN P04578885AC, CELL [2,5]
13:23:40:14 | I | Matching ok | SEQ : 20174752540, PART : 04578885AC, SCAN P04578885AC, CELL [2,6]
13:23:42:20 | I | Matching ok | SEQ : 20174752650, PART : N/A, SCAN N/A, CELL [1,1]
13:27:59:18 | I | Matching ok | SEQ : 20174752640, PART : 04578885AC, SCAN P04578885AC, CELL [1,2]
13:28:02:90 | I | Matching ok | SEQ : 20174752630, PART : 04578885AC, SCAN P04578885AC, CELL [1,3]
13:28:05:83 | I | Matching ok | SEQ : 20174752620, PART : 04578885AC, SCAN P04578885AC, CELL [1,4]
13:28:07:86 | I | Matching ok | SEQ : 20174752610, PART : N/A, SCAN N/A, CELL [1,5]
13:28:11:20 | I | Matching ok | SEQ : 20174752600, PART : 04578885AC, SCAN P04578885AC, CELL [1,6]
13:28:14:60 | I | Matching ok | SEQ : 20174752710, PART : 04578885AC, SCAN P04578885AC, CELL [2,1]
13:28:19:73 | I | Matching ok | SEQ : 20174752700, PART : 04578885AC, SCAN P04578885AC, CELL [2,2]
13:28:23:20 | I | Matching ok | SEQ : 20174752690, PART : 04578885AC, SCAN P04578885AC, CELL [2,3]
13:28:25:22 | I | Matching ok | SEQ : 20174752680, PART : N/A, SCAN N/A, CELL [2,4]
13:28:27:23 | I | Matching ok | SEQ : 20174752670, PART : N/A, SCAN N/A, CELL [2,5]
13:28:31:50 | I | Matching ok | SEQ : 20174752660, PART : 04578885AC, SCAN P04578885AC, CELL [2,6]
13:58:47:47 | I | Matching ok | SEQ : 20174752770, PART : 04578885AC, SCAN P04578885AC, CELL [1,1]
13:58:49:92 | I | Matching ok | SEQ : 20174752760, PART : 04578885AC, SCAN P04578885AC, CELL [1,2]
13:58:52:32 | I | Matching ok | SEQ : 20174752750, PART : 04578885AC, SCAN P04578885AC, CELL [1,3]
13:58:55:42 | I | Matching ok | SEQ : 20174752740, PART : 04578885AC, SCAN P04578885AC, CELL [1,4]
13:58:58:43 | I | Matching ok | SEQ : 20174752730, PART : 52124713AD, SCAN P52124713AD, CELL [1,5]
13:59:00:45 | I | Matching ok | SEQ : 20174752720, PART : N/A, SCAN N/A, CELL [1,6]
13:59:03:10 | I | Matching ok | SEQ : 20174752830, PART : 04578885AC, SCAN P04578885AC, CELL [2,1]
13:59:05:11 | I | Matching ok | SEQ : 20174752820, PART : N/A, SCAN N/A, CELL [2,2]
13:59:10:65 | I | Matching ok | SEQ : 20174752810, PART : 04578885AC, SCAN P04578885AC, CELL [2,3]
13:59:12:66 | I | Matching ok | SEQ : 20174752800, PART : N/A, SCAN N/A, CELL [2,4]
13:59:16:52 | I | Matching ok | SEQ : 20174752790, PART : 04578885AC, SCAN P04578885AC, CELL [2,5]
13:59:21:10 | I | Matching ok | SEQ : 20174752780, PART : 04578885AC, SCAN P04578885AC, CELL [2,6]
14:11:07:54 | I | Matching ok | SEQ : 20174752890, PART : 52124713AD, SCAN P52124713AD, CELL [1,1]
14:11:11:34 | I | Matching ok | SEQ : 20174752880, PART : 04578885AC, SCAN P04578885AC, CELL [1,2]
14:11:15:32 | I | Matching ok | SEQ : 20174752870, PART : 04578885AC, SCAN P04578885AC, CELL [1,3]
14:11:17:33 | I | Matching ok | SEQ : 20174752860, PART : N/A, SCAN N/A, CELL [1,4]
14:11:20:04 | I | Matching ok | SEQ : 20174752850, PART : 04578885AC, SCAN P04578885AC, CELL [1,5]
14:11:25:39 | I | Matching ok | SEQ : 20174752840, PART : 04578885AC, SCAN P04578885AC, CELL [1,6]
14:11:27:41 | I | Matching ok | SEQ : 20174752950, PART : N/A, SCAN N/A, CELL [2,1]
14:11:31:34 | I | Matching ok | SEQ : 20174752940, PART : 52124713AD, SCAN P52124713AD, CELL [2,2]
14:11:36:41 | I | Matching ok | SEQ : 20174752930, PART : 04578885AC, SCAN P04578885AC, CELL [2,3]
14:11:40:36 | I | Matching ok | SEQ : 20174752920, PART : 04578885AC, SCAN P04578885AC, CELL [2,4]
14:11:42:39 | I | Matching ok | SEQ : 20174752910, PART : N/A, SCAN N/A, CELL [2,5]
14:11:46:72 | I | Matching ok | SEQ : 20174752900, PART : 52124713AD, SCAN P52124713AD, CELL [2,6]
14:24:29:01 | I | Matching ok | SEQ : 20174753010, PART : 52124713AD, SCAN P52124713AD, CELL [1,1]
14:24:33:11 | I | Matching ok | SEQ : 20174753000, PART : 04578885AC, SCAN P04578885AC, CELL [1,2]
14:24:36:46 | I | Matching ok | SEQ : 20174752990, PART : 04578885AC, SCAN P04578885AC, CELL [1,3]
14:24:40:03 | I | Matching ok | SEQ : 20174752980, PART : 04578885AC, SCAN P04578885AC, CELL [1,4]
14:24:44:36 | I | Matching ok | SEQ : 20174752970, PART : 52124713AD, SCAN P52124713AD, CELL [1,5]
14:24:46:37 | I | Matching ok | SEQ : 20174752960, PART : N/A, SCAN N/A, CELL [1,6]
14:24:48:73 | I | Matching ok | SEQ : 20174753070, PART : 04578885AC, SCAN P04578885AC, CELL [2,1]
14:24:53:86 | I | Matching ok | SEQ : 20174753060, PART : 52124713AD, SCAN P52124713AD, CELL [2,2]
14:24:58:81 | I | Matching ok | SEQ : 20174753050, PART : 52124713AD, SCAN P52124713AD, CELL [2,3]
14:25:04:21 | I | Matching ok | SEQ : 20174753040, PART : 04578885AC, SCAN P04578885AC, CELL [2,4]
14:25:08:21 | I | Matching ok | SEQ : 20174753030, PART : 52124713AD, SCAN P52124713AD, CELL [2,5]
14:25:12:23 | I | Matching ok | SEQ : 20174753020, PART : 04578885AC, SCAN P04578885AC, CELL [2,6]
14:45:43:37 | I | Matching ok | SEQ : 20174753130, PART : 52124713AD, SCAN P52124713AD, CELL [1,1]
14:45:45:39 | I | Matching ok | SEQ : 20174753120, PART : N/A, SCAN N/A, CELL [1,2]
14:45:48:59 | I | Matching ok | SEQ : 20174753110, PART : 52124713AD, SCAN P52124713AD, CELL [1,3]
14:45:50:60 | I | Matching ok | SEQ : 20174753100, PART : N/A, SCAN N/A, CELL [1,4]
14:45:56:62 | I | Matching ok | SEQ : 20174753090, PART : 52124713AD, SCAN P52124713AD, CELL [1,5]
14:45:58:64 | I | Matching ok | SEQ : 20174753080, PART : N/A, SCAN N/A, CELL [1,6]
14:46:08:04 | I | Matching ok | SEQ : 20174753190, PART : 52124713AD, SCAN P52124713AD, CELL [2,1]
14:46:18:89 | I | Matching ok | SEQ : 20174753180, PART : 04578885AC, SCAN P04578885AC, CELL [2,2]
14:46:30:81 | I | Matching ok | SEQ : 20174753170, PART : 52124713AD, SCAN P52124713AD, CELL [2,3]
14:46:49:84 | I | Matching ok | SEQ : 20174753160, PART : 52124713AD, SCAN P52124713AD, CELL [2,4]
14:46:51:86 | I | Matching ok | SEQ : 20174753150, PART : N/A, SCAN N/A, CELL [2,5]
14:46:55:91 | I | Matching ok | SEQ : 20174753140, PART : 52124713AD, SCAN P52124713AD, CELL [2,6]
16:27:42:88 | W | Mismatching | SEQ : 20174753250, PART : N/A, SCAN P52124713AD, CELL [1,1]
16:27:45:81 | W | Mismatching | SEQ : 20174753250, PART : N/A, SCAN TQ41997C0645, CELL [1,1]
16:27:55:10 | I | Program close
16:27:58:74 | I | Program start
16:28:05:46 | I | LogIn Scandata : [370225370225]
16:28:07:65 | I | Matching ok | SEQ : 20174753250, PART : N/A, SCAN N/A, CELL [1,1]
16:28:13:51 | I | Matching ok | SEQ : 20174753240, PART : 52124713AD, SCAN P52124713AD, CELL [1,2]
16:28:16:46 | I | Matching ok | SEQ : 20174753230, PART : 52124713AD, SCAN P52124713AD, CELL [1,3]
16:28:18:48 | I | Matching ok | SEQ : 20174753220, PART : N/A, SCAN N/A, CELL [1,4]
16:28:19:36 | I | Matching ok | SEQ : 20174753210, PART : 04578885AC, SCAN P04578885AC, CELL [1,5]
16:28:21:36 | I | Matching ok | SEQ : 20174753200, PART : 52124713AD, SCAN P52124713AD, CELL [1,6]
16:28:24:01 | I | Matching ok | SEQ : 20174753310, PART : 04578885AC, SCAN P04578885AC, CELL [2,1]
16:28:34:56 | I | Matching ok | SEQ : 20174753300, PART : 52124713AD, SCAN P52124713AD, CELL [2,2]
16:28:40:59 | I | Matching ok | SEQ : 20174753290, PART : 52124713AD, SCAN P52124713AD, CELL [2,3]
16:28:45:86 | I | Matching ok | SEQ : 20174753280, PART : 04578885AC, SCAN P04578885AC, CELL [2,4]
16:28:51:81 | I | Matching ok | SEQ : 20174753270, PART : 52124713AD, SCAN P52124713AD, CELL [2,5]
16:28:53:83 | I | Matching ok | SEQ : 20174753260, PART : N/A, SCAN N/A, CELL [2,6]
16:32:29:02 | I | Matching ok | SEQ : 20174753370, PART : 52124713AD, SCAN P52124713AD, CELL [1,1]
16:32:34:02 | I | Matching ok | SEQ : 20174753360, PART : 52124713AD, SCAN P52124713AD, CELL [1,2]
16:32:38:29 | I | Matching ok | SEQ : 20174753350, PART : 04578885AC, SCAN P04578885AC, CELL [1,3]
16:32:46:39 | I | Matching ok | SEQ : 20174753340, PART : 04578885AC, SCAN P04578885AC, CELL [1,4]
16:32:50:87 | I | Matching ok | SEQ : 20174753330, PART : 04578885AC, SCAN P04578885AC, CELL [1,5]
16:32:55:12 | I | Matching ok | SEQ : 20174753320, PART : 52124713AD, SCAN P52124713AD, CELL [1,6]
16:33:13:47 | I | Matching ok | SEQ : 20174753430, PART : 52124713AD, SCAN P52124713AD, CELL [2,1]
16:33:16:72 | I | Matching ok | SEQ : 20174753420, PART : 04578885AC, SCAN P04578885AC, CELL [2,2]
16:33:19:97 | I | Matching ok | SEQ : 20174753410, PART : 04578885AC, SCAN P04578885AC, CELL [2,3]
16:33:21:99 | I | Matching ok | SEQ : 20174753400, PART : N/A, SCAN N/A, CELL [2,4]
16:33:24:01 | I | Matching ok | SEQ : 20174753390, PART : N/A, SCAN N/A, CELL [2,5]
16:33:26:02 | I | Matching ok | SEQ : 20174753380, PART : N/A, SCAN N/A, CELL [2,6]
16:33:28:09 | I | Matching ok | SEQ : 20174753490, PART : N/A, SCAN N/A, CELL [1,1]
16:35:47:27 | I | Matching ok | SEQ : 20174753480, PART : 04578885AC, SCAN P04578885AC, CELL [1,2]
16:35:51:45 | I | Matching ok | SEQ : 20174753470, PART : 52124713AD, SCAN P52124713AD, CELL [1,3]
16:35:53:45 | I | Matching ok | SEQ : 20174753460, PART : N/A, SCAN N/A, CELL [1,4]
16:36:32:32 | I | Matching ok | SEQ : 20174753450, PART : 04578885AC, SCAN P04578885AC, CELL [1,5]
16:36:34:34 | I | Matching ok | SEQ : 20174753440, PART : N/A, SCAN N/A, CELL [1,6]
16:36:48:22 | I | Matching ok | SEQ : 20174753550, PART : 04578885AC, SCAN P04578885AC, CELL [2,1]
16:36:56:80 | I | Matching ok | SEQ : 20174753540, PART : 52124713AD, SCAN P52124713AD, CELL [2,2]
16:37:50:78 | I | Matching ok | SEQ : 20174753530, PART : 04578885AC, SCAN P04578885AC, CELL [2,3]
16:37:54:02 | I | Matching ok | SEQ : 20174753520, PART : 04578885AC, SCAN P04578885AC, CELL [2,4]
16:38:05:62 | I | Matching ok | SEQ : 20174753510, PART : 52124713AD, SCAN P52124713AD, CELL [2,5]
16:38:09:53 | I | Matching ok | SEQ : 20174753500, PART : 04578885AC, SCAN P04578885AC, CELL [2,6]
16:42:20:48 | I | Matching ok | SEQ : 20174753610, PART : 52124713AD, SCAN P52124713AD, CELL [1,1]
16:42:22:68 | I | Matching ok | SEQ : 20174753600, PART : 52124713AD, SCAN P52124713AD, CELL [1,2]
16:42:24:69 | I | Matching ok | SEQ : 20174753590, PART : N/A, SCAN N/A, CELL [1,3]
16:42:26:70 | I | Matching ok | SEQ : 20174753580, PART : N/A, SCAN N/A, CELL [1,4]
16:42:31:13 | I | Matching ok | SEQ : 20174753570, PART : 04578885AC, SCAN P04578885AC, CELL [1,5]
16:42:33:43 | I | Matching ok | SEQ : 20174753560, PART : 52124713AD, SCAN P52124713AD, CELL [1,6]
16:42:44:01 | I | Matching ok | SEQ : 20174753670, PART : 52124713AD, SCAN P52124713AD, CELL [2,1]
16:43:08:21 | I | Matching ok | SEQ : 20174753660, PART : 52124713AD, SCAN P52124713AD, CELL [2,2]
16:43:13:63 | I | Matching ok | SEQ : 20174753650, PART : 04578885AC, SCAN P04578885AC, CELL [2,3]
16:43:19:26 | I | Matching ok | SEQ : 20174753640, PART : 52124713AD, SCAN P52124713AD, CELL [2,4]
16:43:21:27 | I | Matching ok | SEQ : 20174753630, PART : N/A, SCAN N/A, CELL [2,5]
16:43:27:23 | I | Matching ok | SEQ : 20174753620, PART : 04578885AC, SCAN P04578885AC, CELL [2,6]
16:50:33:02 | W | Mismatching | SEQ : 20174753730, PART : 52124713AD, SCAN TQ41997C0662, CELL [1,1]
16:50:51:79 | I | Matching ok | SEQ : 20174753730, PART : 52124713AD, SCAN P52124713AD, CELL [1,1]
16:50:56:97 | I | Matching ok | SEQ : 20174753720, PART : 52124713AD, SCAN P52124713AD, CELL [1,2]
16:51:00:19 | I | Matching ok | SEQ : 20174753710, PART : 04578885AC, SCAN P04578885AC, CELL [1,3]
16:51:03:14 | I | Matching ok | SEQ : 20174753700, PART : 52124713AD, SCAN P52124713AD, CELL [1,4]
16:51:06:40 | I | Matching ok | SEQ : 20174753690, PART : 52124713AD, SCAN P52124713AD, CELL [1,5]
16:51:13:69 | I | Matching ok | SEQ : 20174753680, PART : 04578885AC, SCAN P04578885AC, CELL [1,6]
16:51:15:70 | I | Matching ok | SEQ : 20174753790, PART : N/A, SCAN N/A, CELL [2,1]
16:51:18:02 | I | Matching ok | SEQ : 20174753780, PART : 52124713AD, SCAN P52124713AD, CELL [2,2]
16:51:22:34 | I | Matching ok | SEQ : 20174753770, PART : 04578885AC, SCAN P04578885AC, CELL [2,3]
16:51:24:36 | I | Matching ok | SEQ : 20174753760, PART : N/A, SCAN N/A, CELL [2,4]
16:51:26:39 | I | Matching ok | SEQ : 20174753750, PART : N/A, SCAN N/A, CELL [2,5]
16:51:28:40 | I | Matching ok | SEQ : 20174753740, PART : N/A, SCAN N/A, CELL [2,6]
16:51:39:26 | I | Matching ok | SEQ : 20174753740, PART : N/A, SCAN N/A, CELL [0,0]
16:51:39:26 | E | There is no row at position 11.
16:51:39:26 | E | There is no row at position 11.
16:51:46:50 | I | Matching ok | SEQ : 20174753740, PART : N/A, SCAN N/A, CELL [0,0]
16:51:46:50 | E | There is no row at position 11.
16:51:46:50 | E | There is no row at position 11.
17:00:34:28 | I | Matching ok | SEQ : 20174753740, PART : N/A, SCAN N/A, CELL [0,0]
17:00:34:28 | E | There is no row at position 11.
17:00:34:28 | E | There is no row at position 11.
17:00:36:70 | I | Matching ok | SEQ : 20174753740, PART : N/A, SCAN N/A, CELL [0,0]
17:00:36:70 | E | There is no row at position 11.
17:00:36:70 | E | There is no row at position 11.
17:02:45:54 | I | Matching ok | SEQ : 20174753740, PART : N/A, SCAN N/A, CELL [0,0]
17:02:45:54 | E | There is no row at position 11.
17:02:45:54 | E | There is no row at position 11.
17:02:47:88 | I | Matching ok | SEQ : 20174753740, PART : N/A, SCAN N/A, CELL [0,0]
17:02:47:88 | E | There is no row at position 11.
17:02:47:88 | E | There is no row at position 11.
17:02:49:92 | I | Matching ok | SEQ : 20174753740, PART : N/A, SCAN N/A, CELL [0,0]
17:02:49:92 | E | There is no row at position 11.
17:02:49:92 | E | There is no row at position 11.
17:02:52:89 | I | Matching ok | SEQ : 20174753740, PART : N/A, SCAN N/A, CELL [0,0]
17:02:52:89 | E | There is no row at position 11.
17:02:52:89 | E | There is no row at position 11.
17:02:56:32 | I | Matching ok | SEQ : 20174753740, PART : N/A, SCAN N/A, CELL [0,0]
17:02:56:32 | E | There is no row at position 11.
17:02:56:32 | E | There is no row at position 11.
17:02:59:31 | I | Matching ok | SEQ : 20174753740, PART : N/A, SCAN N/A, CELL [0,0]
17:02:59:31 | E | There is no row at position 11.
17:02:59:31 | E | There is no row at position 11.
17:05:28:45 | I | Matching ok | SEQ : 20174753740, PART : N/A, SCAN N/A, CELL [0,0]
17:05:28:45 | E | There is no row at position 11.
17:05:28:45 | E | There is no row at position 11.
17:11:06:52 | W | Mismatching | SEQ : 20174753850, PART : 04578885AC, SCAN TQ41937C1326, CELL [1,1]
17:11:17:32 | I | Matching ok | SEQ : 20174753850, PART : 04578885AC, SCAN P04578885AC, CELL [1,1]
17:11:20:90 | I | Matching ok | SEQ : 20174753840, PART : 04578885AC, SCAN P04578885AC, CELL [1,2]
17:11:24:10 | I | Matching ok | SEQ : 20174753830, PART : 52124713AD, SCAN P52124713AD, CELL [1,3]
17:11:26:11 | I | Matching ok | SEQ : 20174753820, PART : N/A, SCAN N/A, CELL [1,4]
17:11:28:47 | I | Matching ok | SEQ : 20174753810, PART : 04578885AC, SCAN P04578885AC, CELL [1,5]
17:11:31:62 | I | Matching ok | SEQ : 20174753800, PART : 52124713AD, SCAN P52124713AD, CELL [1,6]
17:11:33:63 | I | Matching ok | SEQ : 20174753910, PART : N/A, SCAN N/A, CELL [2,1]
17:11:35:66 | I | Matching ok | SEQ : 20174753900, PART : N/A, SCAN N/A, CELL [2,2]
17:11:57:80 | I | Matching ok | SEQ : 20174753890, PART : 04578885AC, SCAN P04578885AC, CELL [2,3]
17:12:02:00 | W | Mismatching | SEQ : 20174753880, PART : 04578885AC, SCAN P52124713AD, CELL [2,4]
17:12:21:83 | I | Matching ok | SEQ : 20174753880, PART : 04578885AC, SCAN P04578885AC, CELL [2,4]
17:12:25:72 | W | Mismatching | SEQ : 20174753870, PART : 52124713AD, SCAN P04578885AC, CELL [2,5]
17:12:36:25 | I | Matching ok | SEQ : 20174753870, PART : 52124713AD, SCAN P52124713AD, CELL [2,5]
17:12:39:17 | I | Matching ok | SEQ : 20174753860, PART : 52124713AD, SCAN P52124713AD, CELL [2,6]
17:44:34:67 | W | Mismatching | SEQ : 20174753970, PART : N/A, SCAN P04578885AC, CELL [1,1]
17:45:40:50 | I | LogIn Scandata : [330218330218]
17:46:10:87 | I | LogIn Scandata : [330218330218]
17:46:32:25 | I | LogIn Scandata : [330218330218]
17:46:55:58 | I | Program close
17:46:58:93 | I | Program start
17:47:03:43 | I | LogIn Scandata : [330218330218]
17:47:05:63 | I | Matching ok | SEQ : 20174753970, PART : N/A, SCAN N/A, CELL [1,1]
17:47:07:67 | I | Matching ok | SEQ : 20174753960, PART : N/A, SCAN N/A, CELL [1,2]
17:47:19:02 | I | Matching ok | SEQ : 20174753950, PART : 04578885AC, SCAN P04578885AC, CELL [1,3]
17:47:21:05 | I | Matching ok | SEQ : 20174753940, PART : N/A, SCAN N/A, CELL [1,4]
17:47:24:40 | I | Matching ok | SEQ : 20174753930, PART : 04578885AC, SCAN P04578885AC, CELL [1,5]
17:47:26:43 | I | Matching ok | SEQ : 20174753920, PART : N/A, SCAN N/A, CELL [1,6]
17:47:28:37 | W | Mismatching | SEQ : 20174754030, PART : N/A, SCAN P04578885AC, CELL [2,1]
17:47:28:46 | I | Matching ok | SEQ : 20174754030, PART : N/A, SCAN N/A, CELL [2,1]
17:48:05:45 | I | Matching ok | SEQ : 20174754020, PART : 04578885AC, SCAN P04578885AC, CELL [2,2]
17:48:09:27 | I | Matching ok | SEQ : 20174754010, PART : 04578885AC, SCAN P04578885AC, CELL [2,3]
17:48:12:27 | I | Matching ok | SEQ : 20174754000, PART : 04578885AC, SCAN P04578885AC, CELL [2,4]
17:48:16:28 | I | Matching ok | SEQ : 20174753990, PART : 04578885AC, SCAN P04578885AC, CELL [2,5]
17:48:19:13 | I | Matching ok | SEQ : 20174753980, PART : 04578885AC, SCAN P04578885AC, CELL [2,6]
17:48:21:34 | I | Matching ok | SEQ : 20174754090, PART : N/A, SCAN N/A, CELL [1,1]
17:48:23:36 | I | Matching ok | SEQ : 20174754080, PART : N/A, SCAN N/A, CELL [1,2]
17:52:50:38 | I | Matching ok | SEQ : 20174754070, PART : 04578885AC, SCAN P04578885AC, CELL [1,3]
17:52:56:01 | I | Matching ok | SEQ : 20174754060, PART : 04578885AC, SCAN P04578885AC, CELL [1,4]
17:52:58:81 | I | Matching ok | SEQ : 20174754050, PART : 04578885AC, SCAN P04578885AC, CELL [1,5]
17:53:06:03 | I | Matching ok | SEQ : 20174754040, PART : 04578885AC, SCAN P04578885AC, CELL [1,6]
17:53:31:41 | I | Matching ok | SEQ : 20174754150, PART : 04578885AC, SCAN P04578885AC, CELL [2,1]
17:53:36:53 | I | Matching ok | SEQ : 20174754140, PART : 04578885AC, SCAN P04578885AC, CELL [2,2]
17:53:38:54 | I | Matching ok | SEQ : 20174754130, PART : N/A, SCAN N/A, CELL [2,3]
17:53:40:96 | I | Matching ok | SEQ : 20174754120, PART : 04578885AC, SCAN P04578885AC, CELL [2,4]
17:53:42:97 | I | Matching ok | SEQ : 20174754110, PART : N/A, SCAN N/A, CELL [2,5]
17:53:48:94 | I | Matching ok | SEQ : 20174754100, PART : 04578885AC, SCAN P04578885AC, CELL [2,6]
18:27:52:76 | W | Mismatching | SEQ : 20174754210, PART : 04578885AC, SCAN TQ41997C1605, CELL [1,1]
18:28:03:66 | I | Matching ok | SEQ : 20174754210, PART : 04578885AC, SCAN P04578885AC, CELL [1,1]
18:28:08:96 | I | Matching ok | SEQ : 20174754200, PART : 04578885AC, SCAN P04578885AC, CELL [1,2]
18:28:13:06 | I | Matching ok | SEQ : 20174754190, PART : 04578885AC, SCAN P04578885AC, CELL [1,3]
18:28:15:07 | I | Matching ok | SEQ : 20174754180, PART : N/A, SCAN N/A, CELL [1,4]
18:28:17:11 | I | Matching ok | SEQ : 20174754170, PART : N/A, SCAN N/A, CELL [1,5]
18:28:20:91 | I | Matching ok | SEQ : 20174754160, PART : 04578885AC, SCAN P04578885AC, CELL [1,6]
18:28:27:66 | I | Matching ok | SEQ : 20174754270, PART : 04578885AC, SCAN P04578885AC, CELL [2,1]
18:28:34:18 | I | Matching ok | SEQ : 20174754260, PART : 04578885AC, SCAN P04578885AC, CELL [2,2]
18:28:36:21 | I | Matching ok | SEQ : 20174754250, PART : N/A, SCAN N/A, CELL [2,3]
18:28:42:93 | I | Matching ok | SEQ : 20174754240, PART : 52124713AD, SCAN P52124713AD, CELL [2,4]
18:28:50:58 | I | Matching ok | SEQ : 20174754230, PART : 04578885AC, SCAN P04578885AC, CELL [2,5]
18:29:06:68 | I | Matching ok | SEQ : 20174754220, PART : 04578885AC, SCAN P04578885AC, CELL [2,6]
18:44:52:13 | I | Matching ok | SEQ : 20174754330, PART : 52124713AD, SCAN P52124713AD, CELL [1,1]
18:44:57:11 | I | Matching ok | SEQ : 20174754320, PART : 04578885AC, SCAN P04578885AC, CELL [1,2]
18:45:00:78 | I | Matching ok | SEQ : 20174754310, PART : 52124713AD, SCAN P52124713AD, CELL [1,3]
18:45:02:81 | I | Matching ok | SEQ : 20174754300, PART : N/A, SCAN N/A, CELL [1,4]
18:45:05:33 | I | Matching ok | SEQ : 20174754290, PART : 04578885AC, SCAN P04578885AC, CELL [1,5]
18:45:09:11 | I | Matching ok | SEQ : 20174754280, PART : 04578885AC, SCAN P04578885AC, CELL [1,6]
18:45:21:56 | I | Matching ok | SEQ : 20174754390, PART : 04578885AC, SCAN P04578885AC, CELL [2,1]
18:45:27:31 | I | Matching ok | SEQ : 20174754380, PART : 04578885AC, SCAN P04578885AC, CELL [2,2]
18:45:34:11 | I | Matching ok | SEQ : 20174754370, PART : 52124713AD, SCAN P52124713AD, CELL [2,3]
18:45:44:46 | I | Matching ok | SEQ : 20174754360, PART : 04578885AC, SCAN P04578885AC, CELL [2,4]
18:45:48:03 | W | Mismatching | SEQ : 20174754350, PART : 04578885AC, SCAN P52124713AD, CELL [2,5]
18:45:56:46 | I | Matching ok | SEQ : 20174754350, PART : 04578885AC, SCAN P04578885AC, CELL [2,5]
18:46:01:64 | I | Matching ok | SEQ : 20174754340, PART : 52124713AD, SCAN P52124713AD, CELL [2,6]
18:46:03:72 | I | Matching ok | SEQ : 20174754450, PART : N/A, SCAN N/A, CELL [1,1]
18:46:05:74 | I | Matching ok | SEQ : 20174754440, PART : N/A, SCAN N/A, CELL [1,2]
20:06:42:73 | I | Matching ok | SEQ : 20174754430, PART : 04578885AC, SCAN P04578885AC, CELL [1,3]
20:06:44:76 | I | Matching ok | SEQ : 20174754420, PART : N/A, SCAN N/A, CELL [1,4]
20:06:47:98 | I | Matching ok | SEQ : 20174754410, PART : 04578885AC, SCAN P04578885AC, CELL [1,5]
20:06:51:63 | I | Matching ok | SEQ : 20174754400, PART : 04578885AC, SCAN P04578885AC, CELL [1,6]
20:07:00:58 | I | Matching ok | SEQ : 20174754510, PART : 04578885AC, SCAN P04578885AC, CELL [2,1]
20:07:03:30 | I | Matching ok | SEQ : 20174754500, PART : 52124713AD, SCAN P52124713AD, CELL [2,2]
20:07:06:65 | I | Matching ok | SEQ : 20174754490, PART : 04578885AC, SCAN P04578885AC, CELL [2,3]
20:07:18:98 | I | Matching ok | SEQ : 20174754480, PART : 04578885AC, SCAN P04578885AC, CELL [2,4]
20:07:23:16 | I | Matching ok | SEQ : 20174754470, PART : 04578885AC, SCAN P04578885AC, CELL [2,5]
20:07:38:73 | I | Matching ok | SEQ : 20174754460, PART : 04578885AC, SCAN P04578885AC, CELL [2,6]
20:18:20:90 | W | Mismatching | SEQ : 20174754570, PART : 52124713AD, SCAN TQ42007C0018, CELL [1,1]
20:18:30:57 | W | Mismatching | SEQ : 20174754570, PART : 52124713AD, SCAN P04578885AC, CELL [1,1]
20:18:46:55 | W | Mismatching | SEQ : 20174754570, PART : 52124713AD, SCAN P04578885AC, CELL [1,1]
20:18:53:30 | W | Mismatching | SEQ : 20174754570, PART : 52124713AD, SCAN P04578885AC, CELL [1,1]
20:19:08:55 | I | Matching ok | SEQ : 20174754570, PART : 52124713AD, SCAN P52124713AD, CELL [1,1]
20:19:12:25 | I | Matching ok | SEQ : 20174754560, PART : 04578885AC, SCAN P04578885AC, CELL [1,2]
20:19:14:25 | I | Matching ok | SEQ : 20174754550, PART : N/A, SCAN N/A, CELL [1,3]
20:19:35:85 | I | Matching ok | SEQ : 20174754540, PART : 52124713AD, SCAN P52124713AD, CELL [1,4]
20:19:37:87 | I | Matching ok | SEQ : 20174754530, PART : N/A, SCAN N/A, CELL [1,5]
20:19:41:87 | I | Matching ok | SEQ : 20174754520, PART : 04578885AC, SCAN P04578885AC, CELL [1,6]
20:19:44:40 | I | Matching ok | SEQ : 20174754630, PART : 04578885AC, SCAN P04578885AC, CELL [2,1]
20:19:46:72 | I | Matching ok | SEQ : 20174754620, PART : 04578885AC, SCAN P04578885AC, CELL [2,2]
20:19:48:95 | I | Matching ok | SEQ : 20174754610, PART : 04578885AC, SCAN P04578885AC, CELL [2,3]
20:19:51:40 | I | Matching ok | SEQ : 20174754600, PART : 04578885AC, SCAN P04578885AC, CELL [2,4]
20:19:54:98 | I | Matching ok | SEQ : 20174754590, PART : 04578885AC, SCAN P04578885AC, CELL [2,5]
20:19:58:82 | I | Matching ok | SEQ : 20174754580, PART : 04578885AC, SCAN P04578885AC, CELL [2,6]
20:33:47:94 | I | Matching ok | SEQ : 20174754690, PART : 52124713AD, SCAN P52124713AD, CELL [1,1]
20:33:56:07 | I | Matching ok | SEQ : 20174754680, PART : 04578885AC, SCAN P04578885AC, CELL [1,2]
20:33:59:82 | I | Matching ok | SEQ : 20174754670, PART : 04578885AC, SCAN P04578885AC, CELL [1,3]
20:34:01:84 | I | Matching ok | SEQ : 20174754660, PART : N/A, SCAN N/A, CELL [1,4]
20:34:07:14 | I | Matching ok | SEQ : 20174754650, PART : 04578885AC, SCAN P04578885AC, CELL [1,5]
20:35:05:70 | I | Matching ok | SEQ : 20174754640, PART : 04578885AC, SCAN P04578885AC, CELL [1,6]
20:35:07:72 | I | Matching ok | SEQ : 20174754750, PART : N/A, SCAN N/A, CELL [2,1]
20:35:10:52 | I | Matching ok | SEQ : 20174754740, PART : 04578885AC, SCAN P04578885AC, CELL [2,2]
20:35:14:29 | I | Matching ok | SEQ : 20174754730, PART : 52124713AD, SCAN P52124713AD, CELL [2,3]
20:35:16:33 | I | Matching ok | SEQ : 20174754720, PART : N/A, SCAN N/A, CELL [2,4]
20:35:21:20 | I | Matching ok | SEQ : 20174754710, PART : 04578885AC, SCAN P04578885AC, CELL [2,5]
20:36:21:73 | I | Matching ok | SEQ : 20174754700, PART : 04578885AC, SCAN P04578885AC, CELL [2,6]
20:36:23:83 | I | Matching ok | SEQ : 20174754810, PART : N/A, SCAN N/A, CELL [1,1]
20:50:26:55 | I | Matching ok | SEQ : 20174754800, PART : 04578885AC, SCAN P04578885AC, CELL [1,2]
20:50:28:57 | I | Matching ok | SEQ : 20174754790, PART : N/A, SCAN N/A, CELL [1,3]
20:50:37:04 | I | Matching ok | SEQ : 20174754780, PART : 52124713AD, SCAN P52124713AD, CELL [1,4]
20:50:39:22 | I | Matching ok | SEQ : 20174754770, PART : 04578885AC, SCAN P04578885AC, CELL [1,5]
20:50:42:34 | I | Matching ok | SEQ : 20174754760, PART : 04578885AC, SCAN P04578885AC, CELL [1,6]
20:50:45:97 | I | Matching ok | SEQ : 20174754870, PART : 52124713AD, SCAN P52124713AD, CELL [2,1]
20:50:47:99 | I | Matching ok | SEQ : 20174754860, PART : N/A, SCAN N/A, CELL [2,2]
20:51:07:09 | W | Mismatching | SEQ : 20174754850, PART : 04578885AC, SCAN P52124713AD, CELL [2,3]
20:51:24:64 | W | Mismatching | SEQ : 20174754850, PART : 04578885AC, SCAN P52124713AD, CELL [2,3]
20:51:32:32 | I | Matching ok | SEQ : 20174754850, PART : 04578885AC, SCAN P04578885AC, CELL [2,3]
20:51:34:33 | I | Matching ok | SEQ : 20174754840, PART : N/A, SCAN N/A, CELL [2,4]
20:51:42:02 | I | Matching ok | SEQ : 20174754830, PART : 04578885AC, SCAN P04578885AC, CELL [2,5]
20:51:52:62 | I | Matching ok | SEQ : 20174754820, PART : 52124713AD, SCAN P52124713AD, CELL [2,6]
21:03:55:19 | W | Mismatching | SEQ : 20174754930, PART : 04578885AC, SCAN P04578884AC, CELL [1,1]
21:04:09:49 | W | Mismatching | SEQ : 20174754930, PART : 04578885AC, SCAN P04578884AC, CELL [1,1]
21:04:20:64 | W | Mismatching | SEQ : 20174754930, PART : 04578885AC, SCAN P04578884AC, CELL [1,1]
21:06:00:39 | I | Matching ok | SEQ : 20174754930, PART : 04578885AC, SCAN P04578885AC, CELL [1,1]
21:06:02:71 | I | Matching ok | SEQ : 20174754920, PART : 52124713AD, SCAN P52124713AD, CELL [1,2]
21:06:06:36 | I | Matching ok | SEQ : 20174754910, PART : 04578885AC, SCAN P04578885AC, CELL [1,3]
21:06:08:84 | I | Matching ok | SEQ : 20174754900, PART : 04578885AC, SCAN P04578885AC, CELL [1,4]
21:06:13:21 | I | Matching ok | SEQ : 20174754890, PART : 04578885AC, SCAN P04578885AC, CELL [1,5]
21:06:42:66 | W | Mismatching | SEQ : 20174754880, PART : 04578885AC, SCAN P52124713AD, CELL [1,6]
21:07:08:04 | W | Mismatching | SEQ : 20174754880, PART : 04578885AC, SCAN P52124713AD, CELL [1,6]
21:07:12:04 | I | Matching ok | SEQ : 20174754880, PART : 04578885AC, SCAN P04578885AC, CELL [1,6]
21:07:22:22 | I | Matching ok | SEQ : 20174754990, PART : 04578885AC, SCAN P04578885AC, CELL [2,1]
21:07:26:82 | I | Matching ok | SEQ : 20174754980, PART : 52124713AD, SCAN P52124713AD, CELL [2,2]
21:07:29:69 | I | Matching ok | SEQ : 20174754970, PART : 04578885AC, SCAN P04578885AC, CELL [2,3]
21:07:31:12 | I | Matching ok | SEQ : 20174754960, PART : 04578885AC, SCAN P04578885AC, CELL [2,4]
21:07:32:99 | I | Matching ok | SEQ : 20174754950, PART : 04578885AC, SCAN P04578885AC, CELL [2,5]
21:07:37:22 | I | Matching ok | SEQ : 20174754940, PART : 04578885AC, SCAN P04578885AC, CELL [2,6]
21:12:57:80 | I | Matching ok | SEQ : 20174755050, PART : 04578885AC, SCAN P04578885AC, CELL [1,1]
21:12:59:82 | I | Matching ok | SEQ : 20174755040, PART : N/A, SCAN N/A, CELL [1,2]
21:13:13:50 | I | Matching ok | SEQ : 20174755030, PART : 04578885AC, SCAN P04578885AC, CELL [1,3]
21:13:17:40 | I | Matching ok | SEQ : 20174755020, PART : 52124713AD, SCAN P52124713AD, CELL [1,4]
21:13:28:13 | I | Matching ok | SEQ : 20174755010, PART : 52124713AD, SCAN P52124713AD, CELL [1,5]
21:13:30:57 | I | Matching ok | SEQ : 20174755000, PART : 52124713AD, SCAN P52124713AD, CELL [1,6]
21:13:55:02 | I | Matching ok | SEQ : 20174755110, PART : 04578885AC, SCAN P04578885AC, CELL [2,1]
21:13:57:04 | I | Matching ok | SEQ : 20174755100, PART : N/A, SCAN N/A, CELL [2,2]
21:14:34:35 | I | Matching ok | SEQ : 20174755090, PART : 04578885AC, SCAN P04578885AC, CELL [2,3]
21:14:42:95 | I | Matching ok | SEQ : 20174755080, PART : 04578885AC, SCAN P04578885AC, CELL [2,4]
21:14:45:85 | I | Matching ok | SEQ : 20174755070, PART : 04578885AC, SCAN P04578885AC, CELL [2,5]
21:14:47:87 | I | Matching ok | SEQ : 20174755060, PART : N/A, SCAN N/A, CELL [2,6]
21:20:42:89 | I | Matching ok | SEQ : 20174755170, PART : 04578885AC, SCAN P04578885AC, CELL [1,1]
21:20:46:44 | I | Matching ok | SEQ : 20174755160, PART : 04578885AC, SCAN P04578885AC, CELL [1,2]
21:20:48:50 | I | Matching ok | SEQ : 20174755150, PART : N/A, SCAN N/A, CELL [1,3]
21:20:52:04 | I | Matching ok | SEQ : 20174755140, PART : 04578885AC, SCAN P04578885AC, CELL [1,4]
21:20:54:08 | I | Matching ok | SEQ : 20174755130, PART : N/A, SCAN N/A, CELL [1,5]
21:20:58:26 | I | Matching ok | SEQ : 20174755120, PART : 04578885AC, SCAN P04578885AC, CELL [1,6]
21:21:17:19 | I | Matching ok | SEQ : 20174755230, PART : 04578885AC, SCAN P04578885AC, CELL [2,1]
21:21:19:24 | I | Matching ok | SEQ : 20174755220, PART : N/A, SCAN N/A, CELL [2,2]
21:21:21:32 | I | Matching ok | SEQ : 20174755210, PART : N/A, SCAN N/A, CELL [2,3]
21:21:23:36 | I | Matching ok | SEQ : 20174755200, PART : N/A, SCAN N/A, CELL [2,4]
21:21:25:41 | I | Matching ok | SEQ : 20174755190, PART : N/A, SCAN N/A, CELL [2,5]
21:21:27:45 | I | Matching ok | SEQ : 20174755180, PART : N/A, SCAN N/A, CELL [2,6]
21:25:29:32 | I | Matching ok | SEQ : 20174755290, PART : 04578885AC, SCAN P04578885AC, CELL [1,1]
21:25:32:69 | I | Matching ok | SEQ : 20174755280, PART : 52124713AD, SCAN P52124713AD, CELL [1,2]
21:25:36:94 | I | Matching ok | SEQ : 20174755270, PART : 04578885AC, SCAN P04578885AC, CELL [1,3]
21:25:38:98 | I | Matching ok | SEQ : 20174755260, PART : N/A, SCAN N/A, CELL [1,4]
21:25:43:77 | I | Matching ok | SEQ : 20174755250, PART : 04578885AC, SCAN P04578885AC, CELL [1,5]
21:25:47:99 | I | Matching ok | SEQ : 20174755240, PART : 04578885AC, SCAN P04578885AC, CELL [1,6]
21:27:22:55 | I | Matching ok | SEQ : 20174755350, PART : 04578885AC, SCAN P04578885AC, CELL [2,1]
21:27:24:63 | I | Matching ok | SEQ : 20174755340, PART : N/A, SCAN N/A, CELL [2,2]
21:27:26:71 | I | Matching ok | SEQ : 20174755330, PART : N/A, SCAN N/A, CELL [2,3]
21:27:29:27 | I | Matching ok | SEQ : 20174755320, PART : 04578885AC, SCAN P04578885AC, CELL [2,4]
21:27:35:14 | I | Matching ok | SEQ : 20174755310, PART : 04578885AC, SCAN P04578885AC, CELL [2,5]
21:27:38:19 | I | Matching ok | SEQ : 20174755300, PART : 04578885AC, SCAN P04578885AC, CELL [2,6]
21:36:13:08 | I | Matching ok | SEQ : 20174755410, PART : 04578885AC, SCAN P04578885AC, CELL [1,1]
21:36:16:76 | I | Matching ok | SEQ : 20174755400, PART : 52124713AD, SCAN P52124713AD, CELL [1,2]
21:36:20:41 | I | Matching ok | SEQ : 20174755390, PART : 04578885AC, SCAN P04578885AC, CELL [1,3]
21:36:29:58 | I | Matching ok | SEQ : 20174755380, PART : 04578885AC, SCAN P04578885AC, CELL [1,4]
21:36:31:65 | I | Matching ok | SEQ : 20174755370, PART : N/A, SCAN N/A, CELL [1,5]
21:36:35:38 | I | Matching ok | SEQ : 20174755360, PART : 04578885AC, SCAN P04578885AC, CELL [1,6]
21:36:37:44 | I | Matching ok | SEQ : 20174755470, PART : N/A, SCAN N/A, CELL [2,1]
21:36:39:48 | I | Matching ok | SEQ : 20174755460, PART : N/A, SCAN N/A, CELL [2,2]
21:38:55:21 | I | Matching ok | SEQ : 20174755450, PART : 52124713AD, SCAN P52124713AD, CELL [2,3]
21:39:01:41 | I | Matching ok | SEQ : 20174755440, PART : 52124713AD, SCAN P52124713AD, CELL [2,4]
21:39:08:54 | I | Matching ok | SEQ : 20174755430, PART : 52124713AD, SCAN P52124713AD, CELL [2,5]
21:39:12:44 | I | Matching ok | SEQ : 20174755420, PART : 52124713AD, SCAN P52124713AD, CELL [2,6]
21:51:14:25 | I | Matching ok | SEQ : 20174755530, PART : 04578885AC, SCAN P04578885AC, CELL [1,1]
21:51:18:55 | I | Matching ok | SEQ : 20174755520, PART : 04578885AC, SCAN P04578885AC, CELL [1,2]
21:51:23:45 | I | Matching ok | SEQ : 20174755510, PART : 04578885AC, SCAN P04578885AC, CELL [1,3]
21:51:27:23 | I | Matching ok | SEQ : 20174755500, PART : 52124713AD, SCAN P52124713AD, CELL [1,4]
21:51:31:09 | I | Matching ok | SEQ : 20174755490, PART : 52124713AD, SCAN P52124713AD, CELL [1,5]
21:51:34:78 | I | Matching ok | SEQ : 20174755480, PART : 04578885AC, SCAN P04578885AC, CELL [1,6]
21:51:36:80 | I | Matching ok | SEQ : 20174755590, PART : N/A, SCAN N/A, CELL [2,1]
21:52:22:63 | I | Matching ok | SEQ : 20174755580, PART : 04578885AC, SCAN P04578885AC, CELL [2,2]
21:52:26:66 | I | Matching ok | SEQ : 20174755570, PART : 04578885AC, SCAN P04578885AC, CELL [2,3]
21:52:28:86 | I | Matching ok | SEQ : 20174755560, PART : 04578885AC, SCAN P04578885AC, CELL [2,4]
21:52:31:21 | I | Matching ok | SEQ : 20174755550, PART : 04578885AC, SCAN P04578885AC, CELL [2,5]
21:52:33:93 | I | Matching ok | SEQ : 20174755540, PART : 04578885AC, SCAN P04578885AC, CELL [2,6]
22:06:43:68 | I | Matching ok | SEQ : 20174755650, PART : 04578885AC, SCAN P04578885AC, CELL [1,1]
22:06:45:71 | I | Matching ok | SEQ : 20174755640, PART : N/A, SCAN N/A, CELL [1,2]
22:06:48:48 | I | Matching ok | SEQ : 20174755630, PART : 04578885AC, SCAN P04578885AC, CELL [1,3]
22:06:52:31 | I | Matching ok | SEQ : 20174755620, PART : 04578885AC, SCAN P04578885AC, CELL [1,4]
22:06:54:35 | I | Matching ok | SEQ : 20174755610, PART : N/A, SCAN N/A, CELL [1,5]
22:06:58:23 | I | Matching ok | SEQ : 20174755600, PART : 04578885AC, SCAN P04578885AC, CELL [1,6]
22:07:03:20 | I | Matching ok | SEQ : 20174755710, PART : 04578885AC, SCAN P04578885AC, CELL [2,1]
22:07:06:23 | I | Matching ok | SEQ : 20174755700, PART : 52124713AD, SCAN P52124713AD, CELL [2,2]
22:07:07:66 | I | Matching ok | SEQ : 20174755690, PART : 04578885AC, SCAN P04578885AC, CELL [2,3]
22:07:09:67 | I | Matching ok | SEQ : 20174755680, PART : N/A, SCAN N/A, CELL [2,4]
22:07:11:60 | I | Matching ok | SEQ : 20174755670, PART : 04578885AC, SCAN P04578885AC, CELL [2,5]
22:07:13:68 | W | Mismatching | SEQ : 20174755660, PART : 04578885AC, SCAN TQ41957C1086, CELL [2,6]
22:07:14:70 | I | Matching ok | SEQ : 20174755660, PART : 04578885AC, SCAN P04578885AC, CELL [2,6]
22:16:31:25 | I | Matching ok | SEQ : 20174755770, PART : 52124713AD, SCAN P52124713AD, CELL [1,1]
22:16:33:28 | I | Matching ok | SEQ : 20174755760, PART : N/A, SCAN N/A, CELL [1,2]
22:16:38:19 | I | Matching ok | SEQ : 20174755750, PART : 04578885AC, SCAN P04578885AC, CELL [1,3]
22:16:40:21 | I | Matching ok | SEQ : 20174755740, PART : N/A, SCAN N/A, CELL [1,4]
22:16:43:67 | I | Matching ok | SEQ : 20174755730, PART : 04578885AC, SCAN P04578885AC, CELL [1,5]
22:16:47:49 | I | Matching ok | SEQ : 20174755720, PART : 04578885AC, SCAN P04578885AC, CELL [1,6]
22:16:52:87 | I | Matching ok | SEQ : 20174755830, PART : 04578885AC, SCAN P04578885AC, CELL [2,1]
22:16:57:99 | I | Matching ok | SEQ : 20174755820, PART : 52124713AD, SCAN P52124713AD, CELL [2,2]
22:17:02:52 | I | Matching ok | SEQ : 20174755810, PART : 52124713AD, SCAN P52124713AD, CELL [2,3]
22:17:04:53 | I | Matching ok | SEQ : 20174755800, PART : N/A, SCAN N/A, CELL [2,4]
22:17:14:04 | I | Matching ok | SEQ : 20174755790, PART : 04578885AC, SCAN P04578885AC, CELL [2,5]
22:17:17:54 | I | Matching ok | SEQ : 20174755780, PART : 52124713AD, SCAN P52124713AD, CELL [2,6]
22:17:19:63 | I | Matching ok | SEQ : 20174755890, PART : N/A, SCAN N/A, CELL [1,1]
22:27:46:91 | I | Matching ok | SEQ : 20174755880, PART : 52124713AD, SCAN P52124713AD, CELL [1,2]
22:27:49:21 | I | Matching ok | SEQ : 20174755870, PART : 04578885AC, SCAN P04578885AC, CELL [1,3]
22:27:51:23 | I | Matching ok | SEQ : 20174755860, PART : N/A, SCAN N/A, CELL [1,4]
22:27:53:24 | I | Matching ok | SEQ : 20174755850, PART : N/A, SCAN N/A, CELL [1,5]
22:27:57:08 | I | Matching ok | SEQ : 20174755840, PART : 04578885AC, SCAN P04578885AC, CELL [1,6]
22:27:59:91 | I | Matching ok | SEQ : 20174755950, PART : 04578885AC, SCAN P04578885AC, CELL [2,1]
22:28:02:26 | W | Mismatching | SEQ : 20174755940, PART : 04578885AC, SCAN P52124713AD, CELL [2,2]
22:28:21:66 | I | Matching ok | SEQ : 20174755940, PART : 04578885AC, SCAN P04578885AC, CELL [2,2]
22:28:25:01 | I | Matching ok | SEQ : 20174755930, PART : 52124713AD, SCAN P52124713AD, CELL [2,3]
22:28:27:81 | I | Matching ok | SEQ : 20174755920, PART : 04578885AC, SCAN P04578885AC, CELL [2,4]
22:28:31:16 | I | Matching ok | SEQ : 20174755910, PART : 04578885AC, SCAN P04578885AC, CELL [2,5]
22:28:35:23 | I | Matching ok | SEQ : 20174755900, PART : 52124713AD, SCAN P52124713AD, CELL [2,6]
22:39:56:62 | I | Matching ok | SEQ : 20174756010, PART : 52124713AD, SCAN P52124713AD, CELL [1,1]
22:39:58:65 | I | Matching ok | SEQ : 20174756000, PART : N/A, SCAN N/A, CELL [1,2]
22:40:00:66 | I | Matching ok | SEQ : 20174755990, PART : N/A, SCAN N/A, CELL [1,3]
22:40:03:33 | I | Matching ok | SEQ : 20174755980, PART : 04578885AC, SCAN P04578885AC, CELL [1,4]
22:40:08:63 | I | Matching ok | SEQ : 20174755970, PART : 52124713AD, SCAN P52124713AD, CELL [1,5]
22:40:15:35 | I | Matching ok | SEQ : 20174755960, PART : 04578885AC, SCAN P04578885AC, CELL [1,6]
22:40:17:37 | I | Matching ok | SEQ : 20174756070, PART : N/A, SCAN N/A, CELL [2,1]
22:40:19:40 | I | Matching ok | SEQ : 20174756060, PART : N/A, SCAN N/A, CELL [2,2]
22:40:23:95 | I | Matching ok | SEQ : 20174756050, PART : 04578885AC, SCAN P04578885AC, CELL [2,3]
22:40:27:65 | I | Matching ok | SEQ : 20174756040, PART : 04578885AC, SCAN P04578885AC, CELL [2,4]
22:40:30:20 | I | Matching ok | SEQ : 20174756030, PART : 04578885AC, SCAN P04578885AC, CELL [2,5]
22:40:33:48 | I | Matching ok | SEQ : 20174756020, PART : 04578885AC, SCAN P04578885AC, CELL [2,6]
22:51:05:52 | I | Matching ok | SEQ : 20174756130, PART : 04578885AC, SCAN P04578885AC, CELL [1,1]
22:51:07:53 | I | Matching ok | SEQ : 20174756120, PART : N/A, SCAN N/A, CELL [1,2]
22:51:14:27 | I | Matching ok | SEQ : 20174756110, PART : 04578885AC, SCAN P04578885AC, CELL [1,3]
22:51:22:29 | W | Mismatching | SEQ : 20174756100, PART : 04578885AC, SCAN P52124713AD, CELL [1,4]
22:51:36:47 | I | Matching ok | SEQ : 20174756100, PART : 04578885AC, SCAN P04578885AC, CELL [1,4]
22:51:39:74 | I | Matching ok | SEQ : 20174756090, PART : 52124713AD, SCAN P52124713AD, CELL [1,5]
22:51:42:69 | I | Matching ok | SEQ : 20174756080, PART : 04578885AC, SCAN P04578885AC, CELL [1,6]
22:51:46:69 | I | Matching ok | SEQ : 20174756190, PART : 52124713AD, SCAN P52124713AD, CELL [2,1]
22:51:49:34 | I | Matching ok | SEQ : 20174756180, PART : 04578885AC, SCAN P04578885AC, CELL [2,2]
22:51:52:19 | I | Matching ok | SEQ : 20174756170, PART : 52124713AD, SCAN P52124713AD, CELL [2,3]
22:51:54:21 | I | Matching ok | SEQ : 20174756160, PART : N/A, SCAN N/A, CELL [2,4]
22:51:55:89 | W | Mismatching | SEQ : 20174756150, PART : N/A, SCAN P52124713AD, CELL [2,5]
22:51:56:22 | I | Matching ok | SEQ : 20174756150, PART : N/A, SCAN N/A, CELL [2,5]
22:52:02:17 | I | Matching ok | SEQ : 20174756140, PART : 52124713AD, SCAN P52124713AD, CELL [2,6]
22:52:04:24 | I | Matching ok | SEQ : 20174756250, PART : N/A, SCAN N/A, CELL [1,1]
22:52:06:25 | I | Matching ok | SEQ : 20174756240, PART : N/A, SCAN N/A, CELL [1,2]
23:07:21:19 | I | Matching ok | SEQ : 20174756230, PART : 04578885AC, SCAN P04578885AC, CELL [1,3]
23:07:23:21 | I | Matching ok | SEQ : 20174756220, PART : N/A, SCAN N/A, CELL [1,4]
23:07:25:24 | I | Matching ok | SEQ : 20174756210, PART : N/A, SCAN N/A, CELL [1,5]
23:07:28:64 | W | Mismatching | SEQ : 20174756200, PART : 52124713AD, SCAN P04578885AC, CELL [1,6]
23:07:35:17 | W | Mismatching | SEQ : 20174756200, PART : 52124713AD, SCAN P04578885AC, CELL [1,6]
23:07:57:66 | I | Matching ok | SEQ : 20174756200, PART : 52124713AD, SCAN P52124713AD, CELL [1,6]
23:08:01:54 | I | Matching ok | SEQ : 20174756310, PART : 04578885AC, SCAN P04578885AC, CELL [2,1]
23:08:04:59 | I | Matching ok | SEQ : 20174756300, PART : 04578885AC, SCAN P04578885AC, CELL [2,2]
23:08:07:61 | I | Matching ok | SEQ : 20174756290, PART : 04578885AC, SCAN P04578885AC, CELL [2,3]
23:08:11:04 | I | Matching ok | SEQ : 20174756280, PART : 04578885AC, SCAN P04578885AC, CELL [2,4]
23:08:15:29 | I | Matching ok | SEQ : 20174756270, PART : 52124713AD, SCAN P52124713AD, CELL [2,5]
23:08:19:39 | I | Matching ok | SEQ : 20174756260, PART : 04578885AC, SCAN P04578885AC, CELL [2,6]
23:20:46:18 | I | Matching ok | SEQ : 20174756370, PART : 04578885AC, SCAN P04578885AC, CELL [1,1]
23:20:50:06 | I | Matching ok | SEQ : 20174756360, PART : 04578885AC, SCAN P04578885AC, CELL [1,2]
23:20:53:53 | I | Matching ok | SEQ : 20174756350, PART : 04578885AC, SCAN P04578885AC, CELL [1,3]
23:20:56:71 | I | Matching ok | SEQ : 20174756340, PART : 04578885AC, SCAN P04578885AC, CELL [1,4]
23:20:58:74 | I | Matching ok | SEQ : 20174756330, PART : N/A, SCAN N/A, CELL [1,5]
23:21:10:36 | I | Matching ok | SEQ : 20174756320, PART : 04578885AC, SCAN P04578885AC, CELL [1,6]
23:21:15:81 | I | Matching ok | SEQ : 20174756430, PART : 04578885AC, SCAN P04578885AC, CELL [2,1]
23:21:17:82 | I | Matching ok | SEQ : 20174756420, PART : N/A, SCAN N/A, CELL [2,2]
23:21:21:88 | I | Matching ok | SEQ : 20174756410, PART : 04578885AC, SCAN P04578885AC, CELL [2,3]
23:21:24:94 | I | Matching ok | SEQ : 20174756400, PART : 52124713AD, SCAN P52124713AD, CELL [2,4]
23:21:26:97 | I | Matching ok | SEQ : 20174756390, PART : N/A, SCAN N/A, CELL [2,5]
23:21:28:99 | I | Matching ok | SEQ : 20174756380, PART : N/A, SCAN N/A, CELL [2,6]
23:29:54:75 | I | Matching ok | SEQ : 20174756490, PART : 04578885AC, SCAN P04578885AC, CELL [1,1]
23:29:56:77 | I | Matching ok | SEQ : 20174756480, PART : N/A, SCAN N/A, CELL [1,2]
23:29:58:80 | I | Matching ok | SEQ : 20174756470, PART : N/A, SCAN N/A, CELL [1,3]
23:30:02:45 | I | Matching ok | SEQ : 20174756460, PART : 04578885AC, SCAN P04578885AC, CELL [1,4]
23:30:04:46 | I | Matching ok | SEQ : 20174756450, PART : N/A, SCAN N/A, CELL [1,5]
23:30:06:49 | I | Matching ok | SEQ : 20174756440, PART : N/A, SCAN N/A, CELL [1,6]
23:30:24:60 | I | Matching ok | SEQ : 20174756550, PART : 52124713AD, SCAN P52124713AD, CELL [2,1]
23:30:28:47 | I | Matching ok | SEQ : 20174756540, PART : 04578885AC, SCAN P04578885AC, CELL [2,2]
23:30:32:27 | I | Matching ok | SEQ : 20174756530, PART : 04578885AC, SCAN P04578885AC, CELL [2,3]
23:30:35:92 | I | Matching ok | SEQ : 20174756520, PART : 04578885AC, SCAN P04578885AC, CELL [2,4]
23:30:38:50 | I | Matching ok | SEQ : 20174756510, PART : 52124713AD, SCAN P52124713AD, CELL [2,5]
23:30:40:51 | I | Matching ok | SEQ : 20174756500, PART : N/A, SCAN N/A, CELL [2,6]
23:42:35:87 | I | Matching ok | SEQ : 20174756610, PART : 04578885AC, SCAN P04578885AC, CELL [1,1]
23:42:37:88 | I | Matching ok | SEQ : 20174756600, PART : N/A, SCAN N/A, CELL [1,2]
23:42:39:90 | I | Matching ok | SEQ : 20174756590, PART : N/A, SCAN N/A, CELL [1,3]
23:42:41:92 | I | Matching ok | SEQ : 20174756580, PART : N/A, SCAN N/A, CELL [1,4]
23:42:47:44 | I | Matching ok | SEQ : 20174756570, PART : 52124713AD, SCAN P52124713AD, CELL [1,5]
23:42:53:84 | W | Mismatching | SEQ : 20174756560, PART : 52124713AD, SCAN P04578885AC, CELL [1,6]
23:43:02:07 | I | Matching ok | SEQ : 20174756560, PART : 52124713AD, SCAN P52124713AD, CELL [1,6]
23:43:05:82 | W | Mismatching | SEQ : 20174756670, PART : 52124713AD, SCAN P04578885AC, CELL [2,1]
23:43:10:31 | I | Matching ok | SEQ : 20174756670, PART : 52124713AD, SCAN P52124713AD, CELL [2,1]
23:43:12:33 | I | Matching ok | SEQ : 20174756660, PART : N/A, SCAN N/A, CELL [2,2]
23:43:17:79 | W | Mismatching | SEQ : 20174756650, PART : 04578885AC, SCAN P52124713AD, CELL [2,3]
23:43:31:54 | I | Matching ok | SEQ : 20174756650, PART : 04578885AC, SCAN P04578885AC, CELL [2,3]
23:43:33:56 | I | Matching ok | SEQ : 20174756640, PART : N/A, SCAN N/A, CELL [2,4]
23:43:37:97 | I | Matching ok | SEQ : 20174756630, PART : 04578885AC, SCAN P04578885AC, CELL [2,5]
23:43:53:67 | I | Matching ok | SEQ : 20174756620, PART : 52124713AD, SCAN P52124713AD, CELL [2,6]
23:51:26:25 | I | Matching ok | SEQ : 20174756730, PART : 52124713AD, SCAN P52124713AD, CELL [1,1]
23:51:28:88 | I | Matching ok | SEQ : 20174756720, PART : 04578885AC, SCAN P04578885AC, CELL [1,2]
23:51:31:38 | I | Matching ok | SEQ : 20174756710, PART : 04578885AC, SCAN P04578885AC, CELL [1,3]
23:51:35:63 | I | Matching ok | SEQ : 20174756700, PART : 04578885AC, SCAN P04578885AC, CELL [1,4]
23:51:38:08 | I | Matching ok | SEQ : 20174756690, PART : 52124713AD, SCAN P52124713AD, CELL [1,5]
23:51:42:68 | I | Matching ok | SEQ : 20174756680, PART : 04578885AC, SCAN P04578885AC, CELL [1,6]
23:51:52:55 | I | Matching ok | SEQ : 20174756790, PART : 52124713AD, SCAN P52124713AD, CELL [2,1]
23:53:06:58 | I | Matching ok | SEQ : 20174756780, PART : 52124713AD, SCAN P52124713AD, CELL [2,2]
23:53:08:60 | I | Matching ok | SEQ : 20174756770, PART : N/A, SCAN N/A, CELL [2,3]
23:53:12:58 | I | Matching ok | SEQ : 20174756760, PART : 04578885AC, SCAN P04578885AC, CELL [2,4]
23:53:16:03 | I | Matching ok | SEQ : 20174756750, PART : 04578885AC, SCAN P04578885AC, CELL [2,5]
23:53:36:05 | I | Matching ok | SEQ : 20174756740, PART : 04578885AC, SCAN P04578885AC, CELL [2,6]
