00:05:59:83 | I | Matching ok | SEQ : 20174813970, PART : 52124713AD, SCAN P52124713AD, CELL [1,1]
00:06:20:51 | I | Matching ok | SEQ : 20174813960, PART : 04578885AC, SCAN P04578885AC, CELL [1,2]
00:06:32:93 | I | Matching ok | SEQ : 20174813950, PART : 04578885AC, SCAN P04578885AC, CELL [1,3]
00:06:34:95 | I | Matching ok | SEQ : 20174813940, PART : N/A, SCAN N/A, CELL [1,4]
00:06:48:31 | I | Matching ok | SEQ : 20174813930, PART : 04578885AC, SCAN P04578885AC, CELL [1,5]
00:06:50:63 | I | Matching ok | SEQ : 20174813920, PART : 04578885AC, SCAN P04578885AC, CELL [1,6]
00:07:01:21 | I | Matching ok | SEQ : 20174814030, PART : 52124713AD, SCAN P52124713AD, CELL [2,1]
00:07:08:58 | I | Matching ok | SEQ : 20174814020, PART : 04578885AC, SCAN P04578885AC, CELL [2,2]
00:07:17:63 | I | Matching ok | SEQ : 20174814010, PART : 04578885AC, SCAN P04578885AC, CELL [2,3]
00:07:20:73 | I | Matching ok | SEQ : 20174814000, PART : 04578885AC, SCAN P04578885AC, CELL [2,4]
00:07:26:48 | I | Matching ok | SEQ : 20174813990, PART : 04578885AC, SCAN P04578885AC, CELL [2,5]
00:12:37:24 | I | Matching ok | SEQ : 20174813980, PART : 04578885AC, SCAN P04578885AC, CELL [2,6]
00:22:53:13 | I | Matching ok | SEQ : 20174814090, PART : 52124713AD, SCAN P52124713AD, CELL [1,1]
00:22:57:01 | I | Matching ok | SEQ : 20174814080, PART : 04578885AC, SCAN P04578885AC, CELL [1,2]
00:23:00:53 | I | Matching ok | SEQ : 20174814070, PART : 52124713AD, SCAN P52124713AD, CELL [1,3]
00:23:02:54 | I | Matching ok | SEQ : 20174814060, PART : N/A, SCAN N/A, CELL [1,4]
00:23:07:43 | I | Matching ok | SEQ : 20174814050, PART : 04578885AC, SCAN P04578885AC, CELL [1,5]
00:23:22:86 | W | Mismatching | SEQ : 20174814040, PART : 52124713AD, SCAN P04578885AC, CELL [1,6]
00:23:34:26 | I | Matching ok | SEQ : 20174814040, PART : 52124713AD, SCAN P52124713AD, CELL [1,6]
00:23:37:91 | I | Matching ok | SEQ : 20174814150, PART : 04578885AC, SCAN P04578885AC, CELL [2,1]
00:23:39:92 | I | Matching ok | SEQ : 20174814140, PART : N/A, SCAN N/A, CELL [2,2]
00:23:48:41 | I | Matching ok | SEQ : 20174814130, PART : 04578885AC, SCAN P04578885AC, CELL [2,3]
00:23:59:91 | I | Matching ok | SEQ : 20174814120, PART : 52124713AD, SCAN P52124713AD, CELL [2,4]
00:24:09:48 | I | Matching ok | SEQ : 20174814110, PART : 04578885AC, SCAN P04578885AC, CELL [2,5]
00:24:11:51 | I | Matching ok | SEQ : 20174814100, PART : N/A, SCAN N/A, CELL [2,6]
00:24:13:66 | I | Matching ok | SEQ : 20174814210, PART : N/A, SCAN N/A, CELL [1,1]
00:30:53:99 | I | Matching ok | SEQ : 20174814200, PART : 52124713AD, SCAN P52124713AD, CELL [1,2]
00:30:56:00 | I | Matching ok | SEQ : 20174814190, PART : N/A, SCAN N/A, CELL [1,3]
00:30:58:03 | I | Matching ok | SEQ : 20174814180, PART : N/A, SCAN N/A, CELL [1,4]
00:31:06:82 | I | Matching ok | SEQ : 20174814170, PART : 52124713AD, SCAN P52124713AD, CELL [1,5]
00:31:17:97 | I | Matching ok | SEQ : 20174814160, PART : 52124713AD, SCAN P52124713AD, CELL [1,6]
00:46:18:01 | I | Matching ok | SEQ : 20174814270, PART : 04578885AC, SCAN P04578885AC, CELL [2,1]
00:46:58:14 | I | Matching ok | SEQ : 20174814260, PART : 52124713AD, SCAN P52124713AD, CELL [2,2]
00:47:00:17 | I | Matching ok | SEQ : 20174814250, PART : N/A, SCAN N/A, CELL [2,3]
00:47:06:54 | I | Matching ok | SEQ : 20174814240, PART : 04578885AC, SCAN P04578885AC, CELL [2,4]
00:47:11:62 | I | Matching ok | SEQ : 20174814230, PART : 52124713AD, SCAN P52124713AD, CELL [2,5]
00:47:19:72 | I | Matching ok | SEQ : 20174814220, PART : 04578885AC, SCAN P04578885AC, CELL [2,6]
00:47:21:78 | I | Matching ok | SEQ : 20174814330, PART : N/A, SCAN N/A, CELL [1,1]
00:55:18:93 | I | Matching ok | SEQ : 20174814320, PART : 52124713AD, SCAN P52124713AD, CELL [1,2]
00:55:23:65 | I | Matching ok | SEQ : 20174814310, PART : 52124713AD, SCAN P52124713AD, CELL [1,3]
00:55:25:69 | I | Matching ok | SEQ : 20174814300, PART : N/A, SCAN N/A, CELL [1,4]
00:55:27:72 | I | Matching ok | SEQ : 20174814290, PART : N/A, SCAN N/A, CELL [1,5]
00:55:36:70 | I | Matching ok | SEQ : 20174814280, PART : 52124713AD, SCAN P52124713AD, CELL [1,6]
00:55:43:30 | I | Matching ok | SEQ : 20174814390, PART : 04578885AC, SCAN P04578885AC, CELL [2,1]
00:55:52:45 | I | Matching ok | SEQ : 20174814380, PART : 52124713AD, SCAN P52124713AD, CELL [2,2]
00:56:17:18 | I | Matching ok | SEQ : 20174814370, PART : 52124713AD, SCAN P52124713AD, CELL [2,3]
00:56:26:41 | I | Matching ok | SEQ : 20174814360, PART : 04578885AC, SCAN P04578885AC, CELL [2,4]
00:56:33:58 | I | Matching ok | SEQ : 20174814350, PART : 52124713AD, SCAN P52124713AD, CELL [2,5]
00:56:42:08 | I | Matching ok | SEQ : 20174814340, PART : 52124713AD, SCAN P52124713AD, CELL [2,6]
01:04:32:67 | I | Matching ok | SEQ : 20174814450, PART : 04578885AC, SCAN P04578885AC, CELL [1,1]
01:04:36:72 | I | Matching ok | SEQ : 20174814440, PART : 52124713AD, SCAN P52124713AD, CELL [1,2]
01:04:49:40 | I | Matching ok | SEQ : 20174814430, PART : 04578885AC, SCAN P04578885AC, CELL [1,3]
01:04:56:39 | I | Matching ok | SEQ : 20174814420, PART : 04578885AC, SCAN P04578885AC, CELL [1,4]
01:05:03:54 | I | Matching ok | SEQ : 20174814410, PART : 52124713AD, SCAN P52124713AD, CELL [1,5]
01:05:12:62 | I | Matching ok | SEQ : 20174814400, PART : 04578885AC, SCAN P04578885AC, CELL [1,6]
01:05:18:24 | I | Matching ok | SEQ : 20174814510, PART : 04578885AC, SCAN P04578885AC, CELL [2,1]
01:05:43:09 | I | Matching ok | SEQ : 20174814500, PART : 52124713AD, SCAN P52124713AD, CELL [2,2]
01:05:45:12 | I | Matching ok | SEQ : 20174814490, PART : N/A, SCAN N/A, CELL [2,3]
01:06:02:99 | I | Matching ok | SEQ : 20174814480, PART : 04578885AC, SCAN P04578885AC, CELL [2,4]
01:06:07:29 | I | Matching ok | SEQ : 20174814470, PART : 52124713AD, SCAN P52124713AD, CELL [2,5]
01:06:13:02 | I | Matching ok | SEQ : 20174814460, PART : 52124713AD, SCAN P52124713AD, CELL [2,6]
01:06:15:05 | I | Matching ok | SEQ : 20174814570, PART : N/A, SCAN N/A, CELL [1,1]
01:16:14:59 | I | Matching ok | SEQ : 20174814560, PART : 52124713AD, SCAN P52124713AD, CELL [1,2]
01:16:26:41 | I | Matching ok | SEQ : 20174814550, PART : 52124713AD, SCAN P52124713AD, CELL [1,3]
01:16:28:44 | I | Matching ok | SEQ : 20174814540, PART : N/A, SCAN N/A, CELL [1,4]
01:16:33:43 | I | Matching ok | SEQ : 20174814530, PART : 52124713AD, SCAN P52124713AD, CELL [1,5]
01:16:41:03 | I | Matching ok | SEQ : 20174814520, PART : 04578885AC, SCAN P04578885AC, CELL [1,6]
01:16:48:53 | W | Mismatching | SEQ : 20174814630, PART : 52124713AD, SCAN P521., CELL [2,1]
01:17:02:06 | I | Matching ok | SEQ : 20174814630, PART : 52124713AD, SCAN P52124713AD, CELL [2,1]
01:17:10:26 | I | Matching ok | SEQ : 20174814620, PART : 04578885AC, SCAN P04578885AC, CELL [2,2]
01:17:21:03 | I | Matching ok | SEQ : 20174814610, PART : 52124713AD, SCAN P52124713AD, CELL [2,3]
01:17:23:06 | I | Matching ok | SEQ : 20174814600, PART : N/A, SCAN N/A, CELL [2,4]
01:17:41:39 | I | Matching ok | SEQ : 20174814590, PART : 04578885AC, SCAN P04578885AC, CELL [2,5]
01:17:52:48 | I | Matching ok | SEQ : 20174814580, PART : 52124713AD, SCAN P52124713AD, CELL [2,6]
01:17:54:52 | I | Matching ok | SEQ : 20174814690, PART : N/A, SCAN N/A, CELL [1,1]
01:28:05:03 | I | Matching ok | SEQ : 20174814680, PART : 52124713AD, SCAN P52124713AD, CELL [1,2]
01:28:08:85 | I | Matching ok | SEQ : 20174814670, PART : 04578885AC, SCAN P04578885AC, CELL [1,3]
01:28:21:15 | I | Matching ok | SEQ : 20174814660, PART : 52124713AD, SCAN P52124713AD, CELL [1,4]
01:28:49:95 | I | Matching ok | SEQ : 20174814650, PART : 52124713AD, SCAN P52124713AD, CELL [1,5]
01:29:12:50 | I | Matching ok | SEQ : 20174814640, PART : 04578885AC, SCAN P04578885AC, CELL [1,6]
01:29:14:51 | I | Matching ok | SEQ : 20174814750, PART : N/A, SCAN N/A, CELL [2,1]
01:29:16:53 | I | Matching ok | SEQ : 20174814740, PART : N/A, SCAN N/A, CELL [2,2]
01:29:24:95 | I | Matching ok | SEQ : 20174814730, PART : 04578885AC, SCAN P04578885AC, CELL [2,3]
01:29:35:68 | I | Matching ok | SEQ : 20174814720, PART : 52124713AD, SCAN P52124713AD, CELL [2,4]
01:29:58:63 | I | Matching ok | SEQ : 20174814710, PART : 52124713AD, SCAN P52124713AD, CELL [2,5]
01:30:06:30 | I | Matching ok | SEQ : 20174814700, PART : 04578885AC, SCAN P04578885AC, CELL [2,6]
01:41:32:24 | I | Matching ok | SEQ : 20174814810, PART : 52124713AD, SCAN P52124713AD, CELL [1,1]
01:41:34:26 | I | Matching ok | SEQ : 20174814800, PART : N/A, SCAN N/A, CELL [1,2]
01:41:36:28 | I | Matching ok | SEQ : 20174814790, PART : N/A, SCAN N/A, CELL [1,3]
01:41:38:39 | I | Matching ok | SEQ : 20174814780, PART : 52124713AD, SCAN P52124713AD, CELL [1,4]
01:41:49:28 | W | Mismatching | SEQ : 20174814770, PART : 04578885AC, SCAN P52124713AD, CELL [1,5]
01:42:00:84 | W | Mismatching | SEQ : 20174814770, PART : 04578885AC, SCAN P52124713AD, CELL [1,5]
01:42:30:32 | I | Matching ok | SEQ : 20174814770, PART : 04578885AC, SCAN P04578885AC, CELL [1,5]
01:42:34:25 | I | Matching ok | SEQ : 20174814760, PART : 52124713AD, SCAN P52124713AD, CELL [1,6]
01:42:39:12 | I | Matching ok | SEQ : 20174814870, PART : 52124713AD, SCAN P52124713AD, CELL [2,1]
01:42:44:42 | I | Matching ok | SEQ : 20174814860, PART : 04578885AC, SCAN P04578885AC, CELL [2,2]
01:42:53:20 | I | Matching ok | SEQ : 20174814850, PART : 52124713AD, SCAN P52124713AD, CELL [2,3]
01:42:55:22 | I | Matching ok | SEQ : 20174814840, PART : N/A, SCAN N/A, CELL [2,4]
01:43:03:15 | I | Matching ok | SEQ : 20174814830, PART : 04578885AC, SCAN P04578885AC, CELL [2,5]
01:43:12:32 | I | Matching ok | SEQ : 20174814820, PART : 52124713AD, SCAN P52124713AD, CELL [2,6]
01:43:14:36 | I | Matching ok | SEQ : 20174814930, PART : N/A, SCAN N/A, CELL [1,1]
01:53:52:86 | I | Matching ok | SEQ : 20174814920, PART : 52124713AD, SCAN P52124713AD, CELL [1,2]
01:53:55:09 | I | Matching ok | SEQ : 20174814910, PART : 04578885AC, SCAN P04578885AC, CELL [1,3]
01:54:02:24 | I | Matching ok | SEQ : 20174814900, PART : 04578885AC, SCAN P04578885AC, CELL [1,4]
01:54:22:61 | I | Matching ok | SEQ : 20174814890, PART : 52124713AD, SCAN P52124713AD, CELL [1,5]
01:54:27:11 | I | Matching ok | SEQ : 20174814880, PART : 52124713AD, SCAN P52124713AD, CELL [1,6]
01:54:39:64 | I | Matching ok | SEQ : 20174814990, PART : 52124713AD, SCAN P52124713AD, CELL [2,1]
01:54:41:66 | I | Matching ok | SEQ : 20174814980, PART : N/A, SCAN N/A, CELL [2,2]
01:54:45:21 | W | Mismatching | SEQ : 20174814970, PART : 04578885AC, SCAN TQ41947C0199, CELL [2,3]
01:54:53:57 | I | Matching ok | SEQ : 20174814970, PART : 04578885AC, SCAN P04578885AC, CELL [2,3]
01:54:56:29 | I | Matching ok | SEQ : 20174814960, PART : 52124713AD, SCAN P52124713AD, CELL [2,4]
01:55:06:16 | I | Matching ok | SEQ : 20174814950, PART : 52124713AD, SCAN P52124713AD, CELL [2,5]
01:55:16:54 | I | Matching ok | SEQ : 20174814940, PART : 04578885AC, SCAN P04578885AC, CELL [2,6]
02:08:30:68 | I | Matching ok | SEQ : 20174815050, PART : 04578885AC, SCAN P04578885AC, CELL [1,1]
02:08:37:28 | I | Matching ok | SEQ : 20174815040, PART : 04578885AC, SCAN P04578885AC, CELL [1,2]
02:08:48:81 | I | Matching ok | SEQ : 20174815030, PART : 52124713AD, SCAN P52124713AD, CELL [1,3]
02:08:56:56 | I | Matching ok | SEQ : 20174815020, PART : 04578885AC, SCAN P04578885AC, CELL [1,4]
02:09:05:61 | I | Matching ok | SEQ : 20174815010, PART : 52124713AD, SCAN P52124713AD, CELL [1,5]
02:09:14:26 | I | Matching ok | SEQ : 20174815000, PART : 04578885AC, SCAN P04578885AC, CELL [1,6]
02:09:25:63 | I | Matching ok | SEQ : 20174815110, PART : 04578885AC, SCAN P04578885AC, CELL [2,1]
02:09:55:35 | I | Matching ok | SEQ : 20174815100, PART : 52124713AD, SCAN P52124713AD, CELL [2,2]
02:10:31:59 | I | Matching ok | SEQ : 20174815090, PART : 52124713AD, SCAN P52124713AD, CELL [2,3]
02:10:35:03 | I | Matching ok | SEQ : 20174815080, PART : 04578885AC, SCAN P04578885AC, CELL [2,4]
02:10:41:46 | I | Matching ok | SEQ : 20174815070, PART : 52124713AD, SCAN P52124713AD, CELL [2,5]
02:11:34:66 | I | Matching ok | SEQ : 20174815060, PART : 52124713AD, SCAN P52124713AD, CELL [2,6]
02:20:37:00 | I | Matching ok | SEQ : 20174815170, PART : 52124713AD, SCAN P52124713AD, CELL [1,1]
02:20:47:30 | I | Matching ok | SEQ : 20174815160, PART : 52124713AD, SCAN P52124713AD, CELL [1,2]
02:20:54:75 | I | Matching ok | SEQ : 20174815150, PART : 04578885AC, SCAN P04578885AC, CELL [1,3]
02:21:02:52 | I | Matching ok | SEQ : 20174815140, PART : 52124713AD, SCAN P52124713AD, CELL [1,4]
02:21:11:53 | I | Matching ok | SEQ : 20174815130, PART : 04578885AC, SCAN P04578885AC, CELL [1,5]
02:21:23:67 | I | Matching ok | SEQ : 20174815120, PART : 52124713AD, SCAN P52124713AD, CELL [1,6]
02:21:29:40 | I | Matching ok | SEQ : 20174815230, PART : 52124713AD, SCAN P52124713AD, CELL [2,1]
02:21:42:80 | I | Matching ok | SEQ : 20174815220, PART : 04578885AC, SCAN P04578885AC, CELL [2,2]
02:21:55:88 | I | Matching ok | SEQ : 20174815210, PART : 52124713AD, SCAN P52124713AD, CELL [2,3]
02:22:06:63 | I | Matching ok | SEQ : 20174815200, PART : 52124713AD, SCAN P52124713AD, CELL [2,4]
02:22:08:64 | I | Matching ok | SEQ : 20174815190, PART : N/A, SCAN N/A, CELL [2,5]
02:22:10:66 | I | Matching ok | SEQ : 20174815180, PART : N/A, SCAN N/A, CELL [2,6]
02:22:12:74 | I | Matching ok | SEQ : 20174815290, PART : N/A, SCAN N/A, CELL [1,1]
02:22:14:75 | I | Matching ok | SEQ : 20174815280, PART : N/A, SCAN N/A, CELL [1,2]
02:32:12:27 | I | Matching ok | SEQ : 20174815270, PART : 52124713AD, SCAN P52124713AD, CELL [1,3]
02:32:31:77 | I | Matching ok | SEQ : 20174815260, PART : 52124713AD, SCAN P52124713AD, CELL [1,4]
02:32:40:97 | I | Matching ok | SEQ : 20174815250, PART : 04578885AC, SCAN P04578885AC, CELL [1,5]
02:38:26:57 | I | Matching ok | SEQ : 20174815240, PART : 52124713AD, SCAN P52124713AD, CELL [1,6]
02:38:38:70 | I | Matching ok | SEQ : 20174815350, PART : 04578885AC, SCAN P04578885AC, CELL [2,1]
02:38:40:73 | I | Matching ok | SEQ : 20174815340, PART : N/A, SCAN N/A, CELL [2,2]
02:38:42:75 | I | Matching ok | SEQ : 20174815330, PART : N/A, SCAN N/A, CELL [2,3]
02:38:56:53 | I | Matching ok | SEQ : 20174815320, PART : 04578885AC, SCAN P04578885AC, CELL [2,4]
02:38:58:54 | I | Matching ok | SEQ : 20174815310, PART : N/A, SCAN N/A, CELL [2,5]
02:39:08:97 | I | Matching ok | SEQ : 20174815300, PART : 52124713AD, SCAN P52124713AD, CELL [2,6]
02:50:43:90 | I | Matching ok | SEQ : 20174815410, PART : 04578885AC, SCAN P04578885AC, CELL [1,1]
02:50:55:39 | I | Matching ok | SEQ : 20174815400, PART : 52124713AD, SCAN P52124713AD, CELL [1,2]
02:51:11:39 | I | Matching ok | SEQ : 20174815390, PART : 04578885AC, SCAN P04578885AC, CELL [1,3]
02:51:33:27 | I | Matching ok | SEQ : 20174815380, PART : 52124713AD, SCAN P52124713AD, CELL [1,4]
02:51:35:30 | I | Matching ok | SEQ : 20174815370, PART : N/A, SCAN N/A, CELL [1,5]
02:52:07:79 | I | Matching ok | SEQ : 20174815360, PART : 52124713AD, SCAN P52124713AD, CELL [1,6]
02:52:17:07 | I | Matching ok | SEQ : 20174815470, PART : 52124713AD, SCAN P52124713AD, CELL [2,1]
02:52:55:49 | I | Matching ok | SEQ : 20174815460, PART : 52124713AD, SCAN P52124713AD, CELL [2,2]
02:52:59:59 | I | Matching ok | SEQ : 20174815450, PART : 04578885AC, SCAN P04578885AC, CELL [2,3]
02:53:20:20 | I | Matching ok | SEQ : 20174815440, PART : 04578885AC, SCAN P04578885AC, CELL [2,4]
02:53:39:40 | I | Matching ok | SEQ : 20174815430, PART : 52124713AD, SCAN P52124713AD, CELL [2,5]
02:53:52:87 | I | Matching ok | SEQ : 20174815420, PART : 04578885AC, SCAN P04578885AC, CELL [2,6]
05:14:47:05 | I | Matching ok | SEQ : 20174815530, PART : 52124713AD, SCAN P52124713AD, CELL [1,1]
05:14:49:07 | I | Matching ok | SEQ : 20174815520, PART : N/A, SCAN N/A, CELL [1,2]
05:14:51:48 | I | Matching ok | SEQ : 20174815510, PART : 52124713AD, SCAN P52124713AD, CELL [1,3]
05:14:54:62 | I | Matching ok | SEQ : 20174815500, PART : 52124713AD, SCAN P52124713AD, CELL [1,4]
05:14:58:67 | I | Matching ok | SEQ : 20174815490, PART : 04578885AC, SCAN P04578885AC, CELL [1,5]
05:15:00:69 | I | Matching ok | SEQ : 20174815480, PART : N/A, SCAN N/A, CELL [1,6]
05:15:04:97 | I | Matching ok | SEQ : 20174815590, PART : 52124713AD, SCAN P52124713AD, CELL [2,1]
05:15:08:75 | I | Matching ok | SEQ : 20174815580, PART : 04578885AC, SCAN P04578885AC, CELL [2,2]
05:15:12:37 | I | Matching ok | SEQ : 20174815570, PART : 52124713AD, SCAN P52124713AD, CELL [2,3]
05:15:14:65 | I | Matching ok | SEQ : 20174815560, PART : 04578885AC, SCAN P04578885AC, CELL [2,4]
05:15:17:80 | I | Matching ok | SEQ : 20174815550, PART : 04578885AC, SCAN P04578885AC, CELL [2,5]
05:15:19:87 | I | Matching ok | SEQ : 20174815540, PART : 52124713AD, SCAN P52124713AD, CELL [2,6]
06:01:39:62 | W | Mismatching | SEQ : 20174815650, PART : 52124713AD, SCAN P52124712AD, CELL [1,1]
06:03:59:14 | I | Matching ok | SEQ : 20174815650, PART : 52124713AD, SCAN P52124713AD, CELL [1,1]
06:04:02:45 | I | Matching ok | SEQ : 20174815640, PART : 52124713AD, SCAN P52124713AD, CELL [1,2]
06:04:05:22 | I | Matching ok | SEQ : 20174815630, PART : 52124713AD, SCAN P52124713AD, CELL [1,3]
06:04:07:90 | I | Matching ok | SEQ : 20174815620, PART : 52124713AD, SCAN P52124713AD, CELL [1,4]
06:04:10:54 | I | Matching ok | SEQ : 20174815610, PART : 04578885AC, SCAN P04578885AC, CELL [1,5]
06:04:14:12 | I | Matching ok | SEQ : 20174815600, PART : 52124713AD, SCAN P52124713AD, CELL [1,6]
06:04:16:77 | I | Matching ok | SEQ : 20174815710, PART : 52124713AD, SCAN P52124713AD, CELL [2,1]
06:04:18:78 | I | Matching ok | SEQ : 20174815700, PART : N/A, SCAN N/A, CELL [2,2]
06:04:20:42 | I | Matching ok | SEQ : 20174815690, PART : 52124713AD, SCAN P52124713AD, CELL [2,3]
06:04:22:65 | I | Matching ok | SEQ : 20174815680, PART : 52124713AD, SCAN P52124713AD, CELL [2,4]
06:04:25:75 | I | Matching ok | SEQ : 20174815670, PART : 04578885AC, SCAN P04578885AC, CELL [2,5]
06:04:28:49 | I | Matching ok | SEQ : 20174815660, PART : 52124713AD, SCAN P52124713AD, CELL [2,6]
06:13:58:06 | I | Matching ok | SEQ : 20174815770, PART : 52124713AD, SCAN P52124713AD, CELL [1,1]
06:14:04:71 | I | Matching ok | SEQ : 20174815760, PART : 04578885AC, SCAN P04578885AC, CELL [1,2]
06:14:10:73 | I | Matching ok | SEQ : 20174815750, PART : 52124713AD, SCAN P52124713AD, CELL [1,3]
06:14:15:81 | I | Matching ok | SEQ : 20174815740, PART : 52124713AD, SCAN P52124713AD, CELL [1,4]
06:14:21:56 | I | Matching ok | SEQ : 20174815730, PART : 52124713AD, SCAN P52124713AD, CELL [1,5]
06:14:23:60 | I | Matching ok | SEQ : 20174815720, PART : N/A, SCAN N/A, CELL [1,6]
06:14:27:31 | I | Matching ok | SEQ : 20174815830, PART : 04578885AC, SCAN P04578885AC, CELL [2,1]
06:14:33:56 | I | Matching ok | SEQ : 20174815820, PART : 52124713AD, SCAN P52124713AD, CELL [2,2]
06:14:37:16 | I | Matching ok | SEQ : 20174815810, PART : 52124713AD, SCAN P52124713AD, CELL [2,3]
06:14:43:96 | I | Matching ok | SEQ : 20174815800, PART : 52124713AD, SCAN P52124713AD, CELL [2,4]
06:14:47:71 | I | Matching ok | SEQ : 20174815790, PART : 52124713AD, SCAN P52124713AD, CELL [2,5]
06:15:13:66 | I | Matching ok | SEQ : 20174815780, PART : 52124713AD, SCAN P52124713AD, CELL [2,6]
06:26:19:70 | I | Matching ok | SEQ : 20174815890, PART : 52124713AD, SCAN P52124713AD, CELL [1,1]
06:26:22:98 | I | Matching ok | SEQ : 20174815880, PART : 52124713AD, SCAN P52124713AD, CELL [1,2]
06:26:26:68 | I | Matching ok | SEQ : 20174815870, PART : 52124713AD, SCAN P52124713AD, CELL [1,3]
06:26:30:28 | I | Matching ok | SEQ : 20174815860, PART : 04578885AC, SCAN P04578885AC, CELL [1,4]
06:26:34:60 | I | Matching ok | SEQ : 20174815850, PART : 04578885AC, SCAN P04578885AC, CELL [1,5]
06:26:39:20 | I | Matching ok | SEQ : 20174815840, PART : 52124713AD, SCAN P52124713AD, CELL [1,6]
06:26:43:25 | I | Matching ok | SEQ : 20174815950, PART : 52124713AD, SCAN P52124713AD, CELL [2,1]
06:26:47:36 | I | Matching ok | SEQ : 20174815940, PART : 04578885AC, SCAN P04578885AC, CELL [2,2]
06:26:49:38 | I | Matching ok | SEQ : 20174815930, PART : N/A, SCAN N/A, CELL [2,3]
06:26:55:38 | I | Matching ok | SEQ : 20174815920, PART : 52124713AD, SCAN P52124713AD, CELL [2,4]
06:26:59:63 | I | Matching ok | SEQ : 20174815910, PART : 04578885AC, SCAN P04578885AC, CELL [2,5]
06:27:01:64 | I | Matching ok | SEQ : 20174815900, PART : N/A, SCAN N/A, CELL [2,6]
06:37:38:85 | I | Matching ok | SEQ : 20174816010, PART : 52124713AD, SCAN P52124713AD, CELL [1,1]
06:37:41:82 | I | Matching ok | SEQ : 20174816000, PART : 04578885AC, SCAN P04578885AC, CELL [1,2]
06:37:45:42 | I | Matching ok | SEQ : 20174815990, PART : 52124713AD, SCAN P52124713AD, CELL [1,3]
06:37:47:43 | I | Matching ok | SEQ : 20174815980, PART : N/A, SCAN N/A, CELL [1,4]
06:37:51:24 | I | Matching ok | SEQ : 20174815970, PART : 04578885AC, SCAN P04578885AC, CELL [1,5]
06:37:55:07 | I | Matching ok | SEQ : 20174815960, PART : 52124713AD, SCAN P52124713AD, CELL [1,6]
06:37:59:57 | I | Matching ok | SEQ : 20174816070, PART : 04578885AC, SCAN P04578885AC, CELL [2,1]
06:38:04:17 | I | Matching ok | SEQ : 20174816060, PART : 04578885AC, SCAN P04578885AC, CELL [2,2]
06:38:06:19 | I | Matching ok | SEQ : 20174816050, PART : N/A, SCAN N/A, CELL [2,3]
06:38:08:20 | I | Matching ok | SEQ : 20174816040, PART : N/A, SCAN N/A, CELL [2,4]
06:38:10:72 | I | Matching ok | SEQ : 20174816030, PART : 52124713AD, SCAN P52124713AD, CELL [2,5]
06:38:14:42 | I | Matching ok | SEQ : 20174816020, PART : 52124713AD, SCAN P52124713AD, CELL [2,6]
06:54:40:87 | I | Matching ok | SEQ : 20174816130, PART : 52124713AD, SCAN P52124713AD, CELL [1,1]
06:54:44:87 | I | Matching ok | SEQ : 20174816120, PART : 52124713AD, SCAN P52124713AD, CELL [1,2]
06:54:49:34 | I | Matching ok | SEQ : 20174816110, PART : 52124713AD, SCAN P52124713AD, CELL [1,3]
06:54:53:42 | I | Matching ok | SEQ : 20174816100, PART : 52124713AD, SCAN P52124713AD, CELL [1,4]
06:54:58:19 | I | Matching ok | SEQ : 20174816090, PART : 52124713AD, SCAN P52124713AD, CELL [1,5]
06:55:03:34 | I | Matching ok | SEQ : 20174816080, PART : 52124713AD, SCAN P52124713AD, CELL [1,6]
06:55:08:67 | I | Matching ok | SEQ : 20174816190, PART : 52124713AD, SCAN P52124713AD, CELL [2,1]
06:55:13:54 | I | Matching ok | SEQ : 20174816180, PART : 52124713AD, SCAN P52124713AD, CELL [2,2]
06:55:15:56 | I | Matching ok | SEQ : 20174816170, PART : N/A, SCAN N/A, CELL [2,3]
06:55:20:94 | I | Matching ok | SEQ : 20174816160, PART : 52124713AD, SCAN P52124713AD, CELL [2,4]
06:55:25:37 | I | Matching ok | SEQ : 20174816150, PART : 52124713AD, SCAN P52124713AD, CELL [2,5]
06:55:27:38 | I | Matching ok | SEQ : 20174816140, PART : N/A, SCAN N/A, CELL [2,6]
07:06:07:51 | I | Matching ok | SEQ : 20174816250, PART : 52124713AD, SCAN P52124713AD, CELL [1,1]
07:06:12:83 | W | Mismatching | SEQ : 20174816240, PART : 52124713AD, SCAN P04578885AC, CELL [1,2]
07:06:33:51 | I | Matching ok | SEQ : 20174816240, PART : 52124713AD, SCAN P52124713AD, CELL [1,2]
07:06:36:51 | I | Matching ok | SEQ : 20174816230, PART : 04578885AC, SCAN P04578885AC, CELL [1,3]
07:06:39:53 | I | Matching ok | SEQ : 20174816220, PART : 52124713AD, SCAN P52124713AD, CELL [1,4]
07:06:42:69 | W | Mismatching | SEQ : 20174816210, PART : 52124713AD, SCAN P04578885AC, CELL [1,5]
07:08:02:21 | I | Matching ok | SEQ : 20174816210, PART : 52124713AD, SCAN P52124713AD, CELL [1,5]
07:08:05:63 | I | Matching ok | SEQ : 20174816200, PART : 04578885AC, SCAN P04578885AC, CELL [1,6]
07:08:08:96 | I | Matching ok | SEQ : 20174816310, PART : 04578885AC, SCAN P04578885AC, CELL [2,1]
07:08:11:34 | I | Matching ok | SEQ : 20174816300, PART : 04578885AC, SCAN P04578885AC, CELL [2,2]
07:08:14:36 | I | Matching ok | SEQ : 20174816290, PART : 52124713AD, SCAN P52124713AD, CELL [2,3]
07:08:18:76 | I | Matching ok | SEQ : 20174816280, PART : 52124713AD, SCAN P52124713AD, CELL [2,4]
07:08:20:79 | I | Matching ok | SEQ : 20174816270, PART : N/A, SCAN N/A, CELL [2,5]
07:08:26:04 | I | Matching ok | SEQ : 20174816260, PART : 52124713AD, SCAN P52124713AD, CELL [2,6]
07:18:12:03 | I | Matching ok | SEQ : 20174816370, PART : 52124713AD, SCAN P52124713AD, CELL [1,1]
07:18:15:43 | I | Matching ok | SEQ : 20174816360, PART : 52124713AD, SCAN P52124713AD, CELL [1,2]
07:18:18:25 | I | Matching ok | SEQ : 20174816350, PART : 52124713AD, SCAN P52124713AD, CELL [1,3]
07:18:23:88 | I | Matching ok | SEQ : 20174816340, PART : 04578885AC, SCAN P04578885AC, CELL [1,4]
07:18:26:63 | I | Matching ok | SEQ : 20174816330, PART : 04578885AC, SCAN P04578885AC, CELL [1,5]
07:18:29:40 | I | Matching ok | SEQ : 20174816320, PART : 52124713AD, SCAN P52124713AD, CELL [1,6]
07:18:32:65 | I | Matching ok | SEQ : 20174816430, PART : 52124713AD, SCAN P52124713AD, CELL [2,1]
07:18:37:72 | I | Matching ok | SEQ : 20174816420, PART : 52124713AD, SCAN P52124713AD, CELL [2,2]
07:18:41:20 | I | Matching ok | SEQ : 20174816410, PART : 04578885AC, SCAN P04578885AC, CELL [2,3]
07:18:44:80 | I | Matching ok | SEQ : 20174816400, PART : 52124713AD, SCAN P52124713AD, CELL [2,4]
07:18:47:63 | I | Matching ok | SEQ : 20174816390, PART : 52124713AD, SCAN P52124713AD, CELL [2,5]
07:18:49:65 | I | Matching ok | SEQ : 20174816380, PART : N/A, SCAN N/A, CELL [2,6]
07:30:38:64 | I | Matching ok | SEQ : 20174816490, PART : 52124713AD, SCAN P52124713AD, CELL [1,1]
07:30:41:77 | I | Matching ok | SEQ : 20174816480, PART : 04578885AC, SCAN P04578885AC, CELL [1,2]
07:30:43:79 | I | Matching ok | SEQ : 20174816470, PART : N/A, SCAN N/A, CELL [1,3]
07:30:46:59 | I | Matching ok | SEQ : 20174816460, PART : 52124713AD, SCAN P52124713AD, CELL [1,4]
07:30:49:62 | I | Matching ok | SEQ : 20174816450, PART : 04578885AC, SCAN P04578885AC, CELL [1,5]
07:30:55:00 | I | Matching ok | SEQ : 20174816440, PART : 04578885AC, SCAN P04578885AC, CELL [1,6]
07:31:03:57 | I | Matching ok | SEQ : 20174816550, PART : 04578885AC, SCAN P04578885AC, CELL [2,1]
07:31:05:87 | I | Matching ok | SEQ : 20174816540, PART : 52124713AD, SCAN P52124713AD, CELL [2,2]
07:31:07:89 | I | Matching ok | SEQ : 20174816530, PART : N/A, SCAN N/A, CELL [2,3]
07:31:09:90 | I | Matching ok | SEQ : 20174816520, PART : N/A, SCAN N/A, CELL [2,4]
07:31:13:69 | I | Matching ok | SEQ : 20174816510, PART : 52124713AD, SCAN P52124713AD, CELL [2,5]
07:31:16:37 | I | Matching ok | SEQ : 20174816500, PART : 52124713AD, SCAN P52124713AD, CELL [2,6]
07:43:13:59 | W | Mismatching | SEQ : 20174816610, PART : 52124713AD, SCAN TQ42057C0196, CELL [1,1]
07:43:24:19 | I | Matching ok | SEQ : 20174816610, PART : 52124713AD, SCAN P52124713AD, CELL [1,1]
07:43:26:21 | I | Matching ok | SEQ : 20174816600, PART : N/A, SCAN N/A, CELL [1,2]
07:43:29:19 | I | Matching ok | SEQ : 20174816590, PART : 52124713AD, SCAN P52124713AD, CELL [1,3]
07:43:34:64 | I | Matching ok | SEQ : 20174816580, PART : 52124713AD, SCAN P52124713AD, CELL [1,4]
07:43:36:94 | I | Matching ok | SEQ : 20174816570, PART : 52124713AD, SCAN P52124713AD, CELL [1,5]
07:43:41:06 | I | Matching ok | SEQ : 20174816560, PART : 04578885AC, SCAN P04578885AC, CELL [1,6]
07:43:44:29 | I | Matching ok | SEQ : 20174816670, PART : 52124713AD, SCAN P52124713AD, CELL [2,1]
07:43:48:59 | I | Matching ok | SEQ : 20174816660, PART : 52124713AD, SCAN P52124713AD, CELL [2,2]
07:44:00:79 | I | Matching ok | SEQ : 20174816650, PART : 52124713AD, SCAN P52124713AD, CELL [2,3]
07:44:03:89 | I | Matching ok | SEQ : 20174816640, PART : 52124713AD, SCAN P52124713AD, CELL [2,4]
07:44:07:19 | I | Matching ok | SEQ : 20174816630, PART : 52124713AD, SCAN P52124713AD, CELL [2,5]
07:44:09:20 | I | Matching ok | SEQ : 20174816620, PART : N/A, SCAN N/A, CELL [2,6]
07:52:34:45 | I | Matching ok | SEQ : 20174816730, PART : 52124713AD, SCAN P52124713AD, CELL [1,1]
07:52:38:15 | I | Matching ok | SEQ : 20174816720, PART : 52124713AD, SCAN P52124713AD, CELL [1,2]
07:52:40:58 | I | Matching ok | SEQ : 20174816710, PART : 52124713AD, SCAN P52124713AD, CELL [1,3]
07:52:45:77 | I | Matching ok | SEQ : 20174816700, PART : 04578885AC, SCAN P04578885AC, CELL [1,4]
07:52:48:70 | I | Matching ok | SEQ : 20174816690, PART : 52124713AD, SCAN P52124713AD, CELL [1,5]
07:52:51:70 | I | Matching ok | SEQ : 20174816680, PART : 52124713AD, SCAN P52124713AD, CELL [1,6]
07:52:55:48 | I | Matching ok | SEQ : 20174816790, PART : 52124713AD, SCAN P52124713AD, CELL [2,1]
07:52:58:08 | I | Matching ok | SEQ : 20174816780, PART : 52124713AD, SCAN P52124713AD, CELL [2,2]
07:53:00:10 | I | Matching ok | SEQ : 20174816770, PART : N/A, SCAN N/A, CELL [2,3]
07:53:03:80 | I | Matching ok | SEQ : 20174816760, PART : 52124713AD, SCAN P52124713AD, CELL [2,4]
07:53:05:81 | I | Matching ok | SEQ : 20174816750, PART : N/A, SCAN N/A, CELL [2,5]
07:53:11:06 | I | Matching ok | SEQ : 20174816740, PART : 52124713AD, SCAN P52124713AD, CELL [2,6]
08:02:22:81 | I | Matching ok | SEQ : 20174816850, PART : 52124713AD, SCAN P52124713AD, CELL [1,1]
08:02:26:17 | I | Matching ok | SEQ : 20174816840, PART : 04578885AC, SCAN P04578885AC, CELL [1,2]
08:02:28:20 | I | Matching ok | SEQ : 20174816830, PART : N/A, SCAN N/A, CELL [1,3]
08:02:31:91 | I | Matching ok | SEQ : 20174816820, PART : 52124713AD, SCAN P52124713AD, CELL [1,4]
08:02:38:24 | W | Mismatching | SEQ : 20174816810, PART : 52124713AD, SCAN P04578885AC, CELL [1,5]
08:02:53:04 | I | Matching ok | SEQ : 20174816810, PART : 52124713AD, SCAN P52124713AD, CELL [1,5]
08:02:56:02 | I | Matching ok | SEQ : 20174816800, PART : 04578885AC, SCAN P04578885AC, CELL [1,6]
08:02:58:59 | I | Matching ok | SEQ : 20174816910, PART : 52124713AD, SCAN P52124713AD, CELL [2,1]
08:03:01:84 | I | Matching ok | SEQ : 20174816900, PART : 52124713AD, SCAN P52124713AD, CELL [2,2]
08:03:05:32 | I | Matching ok | SEQ : 20174816890, PART : 52124713AD, SCAN P52124713AD, CELL [2,3]
08:03:07:34 | I | Matching ok | SEQ : 20174816880, PART : N/A, SCAN N/A, CELL [2,4]
08:03:09:35 | I | Matching ok | SEQ : 20174816870, PART : N/A, SCAN N/A, CELL [2,5]
08:03:14:89 | I | Matching ok | SEQ : 20174816860, PART : 52124713AD, SCAN P52124713AD, CELL [2,6]
08:08:36:72 | I | Matching ok | SEQ : 20174816970, PART : 52124713AD, SCAN P52124713AD, CELL [1,1]
08:08:38:79 | I | Matching ok | SEQ : 20174816960, PART : N/A, SCAN N/A, CELL [1,2]
08:08:41:35 | I | Matching ok | SEQ : 20174816950, PART : 52124713AD, SCAN P52124713AD, CELL [1,3]
08:08:43:73 | I | Matching ok | SEQ : 20174816940, PART : 04578885AC, SCAN P04578885AC, CELL [1,4]
08:08:46:68 | I | Matching ok | SEQ : 20174816930, PART : 52124713AD, SCAN P52124713AD, CELL [1,5]
08:08:48:70 | I | Matching ok | SEQ : 20174816920, PART : N/A, SCAN N/A, CELL [1,6]
08:08:51:63 | I | Matching ok | SEQ : 20174817030, PART : 04578885AC, SCAN P04578885AC, CELL [2,1]
08:08:54:12 | I | Matching ok | SEQ : 20174817020, PART : 52124713AD, SCAN P52124713AD, CELL [2,2]
08:08:57:00 | I | Matching ok | SEQ : 20174817010, PART : 52124713AD, SCAN P52124713AD, CELL [2,3]
08:09:00:90 | I | Matching ok | SEQ : 20174817000, PART : 04578885AC, SCAN P04578885AC, CELL [2,4]
08:09:04:03 | I | Matching ok | SEQ : 20174816990, PART : 52124713AD, SCAN P52124713AD, CELL [2,5]
08:09:06:06 | I | Matching ok | SEQ : 20174816980, PART : N/A, SCAN N/A, CELL [2,6]
08:28:39:43 | I | Matching ok | SEQ : 20174817090, PART : 52124713AD, SCAN P52124713AD, CELL [1,1]
08:28:42:43 | I | Matching ok | SEQ : 20174817080, PART : 52124713AD, SCAN P52124713AD, CELL [1,2]
08:28:45:33 | I | Matching ok | SEQ : 20174817070, PART : 04578885AC, SCAN P04578885AC, CELL [1,3]
08:28:47:90 | I | Matching ok | SEQ : 20174817060, PART : 52124713AD, SCAN P52124713AD, CELL [1,4]
08:28:50:40 | I | Matching ok | SEQ : 20174817050, PART : 52124713AD, SCAN P52124713AD, CELL [1,5]
08:28:52:93 | I | Matching ok | SEQ : 20174817040, PART : 52124713AD, SCAN P52124713AD, CELL [1,6]
08:28:55:33 | I | Matching ok | SEQ : 20174817150, PART : 52124713AD, SCAN P52124713AD, CELL [2,1]
08:28:57:98 | I | Matching ok | SEQ : 20174817140, PART : 52124713AD, SCAN P52124713AD, CELL [2,2]
08:29:00:00 | I | Matching ok | SEQ : 20174817130, PART : N/A, SCAN N/A, CELL [2,3]
08:29:04:68 | I | Matching ok | SEQ : 20174817120, PART : 52124713AD, SCAN P52124713AD, CELL [2,4]
08:29:06:69 | I | Matching ok | SEQ : 20174817110, PART : N/A, SCAN N/A, CELL [2,5]
08:29:08:71 | I | Matching ok | SEQ : 20174817100, PART : N/A, SCAN N/A, CELL [2,6]
08:44:12:70 | I | Matching ok | SEQ : 20174817210, PART : 04578885AC, SCAN P04578885AC, CELL [1,1]
08:44:15:97 | I | Matching ok | SEQ : 20174817200, PART : 52124713AD, SCAN P52124713AD, CELL [1,2]
08:44:19:00 | I | Matching ok | SEQ : 20174817190, PART : 52124713AD, SCAN P52124713AD, CELL [1,3]
08:44:22:40 | I | Matching ok | SEQ : 20174817180, PART : 04578885AC, SCAN P04578885AC, CELL [1,4]
08:44:24:42 | I | Matching ok | SEQ : 20174817170, PART : N/A, SCAN N/A, CELL [1,5]
08:44:26:43 | I | Matching ok | SEQ : 20174817160, PART : N/A, SCAN N/A, CELL [1,6]
08:44:28:44 | I | Matching ok | SEQ : 20174817270, PART : N/A, SCAN N/A, CELL [2,1]
08:44:30:72 | I | Matching ok | SEQ : 20174817260, PART : 52124713AD, SCAN P52124713AD, CELL [2,2]
08:44:34:15 | I | Matching ok | SEQ : 20174817250, PART : 52124713AD, SCAN P52124713AD, CELL [2,3]
08:44:37:75 | I | Matching ok | SEQ : 20174817240, PART : 52124713AD, SCAN P52124713AD, CELL [2,4]
08:44:40:70 | I | Matching ok | SEQ : 20174817230, PART : 52124713AD, SCAN P52124713AD, CELL [2,5]
08:44:43:00 | I | Matching ok | SEQ : 20174817220, PART : 52124713AD, SCAN P52124713AD, CELL [2,6]
08:53:22:56 | I | Matching ok | SEQ : 20174817330, PART : 04578885AC, SCAN P04578885AC, CELL [1,1]
08:53:25:59 | I | Matching ok | SEQ : 20174817320, PART : 52124713AD, SCAN P52124713AD, CELL [1,2]
08:53:28:14 | I | Matching ok | SEQ : 20174817310, PART : 52124713AD, SCAN P52124713AD, CELL [1,3]
08:53:30:17 | I | Matching ok | SEQ : 20174817300, PART : N/A, SCAN N/A, CELL [1,4]
08:53:33:56 | I | Matching ok | SEQ : 20174817290, PART : 04578885AC, SCAN P04578885AC, CELL [1,5]
08:53:36:47 | I | Matching ok | SEQ : 20174817280, PART : 52124713AD, SCAN P52124713AD, CELL [1,6]
08:53:39:24 | I | Matching ok | SEQ : 20174817390, PART : 04578885AC, SCAN P04578885AC, CELL [2,1]
08:53:41:56 | I | Matching ok | SEQ : 20174817380, PART : 52124713AD, SCAN P52124713AD, CELL [2,2]
08:53:43:99 | I | Matching ok | SEQ : 20174817370, PART : 52124713AD, SCAN P52124713AD, CELL [2,3]
08:53:46:04 | I | Matching ok | SEQ : 20174817360, PART : N/A, SCAN N/A, CELL [2,4]
08:53:48:05 | I | Matching ok | SEQ : 20174817350, PART : N/A, SCAN N/A, CELL [2,5]
08:53:51:22 | I | Matching ok | SEQ : 20174817340, PART : 52124713AD, SCAN P52124713AD, CELL [2,6]
08:53:53:27 | I | Matching ok | SEQ : 20174817450, PART : N/A, SCAN N/A, CELL [1,1]
08:59:33:40 | I | Matching ok | SEQ : 20174817440, PART : 52124713AD, SCAN P52124713AD, CELL [1,2]
08:59:36:34 | I | Matching ok | SEQ : 20174817430, PART : 52124713AD, SCAN P52124713AD, CELL [1,3]
08:59:39:77 | I | Matching ok | SEQ : 20174817420, PART : 52124713AD, SCAN P52124713AD, CELL [1,4]
08:59:42:42 | I | Matching ok | SEQ : 20174817410, PART : 04578885AC, SCAN P04578885AC, CELL [1,5]
08:59:45:92 | I | Matching ok | SEQ : 20174817400, PART : 52124713AD, SCAN P52124713AD, CELL [1,6]
08:59:48:50 | I | Matching ok | SEQ : 20174817510, PART : 52124713AD, SCAN P52124713AD, CELL [2,1]
08:59:51:60 | I | Matching ok | SEQ : 20174817500, PART : 04578885AC, SCAN P04578885AC, CELL [2,2]
08:59:54:35 | I | Matching ok | SEQ : 20174817490, PART : 52124713AD, SCAN P52124713AD, CELL [2,3]
08:59:56:37 | I | Matching ok | SEQ : 20174817480, PART : N/A, SCAN N/A, CELL [2,4]
08:59:58:72 | I | Matching ok | SEQ : 20174817470, PART : 52124713AD, SCAN P52124713AD, CELL [2,5]
09:00:01:30 | I | Matching ok | SEQ : 20174817460, PART : 04578885AC, SCAN P04578885AC, CELL [2,6]
09:12:57:84 | I | Matching ok | SEQ : 20174817570, PART : 04578885AC, SCAN P04578885AC, CELL [1,1]
09:13:00:11 | I | Matching ok | SEQ : 20174817560, PART : 04578885AC, SCAN P04578885AC, CELL [1,2]
09:13:02:09 | I | Matching ok | SEQ : 20174817550, PART : 52124713AD, SCAN P52124713AD, CELL [1,3]
09:13:03:42 | I | Matching ok | SEQ : 20174817540, PART : 52124713AD, SCAN P52124713AD, CELL [1,4]
09:13:05:43 | I | Matching ok | SEQ : 20174817530, PART : N/A, SCAN N/A, CELL [1,5]
09:13:09:36 | I | Matching ok | SEQ : 20174817520, PART : 52124713AD, SCAN P52124713AD, CELL [1,6]
09:13:11:40 | I | Matching ok | SEQ : 20174817630, PART : N/A, SCAN N/A, CELL [2,1]
09:13:13:41 | I | Matching ok | SEQ : 20174817620, PART : N/A, SCAN N/A, CELL [2,2]
09:13:16:24 | I | Matching ok | SEQ : 20174817610, PART : 04578885AC, SCAN P04578885AC, CELL [2,3]
09:13:17:69 | I | Matching ok | SEQ : 20174817600, PART : 04578885AC, SCAN P04578885AC, CELL [2,4]
09:13:19:37 | I | Matching ok | SEQ : 20174817590, PART : 52124713AD, SCAN P52124713AD, CELL [2,5]
09:13:20:97 | I | Matching ok | SEQ : 20174817580, PART : 52124713AD, SCAN P52124713AD, CELL [2,6]
09:13:23:00 | I | Matching ok | SEQ : 20174817690, PART : N/A, SCAN N/A, CELL [1,1]
09:21:11:76 | I | Matching ok | SEQ : 20174817680, PART : 52124713AD, SCAN P52124713AD, CELL [1,2]
09:21:17:13 | I | Matching ok | SEQ : 20174817670, PART : 52124713AD, SCAN P52124713AD, CELL [1,3]
09:21:19:15 | I | Matching ok | SEQ : 20174817660, PART : N/A, SCAN N/A, CELL [1,4]
09:21:21:19 | I | Matching ok | SEQ : 20174817650, PART : N/A, SCAN N/A, CELL [1,5]
09:21:23:65 | I | Matching ok | SEQ : 20174817640, PART : 52124713AD, SCAN P52124713AD, CELL [1,6]
09:21:32:68 | I | Matching ok | SEQ : 20174817750, PART : 52124713AD, SCAN P52124713AD, CELL [2,1]
09:21:37:33 | I | Matching ok | SEQ : 20174817740, PART : 04578885AC, SCAN P04578885AC, CELL [2,2]
09:21:44:25 | I | Matching ok | SEQ : 20174817730, PART : 52124713AD, SCAN P52124713AD, CELL [2,3]
09:21:46:26 | I | Matching ok | SEQ : 20174817720, PART : N/A, SCAN N/A, CELL [2,4]
09:21:49:48 | I | Matching ok | SEQ : 20174817710, PART : 52124713AD, SCAN P52124713AD, CELL [2,5]
09:21:54:48 | I | Matching ok | SEQ : 20174817700, PART : 52124713AD, SCAN P52124713AD, CELL [2,6]
09:37:37:60 | I | Matching ok | SEQ : 20174817810, PART : 52124713AD, SCAN P52124713AD, CELL [1,1]
09:37:41:78 | I | Matching ok | SEQ : 20174817800, PART : 04578885AC, SCAN P04578885AC, CELL [1,2]
09:37:45:65 | I | Matching ok | SEQ : 20174817790, PART : 04578885AC, SCAN P04578885AC, CELL [1,3]
09:37:47:66 | I | Matching ok | SEQ : 20174817780, PART : N/A, SCAN N/A, CELL [1,4]
09:37:51:71 | I | Matching ok | SEQ : 20174817770, PART : 52124713AD, SCAN P52124713AD, CELL [1,5]
09:37:55:15 | I | Matching ok | SEQ : 20174817760, PART : 04578885AC, SCAN P04578885AC, CELL [1,6]
09:37:58:60 | I | Matching ok | SEQ : 20174817870, PART : 52124713AD, SCAN P52124713AD, CELL [2,1]
09:38:02:25 | I | Matching ok | SEQ : 20174817860, PART : 52124713AD, SCAN P52124713AD, CELL [2,2]
09:38:06:23 | I | Matching ok | SEQ : 20174817850, PART : 52124713AD, SCAN P52124713AD, CELL [2,3]
09:38:10:23 | I | Matching ok | SEQ : 20174817840, PART : 04578885AC, SCAN P04578885AC, CELL [2,4]
09:38:14:48 | I | Matching ok | SEQ : 20174817830, PART : 52124713AD, SCAN P52124713AD, CELL [2,5]
09:38:18:43 | I | Matching ok | SEQ : 20174817820, PART : 04578885AC, SCAN P04578885AC, CELL [2,6]
09:51:56:92 | I | Matching ok | SEQ : 20174817930, PART : 04578885AC, SCAN P04578885AC, CELL [1,1]
09:52:00:27 | W | Mismatching | SEQ : 20174817920, PART : 52124713AD, SCAN TQ41887C0953, CELL [1,2]
09:52:10:10 | I | Matching ok | SEQ : 20174817920, PART : 52124713AD, SCAN P52124713AD, CELL [1,2]
09:52:13:80 | I | Matching ok | SEQ : 20174817910, PART : 52124713AD, SCAN P52124713AD, CELL [1,3]
09:52:17:70 | I | Matching ok | SEQ : 20174817900, PART : 04578885AC, SCAN P04578885AC, CELL [1,4]
09:52:22:17 | I | Matching ok | SEQ : 20174817890, PART : 52124713AD, SCAN P52124713AD, CELL [1,5]
09:52:24:20 | I | Matching ok | SEQ : 20174817880, PART : N/A, SCAN N/A, CELL [1,6]
09:52:28:92 | I | Matching ok | SEQ : 20174817990, PART : 52124713AD, SCAN P52124713AD, CELL [2,1]
09:52:32:72 | W | Mismatching | SEQ : 20174817980, PART : 52124713AD, SCAN P04578885AC, CELL [2,2]
09:53:29:83 | I | Matching ok | SEQ : 20174817980, PART : 52124713AD, SCAN P52124713AD, CELL [2,2]
09:53:34:50 | I | Matching ok | SEQ : 20174817970, PART : 04578885AC, SCAN P04578885AC, CELL [2,3]
09:53:38:35 | I | Matching ok | SEQ : 20174817960, PART : 52124713AD, SCAN P52124713AD, CELL [2,4]
09:53:42:85 | I | Matching ok | SEQ : 20174817950, PART : 52124713AD, SCAN P52124713AD, CELL [2,5]
09:53:47:45 | I | Matching ok | SEQ : 20174817940, PART : 52124713AD, SCAN P52124713AD, CELL [2,6]
10:38:32:81 | I | Matching ok | SEQ : 20174818050, PART : 52124713AD, SCAN P52124713AD, CELL [1,1]
10:38:35:34 | I | Matching ok | SEQ : 20174818040, PART : 52124713AD, SCAN P52124713AD, CELL [1,2]
10:38:37:89 | I | Matching ok | SEQ : 20174818030, PART : 04578885AC, SCAN P04578885AC, CELL [1,3]
10:38:40:61 | I | Matching ok | SEQ : 20174818020, PART : 52124713AD, SCAN P52124713AD, CELL [1,4]
10:38:43:63 | I | Matching ok | SEQ : 20174818010, PART : 04578885AC, SCAN P04578885AC, CELL [1,5]
10:38:45:86 | I | Matching ok | SEQ : 20174818000, PART : 04578885AC, SCAN P04578885AC, CELL [1,6]
10:38:48:41 | I | Matching ok | SEQ : 20174818110, PART : 52124713AD, SCAN P52124713AD, CELL [2,1]
10:38:50:76 | I | Matching ok | SEQ : 20174818100, PART : 04578885AC, SCAN P04578885AC, CELL [2,2]
10:38:52:78 | I | Matching ok | SEQ : 20174818090, PART : N/A, SCAN N/A, CELL [2,3]
10:38:57:66 | I | Matching ok | SEQ : 20174818080, PART : 04578885AC, SCAN P04578885AC, CELL [2,4]
10:39:03:71 | I | Matching ok | SEQ : 20174818070, PART : 52124713AD, SCAN P52124713AD, CELL [2,5]
10:39:05:86 | I | Matching ok | SEQ : 20174818060, PART : 52124713AD, SCAN P52124713AD, CELL [2,6]
10:39:07:92 | I | Matching ok | SEQ : 20174818170, PART : N/A, SCAN N/A, CELL [1,1]
10:44:55:90 | I | Matching ok | SEQ : 20174818160, PART : 52124713AD, SCAN P52124713AD, CELL [1,2]
10:44:58:45 | I | Matching ok | SEQ : 20174818150, PART : 52124713AD, SCAN P52124713AD, CELL [1,3]
10:45:01:32 | I | Matching ok | SEQ : 20174818140, PART : 52124713AD, SCAN P52124713AD, CELL [1,4]
10:45:03:33 | I | Matching ok | SEQ : 20174818130, PART : N/A, SCAN N/A, CELL [1,5]
10:45:07:30 | I | Matching ok | SEQ : 20174818120, PART : 52124713AD, SCAN P52124713AD, CELL [1,6]
10:45:13:22 | I | Matching ok | SEQ : 20174818230, PART : 52124713AD, SCAN P52124713AD, CELL [2,1]
10:45:16:60 | I | Matching ok | SEQ : 20174818220, PART : 04578885AC, SCAN P04578885AC, CELL [2,2]
10:45:19:50 | I | Matching ok | SEQ : 20174818210, PART : 52124713AD, SCAN P52124713AD, CELL [2,3]
10:45:21:54 | I | Matching ok | SEQ : 20174818200, PART : N/A, SCAN N/A, CELL [2,4]
10:45:23:60 | I | Matching ok | SEQ : 20174818190, PART : N/A, SCAN N/A, CELL [2,5]
10:45:25:61 | I | Matching ok | SEQ : 20174818180, PART : N/A, SCAN N/A, CELL [2,6]
10:54:36:11 | I | Matching ok | SEQ : 20174818290, PART : 04578885AC, SCAN P04578885AC, CELL [1,1]
10:54:39:61 | I | Matching ok | SEQ : 20174818280, PART : 52124713AD, SCAN P52124713AD, CELL [1,2]
10:54:43:01 | I | Matching ok | SEQ : 20174818270, PART : 52124713AD, SCAN P52124713AD, CELL [1,3]
10:54:45:03 | I | Matching ok | SEQ : 20174818260, PART : N/A, SCAN N/A, CELL [1,4]
10:54:47:84 | I | Matching ok | SEQ : 20174818250, PART : 04578885AC, SCAN P04578885AC, CELL [1,5]
10:54:49:85 | I | Matching ok | SEQ : 20174818240, PART : N/A, SCAN N/A, CELL [1,6]
10:54:56:31 | I | Matching ok | SEQ : 20174818350, PART : 52124713AD, SCAN P52124713AD, CELL [2,1]
10:55:00:66 | I | Matching ok | SEQ : 20174818340, PART : 52124713AD, SCAN P52124713AD, CELL [2,2]
10:55:04:36 | I | Matching ok | SEQ : 20174818330, PART : 04578885AC, SCAN P04578885AC, CELL [2,3]
10:55:07:94 | I | Matching ok | SEQ : 20174818320, PART : 52124713AD, SCAN P52124713AD, CELL [2,4]
10:55:11:91 | I | Matching ok | SEQ : 20174818310, PART : 52124713AD, SCAN P52124713AD, CELL [2,5]
10:55:15:41 | I | Matching ok | SEQ : 20174818300, PART : 04578885AC, SCAN P04578885AC, CELL [2,6]
10:55:17:46 | I | Matching ok | SEQ : 20174818410, PART : N/A, SCAN N/A, CELL [1,1]
10:55:19:47 | I | Matching ok | SEQ : 20174818400, PART : N/A, SCAN N/A, CELL [1,2]
11:11:12:81 | I | Matching ok | SEQ : 20174818390, PART : 04578885AC, SCAN P04578885AC, CELL [1,3]
11:11:16:79 | I | Matching ok | SEQ : 20174818380, PART : 52124713AD, SCAN P52124713AD, CELL [1,4]
11:11:19:66 | W | Mismatching | SEQ : 20174818370, PART : 04578885AC, SCAN TQ42057C0937, CELL [1,5]
11:11:33:18 | I | Matching ok | SEQ : 20174818370, PART : 04578885AC, SCAN P04578885AC, CELL [1,5]
11:11:35:21 | I | Matching ok | SEQ : 20174818360, PART : N/A, SCAN N/A, CELL [1,6]
11:11:39:16 | I | Matching ok | SEQ : 20174818470, PART : 52124713AD, SCAN P52124713AD, CELL [2,1]
11:11:41:20 | I | Matching ok | SEQ : 20174818460, PART : N/A, SCAN N/A, CELL [2,2]
11:11:45:71 | I | Matching ok | SEQ : 20174818450, PART : 52124713AD, SCAN P52124713AD, CELL [2,3]
11:11:49:06 | I | Matching ok | SEQ : 20174818440, PART : 52124713AD, SCAN P52124713AD, CELL [2,4]
11:11:51:59 | I | Matching ok | SEQ : 20174818430, PART : 52124713AD, SCAN P52124713AD, CELL [2,5]
11:11:54:86 | I | Matching ok | SEQ : 20174818420, PART : 04578885AC, SCAN P04578885AC, CELL [2,6]
11:11:56:90 | I | Matching ok | SEQ : 20174818530, PART : N/A, SCAN N/A, CELL [1,1]
11:17:48:65 | I | Matching ok | SEQ : 20174818520, PART : 52124713AD, SCAN P52124713AD, CELL [1,2]
11:17:50:66 | I | Matching ok | SEQ : 20174818510, PART : N/A, SCAN N/A, CELL [1,3]
11:17:55:50 | I | Matching ok | SEQ : 20174818500, PART : 52124713AD, SCAN P52124713AD, CELL [1,4]
11:17:59:17 | I | Matching ok | SEQ : 20174818490, PART : 04578885AC, SCAN P04578885AC, CELL [1,5]
11:18:04:05 | I | Matching ok | SEQ : 20174818480, PART : 52124713AD, SCAN P52124713AD, CELL [1,6]
11:18:06:92 | I | Matching ok | SEQ : 20174818590, PART : 52124713AD, SCAN P52124713AD, CELL [2,1]
11:18:09:27 | I | Matching ok | SEQ : 20174818580, PART : 52124713AD, SCAN P52124713AD, CELL [2,2]
11:18:12:30 | I | Matching ok | SEQ : 20174818570, PART : 52124713AD, SCAN P52124713AD, CELL [2,3]
11:18:15:22 | I | Matching ok | SEQ : 20174818560, PART : 04578885AC, SCAN P04578885AC, CELL [2,4]
11:18:18:52 | I | Matching ok | SEQ : 20174818550, PART : 52124713AD, SCAN P52124713AD, CELL [2,5]
11:18:20:77 | I | Matching ok | SEQ : 20174818540, PART : 52124713AD, SCAN P52124713AD, CELL [2,6]
11:29:03:44 | I | Matching ok | SEQ : 20174818650, PART : 52124713AD, SCAN P52124713AD, CELL [1,1]
11:29:06:99 | I | Matching ok | SEQ : 20174818640, PART : 52124713AD, SCAN P52124713AD, CELL [1,2]
11:29:10:13 | I | Matching ok | SEQ : 20174818630, PART : 52124713AD, SCAN P52124713AD, CELL [1,3]
11:29:12:76 | I | Matching ok | SEQ : 20174818620, PART : 52124713AD, SCAN P52124713AD, CELL [1,4]
11:29:15:31 | I | Matching ok | SEQ : 20174818610, PART : 04578885AC, SCAN P04578885AC, CELL [1,5]
11:29:19:39 | I | Matching ok | SEQ : 20174818600, PART : 52124713AD, SCAN P52124713AD, CELL [1,6]
11:29:21:43 | I | Matching ok | SEQ : 20174818710, PART : N/A, SCAN N/A, CELL [2,1]
11:29:23:45 | I | Matching ok | SEQ : 20174818700, PART : N/A, SCAN N/A, CELL [2,2]
11:29:27:16 | I | Matching ok | SEQ : 20174818690, PART : 04578885AC, SCAN P04578885AC, CELL [2,3]
11:29:29:81 | I | Matching ok | SEQ : 20174818680, PART : 04578885AC, SCAN P04578885AC, CELL [2,4]
11:29:34:02 | I | Matching ok | SEQ : 20174818670, PART : 52124713AD, SCAN P52124713AD, CELL [2,5]
11:29:37:34 | I | Matching ok | SEQ : 20174818660, PART : 04578885AC, SCAN P04578885AC, CELL [2,6]
11:43:34:66 | I | Matching ok | SEQ : 20174818770, PART : 52124713AD, SCAN P52124713AD, CELL [1,1]
11:43:37:13 | I | Matching ok | SEQ : 20174818760, PART : 04578885AC, SCAN P04578885AC, CELL [1,2]
11:43:39:14 | I | Matching ok | SEQ : 20174818750, PART : N/A, SCAN N/A, CELL [1,3]
11:43:41:15 | I | Matching ok | SEQ : 20174818740, PART : N/A, SCAN N/A, CELL [1,4]
11:43:43:46 | I | Matching ok | SEQ : 20174818730, PART : 52124713AD, SCAN P52124713AD, CELL [1,5]
11:43:45:48 | I | Matching ok | SEQ : 20174818720, PART : N/A, SCAN N/A, CELL [1,6]
11:43:47:61 | I | Matching ok | SEQ : 20174818830, PART : 52124713AD, SCAN P52124713AD, CELL [2,1]
11:43:49:62 | I | Matching ok | SEQ : 20174818820, PART : N/A, SCAN N/A, CELL [2,2]
11:43:52:06 | I | Matching ok | SEQ : 20174818810, PART : 52124713AD, SCAN P52124713AD, CELL [2,3]
11:43:54:07 | I | Matching ok | SEQ : 20174818800, PART : N/A, SCAN N/A, CELL [2,4]
11:43:56:08 | I | Matching ok | SEQ : 20174818790, PART : N/A, SCAN N/A, CELL [2,5]
11:43:58:38 | I | Matching ok | SEQ : 20174818780, PART : 04578885AC, SCAN P04578885AC, CELL [2,6]
11:44:00:42 | I | Matching ok | SEQ : 20174818890, PART : N/A, SCAN N/A, CELL [1,1]
11:57:05:13 | I | Matching ok | SEQ : 20174818880, PART : 04578885AC, SCAN P04578885AC, CELL [1,2]
11:57:07:15 | I | Matching ok | SEQ : 20174818870, PART : N/A, SCAN N/A, CELL [1,3]
11:57:09:16 | I | Matching ok | SEQ : 20174818860, PART : N/A, SCAN N/A, CELL [1,4]
11:57:12:00 | I | Matching ok | SEQ : 20174818850, PART : 52124713AD, SCAN P52124713AD, CELL [1,5]
11:57:15:95 | I | Matching ok | SEQ : 20174818840, PART : 04578885AC, SCAN P04578885AC, CELL [1,6]
11:57:19:85 | I | Matching ok | SEQ : 20174818950, PART : 52124713AD, SCAN P52124713AD, CELL [2,1]
11:57:21:89 | I | Matching ok | SEQ : 20174818940, PART : N/A, SCAN N/A, CELL [2,2]
11:57:24:13 | I | Matching ok | SEQ : 20174818930, PART : 52124713AD, SCAN P52124713AD, CELL [2,3]
11:57:27:80 | I | Matching ok | SEQ : 20174818920, PART : 52124713AD, SCAN P52124713AD, CELL [2,4]
11:57:30:93 | I | Matching ok | SEQ : 20174818910, PART : 04578885AC, SCAN P04578885AC, CELL [2,5]
11:57:34:40 | I | Matching ok | SEQ : 20174818900, PART : 52124713AD, SCAN P52124713AD, CELL [2,6]
12:11:14:90 | I | Matching ok | SEQ : 20174819010, PART : 04578885AC, SCAN P04578885AC, CELL [1,1]
12:11:18:37 | I | Matching ok | SEQ : 20174819000, PART : 52124713AD, SCAN P52124713AD, CELL [1,2]
12:11:21:45 | I | Matching ok | SEQ : 20174818990, PART : 52124713AD, SCAN P52124713AD, CELL [1,3]
12:11:24:40 | I | Matching ok | SEQ : 20174818980, PART : 52124713AD, SCAN P52124713AD, CELL [1,4]
12:11:27:77 | I | Matching ok | SEQ : 20174818970, PART : 04578885AC, SCAN P04578885AC, CELL [1,5]
12:11:30:90 | I | Matching ok | SEQ : 20174818960, PART : 04578885AC, SCAN P04578885AC, CELL [1,6]
12:11:33:95 | I | Matching ok | SEQ : 20174819070, PART : 52124713AD, SCAN P52124713AD, CELL [2,1]
12:11:36:47 | I | Matching ok | SEQ : 20174819060, PART : 52124713AD, SCAN P52124713AD, CELL [2,2]
12:11:39:57 | I | Matching ok | SEQ : 20174819050, PART : 52124713AD, SCAN P52124713AD, CELL [2,3]
12:11:42:42 | I | Matching ok | SEQ : 20174819040, PART : 52124713AD, SCAN P52124713AD, CELL [2,4]
12:11:45:37 | I | Matching ok | SEQ : 20174819030, PART : 52124713AD, SCAN P52124713AD, CELL [2,5]
12:11:48:05 | I | Matching ok | SEQ : 20174819020, PART : 52124713AD, SCAN P52124713AD, CELL [2,6]
12:21:00:46 | I | Matching ok | SEQ : 20174819130, PART : 52124713AD, SCAN P52124713AD, CELL [1,1]
12:21:03:06 | I | Matching ok | SEQ : 20174819120, PART : 52124713AD, SCAN P52124713AD, CELL [1,2]
12:21:05:81 | I | Matching ok | SEQ : 20174819110, PART : 52124713AD, SCAN P52124713AD, CELL [1,3]
12:21:20:38 | I | Matching ok | SEQ : 20174819100, PART : 52124713AD, SCAN P52124713AD, CELL [1,4]
12:21:22:40 | I | Matching ok | SEQ : 20174819090, PART : N/A, SCAN N/A, CELL [1,5]
12:21:31:71 | I | Matching ok | SEQ : 20174819080, PART : 52124713AD, SCAN P52124713AD, CELL [1,6]
12:21:33:73 | I | Matching ok | SEQ : 20174819190, PART : N/A, SCAN N/A, CELL [2,1]
12:21:35:76 | I | Matching ok | SEQ : 20174819180, PART : N/A, SCAN N/A, CELL [2,2]
12:21:39:69 | I | Matching ok | SEQ : 20174819170, PART : 04578885AC, SCAN P04578885AC, CELL [2,3]
12:21:42:84 | I | Matching ok | SEQ : 20174819160, PART : 52124713AD, SCAN P52124713AD, CELL [2,4]
12:21:46:24 | I | Matching ok | SEQ : 20174819150, PART : 52124713AD, SCAN P52124713AD, CELL [2,5]
12:21:49:41 | I | Matching ok | SEQ : 20174819140, PART : 04578885AC, SCAN P04578885AC, CELL [2,6]
12:21:51:47 | I | Matching ok | SEQ : 20174819250, PART : N/A, SCAN N/A, CELL [1,1]
12:36:23:81 | I | Matching ok | SEQ : 20174819240, PART : 04578885AC, SCAN P04578885AC, CELL [1,2]
12:36:29:03 | I | Matching ok | SEQ : 20174819230, PART : 04578885AC, SCAN P04578885AC, CELL [1,3]
12:36:33:03 | I | Matching ok | SEQ : 20174819220, PART : 52124713AD, SCAN P52124713AD, CELL [1,4]
12:36:35:06 | I | Matching ok | SEQ : 20174819210, PART : N/A, SCAN N/A, CELL [1,5]
12:36:37:07 | I | Matching ok | SEQ : 20174819200, PART : N/A, SCAN N/A, CELL [1,6]
12:36:40:71 | I | Matching ok | SEQ : 20174819310, PART : 52124713AD, SCAN P52124713AD, CELL [2,1]
12:36:44:78 | I | Matching ok | SEQ : 20174819300, PART : 52124713AD, SCAN P52124713AD, CELL [2,2]
12:36:46:80 | I | Matching ok | SEQ : 20174819290, PART : N/A, SCAN N/A, CELL [2,3]
12:36:51:16 | I | Matching ok | SEQ : 20174819280, PART : 04578885AC, SCAN P04578885AC, CELL [2,4]
12:36:55:68 | I | Matching ok | SEQ : 20174819270, PART : 52124713AD, SCAN P52124713AD, CELL [2,5]
12:36:59:66 | I | Matching ok | SEQ : 20174819260, PART : 04578885AC, SCAN P04578885AC, CELL [2,6]
12:58:32:24 | I | Matching ok | SEQ : 20174819370, PART : 52124713AD, SCAN P52124713AD, CELL [1,1]
12:58:34:26 | I | Matching ok | SEQ : 20174819360, PART : N/A, SCAN N/A, CELL [1,2]
12:58:38:34 | I | Matching ok | SEQ : 20174819350, PART : 04578885AC, SCAN P04578885AC, CELL [1,3]
12:58:42:81 | I | Matching ok | SEQ : 20174819340, PART : 52124713AD, SCAN P52124713AD, CELL [1,4]
12:58:47:06 | I | Matching ok | SEQ : 20174819330, PART : 52124713AD, SCAN P52124713AD, CELL [1,5]
12:58:51:59 | W | Mismatching | SEQ : 20174819320, PART : 04578885AC, SCAN P52124713AD, CELL [1,6]
12:59:22:52 | I | Matching ok | SEQ : 20174819320, PART : 04578885AC, SCAN P04578885AC, CELL [1,6]
12:59:26:54 | I | Matching ok | SEQ : 20174819430, PART : 04578885AC, SCAN P04578885AC, CELL [2,1]
12:59:30:49 | I | Matching ok | SEQ : 20174819420, PART : 52124713AD, SCAN P52124713AD, CELL [2,2]
12:59:34:84 | I | Matching ok | SEQ : 20174819410, PART : 04578885AC, SCAN P04578885AC, CELL [2,3]
12:59:38:69 | I | Matching ok | SEQ : 20174819400, PART : 52124713AD, SCAN P52124713AD, CELL [2,4]
12:59:42:59 | I | Matching ok | SEQ : 20174819390, PART : 52124713AD, SCAN P52124713AD, CELL [2,5]
12:59:46:34 | I | Matching ok | SEQ : 20174819380, PART : 52124713AD, SCAN P52124713AD, CELL [2,6]
12:59:48:38 | I | Matching ok | SEQ : 20174819490, PART : N/A, SCAN N/A, CELL [1,1]
13:15:28:42 | I | Matching ok | SEQ : 20174819480, PART : 52124713AD, SCAN P52124713AD, CELL [1,2]
13:15:32:91 | I | Matching ok | SEQ : 20174819470, PART : 52124713AD, SCAN P52124713AD, CELL [1,3]
13:15:34:93 | I | Matching ok | SEQ : 20174819460, PART : N/A, SCAN N/A, CELL [1,4]
13:15:42:32 | I | Matching ok | SEQ : 20174819450, PART : 52124713AD, SCAN P52124713AD, CELL [1,5]
13:15:47:09 | I | Matching ok | SEQ : 20174819440, PART : 04578885AC, SCAN P04578885AC, CELL [1,6]
13:15:51:14 | I | Matching ok | SEQ : 20174819550, PART : 52124713AD, SCAN P52124713AD, CELL [2,1]
13:15:54:99 | I | Matching ok | SEQ : 20174819540, PART : 04578885AC, SCAN P04578885AC, CELL [2,2]
13:15:58:92 | I | Matching ok | SEQ : 20174819530, PART : 52124713AD, SCAN P52124713AD, CELL [2,3]
13:16:04:06 | I | Matching ok | SEQ : 20174819520, PART : 52124713AD, SCAN P52124713AD, CELL [2,4]
13:16:07:84 | I | Matching ok | SEQ : 20174819510, PART : 04578885AC, SCAN P04578885AC, CELL [2,5]
13:16:11:61 | I | Matching ok | SEQ : 20174819500, PART : 04578885AC, SCAN P04578885AC, CELL [2,6]
13:28:52:76 | I | Matching ok | SEQ : 20174819610, PART : 52124713AD, SCAN P52124713AD, CELL [1,1]
13:28:56:11 | I | Matching ok | SEQ : 20174819600, PART : 52124713AD, SCAN P52124713AD, CELL [1,2]
13:28:58:13 | I | Matching ok | SEQ : 20174819590, PART : N/A, SCAN N/A, CELL [1,3]
13:29:01:89 | I | Matching ok | SEQ : 20174819580, PART : 52124713AD, SCAN P52124713AD, CELL [1,4]
13:29:05:68 | I | Matching ok | SEQ : 20174819570, PART : 52124713AD, SCAN P52124713AD, CELL [1,5]
13:29:09:66 | I | Matching ok | SEQ : 20174819560, PART : 52124713AD, SCAN P52124713AD, CELL [1,6]
13:29:13:53 | I | Matching ok | SEQ : 20174819670, PART : 52124713AD, SCAN P52124713AD, CELL [2,1]
13:29:15:54 | I | Matching ok | SEQ : 20174819660, PART : N/A, SCAN N/A, CELL [2,2]
13:29:19:36 | I | Matching ok | SEQ : 20174819650, PART : 52124713AD, SCAN P52124713AD, CELL [2,3]
13:29:21:38 | I | Matching ok | SEQ : 20174819640, PART : N/A, SCAN N/A, CELL [2,4]
13:29:25:33 | I | Matching ok | SEQ : 20174819630, PART : 52124713AD, SCAN P52124713AD, CELL [2,5]
13:29:27:37 | I | Matching ok | SEQ : 20174819620, PART : N/A, SCAN N/A, CELL [2,6]
13:39:19:07 | I | Matching ok | SEQ : 20174819730, PART : 04578885AC, SCAN P04578885AC, CELL [1,1]
13:39:21:52 | I | Matching ok | SEQ : 20174819720, PART : 04578885AC, SCAN P04578885AC, CELL [1,2]
13:39:24:37 | I | Matching ok | SEQ : 20174819710, PART : 52124713AD, SCAN P52124713AD, CELL [1,3]
13:39:27:10 | I | Matching ok | SEQ : 20174819700, PART : 04578885AC, SCAN P04578885AC, CELL [1,4]
13:39:29:11 | I | Matching ok | SEQ : 20174819690, PART : N/A, SCAN N/A, CELL [1,5]
13:39:32:15 | I | Matching ok | SEQ : 20174819680, PART : 52124713AD, SCAN P52124713AD, CELL [1,6]
13:39:35:02 | I | Matching ok | SEQ : 20174819790, PART : 52124713AD, SCAN P52124713AD, CELL [2,1]
13:39:37:04 | I | Matching ok | SEQ : 20174819780, PART : N/A, SCAN N/A, CELL [2,2]
13:39:39:75 | I | Matching ok | SEQ : 20174819770, PART : 52124713AD, SCAN P52124713AD, CELL [2,3]
13:39:42:13 | I | Matching ok | SEQ : 20174819760, PART : 52124713AD, SCAN P52124713AD, CELL [2,4]
13:39:45:00 | I | Matching ok | SEQ : 20174819750, PART : 52124713AD, SCAN P52124713AD, CELL [2,5]
13:39:48:05 | I | Matching ok | SEQ : 20174819740, PART : 52124713AD, SCAN P52124713AD, CELL [2,6]
13:39:50:09 | I | Matching ok | SEQ : 20174819850, PART : N/A, SCAN N/A, CELL [1,1]
13:48:02:31 | I | Matching ok | SEQ : 20174819840, PART : 04578885AC, SCAN P04578885AC, CELL [1,2]
13:48:05:28 | I | Matching ok | SEQ : 20174819830, PART : 04578885AC, SCAN P04578885AC, CELL [1,3]
13:48:08:36 | W | Mismatching | SEQ : 20174819820, PART : 04578885AC, SCAN TQ42057C1033, CELL [1,4]
13:48:22:51 | I | Matching ok | SEQ : 20174819820, PART : 04578885AC, SCAN P04578885AC, CELL [1,4]
13:48:26:86 | I | Matching ok | SEQ : 20174819810, PART : 04578885AC, SCAN P04578885AC, CELL [1,5]
13:48:28:89 | I | Matching ok | SEQ : 20174819800, PART : N/A, SCAN N/A, CELL [1,6]
13:48:35:19 | I | Matching ok | SEQ : 20174819910, PART : 04578885AC, SCAN P04578885AC, CELL [2,1]
13:48:38:26 | I | Matching ok | SEQ : 20174819900, PART : 52124713AD, SCAN P52124713AD, CELL [2,2]
13:48:41:26 | I | Matching ok | SEQ : 20174819890, PART : 52124713AD, SCAN P52124713AD, CELL [2,3]
13:48:46:89 | I | Matching ok | SEQ : 20174819880, PART : 52124713AD, SCAN P52124713AD, CELL [2,4]
13:48:50:31 | I | Matching ok | SEQ : 20174819870, PART : 52124713AD, SCAN P52124713AD, CELL [2,5]
13:48:53:01 | I | Matching ok | SEQ : 20174819860, PART : 52124713AD, SCAN P52124713AD, CELL [2,6]
13:59:03:43 | I | Matching ok | SEQ : 20174819970, PART : 04578885AC, SCAN P04578885AC, CELL [1,1]
13:59:05:45 | I | Matching ok | SEQ : 20174819960, PART : N/A, SCAN N/A, CELL [1,2]
13:59:08:26 | W | Mismatching | SEQ : 20174819950, PART : 52124713AD, SCAN TQ41887C1005, CELL [1,3]
13:59:14:23 | I | Matching ok | SEQ : 20174819950, PART : 52124713AD, SCAN P52124713AD, CELL [1,3]
13:59:16:28 | I | Matching ok | SEQ : 20174819940, PART : N/A, SCAN N/A, CELL [1,4]
13:59:18:68 | I | Matching ok | SEQ : 20174819930, PART : 52124713AD, SCAN P52124713AD, CELL [1,5]
13:59:20:70 | I | Matching ok | SEQ : 20174819920, PART : N/A, SCAN N/A, CELL [1,6]
13:59:24:53 | I | Matching ok | SEQ : 20174820030, PART : 52124713AD, SCAN P52124713AD, CELL [2,1]
13:59:27:15 | I | Matching ok | SEQ : 20174820020, PART : 52124713AD, SCAN P52124713AD, CELL [2,2]
13:59:30:68 | I | Matching ok | SEQ : 20174820010, PART : 04578885AC, SCAN P04578885AC, CELL [2,3]
13:59:34:20 | I | Matching ok | SEQ : 20174820000, PART : 52124713AD, SCAN P52124713AD, CELL [2,4]
13:59:36:23 | I | Matching ok | SEQ : 20174819990, PART : N/A, SCAN N/A, CELL [2,5]
13:59:38:75 | I | Matching ok | SEQ : 20174819980, PART : 52124713AD, SCAN P52124713AD, CELL [2,6]
14:10:56:70 | I | Matching ok | SEQ : 20174820090, PART : 04578885AC, SCAN P04578885AC, CELL [1,1]
14:10:58:72 | I | Matching ok | SEQ : 20174820080, PART : N/A, SCAN N/A, CELL [1,2]
14:11:01:47 | I | Matching ok | SEQ : 20174820070, PART : 04578885AC, SCAN P04578885AC, CELL [1,3]
14:11:03:48 | I | Matching ok | SEQ : 20174820060, PART : N/A, SCAN N/A, CELL [1,4]
14:11:07:82 | I | Matching ok | SEQ : 20174820050, PART : 52124713AD, SCAN P52124713AD, CELL [1,5]
14:11:09:83 | I | Matching ok | SEQ : 20174820040, PART : N/A, SCAN N/A, CELL [1,6]
14:11:11:84 | I | Matching ok | SEQ : 20174820150, PART : N/A, SCAN N/A, CELL [2,1]
14:11:15:07 | I | Matching ok | SEQ : 20174820140, PART : 04578885AC, SCAN P04578885AC, CELL [2,2]
14:11:19:25 | I | Matching ok | SEQ : 20174820130, PART : 04578885AC, SCAN P04578885AC, CELL [2,3]
14:11:23:38 | I | Matching ok | SEQ : 20174820120, PART : 52124713AD, SCAN P52124713AD, CELL [2,4]
14:11:28:59 | I | Matching ok | SEQ : 20174820110, PART : 52124713AD, SCAN P52124713AD, CELL [2,5]
14:11:34:87 | I | Matching ok | SEQ : 20174820100, PART : 04578885AC, SCAN P04578885AC, CELL [2,6]
14:21:39:46 | I | Matching ok | SEQ : 20174820210, PART : 04578885AC, SCAN P04578885AC, CELL [1,1]
14:21:43:08 | I | Matching ok | SEQ : 20174820200, PART : 52124713AD, SCAN P52124713AD, CELL [1,2]
14:21:46:23 | I | Matching ok | SEQ : 20174820190, PART : 04578885AC, SCAN P04578885AC, CELL [1,3]
14:21:49:66 | I | Matching ok | SEQ : 20174820180, PART : 52124713AD, SCAN P52124713AD, CELL [1,4]
14:21:53:61 | I | Matching ok | SEQ : 20174820170, PART : 52124713AD, SCAN P52124713AD, CELL [1,5]
14:22:01:91 | I | Matching ok | SEQ : 20174820160, PART : 52124713AD, SCAN P52124713AD, CELL [1,6]
14:22:08:13 | I | Matching ok | SEQ : 20174820270, PART : 52124713AD, SCAN P52124713AD, CELL [2,1]
14:22:11:28 | I | Matching ok | SEQ : 20174820260, PART : 04578885AC, SCAN P04578885AC, CELL [2,2]
14:22:15:43 | I | Matching ok | SEQ : 20174820250, PART : 04578885AC, SCAN P04578885AC, CELL [2,3]
14:22:18:53 | I | Matching ok | SEQ : 20174820240, PART : 52124713AD, SCAN P52124713AD, CELL [2,4]
14:22:23:18 | I | Matching ok | SEQ : 20174820230, PART : 04578885AC, SCAN P04578885AC, CELL [2,5]
14:22:25:20 | I | Matching ok | SEQ : 20174820220, PART : N/A, SCAN N/A, CELL [2,6]
14:32:25:57 | I | Matching ok | SEQ : 20174820330, PART : 04578885AC, SCAN P04578885AC, CELL [1,1]
14:32:28:65 | I | Matching ok | SEQ : 20174820320, PART : 04578885AC, SCAN P04578885AC, CELL [1,2]
14:32:30:66 | I | Matching ok | SEQ : 20174820310, PART : N/A, SCAN N/A, CELL [1,3]
14:32:34:23 | I | Matching ok | SEQ : 20174820300, PART : 52124713AD, SCAN P52124713AD, CELL [1,4]
14:32:36:24 | I | Matching ok | SEQ : 20174820290, PART : N/A, SCAN N/A, CELL [1,5]
14:32:39:30 | I | Matching ok | SEQ : 20174820280, PART : 52124713AD, SCAN P52124713AD, CELL [1,6]
14:32:41:33 | I | Matching ok | SEQ : 20174820390, PART : N/A, SCAN N/A, CELL [2,1]
14:32:44:15 | I | Matching ok | SEQ : 20174820380, PART : 52124713AD, SCAN P52124713AD, CELL [2,2]
14:32:46:93 | I | Matching ok | SEQ : 20174820370, PART : 04578885AC, SCAN P04578885AC, CELL [2,3]
14:32:49:80 | I | Matching ok | SEQ : 20174820360, PART : 52124713AD, SCAN P52124713AD, CELL [2,4]
14:32:52:42 | I | Matching ok | SEQ : 20174820350, PART : 52124713AD, SCAN P52124713AD, CELL [2,5]
14:32:55:20 | I | Matching ok | SEQ : 20174820340, PART : 52124713AD, SCAN P52124713AD, CELL [2,6]
14:50:47:58 | I | Matching ok | SEQ : 20174820450, PART : 52124713AD, SCAN P52124713AD, CELL [1,1]
14:50:50:30 | I | Matching ok | SEQ : 20174820440, PART : 04578885AC, SCAN P04578885AC, CELL [1,2]
14:50:52:31 | I | Matching ok | SEQ : 20174820430, PART : N/A, SCAN N/A, CELL [1,3]
14:50:54:53 | I | Matching ok | SEQ : 20174820420, PART : 52124713AD, SCAN P52124713AD, CELL [1,4]
14:50:57:30 | I | Matching ok | SEQ : 20174820410, PART : 52124713AD, SCAN P52124713AD, CELL [1,5]
14:51:00:10 | I | Matching ok | SEQ : 20174820400, PART : 04578885AC, SCAN P04578885AC, CELL [1,6]
14:51:02:70 | I | Matching ok | SEQ : 20174820510, PART : 04578885AC, SCAN P04578885AC, CELL [2,1]
14:51:05:93 | I | Matching ok | SEQ : 20174820500, PART : 04578885AC, SCAN P04578885AC, CELL [2,2]
14:51:07:95 | I | Matching ok | SEQ : 20174820490, PART : N/A, SCAN N/A, CELL [2,3]
14:51:10:95 | I | Matching ok | SEQ : 20174820480, PART : 04578885AC, SCAN P04578885AC, CELL [2,4]
14:51:12:96 | I | Matching ok | SEQ : 20174820470, PART : N/A, SCAN N/A, CELL [2,5]
14:51:17:73 | I | Matching ok | SEQ : 20174820460, PART : 52124713AD, SCAN P52124713AD, CELL [2,6]
15:07:08:90 | I | Matching ok | SEQ : 20174820570, PART : 04578885AC, SCAN P04578885AC, CELL [1,1]
15:07:12:92 | I | Matching ok | SEQ : 20174820560, PART : 04578885AC, SCAN P04578885AC, CELL [1,2]
15:07:14:94 | I | Matching ok | SEQ : 20174820550, PART : N/A, SCAN N/A, CELL [1,3]
15:07:18:22 | I | Matching ok | SEQ : 20174820540, PART : 52124713AD, SCAN P52124713AD, CELL [1,4]
15:07:21:90 | I | Matching ok | SEQ : 20174820530, PART : 04578885AC, SCAN P04578885AC, CELL [1,5]
15:07:25:45 | I | Matching ok | SEQ : 20174820520, PART : 52124713AD, SCAN P52124713AD, CELL [1,6]
15:07:28:80 | I | Matching ok | SEQ : 20174820630, PART : 52124713AD, SCAN P52124713AD, CELL [2,1]
15:07:32:58 | I | Matching ok | SEQ : 20174820620, PART : 52124713AD, SCAN P52124713AD, CELL [2,2]
15:07:34:58 | I | Matching ok | SEQ : 20174820610, PART : N/A, SCAN N/A, CELL [2,3]
15:07:57:23 | I | Matching ok | SEQ : 20174820600, PART : 52124713AD, SCAN P52124713AD, CELL [2,4]
15:08:02:38 | I | Matching ok | SEQ : 20174820590, PART : 52124713AD, SCAN P52124713AD, CELL [2,5]
15:08:06:33 | I | Matching ok | SEQ : 20174820580, PART : 52124713AD, SCAN P52124713AD, CELL [2,6]
15:21:44:19 | I | Matching ok | SEQ : 20174820690, PART : 04578885AC, SCAN P04578885AC, CELL [1,1]
15:21:46:70 | I | Matching ok | SEQ : 20174820680, PART : 52124713AD, SCAN P52124713AD, CELL [1,2]
15:21:49:22 | I | Matching ok | SEQ : 20174820670, PART : 52124713AD, SCAN P52124713AD, CELL [1,3]
15:21:51:90 | I | Matching ok | SEQ : 20174820660, PART : 52124713AD, SCAN P52124713AD, CELL [1,4]
15:21:54:42 | I | Matching ok | SEQ : 20174820650, PART : 04578885AC, SCAN P04578885AC, CELL [1,5]
15:21:56:80 | I | Matching ok | SEQ : 20174820640, PART : 52124713AD, SCAN P52124713AD, CELL [1,6]
15:21:59:47 | I | Matching ok | SEQ : 20174820750, PART : 04578885AC, SCAN P04578885AC, CELL [2,1]
15:22:02:47 | I | Matching ok | SEQ : 20174820740, PART : 52124713AD, SCAN P52124713AD, CELL [2,2]
15:22:04:51 | I | Matching ok | SEQ : 20174820730, PART : N/A, SCAN N/A, CELL [2,3]
15:22:07:15 | I | Matching ok | SEQ : 20174820720, PART : 52124713AD, SCAN P52124713AD, CELL [2,4]
15:22:09:67 | I | Matching ok | SEQ : 20174820710, PART : 52124713AD, SCAN P52124713AD, CELL [2,5]
15:22:11:70 | I | Matching ok | SEQ : 20174820700, PART : N/A, SCAN N/A, CELL [2,6]
15:29:44:91 | I | Matching ok | SEQ : 20174820810, PART : 52124713AD, SCAN P52124713AD, CELL [1,1]
15:29:48:63 | I | Matching ok | SEQ : 20174820800, PART : 52124713AD, SCAN P52124713AD, CELL [1,2]
15:29:51:68 | I | Matching ok | SEQ : 20174820790, PART : 52124713AD, SCAN P52124713AD, CELL [1,3]
15:29:55:11 | I | Matching ok | SEQ : 20174820780, PART : 52124713AD, SCAN P52124713AD, CELL [1,4]
15:29:57:13 | I | Matching ok | SEQ : 20174820770, PART : N/A, SCAN N/A, CELL [1,5]
15:30:02:14 | I | Matching ok | SEQ : 20174820760, PART : 04578885AC, SCAN P04578885AC, CELL [1,6]
15:30:07:58 | I | Matching ok | SEQ : 20174820870, PART : 52124713AD, SCAN P52124713AD, CELL [2,1]
15:30:11:36 | I | Matching ok | SEQ : 20174820860, PART : 52124713AD, SCAN P52124713AD, CELL [2,2]
15:30:14:24 | I | Matching ok | SEQ : 20174820850, PART : 04578885AC, SCAN P04578885AC, CELL [2,3]
15:30:16:96 | I | Matching ok | SEQ : 20174820840, PART : 04578885AC, SCAN P04578885AC, CELL [2,4]
15:30:19:43 | I | Matching ok | SEQ : 20174820830, PART : 52124713AD, SCAN P52124713AD, CELL [2,5]
15:30:21:86 | I | Matching ok | SEQ : 20174820820, PART : 52124713AD, SCAN P52124713AD, CELL [2,6]
15:45:29:68 | I | Matching ok | SEQ : 20174820930, PART : 52124713AD, SCAN P52124713AD, CELL [1,1]
15:45:32:31 | I | Matching ok | SEQ : 20174820920, PART : 52124713AD, SCAN P52124713AD, CELL [1,2]
15:45:34:76 | I | Matching ok | SEQ : 20174820910, PART : 52124713AD, SCAN P52124713AD, CELL [1,3]
15:45:37:31 | I | Matching ok | SEQ : 20174820900, PART : 52124713AD, SCAN P52124713AD, CELL [1,4]
15:45:39:98 | I | Matching ok | SEQ : 20174820890, PART : 04578885AC, SCAN P04578885AC, CELL [1,5]
15:45:42:21 | I | Matching ok | SEQ : 20174820880, PART : 52124713AD, SCAN P52124713AD, CELL [1,6]
15:45:46:66 | I | Matching ok | SEQ : 20174820990, PART : 52124713AD, SCAN P52124713AD, CELL [2,1]
15:45:52:49 | I | Matching ok | SEQ : 20174820980, PART : 52124713AD, SCAN P52124713AD, CELL [2,2]
15:45:57:76 | I | Matching ok | SEQ : 20174820970, PART : 52124713AD, SCAN P52124713AD, CELL [2,3]
15:46:00:41 | I | Matching ok | SEQ : 20174820960, PART : 04578885AC, SCAN P04578885AC, CELL [2,4]
15:46:02:61 | I | Matching ok | SEQ : 20174820950, PART : 52124713AD, SCAN P52124713AD, CELL [2,5]
15:46:04:04 | I | Matching ok | SEQ : 20174820940, PART : 52124713AD, SCAN P52124713AD, CELL [2,6]
15:57:16:83 | I | Matching ok | SEQ : 20174821050, PART : 04578885AC, SCAN P04578885AC, CELL [1,1]
15:57:20:16 | I | Matching ok | SEQ : 20174821040, PART : 52124713AD, SCAN P52124713AD, CELL [1,2]
15:57:22:17 | I | Matching ok | SEQ : 20174821030, PART : N/A, SCAN N/A, CELL [1,3]
15:57:25:60 | I | Matching ok | SEQ : 20174821020, PART : 52124713AD, SCAN P52124713AD, CELL [1,4]
15:57:30:38 | I | Matching ok | SEQ : 20174821010, PART : 52124713AD, SCAN P52124713AD, CELL [1,5]
15:57:34:08 | I | Matching ok | SEQ : 20174821000, PART : 52124713AD, SCAN P52124713AD, CELL [1,6]
15:57:38:55 | I | Matching ok | SEQ : 20174821110, PART : 52124713AD, SCAN P52124713AD, CELL [2,1]
15:57:43:68 | I | Matching ok | SEQ : 20174821100, PART : 52124713AD, SCAN P52124713AD, CELL [2,2]
15:58:16:33 | I | Matching ok | SEQ : 20174821090, PART : 04578885AC, SCAN P04578885AC, CELL [2,3]
15:58:18:35 | I | Matching ok | SEQ : 20174821080, PART : N/A, SCAN N/A, CELL [2,4]
15:58:21:50 | I | Matching ok | SEQ : 20174821070, PART : 52124713AD, SCAN P52124713AD, CELL [2,5]
15:58:25:88 | I | Matching ok | SEQ : 20174821060, PART : 52124713AD, SCAN P52124713AD, CELL [2,6]
16:08:36:82 | I | Matching ok | SEQ : 20174821170, PART : 04578885AC, SCAN P04578885AC, CELL [1,1]
16:08:40:29 | I | Matching ok | SEQ : 20174821160, PART : 04578885AC, SCAN P04578885AC, CELL [1,2]
16:08:43:82 | I | Matching ok | SEQ : 20174821150, PART : 52124713AD, SCAN P52124713AD, CELL [1,3]
16:08:47:19 | I | Matching ok | SEQ : 20174821140, PART : 04578885AC, SCAN P04578885AC, CELL [1,4]
16:08:51:17 | I | Matching ok | SEQ : 20174821130, PART : 04578885AC, SCAN P04578885AC, CELL [1,5]
16:08:54:87 | I | Matching ok | SEQ : 20174821120, PART : 52124713AD, SCAN P52124713AD, CELL [1,6]
16:08:58:77 | I | Matching ok | SEQ : 20174821230, PART : 04578885AC, SCAN P04578885AC, CELL [2,1]
16:09:00:81 | I | Matching ok | SEQ : 20174821220, PART : N/A, SCAN N/A, CELL [2,2]
16:09:03:42 | I | Matching ok | SEQ : 20174821210, PART : 52124713AD, SCAN P52124713AD, CELL [2,3]
16:09:07:74 | I | Matching ok | SEQ : 20174821200, PART : 04578885AC, SCAN P04578885AC, CELL [2,4]
16:09:13:17 | I | Matching ok | SEQ : 20174821190, PART : 52124713AD, SCAN P52124713AD, CELL [2,5]
16:09:17:02 | I | Matching ok | SEQ : 20174821180, PART : 52124713AD, SCAN P52124713AD, CELL [2,6]
16:09:19:06 | I | Matching ok | SEQ : 20174821290, PART : N/A, SCAN N/A, CELL [1,1]
16:19:41:06 | I | Matching ok | SEQ : 20174821280, PART : 52124713AD, SCAN P52124713AD, CELL [1,2]
16:19:45:03 | I | Matching ok | SEQ : 20174821270, PART : 52124713AD, SCAN P52124713AD, CELL [1,3]
16:19:49:23 | I | Matching ok | SEQ : 20174821260, PART : 52124713AD, SCAN P52124713AD, CELL [1,4]
16:19:51:25 | I | Matching ok | SEQ : 20174821250, PART : N/A, SCAN N/A, CELL [1,5]
16:19:54:96 | I | Matching ok | SEQ : 20174821240, PART : 52124713AD, SCAN P52124713AD, CELL [1,6]
16:19:59:16 | I | Matching ok | SEQ : 20174821350, PART : 52124713AD, SCAN P52124713AD, CELL [2,1]
16:20:03:19 | I | Matching ok | SEQ : 20174821340, PART : 52124713AD, SCAN P52124713AD, CELL [2,2]
16:20:07:18 | I | Matching ok | SEQ : 20174821330, PART : 04578885AC, SCAN P04578885AC, CELL [2,3]
16:20:09:19 | I | Matching ok | SEQ : 20174821320, PART : N/A, SCAN N/A, CELL [2,4]
16:20:11:66 | I | Matching ok | SEQ : 20174821310, PART : 52124713AD, SCAN P52124713AD, CELL [2,5]
16:20:15:98 | I | Matching ok | SEQ : 20174821300, PART : 52124713AD, SCAN P52124713AD, CELL [2,6]
16:30:12:70 | I | Matching ok | SEQ : 20174821410, PART : 52124713AD, SCAN P52124713AD, CELL [1,1]
16:30:15:55 | I | Matching ok | SEQ : 20174821400, PART : 52124713AD, SCAN P52124713AD, CELL [1,2]
16:30:19:02 | I | Matching ok | SEQ : 20174821390, PART : 04578885AC, SCAN P04578885AC, CELL [1,3]
16:30:22:52 | I | Matching ok | SEQ : 20174821380, PART : 52124713AD, SCAN P52124713AD, CELL [1,4]
16:30:24:56 | I | Matching ok | SEQ : 20174821370, PART : N/A, SCAN N/A, CELL [1,5]
16:30:29:23 | I | Matching ok | SEQ : 20174821360, PART : 52124713AD, SCAN P52124713AD, CELL [1,6]
16:30:33:75 | I | Matching ok | SEQ : 20174821470, PART : 52124713AD, SCAN P52124713AD, CELL [2,1]
16:30:35:77 | I | Matching ok | SEQ : 20174821460, PART : N/A, SCAN N/A, CELL [2,2]
16:30:37:81 | I | Matching ok | SEQ : 20174821450, PART : N/A, SCAN N/A, CELL [2,3]
16:30:43:22 | I | Matching ok | SEQ : 20174821440, PART : 52124713AD, SCAN P52124713AD, CELL [2,4]
16:30:45:24 | I | Matching ok | SEQ : 20174821430, PART : N/A, SCAN N/A, CELL [2,5]
16:30:54:00 | I | Matching ok | SEQ : 20174821420, PART : 52124713AD, SCAN P52124713AD, CELL [2,6]
16:39:53:77 | I | Matching ok | SEQ : 20174821530, PART : 52124713AD, SCAN P52124713AD, CELL [1,1]
16:39:56:89 | I | Matching ok | SEQ : 20174821520, PART : 04578885AC, SCAN P04578885AC, CELL [1,2]
16:40:00:17 | I | Matching ok | SEQ : 20174821510, PART : 04578885AC, SCAN P04578885AC, CELL [1,3]
16:40:03:46 | I | Matching ok | SEQ : 20174821500, PART : 52124713AD, SCAN P52124713AD, CELL [1,4]
16:40:06:41 | I | Matching ok | SEQ : 20174821490, PART : 52124713AD, SCAN P52124713AD, CELL [1,5]
16:40:12:14 | I | Matching ok | SEQ : 20174821480, PART : 04578885AC, SCAN P04578885AC, CELL [1,6]
16:40:14:16 | I | Matching ok | SEQ : 20174821590, PART : N/A, SCAN N/A, CELL [2,1]
16:40:18:06 | I | Matching ok | SEQ : 20174821580, PART : 52124713AD, SCAN P52124713AD, CELL [2,2]
16:40:20:07 | I | Matching ok | SEQ : 20174821570, PART : N/A, SCAN N/A, CELL [2,3]
16:40:24:81 | I | Matching ok | SEQ : 20174821560, PART : 52124713AD, SCAN P52124713AD, CELL [2,4]
16:40:27:81 | I | Matching ok | SEQ : 20174821550, PART : 04578885AC, SCAN P04578885AC, CELL [2,5]
16:40:30:81 | I | Matching ok | SEQ : 20174821540, PART : 52124713AD, SCAN P52124713AD, CELL [2,6]
16:51:24:23 | I | Matching ok | SEQ : 20174821650, PART : 52124713AD, SCAN P52124713AD, CELL [1,1]
16:51:26:76 | I | Matching ok | SEQ : 20174821640, PART : 52124713AD, SCAN P52124713AD, CELL [1,2]
16:51:29:53 | I | Matching ok | SEQ : 20174821630, PART : 52124713AD, SCAN P52124713AD, CELL [1,3]
16:51:34:51 | W | Mismatching | SEQ : 20174821620, PART : 04578885AC, SCAN TQ41967C0618, CELL [1,4]
16:51:41:86 | I | Matching ok | SEQ : 20174821620, PART : 04578885AC, SCAN P04578885AC, CELL [1,4]
16:51:45:96 | I | Matching ok | SEQ : 20174821610, PART : 04578885AC, SCAN P04578885AC, CELL [1,5]
16:51:53:88 | I | Matching ok | SEQ : 20174821600, PART : 04578885AC, SCAN P04578885AC, CELL [1,6]
16:51:56:81 | I | Matching ok | SEQ : 20174821710, PART : 52124713AD, SCAN P52124713AD, CELL [2,1]
16:51:59:71 | I | Matching ok | SEQ : 20174821700, PART : 52124713AD, SCAN P52124713AD, CELL [2,2]
16:52:03:33 | I | Matching ok | SEQ : 20174821690, PART : 52124713AD, SCAN P52124713AD, CELL [2,3]
16:52:05:37 | I | Matching ok | SEQ : 20174821680, PART : N/A, SCAN N/A, CELL [2,4]
16:52:07:96 | I | Matching ok | SEQ : 20174821670, PART : 52124713AD, SCAN P52124713AD, CELL [2,5]
16:52:09:97 | I | Matching ok | SEQ : 20174821660, PART : N/A, SCAN N/A, CELL [2,6]
16:52:12:01 | I | Matching ok | SEQ : 20174821770, PART : N/A, SCAN N/A, CELL [1,1]
