00:04:11:35 | I | Matching ok | SEQ : 20174865930, PART : 52124713AD, SCAN P52124713AD, CELL [1,1]
00:04:14:85 | I | Matching ok | SEQ : 20174865920, PART : 04578885AC, SCAN P04578885AC, CELL [1,2]
00:04:45:08 | I | Matching ok | SEQ : 20174865910, PART : 52124713AD, SCAN P52124713AD, CELL [1,3]
00:04:49:02 | I | Matching ok | SEQ : 20174865900, PART : 52124713AD, SCAN P52124713AD, CELL [1,4]
00:04:55:67 | I | Matching ok | SEQ : 20174865890, PART : 04578885AC, SCAN P04578885AC, CELL [1,5]
00:04:59:89 | I | Matching ok | SEQ : 20174865880, PART : 52124713AD, SCAN P52124713AD, CELL [1,6]
00:05:01:90 | I | Matching ok | SEQ : 20174865990, PART : N/A, SCAN N/A, CELL [2,1]
00:05:05:85 | I | Matching ok | SEQ : 20174865980, PART : 04578885AC, SCAN P04578885AC, CELL [2,2]
00:05:09:50 | I | Matching ok | SEQ : 20174865970, PART : 52124713AD, SCAN P52124713AD, CELL [2,3]
00:05:17:67 | I | Matching ok | SEQ : 20174865960, PART : 52124713AD, SCAN P52124713AD, CELL [2,4]
00:05:21:90 | I | Matching ok | SEQ : 20174865950, PART : 04578885AC, SCAN P04578885AC, CELL [2,5]
00:05:23:90 | I | Matching ok | SEQ : 20174865940, PART : N/A, SCAN N/A, CELL [2,6]
00:05:26:07 | I | Matching ok | SEQ : 20174866050, PART : N/A, SCAN N/A, CELL [1,1]
00:14:28:63 | W | Mismatching | SEQ : 20174866040, PART : 52124713AD, SCAN P52124712AD, CELL [1,2]
00:14:57:26 | W | Mismatching | SEQ : 20174866040, PART : 52124713AD, SCAN P52124712AD, CELL [1,2]
00:17:22:81 | I | Matching ok | SEQ : 20174866040, PART : 52124713AD, SCAN P52124713AD, CELL [1,2]
00:17:24:83 | I | Matching ok | SEQ : 20174866030, PART : N/A, SCAN N/A, CELL [1,3]
00:17:26:84 | I | Matching ok | SEQ : 20174866020, PART : N/A, SCAN N/A, CELL [1,4]
00:18:01:54 | I | Matching ok | SEQ : 20174866010, PART : 04578885AC, SCAN P04578885AC, CELL [1,5]
00:18:05:09 | I | Matching ok | SEQ : 20174866000, PART : 52124713AD, SCAN P52124713AD, CELL [1,6]
00:18:08:86 | I | Matching ok | SEQ : 20174866110, PART : 04578885AC, SCAN P04578885AC, CELL [2,1]
00:18:10:88 | I | Matching ok | SEQ : 20174866100, PART : N/A, SCAN N/A, CELL [2,2]
00:18:29:49 | I | Matching ok | SEQ : 20174866090, PART : 52124713AD, SCAN P52124713AD, CELL [2,3]
00:18:31:52 | I | Matching ok | SEQ : 20174866080, PART : N/A, SCAN N/A, CELL [2,4]
00:18:38:21 | I | Matching ok | SEQ : 20174866070, PART : 52124713AD, SCAN P52124713AD, CELL [2,5]
00:18:40:22 | I | Matching ok | SEQ : 20174866060, PART : N/A, SCAN N/A, CELL [2,6]
00:26:36:85 | I | Matching ok | SEQ : 20174866170, PART : 52124713AD, SCAN P52124713AD, CELL [1,1]
00:26:38:88 | I | Matching ok | SEQ : 20174866160, PART : N/A, SCAN N/A, CELL [1,2]
00:26:46:00 | I | Matching ok | SEQ : 20174866150, PART : 04578885AC, SCAN P04578885AC, CELL [1,3]
00:26:51:80 | I | Matching ok | SEQ : 20174866140, PART : 04578885AC, SCAN P04578885AC, CELL [1,4]
00:26:55:43 | I | Matching ok | SEQ : 20174866130, PART : 52124713AD, SCAN P52124713AD, CELL [1,5]
00:26:57:45 | I | Matching ok | SEQ : 20174866120, PART : N/A, SCAN N/A, CELL [1,6]
00:27:27:33 | I | Matching ok | SEQ : 20174866230, PART : 52124713AD, SCAN P52124713AD, CELL [2,1]
00:27:29:35 | I | Matching ok | SEQ : 20174866220, PART : N/A, SCAN N/A, CELL [2,2]
00:27:34:13 | I | Matching ok | SEQ : 20174866210, PART : 04578885AC, SCAN P04578885AC, CELL [2,3]
00:27:53:90 | I | Matching ok | SEQ : 20174866200, PART : 52124713AD, SCAN P52124713AD, CELL [2,4]
00:27:58:50 | I | Matching ok | SEQ : 20174866190, PART : 52124713AD, SCAN P52124713AD, CELL [2,5]
00:28:03:33 | I | Matching ok | SEQ : 20174866180, PART : 04578885AC, SCAN P04578885AC, CELL [2,6]
00:28:05:45 | I | Matching ok | SEQ : 20174866290, PART : N/A, SCAN N/A, CELL [1,1]
00:46:41:18 | I | Matching ok | SEQ : 20174866280, PART : 52124713AD, SCAN P52124713AD, CELL [1,2]
00:46:44:61 | W | Mismatching | SEQ : 20174866270, PART : 04578885AC, SCAN TQ42107C1134, CELL [1,3]
00:46:52:45 | I | Matching ok | SEQ : 20174866270, PART : 04578885AC, SCAN P04578885AC, CELL [1,3]
00:46:55:23 | I | Matching ok | SEQ : 20174866260, PART : 52124713AD, SCAN P52124713AD, CELL [1,4]
00:46:59:75 | I | Matching ok | SEQ : 20174866250, PART : 52124713AD, SCAN P52124713AD, CELL [1,5]
00:47:10:36 | I | Matching ok | SEQ : 20174866240, PART : 04578885AC, SCAN P04578885AC, CELL [1,6]
00:47:13:69 | I | Matching ok | SEQ : 20174866350, PART : 52124713AD, SCAN P52124713AD, CELL [2,1]
00:47:26:06 | I | Matching ok | SEQ : 20174866340, PART : 52124713AD, SCAN P52124713AD, CELL [2,2]
00:47:29:78 | I | Matching ok | SEQ : 20174866330, PART : 04578885AC, SCAN P04578885AC, CELL [2,3]
00:47:31:82 | I | Matching ok | SEQ : 20174866320, PART : N/A, SCAN N/A, CELL [2,4]
00:47:33:83 | I | Matching ok | SEQ : 20174866310, PART : N/A, SCAN N/A, CELL [2,5]
00:51:13:44 | I | Matching ok | SEQ : 20174866300, PART : 52124713AD, SCAN P52124713AD, CELL [2,6]
00:51:15:56 | I | Matching ok | SEQ : 20174866410, PART : N/A, SCAN N/A, CELL [1,1]
00:55:51:39 | I | Matching ok | SEQ : 20174866400, PART : 52124713AD, SCAN P52124713AD, CELL [1,2]
00:55:56:32 | I | Matching ok | SEQ : 20174866390, PART : 52124713AD, SCAN P52124713AD, CELL [1,3]
00:55:58:34 | I | Matching ok | SEQ : 20174866380, PART : N/A, SCAN N/A, CELL [1,4]
00:56:00:35 | I | Matching ok | SEQ : 20174866370, PART : N/A, SCAN N/A, CELL [1,5]
00:56:02:36 | I | Matching ok | SEQ : 20174866360, PART : N/A, SCAN N/A, CELL [1,6]
00:56:04:72 | I | Matching ok | SEQ : 20174866470, PART : 52124713AD, SCAN P52124713AD, CELL [2,1]
00:56:06:73 | I | Matching ok | SEQ : 20174866460, PART : N/A, SCAN N/A, CELL [2,2]
00:56:08:76 | I | Matching ok | SEQ : 20174866450, PART : N/A, SCAN N/A, CELL [2,3]
00:56:12:82 | I | Matching ok | SEQ : 20174866440, PART : 04578885AC, SCAN P04578885AC, CELL [2,4]
00:56:18:12 | I | Matching ok | SEQ : 20174866430, PART : 52124713AD, SCAN P52124713AD, CELL [2,5]
00:56:20:13 | I | Matching ok | SEQ : 20174866420, PART : N/A, SCAN N/A, CELL [2,6]
00:56:22:25 | I | Matching ok | SEQ : 20174866530, PART : N/A, SCAN N/A, CELL [1,1]
01:05:54:63 | I | Matching ok | SEQ : 20174866520, PART : 52124713AD, SCAN P52124713AD, CELL [1,2]
01:05:56:67 | I | Matching ok | SEQ : 20174866510, PART : N/A, SCAN N/A, CELL [1,3]
01:06:01:21 | I | Matching ok | SEQ : 20174866500, PART : 52124713AD, SCAN P52124713AD, CELL [1,4]
01:06:08:38 | I | Matching ok | SEQ : 20174866490, PART : 52124713AD, SCAN P52124713AD, CELL [1,5]
01:06:10:39 | I | Matching ok | SEQ : 20174866480, PART : N/A, SCAN N/A, CELL [1,6]
01:06:12:42 | I | Matching ok | SEQ : 20174866590, PART : N/A, SCAN N/A, CELL [2,1]
01:06:14:43 | I | Matching ok | SEQ : 20174866580, PART : N/A, SCAN N/A, CELL [2,2]
01:06:25:41 | I | Matching ok | SEQ : 20174866570, PART : 04578885AC, SCAN P04578885AC, CELL [2,3]
01:06:30:56 | I | Matching ok | SEQ : 20174866560, PART : 52124713AD, SCAN P52124713AD, CELL [2,4]
01:06:32:58 | I | Matching ok | SEQ : 20174866550, PART : N/A, SCAN N/A, CELL [2,5]
01:06:36:26 | I | Matching ok | SEQ : 20174866540, PART : 52124713AD, SCAN P52124713AD, CELL [2,6]
01:15:13:43 | I | Matching ok | SEQ : 20174866650, PART : 52124713AD, SCAN P52124713AD, CELL [1,1]
01:15:19:30 | I | Matching ok | SEQ : 20174866640, PART : 04578885AC, SCAN P04578885AC, CELL [1,2]
01:15:21:31 | I | Matching ok | SEQ : 20174866630, PART : N/A, SCAN N/A, CELL [1,3]
01:15:23:32 | I | Matching ok | SEQ : 20174866620, PART : N/A, SCAN N/A, CELL [1,4]
01:15:25:34 | I | Matching ok | SEQ : 20174866610, PART : N/A, SCAN N/A, CELL [1,5]
01:15:30:65 | I | Matching ok | SEQ : 20174866600, PART : 52124713AD, SCAN P52124713AD, CELL [1,6]
01:15:34:87 | I | Matching ok | SEQ : 20174866710, PART : 04578885AC, SCAN P04578885AC, CELL [2,1]
01:15:44:75 | I | Matching ok | SEQ : 20174866700, PART : 52124713AD, SCAN P52124713AD, CELL [2,2]
01:15:46:75 | I | Matching ok | SEQ : 20174866690, PART : N/A, SCAN N/A, CELL [2,3]
01:15:58:18 | I | Matching ok | SEQ : 20174866680, PART : 52124713AD, SCAN P52124713AD, CELL [2,4]
01:16:01:87 | I | Matching ok | SEQ : 20174866670, PART : 04578885AC, SCAN P04578885AC, CELL [2,5]
01:16:03:90 | I | Matching ok | SEQ : 20174866660, PART : N/A, SCAN N/A, CELL [2,6]
01:16:05:97 | I | Matching ok | SEQ : 20174866770, PART : N/A, SCAN N/A, CELL [1,1]
01:25:03:93 | I | Matching ok | SEQ : 20174866760, PART : 04578885AC, SCAN P04578885AC, CELL [1,2]
01:25:10:46 | I | Matching ok | SEQ : 20174866750, PART : 04578885AC, SCAN P04578885AC, CELL [1,3]
01:25:15:71 | I | Matching ok | SEQ : 20174866740, PART : 52124713AD, SCAN P52124713AD, CELL [1,4]
01:25:20:19 | I | Matching ok | SEQ : 20174866730, PART : 52124713AD, SCAN P52124713AD, CELL [1,5]
01:25:22:22 | I | Matching ok | SEQ : 20174866720, PART : N/A, SCAN N/A, CELL [1,6]
01:25:24:27 | I | Matching ok | SEQ : 20174866830, PART : N/A, SCAN N/A, CELL [2,1]
01:25:30:89 | I | Matching ok | SEQ : 20174866820, PART : 52124713AD, SCAN P52124713AD, CELL [2,2]
01:25:35:91 | I | Matching ok | SEQ : 20174866810, PART : 52124713AD, SCAN P52124713AD, CELL [2,3]
01:25:37:94 | I | Matching ok | SEQ : 20174866800, PART : N/A, SCAN N/A, CELL [2,4]
01:25:44:09 | I | Matching ok | SEQ : 20174866790, PART : 52124713AD, SCAN P52124713AD, CELL [2,5]
01:25:48:19 | I | Matching ok | SEQ : 20174866780, PART : 52124713AD, SCAN P52124713AD, CELL [2,6]
01:25:50:40 | I | Matching ok | SEQ : 20174866890, PART : N/A, SCAN N/A, CELL [1,1]
01:38:34:31 | I | Matching ok | SEQ : 20174866880, PART : 52124713AD, SCAN P52124713AD, CELL [1,2]
01:38:36:33 | I | Matching ok | SEQ : 20174866870, PART : N/A, SCAN N/A, CELL [1,3]
01:38:45:28 | I | Matching ok | SEQ : 20174866860, PART : 52124713AD, SCAN P52124713AD, CELL [1,4]
01:38:47:31 | I | Matching ok | SEQ : 20174866850, PART : N/A, SCAN N/A, CELL [1,5]
01:39:01:83 | I | Matching ok | SEQ : 20174866840, PART : 52124713AD, SCAN P52124713AD, CELL [1,6]
01:39:05:71 | I | Matching ok | SEQ : 20174866950, PART : 52124713AD, SCAN P52124713AD, CELL [2,1]
01:39:09:48 | I | Matching ok | SEQ : 20174866940, PART : 52124713AD, SCAN P52124713AD, CELL [2,2]
01:39:11:50 | I | Matching ok | SEQ : 20174866930, PART : N/A, SCAN N/A, CELL [2,3]
01:39:35:21 | I | Matching ok | SEQ : 20174866920, PART : 52124713AD, SCAN P52124713AD, CELL [2,4]
01:39:37:22 | I | Matching ok | SEQ : 20174866910, PART : N/A, SCAN N/A, CELL [2,5]
01:39:42:11 | I | Matching ok | SEQ : 20174866900, PART : 52124713AD, SCAN P52124713AD, CELL [2,6]
01:39:44:44 | I | Matching ok | SEQ : 20174867010, PART : N/A, SCAN N/A, CELL [1,1]
01:51:30:43 | I | Matching ok | SEQ : 20174867000, PART : 52124713AD, SCAN P52124713AD, CELL [1,2]
01:51:36:30 | I | Matching ok | SEQ : 20174866990, PART : 04578885AC, SCAN P04578885AC, CELL [1,3]
01:51:38:32 | I | Matching ok | SEQ : 20174866980, PART : N/A, SCAN N/A, CELL [1,4]
01:52:39:03 | I | Matching ok | SEQ : 20174866970, PART : 52124713AD, SCAN P52124713AD, CELL [1,5]
01:52:43:25 | I | Matching ok | SEQ : 20174866960, PART : 04578885AC, SCAN P04578885AC, CELL [1,6]
01:53:11:91 | I | Matching ok | SEQ : 20174867070, PART : 52124713AD, SCAN P52124713AD, CELL [2,1]
01:53:16:43 | I | Matching ok | SEQ : 20174867060, PART : 04578885AC, SCAN P04578885AC, CELL [2,2]
01:53:18:47 | I | Matching ok | SEQ : 20174867050, PART : N/A, SCAN N/A, CELL [2,3]
01:53:35:95 | I | Matching ok | SEQ : 20174867040, PART : 52124713AD, SCAN P52124713AD, CELL [2,4]
01:53:45:63 | I | Matching ok | SEQ : 20174867030, PART : 04578885AC, SCAN P04578885AC, CELL [2,5]
01:53:51:98 | I | Matching ok | SEQ : 20174867020, PART : 04578885AC, SCAN P04578885AC, CELL [2,6]
01:53:54:07 | I | Matching ok | SEQ : 20174867130, PART : N/A, SCAN N/A, CELL [1,1]
02:04:27:57 | I | Matching ok | SEQ : 20174867120, PART : 52124713AD, SCAN P52124713AD, CELL [1,2]
02:04:33:17 | I | Matching ok | SEQ : 20174867110, PART : 04578885AC, SCAN P04578885AC, CELL [1,3]
02:04:35:20 | I | Matching ok | SEQ : 20174867100, PART : N/A, SCAN N/A, CELL [1,4]
02:04:46:32 | I | Matching ok | SEQ : 20174867090, PART : 04578885AC, SCAN P04578885AC, CELL [1,5]
02:04:49:69 | I | Matching ok | SEQ : 20174867080, PART : 52124713AD, SCAN P52124713AD, CELL [1,6]
02:05:47:20 | W | Mismatching | SEQ : 20174867190, PART : 04578885AC, SCAN P52124713AD, CELL [2,1]
02:06:00:37 | I | Matching ok | SEQ : 20174867190, PART : 04578885AC, SCAN P04578885AC, CELL [2,1]
02:06:04:30 | I | Matching ok | SEQ : 20174867180, PART : 52124713AD, SCAN P52124713AD, CELL [2,2]
02:06:12:84 | I | Matching ok | SEQ : 20174867170, PART : 52124713AD, SCAN P52124713AD, CELL [2,3]
02:06:14:86 | I | Matching ok | SEQ : 20174867160, PART : N/A, SCAN N/A, CELL [2,4]
02:06:16:87 | I | Matching ok | SEQ : 20174867150, PART : N/A, SCAN N/A, CELL [2,5]
02:06:19:67 | I | Matching ok | SEQ : 20174867140, PART : 04578885AC, SCAN P04578885AC, CELL [2,6]
02:12:52:31 | I | Matching ok | SEQ : 20174867250, PART : 04578885AC, SCAN P04578885AC, CELL [1,1]
02:12:54:33 | I | Matching ok | SEQ : 20174867240, PART : N/A, SCAN N/A, CELL [1,2]
02:12:58:83 | I | Matching ok | SEQ : 20174867230, PART : 52124713AD, SCAN P52124713AD, CELL [1,3]
02:13:01:96 | I | Matching ok | SEQ : 20174867220, PART : 52124713AD, SCAN P52124713AD, CELL [1,4]
02:13:04:93 | I | Matching ok | SEQ : 20174867210, PART : 52124713AD, SCAN P52124713AD, CELL [1,5]
02:13:14:33 | I | Matching ok | SEQ : 20174867200, PART : 04578885AC, SCAN P04578885AC, CELL [1,6]
02:13:16:34 | I | Matching ok | SEQ : 20174867310, PART : N/A, SCAN N/A, CELL [2,1]
02:13:21:38 | I | Matching ok | SEQ : 20174867300, PART : 52124713AD, SCAN P52124713AD, CELL [2,2]
02:13:27:43 | I | Matching ok | SEQ : 20174867290, PART : 04578885AC, SCAN P04578885AC, CELL [2,3]
02:13:32:53 | I | Matching ok | SEQ : 20174867280, PART : 52124713AD, SCAN P52124713AD, CELL [2,4]
02:13:34:55 | I | Matching ok | SEQ : 20174867270, PART : N/A, SCAN N/A, CELL [2,5]
02:13:37:96 | I | Matching ok | SEQ : 20174867260, PART : 52124713AD, SCAN P52124713AD, CELL [2,6]
02:30:11:23 | I | Matching ok | SEQ : 20174867370, PART : 52124713AD, SCAN P52124713AD, CELL [1,1]
02:30:13:25 | I | Matching ok | SEQ : 20174867360, PART : N/A, SCAN N/A, CELL [1,2]
02:30:18:60 | I | Matching ok | SEQ : 20174867350, PART : 52124713AD, SCAN P52124713AD, CELL [1,3]
02:30:20:61 | I | Matching ok | SEQ : 20174867340, PART : N/A, SCAN N/A, CELL [1,4]
02:30:32:28 | I | Matching ok | SEQ : 20174867330, PART : 52124713AD, SCAN P52124713AD, CELL [1,5]
02:30:36:23 | I | Matching ok | SEQ : 20174867320, PART : 04578885AC, SCAN P04578885AC, CELL [1,6]
02:30:38:26 | I | Matching ok | SEQ : 20174867430, PART : N/A, SCAN N/A, CELL [2,1]
02:30:42:15 | I | Matching ok | SEQ : 20174867420, PART : 52124713AD, SCAN P52124713AD, CELL [2,2]
02:30:47:58 | I | Matching ok | SEQ : 20174867410, PART : 52124713AD, SCAN P52124713AD, CELL [2,3]
02:30:58:69 | I | Matching ok | SEQ : 20174867400, PART : 04578885AC, SCAN P04578885AC, CELL [2,4]
02:31:00:70 | I | Matching ok | SEQ : 20174867390, PART : N/A, SCAN N/A, CELL [2,5]
02:31:05:71 | I | Matching ok | SEQ : 20174867380, PART : 52124713AD, SCAN P52124713AD, CELL [2,6]
02:42:20:15 | I | Matching ok | SEQ : 20174867490, PART : 52124713AD, SCAN P52124713AD, CELL [1,1]
02:42:27:52 | I | Matching ok | SEQ : 20174867480, PART : 52124713AD, SCAN P52124713AD, CELL [1,2]
02:42:30:60 | I | Matching ok | SEQ : 20174867470, PART : 52124713AD, SCAN P52124713AD, CELL [1,3]
02:42:34:52 | I | Matching ok | SEQ : 20174867460, PART : 04578885AC, SCAN P04578885AC, CELL [1,4]
02:42:39:50 | I | Matching ok | SEQ : 20174867450, PART : 52124713AD, SCAN P52124713AD, CELL [1,5]
02:44:03:57 | I | Matching ok | SEQ : 20174867440, PART : 52124713AD, SCAN P52124713AD, CELL [1,6]
02:44:06:97 | I | Matching ok | SEQ : 20174867550, PART : 04578885AC, SCAN P04578885AC, CELL [2,1]
02:44:08:99 | I | Matching ok | SEQ : 20174867540, PART : N/A, SCAN N/A, CELL [2,2]
02:44:14:10 | I | Matching ok | SEQ : 20174867530, PART : 52124713AD, SCAN P52124713AD, CELL [2,3]
02:44:17:93 | I | Matching ok | SEQ : 20174867520, PART : 04578885AC, SCAN P04578885AC, CELL [2,4]
02:44:21:72 | I | Matching ok | SEQ : 20174867510, PART : 52124713AD, SCAN P52124713AD, CELL [2,5]
02:44:23:75 | I | Matching ok | SEQ : 20174867500, PART : N/A, SCAN N/A, CELL [2,6]
05:13:11:51 | I | Matching ok | SEQ : 20174867610, PART : 52124713AD, SCAN P52124713AD, CELL [1,1]
05:13:17:95 | I | Matching ok | SEQ : 20174867600, PART : 52124713AD, SCAN P52124713AD, CELL [1,2]
05:13:22:02 | I | Matching ok | SEQ : 20174867590, PART : 04578885AC, SCAN P04578885AC, CELL [1,3]
05:13:26:19 | I | Matching ok | SEQ : 20174867580, PART : 52124713AD, SCAN P52124713AD, CELL [1,4]
05:13:28:21 | I | Matching ok | SEQ : 20174867570, PART : N/A, SCAN N/A, CELL [1,5]
05:13:35:06 | I | Matching ok | SEQ : 20174867560, PART : 52124713AD, SCAN P52124713AD, CELL [1,6]
05:13:37:09 | I | Matching ok | SEQ : 20174867670, PART : N/A, SCAN N/A, CELL [2,1]
05:13:40:79 | I | Matching ok | SEQ : 20174867660, PART : 52124713AD, SCAN P52124713AD, CELL [2,2]
05:13:44:51 | I | Matching ok | SEQ : 20174867650, PART : 52124713AD, SCAN P52124713AD, CELL [2,3]
05:13:48:24 | I | Matching ok | SEQ : 20174867640, PART : 04578885AC, SCAN P04578885AC, CELL [2,4]
05:13:50:27 | I | Matching ok | SEQ : 20174867630, PART : N/A, SCAN N/A, CELL [2,5]
05:13:53:34 | I | Matching ok | SEQ : 20174867620, PART : 04578885AC, SCAN P04578885AC, CELL [2,6]
05:13:55:48 | I | Matching ok | SEQ : 20174867730, PART : N/A, SCAN N/A, CELL [1,1]
05:13:57:49 | I | Matching ok | SEQ : 20174867720, PART : N/A, SCAN N/A, CELL [1,2]
05:19:44:40 | I | Matching ok | SEQ : 20174867710, PART : 52124713AD, SCAN P52124713AD, CELL [1,3]
05:19:46:42 | I | Matching ok | SEQ : 20174867700, PART : N/A, SCAN N/A, CELL [1,4]
05:19:48:43 | I | Matching ok | SEQ : 20174867690, PART : N/A, SCAN N/A, CELL [1,5]
05:19:51:62 | I | Matching ok | SEQ : 20174867680, PART : 52124713AD, SCAN P52124713AD, CELL [1,6]
05:19:54:95 | I | Matching ok | SEQ : 20174867790, PART : 52124713AD, SCAN P52124713AD, CELL [2,1]
05:19:58:18 | I | Matching ok | SEQ : 20174867780, PART : 52124713AD, SCAN P52124713AD, CELL [2,2]
05:20:01:52 | I | Matching ok | SEQ : 20174867770, PART : 04578885AC, SCAN P04578885AC, CELL [2,3]
05:20:04:75 | I | Matching ok | SEQ : 20174867760, PART : 52124713AD, SCAN P52124713AD, CELL [2,4]
05:20:06:76 | I | Matching ok | SEQ : 20174867750, PART : N/A, SCAN N/A, CELL [2,5]
05:20:09:87 | I | Matching ok | SEQ : 20174867740, PART : 52124713AD, SCAN P52124713AD, CELL [2,6]
05:31:21:92 | I | Matching ok | SEQ : 20174867850, PART : 52124713AD, SCAN P52124713AD, CELL [1,1]
05:31:27:69 | I | Matching ok | SEQ : 20174867840, PART : 04578885AC, SCAN P04578885AC, CELL [1,2]
05:31:31:71 | I | Matching ok | SEQ : 20174867830, PART : 04578885AC, SCAN P04578885AC, CELL [1,3]
05:31:33:74 | I | Matching ok | SEQ : 20174867820, PART : N/A, SCAN N/A, CELL [1,4]
05:31:37:72 | I | Matching ok | SEQ : 20174867810, PART : 52124713AD, SCAN P52124713AD, CELL [1,5]
05:31:42:96 | I | Matching ok | SEQ : 20174867800, PART : 04578885AC, SCAN P04578885AC, CELL [1,6]
05:31:44:99 | I | Matching ok | SEQ : 20174867910, PART : N/A, SCAN N/A, CELL [2,1]
05:31:49:79 | I | Matching ok | SEQ : 20174867900, PART : 52124713AD, SCAN P52124713AD, CELL [2,2]
05:31:51:81 | I | Matching ok | SEQ : 20174867890, PART : N/A, SCAN N/A, CELL [2,3]
05:31:53:85 | I | Matching ok | SEQ : 20174867880, PART : N/A, SCAN N/A, CELL [2,4]
05:31:58:57 | I | Matching ok | SEQ : 20174867870, PART : 52124713AD, SCAN P52124713AD, CELL [2,5]
05:32:00:57 | I | Matching ok | SEQ : 20174867860, PART : N/A, SCAN N/A, CELL [2,6]
05:40:35:23 | I | Matching ok | SEQ : 20174867970, PART : 52124713AD, SCAN P52124713AD, CELL [1,1]
05:40:37:25 | I | Matching ok | SEQ : 20174867960, PART : N/A, SCAN N/A, CELL [1,2]
05:40:39:28 | I | Matching ok | SEQ : 20174867950, PART : N/A, SCAN N/A, CELL [1,3]
05:40:41:29 | I | Matching ok | SEQ : 20174867940, PART : N/A, SCAN N/A, CELL [1,4]
05:40:44:86 | I | Matching ok | SEQ : 20174867930, PART : 52124713AD, SCAN P52124713AD, CELL [1,5]
05:40:53:28 | I | Matching ok | SEQ : 20174867920, PART : 04578885AC, SCAN P04578885AC, CELL [1,6]
05:40:59:43 | I | Matching ok | SEQ : 20174868030, PART : 04578885AC, SCAN P04578885AC, CELL [2,1]
05:41:04:00 | I | Matching ok | SEQ : 20174868020, PART : 04578885AC, SCAN P04578885AC, CELL [2,2]
05:41:07:06 | I | Matching ok | SEQ : 20174868010, PART : 52124713AD, SCAN P52124713AD, CELL [2,3]
05:41:10:53 | I | Matching ok | SEQ : 20174868000, PART : 52124713AD, SCAN P52124713AD, CELL [2,4]
05:41:13:86 | I | Matching ok | SEQ : 20174867990, PART : 04578885AC, SCAN P04578885AC, CELL [2,5]
05:41:17:23 | I | Matching ok | SEQ : 20174867980, PART : 52124713AD, SCAN P52124713AD, CELL [2,6]
05:52:03:14 | I | Matching ok | SEQ : 20174868090, PART : 04578885AC, SCAN P04578885AC, CELL [1,1]
05:52:06:92 | I | Matching ok | SEQ : 20174868080, PART : 52124713AD, SCAN P52124713AD, CELL [1,2]
05:52:10:27 | I | Matching ok | SEQ : 20174868070, PART : 52124713AD, SCAN P52124713AD, CELL [1,3]
05:52:12:31 | I | Matching ok | SEQ : 20174868060, PART : N/A, SCAN N/A, CELL [1,4]
05:52:14:32 | I | Matching ok | SEQ : 20174868050, PART : N/A, SCAN N/A, CELL [1,5]
05:52:17:62 | I | Matching ok | SEQ : 20174868040, PART : 52124713AD, SCAN P52124713AD, CELL [1,6]
05:52:21:32 | I | Matching ok | SEQ : 20174868150, PART : 52124713AD, SCAN P52124713AD, CELL [2,1]
05:52:24:44 | I | Matching ok | SEQ : 20174868140, PART : 52124713AD, SCAN P52124713AD, CELL [2,2]
05:52:26:48 | I | Matching ok | SEQ : 20174868130, PART : N/A, SCAN N/A, CELL [2,3]
05:52:29:92 | I | Matching ok | SEQ : 20174868120, PART : 52124713AD, SCAN P52124713AD, CELL [2,4]
05:52:33:32 | I | Matching ok | SEQ : 20174868110, PART : 52124713AD, SCAN P52124713AD, CELL [2,5]
05:52:35:34 | I | Matching ok | SEQ : 20174868100, PART : N/A, SCAN N/A, CELL [2,6]
05:52:37:43 | I | Matching ok | SEQ : 20174868210, PART : N/A, SCAN N/A, CELL [1,1]
06:00:35:93 | I | Matching ok | SEQ : 20174868200, PART : 52124713AD, SCAN P52124713AD, CELL [1,2]
06:00:39:48 | I | Matching ok | SEQ : 20174868190, PART : 52124713AD, SCAN P52124713AD, CELL [1,3]
06:00:43:66 | I | Matching ok | SEQ : 20174868180, PART : 04578885AC, SCAN P04578885AC, CELL [1,4]
06:00:48:78 | W | Mismatching | SEQ : 20174868170, PART : 04578885AC, SCAN 4578885AC, CELL [1,5]
06:01:05:66 | I | Matching ok | SEQ : 20174868170, PART : 04578885AC, SCAN P04578885AC, CELL [1,5]
06:01:09:46 | I | Matching ok | SEQ : 20174868160, PART : 52124713AD, SCAN P52124713AD, CELL [1,6]
06:01:13:03 | I | Matching ok | SEQ : 20174868270, PART : 52124713AD, SCAN P52124713AD, CELL [2,1]
06:01:16:73 | I | Matching ok | SEQ : 20174868260, PART : 52124713AD, SCAN P52124713AD, CELL [2,2]
06:01:18:75 | I | Matching ok | SEQ : 20174868250, PART : N/A, SCAN N/A, CELL [2,3]
06:01:22:11 | I | Matching ok | SEQ : 20174868240, PART : 04578885AC, SCAN P04578885AC, CELL [2,4]
06:01:24:12 | I | Matching ok | SEQ : 20174868230, PART : N/A, SCAN N/A, CELL [2,5]
06:01:27:54 | I | Matching ok | SEQ : 20174868220, PART : 52124713AD, SCAN P52124713AD, CELL [2,6]
06:10:47:10 | I | Matching ok | SEQ : 20174868330, PART : 52124713AD, SCAN P52124713AD, CELL [1,1]
06:11:00:15 | I | Matching ok | SEQ : 20174868320, PART : 52124713AD, SCAN P52124713AD, CELL [1,2]
06:11:15:25 | I | Matching ok | SEQ : 20174868310, PART : 04578885AC, SCAN P04578885AC, CELL [1,3]
06:11:27:30 | I | Matching ok | SEQ : 20174868300, PART : 52124713AD, SCAN P52124713AD, CELL [1,4]
06:11:29:34 | I | Matching ok | SEQ : 20174868290, PART : N/A, SCAN N/A, CELL [1,5]
06:11:31:37 | I | Matching ok | SEQ : 20174868280, PART : N/A, SCAN N/A, CELL [1,6]
06:12:10:15 | I | Matching ok | SEQ : 20174868390, PART : 04578885AC, SCAN P04578885AC, CELL [2,1]
06:12:12:19 | I | Matching ok | SEQ : 20174868380, PART : N/A, SCAN N/A, CELL [2,2]
06:13:33:90 | I | Matching ok | SEQ : 20174868370, PART : 52124713AD, SCAN P52124713AD, CELL [2,3]
06:13:35:92 | I | Matching ok | SEQ : 20174868360, PART : N/A, SCAN N/A, CELL [2,4]
06:13:58:38 | I | Matching ok | SEQ : 20174868350, PART : 04578885AC, SCAN P04578885AC, CELL [2,5]
06:14:00:38 | I | Matching ok | SEQ : 20174868340, PART : N/A, SCAN N/A, CELL [2,6]
06:21:13:26 | I | Matching ok | SEQ : 20174868450, PART : 52124713AD, SCAN P52124713AD, CELL [1,1]
06:21:15:28 | I | Matching ok | SEQ : 20174868440, PART : N/A, SCAN N/A, CELL [1,2]
06:21:17:29 | I | Matching ok | SEQ : 20174868430, PART : N/A, SCAN N/A, CELL [1,3]
06:21:23:71 | I | Matching ok | SEQ : 20174868420, PART : 04578885AC, SCAN P04578885AC, CELL [1,4]
06:21:30:71 | I | Matching ok | SEQ : 20174868410, PART : 52124713AD, SCAN P52124713AD, CELL [1,5]
06:21:40:89 | I | Matching ok | SEQ : 20174868400, PART : 52124713AD, SCAN P52124713AD, CELL [1,6]
06:21:49:26 | I | Matching ok | SEQ : 20174868510, PART : 52124713AD, SCAN P52124713AD, CELL [2,1]
06:21:51:29 | I | Matching ok | SEQ : 20174868500, PART : N/A, SCAN N/A, CELL [2,2]
06:22:30:01 | I | Matching ok | SEQ : 20174868490, PART : 52124713AD, SCAN P52124713AD, CELL [2,3]
06:22:38:19 | I | Matching ok | SEQ : 20174868480, PART : 52124713AD, SCAN P52124713AD, CELL [2,4]
06:22:40:22 | I | Matching ok | SEQ : 20174868470, PART : N/A, SCAN N/A, CELL [2,5]
06:22:46:89 | I | Matching ok | SEQ : 20174868460, PART : 52124713AD, SCAN P52124713AD, CELL [2,6]
06:22:49:00 | I | Matching ok | SEQ : 20174868570, PART : N/A, SCAN N/A, CELL [1,1]
06:32:00:25 | I | Matching ok | SEQ : 20174868560, PART : 52124713AD, SCAN P52124713AD, CELL [1,2]
06:32:02:28 | I | Matching ok | SEQ : 20174868550, PART : N/A, SCAN N/A, CELL [1,3]
06:32:11:38 | W | Mismatching | SEQ : 20174868540, PART : 52124713AD, SCAN TQ41927C1062, CELL [1,4]
06:32:19:48 | I | Matching ok | SEQ : 20174868540, PART : 52124713AD, SCAN P52124713AD, CELL [1,4]
06:32:34:53 | I | Matching ok | SEQ : 20174868530, PART : 04578885AC, SCAN P04578885AC, CELL [1,5]
06:32:42:31 | I | Matching ok | SEQ : 20174868520, PART : 52124713AD, SCAN P52124713AD, CELL [1,6]
06:32:48:38 | I | Matching ok | SEQ : 20174868630, PART : 52124713AD, SCAN P52124713AD, CELL [2,1]
06:32:56:35 | I | Matching ok | SEQ : 20174868620, PART : 04578885AC, SCAN P04578885AC, CELL [2,2]
06:33:06:40 | I | Matching ok | SEQ : 20174868610, PART : 52124713AD, SCAN P52124713AD, CELL [2,3]
06:33:14:51 | I | Matching ok | SEQ : 20174868600, PART : 52124713AD, SCAN P52124713AD, CELL [2,4]
06:33:16:52 | I | Matching ok | SEQ : 20174868590, PART : N/A, SCAN N/A, CELL [2,5]
06:33:32:88 | I | Matching ok | SEQ : 20174868580, PART : 52124713AD, SCAN P52124713AD, CELL [2,6]
06:33:34:94 | I | Matching ok | SEQ : 20174868690, PART : N/A, SCAN N/A, CELL [1,1]
06:40:17:37 | I | Matching ok | SEQ : 20174868680, PART : 52124713AD, SCAN P52124713AD, CELL [1,2]
06:40:19:39 | I | Matching ok | SEQ : 20174868670, PART : N/A, SCAN N/A, CELL [1,3]
06:40:24:26 | I | Matching ok | SEQ : 20174868660, PART : 52124713AD, SCAN P52124713AD, CELL [1,4]
06:40:26:30 | I | Matching ok | SEQ : 20174868650, PART : N/A, SCAN N/A, CELL [1,5]
06:40:28:31 | I | Matching ok | SEQ : 20174868640, PART : N/A, SCAN N/A, CELL [1,6]
06:40:30:34 | I | Matching ok | SEQ : 20174868750, PART : N/A, SCAN N/A, CELL [2,1]
06:40:33:74 | I | Matching ok | SEQ : 20174868740, PART : 52124713AD, SCAN P52124713AD, CELL [2,2]
06:40:41:21 | I | Matching ok | SEQ : 20174868730, PART : 04578885AC, SCAN P04578885AC, CELL [2,3]
06:40:49:16 | I | Matching ok | SEQ : 20174868720, PART : 52124713AD, SCAN P52124713AD, CELL [2,4]
06:40:58:36 | I | Matching ok | SEQ : 20174868710, PART : 52124713AD, SCAN P52124713AD, CELL [2,5]
06:41:06:84 | I | Matching ok | SEQ : 20174868700, PART : 04578885AC, SCAN P04578885AC, CELL [2,6]
06:51:51:96 | I | Matching ok | SEQ : 20174868810, PART : 04578885AC, SCAN P04578885AC, CELL [1,1]
06:52:00:66 | I | Matching ok | SEQ : 20174868800, PART : 52124713AD, SCAN P52124713AD, CELL [1,2]
06:52:07:41 | I | Matching ok | SEQ : 20174868790, PART : 52124713AD, SCAN P52124713AD, CELL [1,3]
06:52:15:73 | I | Matching ok | SEQ : 20174868780, PART : 04578885AC, SCAN P04578885AC, CELL [1,4]
06:52:26:78 | I | Matching ok | SEQ : 20174868770, PART : 52124713AD, SCAN P52124713AD, CELL [1,5]
06:52:28:81 | I | Matching ok | SEQ : 20174868760, PART : N/A, SCAN N/A, CELL [1,6]
06:53:37:41 | I | Matching ok | SEQ : 20174868870, PART : 04578885AC, SCAN P04578885AC, CELL [2,1]
06:53:46:31 | I | Matching ok | SEQ : 20174868860, PART : 52124713AD, SCAN P52124713AD, CELL [2,2]
06:53:55:48 | I | Matching ok | SEQ : 20174868850, PART : 52124713AD, SCAN P52124713AD, CELL [2,3]
06:54:03:81 | I | Matching ok | SEQ : 20174868840, PART : 04578885AC, SCAN P04578885AC, CELL [2,4]
06:54:14:54 | I | Matching ok | SEQ : 20174868830, PART : 52124713AD, SCAN P52124713AD, CELL [2,5]
06:54:16:56 | I | Matching ok | SEQ : 20174868820, PART : N/A, SCAN N/A, CELL [2,6]
07:01:34:77 | I | Matching ok | SEQ : 20174868930, PART : 52124713AD, SCAN P52124713AD, CELL [1,1]
07:01:39:99 | I | Matching ok | SEQ : 20174868920, PART : 52124713AD, SCAN P52124713AD, CELL [1,2]
07:01:42:05 | I | Matching ok | SEQ : 20174868910, PART : N/A, SCAN N/A, CELL [1,3]
07:01:45:60 | I | Matching ok | SEQ : 20174868900, PART : 52124713AD, SCAN P52124713AD, CELL [1,4]
07:01:53:60 | I | Matching ok | SEQ : 20174868890, PART : 04578885AC, SCAN P04578885AC, CELL [1,5]
07:02:01:89 | I | Matching ok | SEQ : 20174868880, PART : 52124713AD, SCAN P52124713AD, CELL [1,6]
07:02:03:90 | I | Matching ok | SEQ : 20174868990, PART : N/A, SCAN N/A, CELL [2,1]
07:02:16:47 | I | Matching ok | SEQ : 20174868980, PART : 52124713AD, SCAN P52124713AD, CELL [2,2]
07:02:18:49 | I | Matching ok | SEQ : 20174868970, PART : N/A, SCAN N/A, CELL [2,3]
07:02:24:40 | I | Matching ok | SEQ : 20174868960, PART : 04578885AC, SCAN P04578885AC, CELL [2,4]
07:02:35:17 | I | Matching ok | SEQ : 20174868950, PART : 52124713AD, SCAN P52124713AD, CELL [2,5]
07:02:42:32 | I | Matching ok | SEQ : 20174868940, PART : 52124713AD, SCAN P52124713AD, CELL [2,6]
07:33:48:92 | I | Matching ok | SEQ : 20174869050, PART : 52124713AD, SCAN P52124713AD, CELL [1,1]
07:33:55:72 | I | Matching ok | SEQ : 20174869040, PART : 52124713AD, SCAN P52124713AD, CELL [1,2]
07:33:57:74 | I | Matching ok | SEQ : 20174869030, PART : N/A, SCAN N/A, CELL [1,3]
07:34:02:59 | I | Matching ok | SEQ : 20174869020, PART : 52124713AD, SCAN P52124713AD, CELL [1,4]
07:34:10:32 | I | Matching ok | SEQ : 20174869010, PART : 52124713AD, SCAN P52124713AD, CELL [1,5]
07:34:17:82 | I | Matching ok | SEQ : 20174869000, PART : 52124713AD, SCAN P52124713AD, CELL [1,6]
07:34:19:85 | I | Matching ok | SEQ : 20174869110, PART : N/A, SCAN N/A, CELL [2,1]
07:34:28:02 | I | Matching ok | SEQ : 20174869100, PART : 52124713AD, SCAN P52124713AD, CELL [2,2]
07:34:37:22 | I | Matching ok | SEQ : 20174869090, PART : 04578885AC, SCAN P04578885AC, CELL [2,3]
07:34:49:08 | I | Matching ok | SEQ : 20174869080, PART : 52124713AD, SCAN P52124713AD, CELL [2,4]
07:34:51:09 | I | Matching ok | SEQ : 20174869070, PART : N/A, SCAN N/A, CELL [2,5]
07:35:04:32 | I | Matching ok | SEQ : 20174869060, PART : 52124713AD, SCAN P52124713AD, CELL [2,6]
07:41:04:62 | I | Matching ok | SEQ : 20174869170, PART : 52124713AD, SCAN P52124713AD, CELL [1,1]
07:41:10:63 | I | Matching ok | SEQ : 20174869160, PART : 52124713AD, SCAN P52124713AD, CELL [1,2]
07:41:12:64 | I | Matching ok | SEQ : 20174869150, PART : N/A, SCAN N/A, CELL [1,3]
07:41:14:67 | I | Matching ok | SEQ : 20174869140, PART : N/A, SCAN N/A, CELL [1,4]
07:41:16:75 | I | Matching ok | SEQ : 20174869130, PART : 52124713AD, SCAN P52124713AD, CELL [1,5]
07:41:18:77 | I | Matching ok | SEQ : 20174869120, PART : N/A, SCAN N/A, CELL [1,6]
07:41:25:20 | I | Matching ok | SEQ : 20174869230, PART : 04578885AC, SCAN P04578885AC, CELL [2,1]
07:41:39:48 | I | Matching ok | SEQ : 20174869220, PART : 52124713AD, SCAN P52124713AD, CELL [2,2]
07:41:41:50 | I | Matching ok | SEQ : 20174869210, PART : N/A, SCAN N/A, CELL [2,3]
07:41:58:43 | I | Matching ok | SEQ : 20174869200, PART : 04578885AC, SCAN P04578885AC, CELL [2,4]
07:42:20:65 | I | Matching ok | SEQ : 20174869190, PART : 52124713AD, SCAN P52124713AD, CELL [2,5]
07:42:22:67 | I | Matching ok | SEQ : 20174869180, PART : N/A, SCAN N/A, CELL [2,6]
07:50:08:94 | I | Matching ok | SEQ : 20174869290, PART : 04578885AC, SCAN P04578885AC, CELL [1,1]
07:50:12:24 | I | Matching ok | SEQ : 20174869280, PART : 52124713AD, SCAN P52124713AD, CELL [1,2]
07:50:17:09 | I | Matching ok | SEQ : 20174869270, PART : 52124713AD, SCAN P52124713AD, CELL [1,3]
07:50:19:12 | I | Matching ok | SEQ : 20174869260, PART : N/A, SCAN N/A, CELL [1,4]
07:50:22:31 | I | Matching ok | SEQ : 20174869250, PART : 52124713AD, SCAN P52124713AD, CELL [1,5]
07:50:29:41 | I | Matching ok | SEQ : 20174869240, PART : 52124713AD, SCAN P52124713AD, CELL [1,6]
07:51:09:86 | I | Matching ok | SEQ : 20174869350, PART : 52124713AD, SCAN P52124713AD, CELL [2,1]
07:51:21:64 | I | Matching ok | SEQ : 20174869340, PART : 52124713AD, SCAN P52124713AD, CELL [2,2]
07:51:36:79 | I | Matching ok | SEQ : 20174869330, PART : 04578885AC, SCAN P04578885AC, CELL [2,3]
07:51:38:80 | I | Matching ok | SEQ : 20174869320, PART : N/A, SCAN N/A, CELL [2,4]
07:51:48:09 | I | Matching ok | SEQ : 20174869310, PART : 52124713AD, SCAN P52124713AD, CELL [2,5]
07:51:50:12 | I | Matching ok | SEQ : 20174869300, PART : N/A, SCAN N/A, CELL [2,6]
07:51:52:18 | I | Matching ok | SEQ : 20174869410, PART : N/A, SCAN N/A, CELL [1,1]
07:59:04:33 | I | Matching ok | SEQ : 20174869400, PART : 52124713AD, SCAN P52124713AD, CELL [1,2]
07:59:11:35 | I | Matching ok | SEQ : 20174869390, PART : 52124713AD, SCAN P52124713AD, CELL [1,3]
07:59:16:71 | I | Matching ok | SEQ : 20174869380, PART : 52124713AD, SCAN P52124713AD, CELL [1,4]
07:59:18:72 | I | Matching ok | SEQ : 20174869370, PART : N/A, SCAN N/A, CELL [1,5]
07:59:20:76 | I | Matching ok | SEQ : 20174869360, PART : N/A, SCAN N/A, CELL [1,6]
07:59:25:10 | I | Matching ok | SEQ : 20174869470, PART : 52124713AD, SCAN P52124713AD, CELL [2,1]
07:59:31:21 | I | Matching ok | SEQ : 20174869460, PART : 52124713AD, SCAN P52124713AD, CELL [2,2]
07:59:33:22 | I | Matching ok | SEQ : 20174869450, PART : N/A, SCAN N/A, CELL [2,3]
07:59:38:66 | I | Matching ok | SEQ : 20174869440, PART : 52124713AD, SCAN P52124713AD, CELL [2,4]
07:59:42:98 | I | Matching ok | SEQ : 20174869430, PART : 04578885AC, SCAN P04578885AC, CELL [2,5]
07:59:59:43 | I | Matching ok | SEQ : 20174869420, PART : 52124713AD, SCAN P52124713AD, CELL [2,6]
08:00:01:54 | I | Matching ok | SEQ : 20174869530, PART : N/A, SCAN N/A, CELL [1,1]
08:00:03:55 | I | Matching ok | SEQ : 20174869520, PART : N/A, SCAN N/A, CELL [1,2]
08:00:05:56 | I | Matching ok | SEQ : 20174869510, PART : N/A, SCAN N/A, CELL [1,3]
08:00:07:58 | I | Matching ok | SEQ : 20174869500, PART : N/A, SCAN N/A, CELL [1,4]
08:00:09:59 | I | Matching ok | SEQ : 20174869490, PART : N/A, SCAN N/A, CELL [1,5]
08:07:58:32 | I | Matching ok | SEQ : 20174869480, PART : 52124713AD, SCAN P52124713AD, CELL [1,6]
08:08:00:34 | I | Matching ok | SEQ : 20174869590, PART : N/A, SCAN N/A, CELL [2,1]
08:08:07:27 | I | Matching ok | SEQ : 20174869580, PART : 52124713AD, SCAN P52124713AD, CELL [2,2]
08:08:14:39 | I | Matching ok | SEQ : 20174869570, PART : 52124713AD, SCAN P52124713AD, CELL [2,3]
08:08:19:04 | I | Matching ok | SEQ : 20174869560, PART : 04578885AC, SCAN P04578885AC, CELL [2,4]
08:08:21:06 | I | Matching ok | SEQ : 20174869550, PART : N/A, SCAN N/A, CELL [2,5]
08:08:26:34 | I | Matching ok | SEQ : 20174869540, PART : 52124713AD, SCAN P52124713AD, CELL [2,6]
08:17:25:25 | W | Mismatching | SEQ : 20174869650, PART : 04578885AC, SCAN TQ41937C1490, CELL [1,1]
08:17:36:21 | I | Matching ok | SEQ : 20174869650, PART : 04578885AC, SCAN P04578885AC, CELL [1,1]
08:17:45:45 | I | Matching ok | SEQ : 20174869640, PART : 52124713AD, SCAN P52124713AD, CELL [1,2]
08:17:47:48 | I | Matching ok | SEQ : 20174869630, PART : N/A, SCAN N/A, CELL [1,3]
08:17:53:28 | I | Matching ok | SEQ : 20174869620, PART : 52124713AD, SCAN P52124713AD, CELL [1,4]
08:17:55:30 | I | Matching ok | SEQ : 20174869610, PART : N/A, SCAN N/A, CELL [1,5]
08:18:00:75 | I | Matching ok | SEQ : 20174869600, PART : 52124713AD, SCAN P52124713AD, CELL [1,6]
08:18:02:77 | I | Matching ok | SEQ : 20174869710, PART : N/A, SCAN N/A, CELL [2,1]
08:18:04:78 | I | Matching ok | SEQ : 20174869700, PART : N/A, SCAN N/A, CELL [2,2]
08:18:10:28 | I | Matching ok | SEQ : 20174869690, PART : 52124713AD, SCAN P52124713AD, CELL [2,3]
08:18:16:24 | I | Matching ok | SEQ : 20174869680, PART : 04578885AC, SCAN P04578885AC, CELL [2,4]
08:18:18:27 | I | Matching ok | SEQ : 20174869670, PART : N/A, SCAN N/A, CELL [2,5]
08:19:07:91 | I | Matching ok | SEQ : 20174869660, PART : 52124713AD, SCAN P52124713AD, CELL [2,6]
08:27:03:57 | I | Matching ok | SEQ : 20174869770, PART : 52124713AD, SCAN P52124713AD, CELL [1,1]
08:27:06:84 | I | Matching ok | SEQ : 20174869760, PART : 04578885AC, SCAN P04578885AC, CELL [1,2]
08:27:10:49 | I | Matching ok | SEQ : 20174869750, PART : 04578885AC, SCAN P04578885AC, CELL [1,3]
08:27:14:27 | I | Matching ok | SEQ : 20174869740, PART : 52124713AD, SCAN P52124713AD, CELL [1,4]
08:27:16:31 | I | Matching ok | SEQ : 20174869730, PART : N/A, SCAN N/A, CELL [1,5]
08:27:18:33 | I | Matching ok | SEQ : 20174869720, PART : N/A, SCAN N/A, CELL [1,6]
08:27:27:32 | I | Matching ok | SEQ : 20174869830, PART : 52124713AD, SCAN P52124713AD, CELL [2,1]
08:27:29:33 | I | Matching ok | SEQ : 20174869820, PART : N/A, SCAN N/A, CELL [2,2]
08:27:44:47 | I | Matching ok | SEQ : 20174869810, PART : 04578885AC, SCAN P04578885AC, CELL [2,3]
08:27:53:75 | I | Matching ok | SEQ : 20174869800, PART : 52124713AD, SCAN P52124713AD, CELL [2,4]
08:27:55:79 | I | Matching ok | SEQ : 20174869790, PART : N/A, SCAN N/A, CELL [2,5]
08:27:57:82 | I | Matching ok | SEQ : 20174869780, PART : N/A, SCAN N/A, CELL [2,6]
08:40:09:99 | I | Matching ok | SEQ : 20174869890, PART : 04578885AC, SCAN P04578885AC, CELL [1,1]
08:40:13:07 | I | Matching ok | SEQ : 20174869880, PART : 04578885AC, SCAN P04578885AC, CELL [1,2]
08:40:15:54 | I | Matching ok | SEQ : 20174869870, PART : 52124713AD, SCAN P52124713AD, CELL [1,3]
08:40:19:66 | I | Matching ok | SEQ : 20174869860, PART : 52124713AD, SCAN P52124713AD, CELL [1,4]
08:40:24:09 | I | Matching ok | SEQ : 20174869850, PART : 04578885AC, SCAN P04578885AC, CELL [1,5]
08:40:26:12 | I | Matching ok | SEQ : 20174869840, PART : N/A, SCAN N/A, CELL [1,6]
08:40:34:99 | I | Matching ok | SEQ : 20174869950, PART : 04578885AC, SCAN P04578885AC, CELL [2,1]
08:41:39:14 | I | Matching ok | SEQ : 20174869940, PART : 52124713AD, SCAN P52124713AD, CELL [2,2]
08:41:41:16 | I | Matching ok | SEQ : 20174869930, PART : N/A, SCAN N/A, CELL [2,3]
08:41:55:01 | I | Matching ok | SEQ : 20174869920, PART : 04578885AC, SCAN P04578885AC, CELL [2,4]
08:42:06:39 | I | Matching ok | SEQ : 20174869910, PART : 04578885AC, SCAN P04578885AC, CELL [2,5]
08:42:56:12 | I | Matching ok | SEQ : 20174869900, PART : 52124713AD, SCAN P52124713AD, CELL [2,6]
08:42:58:18 | I | Matching ok | SEQ : 20174870010, PART : N/A, SCAN N/A, CELL [1,1]
08:49:59:23 | I | Matching ok | SEQ : 20174870000, PART : 52124713AD, SCAN P52124713AD, CELL [1,2]
08:50:04:20 | I | Matching ok | SEQ : 20174869990, PART : 52124713AD, SCAN P52124713AD, CELL [1,3]
08:50:06:23 | I | Matching ok | SEQ : 20174869980, PART : N/A, SCAN N/A, CELL [1,4]
08:50:13:03 | I | Matching ok | SEQ : 20174869970, PART : 52124713AD, SCAN P52124713AD, CELL [1,5]
08:50:15:06 | I | Matching ok | SEQ : 20174869960, PART : N/A, SCAN N/A, CELL [1,6]
08:50:27:95 | I | Matching ok | SEQ : 20174870070, PART : 52124713AD, SCAN P52124713AD, CELL [2,1]
08:50:35:43 | I | Matching ok | SEQ : 20174870060, PART : 52124713AD, SCAN P52124713AD, CELL [2,2]
08:50:42:81 | I | Matching ok | SEQ : 20174870050, PART : 52124713AD, SCAN P52124713AD, CELL [2,3]
08:50:44:87 | I | Matching ok | SEQ : 20174870040, PART : N/A, SCAN N/A, CELL [2,4]
08:51:16:95 | I | Matching ok | SEQ : 20174870030, PART : 04578885AC, SCAN P04578885AC, CELL [2,5]
08:51:23:56 | I | Matching ok | SEQ : 20174870020, PART : 52124713AD, SCAN P52124713AD, CELL [2,6]
09:00:02:16 | I | Matching ok | SEQ : 20174870130, PART : 04578885AC, SCAN P04578885AC, CELL [1,1]
09:00:04:20 | I | Matching ok | SEQ : 20174870120, PART : N/A, SCAN N/A, CELL [1,2]
09:00:09:22 | I | Matching ok | SEQ : 20174870110, PART : 52124713AD, SCAN P52124713AD, CELL [1,3]
09:00:12:36 | W | Mismatching | SEQ : 20174870100, PART : 52124713AD, SCAN P04578885AC, CELL [1,4]
09:00:39:02 | W | Mismatching | SEQ : 20174870100, PART : 52124713AD, SCAN P04578885AC, CELL [1,4]
09:01:03:24 | I | Matching ok | SEQ : 20174870100, PART : 52124713AD, SCAN P52124713AD, CELL [1,4]
09:01:06:54 | I | Matching ok | SEQ : 20174870090, PART : 04578885AC, SCAN P04578885AC, CELL [1,5]
09:01:09:92 | I | Matching ok | SEQ : 20174870080, PART : 04578885AC, SCAN P04578885AC, CELL [1,6]
09:01:25:87 | I | Matching ok | SEQ : 20174870190, PART : 52124713AD, SCAN P52124713AD, CELL [2,1]
09:01:42:45 | W | Mismatching | SEQ : 20174870180, PART : 52124713AD, SCAN P04578885AC, CELL [2,2]
09:01:52:37 | I | Matching ok | SEQ : 20174870180, PART : 52124713AD, SCAN P52124713AD, CELL [2,2]
09:01:55:67 | I | Matching ok | SEQ : 20174870170, PART : 04578885AC, SCAN P04578885AC, CELL [2,3]
09:01:57:72 | I | Matching ok | SEQ : 20174870160, PART : N/A, SCAN N/A, CELL [2,4]
09:02:06:84 | I | Matching ok | SEQ : 20174870150, PART : 52124713AD, SCAN P52124713AD, CELL [2,5]
09:02:08:86 | I | Matching ok | SEQ : 20174870140, PART : N/A, SCAN N/A, CELL [2,6]
09:17:05:56 | I | Matching ok | SEQ : 20174870250, PART : 52124713AD, SCAN P52124713AD, CELL [1,1]
09:17:11:54 | I | Matching ok | SEQ : 20174870240, PART : 04578885AC, SCAN P04578885AC, CELL [1,2]
09:17:17:49 | I | Matching ok | SEQ : 20174870230, PART : 52124713AD, SCAN P52124713AD, CELL [1,3]
09:17:19:51 | I | Matching ok | SEQ : 20174870220, PART : N/A, SCAN N/A, CELL [1,4]
09:17:21:54 | I | Matching ok | SEQ : 20174870210, PART : N/A, SCAN N/A, CELL [1,5]
09:17:25:34 | I | Matching ok | SEQ : 20174870200, PART : 52124713AD, SCAN P52124713AD, CELL [1,6]
09:17:27:36 | I | Matching ok | SEQ : 20174870310, PART : N/A, SCAN N/A, CELL [2,1]
09:17:33:65 | I | Matching ok | SEQ : 20174870300, PART : 52124713AD, SCAN P52124713AD, CELL [2,2]
09:17:42:60 | I | Matching ok | SEQ : 20174870290, PART : 52124713AD, SCAN P52124713AD, CELL [2,3]
09:17:49:84 | I | Matching ok | SEQ : 20174870280, PART : 52124713AD, SCAN P52124713AD, CELL [2,4]
09:17:54:89 | I | Matching ok | SEQ : 20174870270, PART : 52124713AD, SCAN P52124713AD, CELL [2,5]
09:18:09:17 | I | Matching ok | SEQ : 20174870260, PART : 04578885AC, SCAN P04578885AC, CELL [2,6]
09:32:10:19 | I | Matching ok | SEQ : 20174870370, PART : 52124713AD, SCAN P52124713AD, CELL [1,1]
09:32:12:29 | I | Matching ok | SEQ : 20174870360, PART : N/A, SCAN N/A, CELL [1,2]
09:32:15:31 | I | Matching ok | SEQ : 20174870350, PART : 04578885AC, SCAN P04578885AC, CELL [1,3]
09:32:17:51 | I | Matching ok | SEQ : 20174870340, PART : 04578885AC, SCAN P04578885AC, CELL [1,4]
09:32:19:71 | I | Matching ok | SEQ : 20174870330, PART : 52124713AD, SCAN P52124713AD, CELL [1,5]
09:32:21:73 | I | Matching ok | SEQ : 20174870320, PART : N/A, SCAN N/A, CELL [1,6]
09:32:26:59 | I | Matching ok | SEQ : 20174870430, PART : 52124713AD, SCAN P52124713AD, CELL [2,1]
09:32:28:61 | I | Matching ok | SEQ : 20174870420, PART : N/A, SCAN N/A, CELL [2,2]
09:32:42:49 | I | Matching ok | SEQ : 20174870410, PART : 52124713AD, SCAN P52124713AD, CELL [2,3]
09:32:44:50 | I | Matching ok | SEQ : 20174870400, PART : N/A, SCAN N/A, CELL [2,4]
09:33:22:41 | I | Matching ok | SEQ : 20174870390, PART : 52124713AD, SCAN P52124713AD, CELL [2,5]
09:34:23:69 | I | Matching ok | SEQ : 20174870380, PART : 04578885AC, SCAN P04578885AC, CELL [2,6]
09:39:39:57 | I | Matching ok | SEQ : 20174870490, PART : 52124713AD, SCAN P52124713AD, CELL [1,1]
09:39:41:59 | I | Matching ok | SEQ : 20174870480, PART : N/A, SCAN N/A, CELL [1,2]
09:39:47:17 | W | Mismatching | SEQ : 20174870470, PART : 04578885AC, SCAN P52124713AD, CELL [1,3]
09:39:58:22 | I | Matching ok | SEQ : 20174870470, PART : 04578885AC, SCAN P04578885AC, CELL [1,3]
09:40:03:37 | I | Matching ok | SEQ : 20174870460, PART : 52124713AD, SCAN P52124713AD, CELL [1,4]
09:40:05:39 | I | Matching ok | SEQ : 20174870450, PART : N/A, SCAN N/A, CELL [1,5]
09:40:09:12 | I | Matching ok | SEQ : 20174870440, PART : 52124713AD, SCAN P52124713AD, CELL [1,6]
09:40:32:25 | I | Matching ok | SEQ : 20174870550, PART : 52124713AD, SCAN P52124713AD, CELL [2,1]
09:40:34:29 | I | Matching ok | SEQ : 20174870540, PART : N/A, SCAN N/A, CELL [2,2]
09:40:53:63 | W | Mismatching | SEQ : 20174870530, PART : 52124713AD, SCAN TQ42027C0040, CELL [2,3]
09:41:04:35 | I | Matching ok | SEQ : 20174870530, PART : 52124713AD, SCAN P52124713AD, CELL [2,3]
09:41:06:37 | I | Matching ok | SEQ : 20174870520, PART : N/A, SCAN N/A, CELL [2,4]
09:41:16:17 | I | Matching ok | SEQ : 20174870510, PART : 04578885AC, SCAN P04578885AC, CELL [2,5]
09:41:18:19 | I | Matching ok | SEQ : 20174870500, PART : N/A, SCAN N/A, CELL [2,6]
09:41:20:29 | I | Matching ok | SEQ : 20174870610, PART : N/A, SCAN N/A, CELL [1,1]
09:52:04:82 | I | Matching ok | SEQ : 20174870600, PART : 04578885AC, SCAN P04578885AC, CELL [1,2]
09:52:06:85 | I | Matching ok | SEQ : 20174870590, PART : N/A, SCAN N/A, CELL [1,3]
09:52:38:67 | I | Matching ok | SEQ : 20174870580, PART : 52124713AD, SCAN P52124713AD, CELL [1,4]
09:52:45:32 | I | Matching ok | SEQ : 20174870570, PART : 04578885AC, SCAN P04578885AC, CELL [1,5]
09:52:48:44 | I | Matching ok | SEQ : 20174870560, PART : 04578885AC, SCAN P04578885AC, CELL [1,6]
09:52:51:87 | I | Matching ok | SEQ : 20174870670, PART : 52124713AD, SCAN P52124713AD, CELL [2,1]
09:52:54:77 | I | Matching ok | SEQ : 20174870660, PART : 04578885AC, SCAN P04578885AC, CELL [2,2]
09:52:56:44 | I | Matching ok | SEQ : 20174870650, PART : 04578885AC, SCAN P04578885AC, CELL [2,3]
09:52:57:79 | I | Matching ok | SEQ : 20174870640, PART : 52124713AD, SCAN P52124713AD, CELL [2,4]
09:53:00:04 | I | Matching ok | SEQ : 20174870630, PART : 04578885AC, SCAN P04578885AC, CELL [2,5]
09:53:14:97 | I | Matching ok | SEQ : 20174870620, PART : 52124713AD, SCAN P52124713AD, CELL [2,6]
09:53:17:15 | I | Matching ok | SEQ : 20174870730, PART : N/A, SCAN N/A, CELL [1,1]
09:53:19:16 | I | Matching ok | SEQ : 20174870720, PART : N/A, SCAN N/A, CELL [1,2]
09:53:21:17 | I | Matching ok | SEQ : 20174870710, PART : N/A, SCAN N/A, CELL [1,3]
10:38:29:08 | I | Matching ok | SEQ : 20174870700, PART : 52124713AD, SCAN P52124713AD, CELL [1,4]
10:38:31:10 | I | Matching ok | SEQ : 20174870690, PART : N/A, SCAN N/A, CELL [1,5]
10:38:34:71 | I | Matching ok | SEQ : 20174870680, PART : 52124713AD, SCAN P52124713AD, CELL [1,6]
10:38:49:28 | I | Matching ok | SEQ : 20174870790, PART : 52124713AD, SCAN P52124713AD, CELL [2,1]
10:38:51:30 | I | Matching ok | SEQ : 20174870780, PART : N/A, SCAN N/A, CELL [2,2]
10:39:11:58 | I | Matching ok | SEQ : 20174870770, PART : 52124713AD, SCAN P52124713AD, CELL [2,3]
10:39:24:38 | I | Matching ok | SEQ : 20174870760, PART : 52124713AD, SCAN P52124713AD, CELL [2,4]
10:39:57:06 | I | Matching ok | SEQ : 20174870750, PART : 52124713AD, SCAN P52124713AD, CELL [2,5]
10:39:59:08 | I | Matching ok | SEQ : 20174870740, PART : N/A, SCAN N/A, CELL [2,6]
10:47:19:37 | I | Matching ok | SEQ : 20174870850, PART : 52124713AD, SCAN P52124713AD, CELL [1,1]
10:47:21:39 | I | Matching ok | SEQ : 20174870840, PART : N/A, SCAN N/A, CELL [1,2]
10:47:26:47 | I | Matching ok | SEQ : 20174870830, PART : 52124713AD, SCAN P52124713AD, CELL [1,3]
10:47:34:17 | I | Matching ok | SEQ : 20174870820, PART : 52124713AD, SCAN P52124713AD, CELL [1,4]
10:47:44:17 | I | Matching ok | SEQ : 20174870810, PART : 04578885AC, SCAN P04578885AC, CELL [1,5]
10:47:51:80 | I | Matching ok | SEQ : 20174870800, PART : 52124713AD, SCAN P52124713AD, CELL [1,6]
10:48:02:55 | I | Matching ok | SEQ : 20174870910, PART : 04578885AC, SCAN P04578885AC, CELL [2,1]
10:48:12:00 | I | Matching ok | SEQ : 20174870900, PART : 52124713AD, SCAN P52124713AD, CELL [2,2]
10:48:14:04 | I | Matching ok | SEQ : 20174870890, PART : N/A, SCAN N/A, CELL [2,3]
10:48:40:95 | I | Matching ok | SEQ : 20174870880, PART : 52124713AD, SCAN P52124713AD, CELL [2,4]
10:48:48:10 | I | Matching ok | SEQ : 20174870870, PART : 52124713AD, SCAN P52124713AD, CELL [2,5]
10:48:50:11 | I | Matching ok | SEQ : 20174870860, PART : N/A, SCAN N/A, CELL [2,6]
10:55:30:31 | I | Matching ok | SEQ : 20174870970, PART : 52124713AD, SCAN P52124713AD, CELL [1,1]
10:55:37:54 | I | Matching ok | SEQ : 20174870960, PART : 04578885AC, SCAN P04578885AC, CELL [1,2]
10:55:39:55 | I | Matching ok | SEQ : 20174870950, PART : N/A, SCAN N/A, CELL [1,3]
10:55:53:23 | I | Matching ok | SEQ : 20174870940, PART : 52124713AD, SCAN P52124713AD, CELL [1,4]
10:55:56:53 | I | Matching ok | SEQ : 20174870930, PART : 52124713AD, SCAN P52124713AD, CELL [1,5]
10:56:00:23 | I | Matching ok | SEQ : 20174870920, PART : 52124713AD, SCAN P52124713AD, CELL [1,6]
10:56:09:16 | I | Matching ok | SEQ : 20174871030, PART : 52124713AD, SCAN P52124713AD, CELL [2,1]
10:56:11:20 | I | Matching ok | SEQ : 20174871020, PART : N/A, SCAN N/A, CELL [2,2]
10:56:21:13 | I | Matching ok | SEQ : 20174871010, PART : 04578885AC, SCAN P04578885AC, CELL [2,3]
10:56:24:71 | I | Matching ok | SEQ : 20174871000, PART : 52124713AD, SCAN P52124713AD, CELL [2,4]
10:56:26:72 | I | Matching ok | SEQ : 20174870990, PART : N/A, SCAN N/A, CELL [2,5]
10:56:28:73 | I | Matching ok | SEQ : 20174870980, PART : N/A, SCAN N/A, CELL [2,6]
11:06:20:67 | I | Matching ok | SEQ : 20174871090, PART : 52124713AD, SCAN P52124713AD, CELL [1,1]
11:06:29:72 | I | Matching ok | SEQ : 20174871080, PART : 04578885AC, SCAN P04578885AC, CELL [1,2]
11:06:37:72 | I | Matching ok | SEQ : 20174871070, PART : 52124713AD, SCAN P52124713AD, CELL [1,3]
11:06:39:76 | I | Matching ok | SEQ : 20174871060, PART : N/A, SCAN N/A, CELL [1,4]
11:06:47:25 | I | Matching ok | SEQ : 20174871050, PART : 52124713AD, SCAN P52124713AD, CELL [1,5]
11:06:53:10 | I | Matching ok | SEQ : 20174871040, PART : 04578885AC, SCAN P04578885AC, CELL [1,6]
11:07:02:97 | I | Matching ok | SEQ : 20174871150, PART : 04578885AC, SCAN P04578885AC, CELL [2,1]
11:07:10:20 | I | Matching ok | SEQ : 20174871140, PART : 52124713AD, SCAN P52124713AD, CELL [2,2]
11:07:12:21 | I | Matching ok | SEQ : 20174871130, PART : N/A, SCAN N/A, CELL [2,3]
11:07:14:22 | I | Matching ok | SEQ : 20174871120, PART : N/A, SCAN N/A, CELL [2,4]
11:07:19:70 | I | Matching ok | SEQ : 20174871110, PART : 52124713AD, SCAN P52124713AD, CELL [2,5]
11:07:21:71 | I | Matching ok | SEQ : 20174871100, PART : N/A, SCAN N/A, CELL [2,6]
11:07:23:81 | I | Matching ok | SEQ : 20174871210, PART : N/A, SCAN N/A, CELL [1,1]
11:16:29:49 | I | Matching ok | SEQ : 20174871200, PART : 52124713AD, SCAN P52124713AD, CELL [1,2]
11:16:36:46 | I | Matching ok | SEQ : 20174871190, PART : 52124713AD, SCAN P52124713AD, CELL [1,3]
11:16:38:47 | I | Matching ok | SEQ : 20174871180, PART : N/A, SCAN N/A, CELL [1,4]
11:16:40:49 | I | Matching ok | SEQ : 20174871170, PART : N/A, SCAN N/A, CELL [1,5]
11:16:45:21 | I | Matching ok | SEQ : 20174871160, PART : 52124713AD, SCAN P52124713AD, CELL [1,6]
11:17:25:51 | I | Matching ok | SEQ : 20174871270, PART : 52124713AD, SCAN P52124713AD, CELL [2,1]
11:17:28:84 | I | Matching ok | SEQ : 20174871260, PART : 52124713AD, SCAN P52124713AD, CELL [2,2]
11:17:30:86 | I | Matching ok | SEQ : 20174871250, PART : N/A, SCAN N/A, CELL [2,3]
11:17:33:91 | I | Matching ok | SEQ : 20174871240, PART : 04578885AC, SCAN P04578885AC, CELL [2,4]
11:17:42:22 | I | Matching ok | SEQ : 20174871230, PART : 52124713AD, SCAN P52124713AD, CELL [2,5]
11:17:44:23 | I | Matching ok | SEQ : 20174871220, PART : N/A, SCAN N/A, CELL [2,6]
11:17:46:38 | I | Matching ok | SEQ : 20174871330, PART : N/A, SCAN N/A, CELL [1,1]
11:23:21:85 | I | Matching ok | SEQ : 20174871320, PART : 04578885AC, SCAN P04578885AC, CELL [1,2]
11:23:28:30 | I | Matching ok | SEQ : 20174871310, PART : 52124713AD, SCAN P52124713AD, CELL [1,3]
11:23:34:05 | W | Mismatching | SEQ : 20174871300, PART : 52124713AD, SCAN TQ42027C0079, CELL [1,4]
11:23:43:13 | I | Matching ok | SEQ : 20174871300, PART : 52124713AD, SCAN P52124713AD, CELL [1,4]
11:23:45:14 | I | Matching ok | SEQ : 20174871290, PART : N/A, SCAN N/A, CELL [1,5]
11:24:06:23 | I | Matching ok | SEQ : 20174871280, PART : 52124713AD, SCAN P52124713AD, CELL [1,6]
11:24:30:12 | I | Matching ok | SEQ : 20174871390, PART : 52124713AD, SCAN P52124713AD, CELL [2,1]
11:24:32:14 | I | Matching ok | SEQ : 20174871380, PART : N/A, SCAN N/A, CELL [2,2]
11:24:34:15 | I | Matching ok | SEQ : 20174871370, PART : N/A, SCAN N/A, CELL [2,3]
11:25:15:53 | I | Matching ok | SEQ : 20174871360, PART : 52124713AD, SCAN P52124713AD, CELL [2,4]
11:25:17:55 | I | Matching ok | SEQ : 20174871350, PART : N/A, SCAN N/A, CELL [2,5]
11:25:19:56 | I | Matching ok | SEQ : 20174871340, PART : N/A, SCAN N/A, CELL [2,6]
11:25:21:70 | I | Matching ok | SEQ : 20174871450, PART : N/A, SCAN N/A, CELL [1,1]
11:25:23:75 | I | Matching ok | SEQ : 20174871440, PART : N/A, SCAN N/A, CELL [1,2]
11:33:33:13 | I | Matching ok | SEQ : 20174871430, PART : 52124713AD, SCAN P52124713AD, CELL [1,3]
11:33:41:91 | I | Matching ok | SEQ : 20174871420, PART : 04578885AC, SCAN P04578885AC, CELL [1,4]
11:33:43:93 | I | Matching ok | SEQ : 20174871410, PART : N/A, SCAN N/A, CELL [1,5]
11:33:49:31 | I | Matching ok | SEQ : 20174871400, PART : 04578885AC, SCAN P04578885AC, CELL [1,6]
11:34:06:16 | I | Matching ok | SEQ : 20174871510, PART : 52124713AD, SCAN P52124713AD, CELL [2,1]
11:34:09:89 | I | Matching ok | SEQ : 20174871500, PART : 52124713AD, SCAN P52124713AD, CELL [2,2]
11:34:13:91 | I | Matching ok | SEQ : 20174871490, PART : 52124713AD, SCAN P52124713AD, CELL [2,3]
11:34:24:74 | I | Matching ok | SEQ : 20174871480, PART : 04578885AC, SCAN P04578885AC, CELL [2,4]
11:34:33:49 | I | Matching ok | SEQ : 20174871470, PART : 52124713AD, SCAN P52124713AD, CELL [2,5]
11:34:39:61 | I | Matching ok | SEQ : 20174871460, PART : 52124713AD, SCAN P52124713AD, CELL [2,6]
11:50:33:04 | I | Matching ok | SEQ : 20174871570, PART : 52124713AD, SCAN P52124713AD, CELL [1,1]
11:50:38:74 | I | Matching ok | SEQ : 20174871560, PART : 52124713AD, SCAN P52124713AD, CELL [1,2]
11:50:40:75 | I | Matching ok | SEQ : 20174871550, PART : N/A, SCAN N/A, CELL [1,3]
11:50:45:16 | I | Matching ok | SEQ : 20174871540, PART : 52124713AD, SCAN P52124713AD, CELL [1,4]
11:50:47:19 | I | Matching ok | SEQ : 20174871530, PART : N/A, SCAN N/A, CELL [1,5]
11:51:00:29 | I | Matching ok | SEQ : 20174871520, PART : 04578885AC, SCAN P04578885AC, CELL [1,6]
11:51:07:84 | I | Matching ok | SEQ : 20174871630, PART : 52124713AD, SCAN P52124713AD, CELL [2,1]
11:51:09:84 | I | Matching ok | SEQ : 20174871620, PART : N/A, SCAN N/A, CELL [2,2]
11:51:15:01 | I | Matching ok | SEQ : 20174871610, PART : 52124713AD, SCAN P52124713AD, CELL [2,3]
11:51:23:61 | I | Matching ok | SEQ : 20174871600, PART : 52124713AD, SCAN P52124713AD, CELL [2,4]
11:51:33:06 | I | Matching ok | SEQ : 20174871590, PART : 04578885AC, SCAN P04578885AC, CELL [2,5]
11:51:35:07 | I | Matching ok | SEQ : 20174871580, PART : N/A, SCAN N/A, CELL [2,6]
11:58:14:12 | I | Matching ok | SEQ : 20174871690, PART : 52124713AD, SCAN P52124713AD, CELL [1,1]
11:58:16:15 | I | Matching ok | SEQ : 20174871680, PART : N/A, SCAN N/A, CELL [1,2]
11:58:18:17 | I | Matching ok | SEQ : 20174871670, PART : N/A, SCAN N/A, CELL [1,3]
11:58:20:20 | I | Matching ok | SEQ : 20174871660, PART : N/A, SCAN N/A, CELL [1,4]
11:58:24:02 | I | Matching ok | SEQ : 20174871650, PART : 04578885AC, SCAN P04578885AC, CELL [1,5]
11:58:26:04 | I | Matching ok | SEQ : 20174871640, PART : N/A, SCAN N/A, CELL [1,6]
11:58:50:32 | I | Matching ok | SEQ : 20174871750, PART : 52124713AD, SCAN P52124713AD, CELL [2,1]
11:58:54:27 | I | Matching ok | SEQ : 20174871740, PART : 52124713AD, SCAN P52124713AD, CELL [2,2]
11:58:56:29 | I | Matching ok | SEQ : 20174871730, PART : N/A, SCAN N/A, CELL [2,3]
11:58:58:30 | I | Matching ok | SEQ : 20174871720, PART : N/A, SCAN N/A, CELL [2,4]
11:59:01:92 | I | Matching ok | SEQ : 20174871710, PART : 52124713AD, SCAN P52124713AD, CELL [2,5]
11:59:04:90 | I | Matching ok | SEQ : 20174871700, PART : 52124713AD, SCAN P52124713AD, CELL [2,6]
12:24:21:02 | I | Matching ok | SEQ : 20174871810, PART : 52124713AD, SCAN P52124713AD, CELL [1,1]
12:24:27:77 | I | Matching ok | SEQ : 20174871800, PART : 04578885AC, SCAN P04578885AC, CELL [1,2]
12:24:35:64 | I | Matching ok | SEQ : 20174871790, PART : 52124713AD, SCAN P52124713AD, CELL [1,3]
12:24:41:16 | I | Matching ok | SEQ : 20174871780, PART : 52124713AD, SCAN P52124713AD, CELL [1,4]
12:24:43:19 | I | Matching ok | SEQ : 20174871770, PART : N/A, SCAN N/A, CELL [1,5]
12:24:54:54 | I | Matching ok | SEQ : 20174871760, PART : 52124713AD, SCAN P52124713AD, CELL [1,6]
12:24:56:58 | I | Matching ok | SEQ : 20174871870, PART : N/A, SCAN N/A, CELL [2,1]
12:25:18:34 | I | Matching ok | SEQ : 20174871860, PART : 04578885AC, SCAN P04578885AC, CELL [2,2]
12:25:34:52 | I | Matching ok | SEQ : 20174871850, PART : 52124713AD, SCAN P52124713AD, CELL [2,3]
12:25:38:02 | I | Matching ok | SEQ : 20174871840, PART : 04578885AC, SCAN P04578885AC, CELL [2,4]
12:25:49:52 | I | Matching ok | SEQ : 20174871830, PART : 04578885AC, SCAN P04578885AC, CELL [2,5]
12:25:57:99 | I | Matching ok | SEQ : 20174871820, PART : 52124713AD, SCAN P52124713AD, CELL [2,6]
12:32:29:15 | I | Matching ok | SEQ : 20174871930, PART : 04578885AC, SCAN P04578885AC, CELL [1,1]
12:32:33:43 | I | Matching ok | SEQ : 20174871920, PART : 52124713AD, SCAN P52124713AD, CELL [1,2]
12:32:35:44 | I | Matching ok | SEQ : 20174871910, PART : N/A, SCAN N/A, CELL [1,3]
12:32:52:75 | W | Mismatching | SEQ : 20174871900, PART : 04578885AC, SCAN P52124713AD, CELL [1,4]
12:33:08:30 | I | Matching ok | SEQ : 20174871900, PART : 04578885AC, SCAN P04578885AC, CELL [1,4]
12:33:10:34 | I | Matching ok | SEQ : 20174871890, PART : N/A, SCAN N/A, CELL [1,5]
12:33:15:30 | I | Matching ok | SEQ : 20174871880, PART : 52124713AD, SCAN P52124713AD, CELL [1,6]
12:33:47:85 | I | Matching ok | SEQ : 20174871990, PART : 52124713AD, SCAN P52124713AD, CELL [2,1]
12:33:53:93 | I | Matching ok | SEQ : 20174871980, PART : 52124713AD, SCAN P52124713AD, CELL [2,2]
12:34:01:48 | I | Matching ok | SEQ : 20174871970, PART : 04578885AC, SCAN P04578885AC, CELL [2,3]
12:34:03:48 | I | Matching ok | SEQ : 20174871960, PART : N/A, SCAN N/A, CELL [2,4]
12:34:05:51 | I | Matching ok | SEQ : 20174871950, PART : N/A, SCAN N/A, CELL [2,5]
12:34:07:55 | I | Matching ok | SEQ : 20174871940, PART : 52124713AD, SCAN P52124713AD, CELL [2,6]
12:44:33:15 | I | Matching ok | SEQ : 20174872050, PART : 52124713AD, SCAN P52124713AD, CELL [1,1]
12:44:35:18 | I | Matching ok | SEQ : 20174872040, PART : N/A, SCAN N/A, CELL [1,2]
12:44:37:19 | I | Matching ok | SEQ : 20174872030, PART : N/A, SCAN N/A, CELL [1,3]
12:44:40:49 | I | Matching ok | SEQ : 20174872020, PART : 04578885AC, SCAN P04578885AC, CELL [1,4]
12:44:49:82 | I | Matching ok | SEQ : 20174872010, PART : 52124713AD, SCAN P52124713AD, CELL [1,5]
12:44:55:79 | I | Matching ok | SEQ : 20174872000, PART : 52124713AD, SCAN P52124713AD, CELL [1,6]
12:44:57:81 | I | Matching ok | SEQ : 20174872110, PART : N/A, SCAN N/A, CELL [2,1]
12:45:06:12 | I | Matching ok | SEQ : 20174872100, PART : 52124713AD, SCAN P52124713AD, CELL [2,2]
12:45:08:13 | I | Matching ok | SEQ : 20174872090, PART : N/A, SCAN N/A, CELL [2,3]
12:45:15:65 | I | Matching ok | SEQ : 20174872080, PART : 52124713AD, SCAN P52124713AD, CELL [2,4]
12:45:17:66 | I | Matching ok | SEQ : 20174872070, PART : N/A, SCAN N/A, CELL [2,5]
12:45:19:67 | I | Matching ok | SEQ : 20174872060, PART : N/A, SCAN N/A, CELL [2,6]
12:45:36:27 | I | Matching ok | SEQ : 20174872170, PART : 52124713AD, SCAN P52124713AD, CELL [1,1]
12:45:38:28 | I | Matching ok | SEQ : 20174872160, PART : N/A, SCAN N/A, CELL [1,2]
12:53:57:36 | I | Matching ok | SEQ : 20174872150, PART : 52124713AD, SCAN P52124713AD, CELL [1,3]
12:54:12:46 | I | Matching ok | SEQ : 20174872140, PART : 04578885AC, SCAN P04578885AC, CELL [1,4]
12:54:14:49 | I | Matching ok | SEQ : 20174872130, PART : N/A, SCAN N/A, CELL [1,5]
12:54:18:06 | I | Matching ok | SEQ : 20174872120, PART : 52124713AD, SCAN P52124713AD, CELL [1,6]
12:54:39:41 | I | Matching ok | SEQ : 20174872230, PART : 52124713AD, SCAN P52124713AD, CELL [2,1]
12:54:50:93 | I | Matching ok | SEQ : 20174872220, PART : 52124713AD, SCAN P52124713AD, CELL [2,2]
12:55:40:56 | I | Matching ok | SEQ : 20174872210, PART : 52124713AD, SCAN P52124713AD, CELL [2,3]
12:55:42:58 | I | Matching ok | SEQ : 20174872200, PART : N/A, SCAN N/A, CELL [2,4]
12:56:27:66 | I | Matching ok | SEQ : 20174872190, PART : 52124713AD, SCAN P52124713AD, CELL [2,5]
12:56:30:66 | I | Matching ok | SEQ : 20174872180, PART : 52124713AD, SCAN P52124713AD, CELL [2,6]
13:09:12:00 | I | Matching ok | SEQ : 20174872290, PART : 52124713AD, SCAN P52124713AD, CELL [1,1]
13:09:18:80 | I | Matching ok | SEQ : 20174872280, PART : 04578885AC, SCAN P04578885AC, CELL [1,2]
13:09:20:82 | I | Matching ok | SEQ : 20174872270, PART : N/A, SCAN N/A, CELL [1,3]
13:09:26:51 | I | Matching ok | SEQ : 20174872260, PART : 52124713AD, SCAN P52124713AD, CELL [1,4]
13:09:28:54 | I | Matching ok | SEQ : 20174872250, PART : N/A, SCAN N/A, CELL [1,5]
13:09:30:59 | I | Matching ok | SEQ : 20174872240, PART : N/A, SCAN N/A, CELL [1,6]
13:09:37:13 | I | Matching ok | SEQ : 20174872350, PART : 52124713AD, SCAN P52124713AD, CELL [2,1]
13:09:57:75 | I | Matching ok | SEQ : 20174872340, PART : 52124713AD, SCAN P52124713AD, CELL [2,2]
13:09:59:78 | I | Matching ok | SEQ : 20174872330, PART : N/A, SCAN N/A, CELL [2,3]
13:10:02:33 | I | Matching ok | SEQ : 20174872320, PART : 52124713AD, SCAN P52124713AD, CELL [2,4]
13:10:04:35 | I | Matching ok | SEQ : 20174872310, PART : N/A, SCAN N/A, CELL [2,5]
13:10:09:23 | I | Matching ok | SEQ : 20174872300, PART : 52124713AD, SCAN P52124713AD, CELL [2,6]
13:19:09:09 | I | Matching ok | SEQ : 20174872410, PART : 52124713AD, SCAN P52124713AD, CELL [1,1]
13:19:13:32 | I | Matching ok | SEQ : 20174872400, PART : 52124713AD, SCAN P52124713AD, CELL [1,2]
13:19:16:92 | I | Matching ok | SEQ : 20174872390, PART : 04578885AC, SCAN P04578885AC, CELL [1,3]
13:19:20:64 | I | Matching ok | SEQ : 20174872380, PART : 52124713AD, SCAN P52124713AD, CELL [1,4]
13:19:24:17 | I | Matching ok | SEQ : 20174872370, PART : 52124713AD, SCAN P52124713AD, CELL [1,5]
13:19:27:69 | I | Matching ok | SEQ : 20174872360, PART : 04578885AC, SCAN P04578885AC, CELL [1,6]
13:19:31:22 | I | Matching ok | SEQ : 20174872470, PART : 52124713AD, SCAN P52124713AD, CELL [2,1]
13:19:34:54 | I | Matching ok | SEQ : 20174872460, PART : 52124713AD, SCAN P52124713AD, CELL [2,2]
13:19:39:09 | I | Matching ok | SEQ : 20174872450, PART : 52124713AD, SCAN P52124713AD, CELL [2,3]
13:19:42:37 | I | Matching ok | SEQ : 20174872440, PART : 04578885AC, SCAN P04578885AC, CELL [2,4]
13:19:45:65 | I | Matching ok | SEQ : 20174872430, PART : 04578885AC, SCAN P04578885AC, CELL [2,5]
13:19:48:22 | I | Matching ok | SEQ : 20174872420, PART : 52124713AD, SCAN P52124713AD, CELL [2,6]
13:19:50:29 | I | Matching ok | SEQ : 20174872530, PART : N/A, SCAN N/A, CELL [1,1]
13:19:52:30 | I | Matching ok | SEQ : 20174872520, PART : N/A, SCAN N/A, CELL [1,2]
13:25:41:75 | I | Matching ok | SEQ : 20174872510, PART : 52124713AD, SCAN P52124713AD, CELL [1,3]
13:25:49:85 | I | Matching ok | SEQ : 20174872500, PART : 04578885AC, SCAN P04578885AC, CELL [1,4]
13:25:51:88 | I | Matching ok | SEQ : 20174872490, PART : N/A, SCAN N/A, CELL [1,5]
13:25:57:93 | I | Matching ok | SEQ : 20174872480, PART : 52124713AD, SCAN P52124713AD, CELL [1,6]
13:25:59:98 | I | Matching ok | SEQ : 20174872590, PART : N/A, SCAN N/A, CELL [2,1]
13:26:10:05 | I | Matching ok | SEQ : 20174872580, PART : 52124713AD, SCAN P52124713AD, CELL [2,2]
13:26:18:68 | I | Matching ok | SEQ : 20174872570, PART : 04578885AC, SCAN P04578885AC, CELL [2,3]
13:26:24:43 | I | Matching ok | SEQ : 20174872560, PART : 52124713AD, SCAN P52124713AD, CELL [2,4]
13:26:33:10 | I | Matching ok | SEQ : 20174872550, PART : 52124713AD, SCAN P52124713AD, CELL [2,5]
13:26:42:05 | I | Matching ok | SEQ : 20174872540, PART : 04578885AC, SCAN P04578885AC, CELL [2,6]
13:45:57:18 | I | Matching ok | SEQ : 20174872650, PART : 52124713AD, SCAN P52124713AD, CELL [1,1]
13:46:03:56 | I | Matching ok | SEQ : 20174872640, PART : 52124713AD, SCAN P52124713AD, CELL [1,2]
13:46:05:57 | I | Matching ok | SEQ : 20174872630, PART : N/A, SCAN N/A, CELL [1,3]
13:46:09:11 | I | Matching ok | SEQ : 20174872620, PART : 52124713AD, SCAN P52124713AD, CELL [1,4]
13:46:12:58 | I | Matching ok | SEQ : 20174872610, PART : 04578885AC, SCAN P04578885AC, CELL [1,5]
13:46:16:01 | I | Matching ok | SEQ : 20174872600, PART : 52124713AD, SCAN P52124713AD, CELL [1,6]
13:46:20:41 | I | Matching ok | SEQ : 20174872710, PART : 52124713AD, SCAN P52124713AD, CELL [2,1]
13:46:23:68 | I | Matching ok | SEQ : 20174872700, PART : 52124713AD, SCAN P52124713AD, CELL [2,2]
13:46:25:72 | I | Matching ok | SEQ : 20174872690, PART : N/A, SCAN N/A, CELL [2,3]
13:46:29:59 | I | Matching ok | SEQ : 20174872680, PART : 52124713AD, SCAN P52124713AD, CELL [2,4]
13:46:31:61 | I | Matching ok | SEQ : 20174872670, PART : N/A, SCAN N/A, CELL [2,5]
13:46:33:63 | I | Matching ok | SEQ : 20174872660, PART : N/A, SCAN N/A, CELL [2,6]
13:58:02:92 | I | Matching ok | SEQ : 20174872770, PART : 52124713AD, SCAN P52124713AD, CELL [1,1]
13:58:07:15 | I | Matching ok | SEQ : 20174872760, PART : 52124713AD, SCAN P52124713AD, CELL [1,2]
13:58:10:45 | I | Matching ok | SEQ : 20174872750, PART : 52124713AD, SCAN P52124713AD, CELL [1,3]
13:58:14:30 | I | Matching ok | SEQ : 20174872740, PART : 52124713AD, SCAN P52124713AD, CELL [1,4]
13:58:17:43 | I | Matching ok | SEQ : 20174872730, PART : 52124713AD, SCAN P52124713AD, CELL [1,5]
13:58:20:50 | I | Matching ok | SEQ : 20174872720, PART : 52124713AD, SCAN P52124713AD, CELL [1,6]
13:58:23:72 | I | Matching ok | SEQ : 20174872830, PART : 52124713AD, SCAN P52124713AD, CELL [2,1]
13:58:26:97 | I | Matching ok | SEQ : 20174872820, PART : 52124713AD, SCAN P52124713AD, CELL [2,2]
13:58:31:25 | I | Matching ok | SEQ : 20174872810, PART : 52124713AD, SCAN P52124713AD, CELL [2,3]
13:58:35:00 | I | Matching ok | SEQ : 20174872800, PART : 52124713AD, SCAN P52124713AD, CELL [2,4]
13:58:38:28 | I | Matching ok | SEQ : 20174872790, PART : 52124713AD, SCAN P52124713AD, CELL [2,5]
13:58:40:30 | I | Matching ok | SEQ : 20174872780, PART : N/A, SCAN N/A, CELL [2,6]
14:08:13:15 | I | Matching ok | SEQ : 20174872890, PART : 04578885AC, SCAN P04578885AC, CELL [1,1]
14:08:18:34 | I | Matching ok | SEQ : 20174872880, PART : 52124713AD, SCAN P52124713AD, CELL [1,2]
14:08:21:91 | I | Matching ok | SEQ : 20174872870, PART : 52124713AD, SCAN P52124713AD, CELL [1,3]
14:08:25:79 | I | Matching ok | SEQ : 20174872860, PART : 52124713AD, SCAN P52124713AD, CELL [1,4]
14:08:30:29 | I | Matching ok | SEQ : 20174872850, PART : 04578885AC, SCAN P04578885AC, CELL [1,5]
14:08:36:29 | I | Matching ok | SEQ : 20174872840, PART : 04578885AC, SCAN P04578885AC, CELL [1,6]
14:08:41:56 | I | Matching ok | SEQ : 20174872950, PART : 04578885AC, SCAN P04578885AC, CELL [2,1]
14:08:58:64 | I | Matching ok | SEQ : 20174872940, PART : 52124713AD, SCAN P52124713AD, CELL [2,2]
14:09:03:16 | I | Matching ok | SEQ : 20174872930, PART : 52124713AD, SCAN P52124713AD, CELL [2,3]
14:09:05:18 | I | Matching ok | SEQ : 20174872920, PART : N/A, SCAN N/A, CELL [2,4]
14:09:07:19 | I | Matching ok | SEQ : 20174872910, PART : N/A, SCAN N/A, CELL [2,5]
14:09:12:26 | I | Matching ok | SEQ : 20174872900, PART : 52124713AD, SCAN P52124713AD, CELL [2,6]
14:20:14:60 | I | Matching ok | SEQ : 20174873010, PART : 52124713AD, SCAN P52124713AD, CELL [1,1]
14:20:17:30 | I | Matching ok | SEQ : 20174873000, PART : 52124713AD, SCAN P52124713AD, CELL [1,2]
14:20:20:16 | I | Matching ok | SEQ : 20174872990, PART : 04578885AC, SCAN P04578885AC, CELL [1,3]
14:20:22:18 | I | Matching ok | SEQ : 20174872980, PART : N/A, SCAN N/A, CELL [1,4]
14:20:25:36 | I | Matching ok | SEQ : 20174872970, PART : 52124713AD, SCAN P52124713AD, CELL [1,5]
14:20:28:76 | I | Matching ok | SEQ : 20174872960, PART : 04578885AC, SCAN P04578885AC, CELL [1,6]
14:20:30:77 | I | Matching ok | SEQ : 20174873070, PART : N/A, SCAN N/A, CELL [2,1]
14:20:52:23 | I | Matching ok | SEQ : 20174873060, PART : 04578885AC, SCAN P04578885AC, CELL [2,2]
14:21:03:53 | I | Matching ok | SEQ : 20174873050, PART : 52124713AD, SCAN P52124713AD, CELL [2,3]
14:21:18:33 | W | Mismatching | SEQ : 20174873040, PART : 52124713AD, SCAN TQ42117C0217, CELL [2,4]
14:21:36:33 | I | Matching ok | SEQ : 20174873040, PART : 52124713AD, SCAN P52124713AD, CELL [2,4]
14:21:38:35 | I | Matching ok | SEQ : 20174873030, PART : N/A, SCAN N/A, CELL [2,5]
14:21:51:08 | I | Matching ok | SEQ : 20174873020, PART : 04578885AC, SCAN P04578885AC, CELL [2,6]
14:36:29:50 | I | Matching ok | SEQ : 20174873130, PART : 52124713AD, SCAN P52124713AD, CELL [1,1]
14:36:34:83 | I | Matching ok | SEQ : 20174873120, PART : 04578885AC, SCAN P04578885AC, CELL [1,2]
14:36:38:06 | I | Matching ok | SEQ : 20174873110, PART : 52124713AD, SCAN P52124713AD, CELL [1,3]
14:36:41:98 | I | Matching ok | SEQ : 20174873100, PART : 52124713AD, SCAN P52124713AD, CELL [1,4]
14:36:45:18 | I | Matching ok | SEQ : 20174873090, PART : 04578885AC, SCAN P04578885AC, CELL [1,5]
14:36:48:70 | I | Matching ok | SEQ : 20174873080, PART : 52124713AD, SCAN P52124713AD, CELL [1,6]
14:36:58:25 | I | Matching ok | SEQ : 20174873190, PART : 52124713AD, SCAN P52124713AD, CELL [2,1]
14:37:08:18 | I | Matching ok | SEQ : 20174873180, PART : 52124713AD, SCAN P52124713AD, CELL [2,2]
14:37:40:30 | I | Matching ok | SEQ : 20174873170, PART : 52124713AD, SCAN P52124713AD, CELL [2,3]
14:37:42:31 | I | Matching ok | SEQ : 20174873160, PART : N/A, SCAN N/A, CELL [2,4]
14:37:53:91 | I | Matching ok | SEQ : 20174873150, PART : 04578885AC, SCAN P04578885AC, CELL [2,5]
14:38:05:09 | I | Matching ok | SEQ : 20174873140, PART : 52124713AD, SCAN P52124713AD, CELL [2,6]
14:47:18:14 | I | Matching ok | SEQ : 20174873250, PART : 52124713AD, SCAN P52124713AD, CELL [1,1]
14:47:25:00 | I | Matching ok | SEQ : 20174873240, PART : 04578885AC, SCAN P04578885AC, CELL [1,2]
14:47:28:82 | I | Matching ok | SEQ : 20174873230, PART : 52124713AD, SCAN P52124713AD, CELL [1,3]
14:47:37:57 | I | Matching ok | SEQ : 20174873220, PART : 52124713AD, SCAN P52124713AD, CELL [1,4]
14:47:42:74 | I | Matching ok | SEQ : 20174873210, PART : 52124713AD, SCAN P52124713AD, CELL [1,5]
14:47:44:76 | I | Matching ok | SEQ : 20174873200, PART : N/A, SCAN N/A, CELL [1,6]
14:48:02:47 | I | Matching ok | SEQ : 20174873310, PART : 52124713AD, SCAN P52124713AD, CELL [2,1]
14:48:04:49 | I | Matching ok | SEQ : 20174873300, PART : N/A, SCAN N/A, CELL [2,2]
14:48:24:25 | I | Matching ok | SEQ : 20174873290, PART : 52124713AD, SCAN P52124713AD, CELL [2,3]
14:48:26:27 | I | Matching ok | SEQ : 20174873280, PART : N/A, SCAN N/A, CELL [2,4]
14:48:57:00 | I | Matching ok | SEQ : 20174873270, PART : 52124713AD, SCAN P52124713AD, CELL [2,5]
14:49:02:20 | I | Matching ok | SEQ : 20174873260, PART : 04578885AC, SCAN P04578885AC, CELL [2,6]
15:00:34:41 | I | Matching ok | SEQ : 20174873370, PART : 04578885AC, SCAN P04578885AC, CELL [1,1]
15:00:38:76 | I | Matching ok | SEQ : 20174873360, PART : 52124713AD, SCAN P52124713AD, CELL [1,2]
15:00:40:80 | I | Matching ok | SEQ : 20174873350, PART : N/A, SCAN N/A, CELL [1,3]
15:00:44:91 | I | Matching ok | SEQ : 20174873340, PART : 04578885AC, SCAN P04578885AC, CELL [1,4]
15:00:50:26 | I | Matching ok | SEQ : 20174873330, PART : 52124713AD, SCAN P52124713AD, CELL [1,5]
15:00:53:09 | I | Matching ok | SEQ : 20174873320, PART : 52124713AD, SCAN P52124713AD, CELL [1,6]
15:00:55:69 | I | Matching ok | SEQ : 20174873430, PART : 52124713AD, SCAN P52124713AD, CELL [2,1]
15:00:58:87 | I | Matching ok | SEQ : 20174873420, PART : 52124713AD, SCAN P52124713AD, CELL [2,2]
15:01:00:88 | I | Matching ok | SEQ : 20174873410, PART : N/A, SCAN N/A, CELL [2,3]
15:01:13:06 | I | Matching ok | SEQ : 20174873400, PART : 52124713AD, SCAN P52124713AD, CELL [2,4]
15:01:23:69 | W | Mismatching | SEQ : 20174873390, PART : 52124713AD, SCAN TQ42117C0205, CELL [2,5]
15:01:34:92 | I | Matching ok | SEQ : 20174873390, PART : 52124713AD, SCAN P52124713AD, CELL [2,5]
15:01:36:95 | I | Matching ok | SEQ : 20174873380, PART : N/A, SCAN N/A, CELL [2,6]
15:01:39:02 | I | Matching ok | SEQ : 20174873490, PART : N/A, SCAN N/A, CELL [1,1]
15:23:40:32 | I | Matching ok | SEQ : 20174873480, PART : 52124713AD, SCAN P52124713AD, CELL [1,2]
15:23:42:34 | I | Matching ok | SEQ : 20174873470, PART : N/A, SCAN N/A, CELL [1,3]
15:23:44:36 | I | Matching ok | SEQ : 20174873460, PART : N/A, SCAN N/A, CELL [1,4]
15:23:48:95 | I | Matching ok | SEQ : 20174873450, PART : 52124713AD, SCAN P52124713AD, CELL [1,5]
15:23:52:32 | I | Matching ok | SEQ : 20174873440, PART : 52124713AD, SCAN P52124713AD, CELL [1,6]
15:23:56:12 | I | Matching ok | SEQ : 20174873550, PART : 52124713AD, SCAN P52124713AD, CELL [2,1]
15:23:58:13 | I | Matching ok | SEQ : 20174873540, PART : N/A, SCAN N/A, CELL [2,2]
15:24:01:32 | I | Matching ok | SEQ : 20174873530, PART : 04578885AC, SCAN P04578885AC, CELL [2,3]
15:24:03:36 | I | Matching ok | SEQ : 20174873520, PART : N/A, SCAN N/A, CELL [2,4]
15:24:05:39 | I | Matching ok | SEQ : 20174873510, PART : N/A, SCAN N/A, CELL [2,5]
15:24:08:63 | I | Matching ok | SEQ : 20174873500, PART : 52124713AD, SCAN P52124713AD, CELL [2,6]
15:39:55:02 | I | Matching ok | SEQ : 20174873610, PART : 52124713AD, SCAN P52124713AD, CELL [1,1]
15:39:57:04 | I | Matching ok | SEQ : 20174873600, PART : N/A, SCAN N/A, CELL [1,2]
15:39:59:08 | I | Matching ok | SEQ : 20174873590, PART : N/A, SCAN N/A, CELL [1,3]
15:40:03:89 | W | Mismatching | SEQ : 20174873580, PART : 52124713AD, SCAN P04578885AC, CELL [1,4]
15:40:13:87 | I | Matching ok | SEQ : 20174873580, PART : 52124713AD, SCAN P52124713AD, CELL [1,4]
15:40:17:45 | I | Matching ok | SEQ : 20174873570, PART : 04578885AC, SCAN P04578885AC, CELL [1,5]
15:40:20:70 | I | Matching ok | SEQ : 20174873560, PART : 52124713AD, SCAN P52124713AD, CELL [1,6]
15:40:22:72 | I | Matching ok | SEQ : 20174873670, PART : N/A, SCAN N/A, CELL [2,1]
15:40:24:73 | I | Matching ok | SEQ : 20174873660, PART : N/A, SCAN N/A, CELL [2,2]
15:40:49:00 | I | Matching ok | SEQ : 20174873650, PART : 52124713AD, SCAN P52124713AD, CELL [2,3]
15:40:52:55 | I | Matching ok | SEQ : 20174873640, PART : 04578885AC, SCAN P04578885AC, CELL [2,4]
15:40:54:56 | I | Matching ok | SEQ : 20174873630, PART : N/A, SCAN N/A, CELL [2,5]
15:40:57:77 | I | Matching ok | SEQ : 20174873620, PART : 52124713AD, SCAN P52124713AD, CELL [2,6]
15:47:00:45 | I | Program close
15:48:21:10 | I | Program start
15:50:16:76 | I | Program close
