06:13:16:21 | I | Matching ok | SEQ : 20174678970, PART : 04578885AC, SCAN P04578885AC, CELL [1,1]
06:13:18:31 | I | Matching ok | SEQ : 20174678960, PART : N/A, SCAN N/A, CELL [1,2]
06:13:23:39 | I | Matching ok | SEQ : 20174678950, PART : 04578885AC, SCAN P04578885AC, CELL [1,3]
06:13:26:08 | I | Matching ok | SEQ : 20174678940, PART : 52124713AD, SCAN P52124713AD, CELL [1,4]
06:13:30:46 | W | Mismatching | SEQ : 20174678930, PART : 04578885AC, SCAN P52124713AD, CELL [1,5]
06:13:35:92 | W | Mismatching | SEQ : 20174678930, PART : 04578885AC, SCAN P52124713AD, CELL [1,5]
06:13:46:83 | I | Matching ok | SEQ : 20174678930, PART : 04578885AC, SCAN P04578885AC, CELL [1,5]
06:13:51:63 | I | Matching ok | SEQ : 20174678920, PART : 52124713AD, SCAN P52124713AD, CELL [1,6]
06:13:54:31 | I | Matching ok | SEQ : 20174679030, PART : 52124713AD, SCAN P52124713AD, CELL [2,1]
06:13:56:33 | I | Matching ok | SEQ : 20174679020, PART : N/A, SCAN N/A, CELL [2,2]
06:13:59:09 | I | Matching ok | SEQ : 20174679010, PART : 04578885AC, SCAN P04578885AC, CELL [2,3]
06:14:02:14 | I | Matching ok | SEQ : 20174679000, PART : 04578885AC, SCAN P04578885AC, CELL [2,4]
06:14:04:79 | I | Matching ok | SEQ : 20174678990, PART : 04578885AC, SCAN P04578885AC, CELL [2,5]
06:14:07:94 | I | Matching ok | SEQ : 20174678980, PART : 04578885AC, SCAN P04578885AC, CELL [2,6]
06:14:10:18 | I | Matching ok | SEQ : 20174679090, PART : N/A, SCAN N/A, CELL [1,1]
06:23:13:45 | I | Matching ok | SEQ : 20174679080, PART : 04578885AC, SCAN P04578885AC, CELL [1,2]
06:23:15:48 | I | Matching ok | SEQ : 20174679070, PART : N/A, SCAN N/A, CELL [1,3]
06:23:19:25 | I | Matching ok | SEQ : 20174679060, PART : 04578885AC, SCAN P04578885AC, CELL [1,4]
06:23:23:35 | I | Matching ok | SEQ : 20174679050, PART : 04578885AC, SCAN P04578885AC, CELL [1,5]
06:23:25:73 | I | Matching ok | SEQ : 20174679040, PART : 04578885AC, SCAN P04578885AC, CELL [1,6]
06:23:28:80 | I | Matching ok | SEQ : 20174679150, PART : 04578885AC, SCAN P04578885AC, CELL [2,1]
06:23:30:83 | I | Matching ok | SEQ : 20174679140, PART : N/A, SCAN N/A, CELL [2,2]
06:23:32:73 | I | Matching ok | SEQ : 20174679130, PART : 68193661AB, SCAN P68193661AB, CELL [2,3]
06:23:34:63 | I | Matching ok | SEQ : 20174679120, PART : 04578885AC, SCAN P04578885AC, CELL [2,4]
06:23:36:85 | I | Matching ok | SEQ : 20174679110, PART : 04578885AC, SCAN P04578885AC, CELL [2,5]
06:23:38:78 | I | Matching ok | SEQ : 20174679100, PART : 04578885AC, SCAN P04578885AC, CELL [2,6]
06:32:17:39 | I | Matching ok | SEQ : 20174679210, PART : 52124713AD, SCAN P52124713AD, CELL [1,1]
06:32:22:07 | I | Matching ok | SEQ : 20174679200, PART : 04578885AC, SCAN P04578885AC, CELL [1,2]
06:32:24:07 | I | Matching ok | SEQ : 20174679190, PART : N/A, SCAN N/A, CELL [1,3]
06:32:26:10 | I | Matching ok | SEQ : 20174679180, PART : N/A, SCAN N/A, CELL [1,4]
06:32:29:90 | I | Matching ok | SEQ : 20174679170, PART : 04578885AC, SCAN P04578885AC, CELL [1,5]
06:32:34:32 | W | Mismatching | SEQ : 20174679160, PART : 04578885AC, SCAN P52124713AD, CELL [1,6]
06:32:59:29 | I | Matching ok | SEQ : 20174679160, PART : 04578885AC, SCAN P04578885AC, CELL [1,6]
06:33:03:19 | I | Matching ok | SEQ : 20174679270, PART : 52124713AD, SCAN P52124713AD, CELL [2,1]
06:33:05:23 | I | Matching ok | SEQ : 20174679260, PART : N/A, SCAN N/A, CELL [2,2]
06:33:07:54 | I | Matching ok | SEQ : 20174679250, PART : 68193661AB, SCAN P68193661AB, CELL [2,3]
06:33:10:57 | I | Matching ok | SEQ : 20174679240, PART : 68193661AB, SCAN P68193661AB, CELL [2,4]
06:33:12:59 | I | Matching ok | SEQ : 20174679230, PART : N/A, SCAN N/A, CELL [2,5]
06:33:14:62 | I | Matching ok | SEQ : 20174679220, PART : N/A, SCAN N/A, CELL [2,6]
06:33:16:71 | I | Matching ok | SEQ : 20174679330, PART : N/A, SCAN N/A, CELL [1,1]
06:42:35:01 | I | Matching ok | SEQ : 20174679320, PART : 04578885AC, SCAN P04578885AC, CELL [1,2]
06:42:37:83 | I | Matching ok | SEQ : 20174679310, PART : 68193661AB, SCAN P68193661AB, CELL [1,3]
06:42:39:84 | I | Matching ok | SEQ : 20174679300, PART : N/A, SCAN N/A, CELL [1,4]
06:42:42:28 | I | Matching ok | SEQ : 20174679290, PART : 04578885AC, SCAN P04578885AC, CELL [1,5]
06:42:44:31 | I | Matching ok | SEQ : 20174679280, PART : 52124713AD, SCAN P52124713AD, CELL [1,6]
06:42:46:36 | I | Matching ok | SEQ : 20174679390, PART : N/A, SCAN N/A, CELL [2,1]
06:42:49:41 | I | Matching ok | SEQ : 20174679380, PART : 68193661AB, SCAN P68193661AB, CELL [2,2]
06:42:53:23 | I | Matching ok | SEQ : 20174679370, PART : 04578885AC, SCAN P04578885AC, CELL [2,3]
06:42:55:48 | I | Matching ok | SEQ : 20174679360, PART : 04578885AC, SCAN P04578885AC, CELL [2,4]
06:42:57:94 | I | Matching ok | SEQ : 20174679350, PART : 04578885AC, SCAN P04578885AC, CELL [2,5]
06:43:01:03 | W | Mismatching | SEQ : 20174679340, PART : 68193661AB, SCAN P04578885AC, CELL [2,6]
06:43:30:18 | I | Matching ok | SEQ : 20174679340, PART : 68193661AB, SCAN P68193661AB, CELL [2,6]
06:53:59:97 | I | Matching ok | SEQ : 20174679450, PART : 68193661AB, SCAN P68193661AB, CELL [1,1]
06:54:01:99 | I | Matching ok | SEQ : 20174679440, PART : N/A, SCAN N/A, CELL [1,2]
06:54:04:03 | I | Matching ok | SEQ : 20174679430, PART : N/A, SCAN N/A, CELL [1,3]
06:54:17:87 | I | Matching ok | SEQ : 20174679420, PART : 68193661AB, SCAN P68193661AB, CELL [1,4]
06:54:42:37 | W | Mismatching | SEQ : 20174679410, PART : 04578885AC, SCAN P68193661AB, CELL [1,5]
06:54:54:82 | W | Mismatching | SEQ : 20174679410, PART : 04578885AC, SCAN P68193661AB, CELL [1,5]
06:54:59:95 | W | Mismatching | SEQ : 20174679410, PART : 04578885AC, SCAN TQ41877C0914, CELL [1,5]
06:55:09:12 | I | Matching ok | SEQ : 20174679410, PART : 04578885AC, SCAN P04578885AC, CELL [1,5]
06:55:12:62 | I | Matching ok | SEQ : 20174679400, PART : 04578885AC, SCAN P04578885AC, CELL [1,6]
06:55:15:37 | I | Matching ok | SEQ : 20174679510, PART : 04578885AC, SCAN P04578885AC, CELL [2,1]
06:55:18:90 | I | Matching ok | SEQ : 20174679500, PART : 68193661AB, SCAN P68193661AB, CELL [2,2]
06:55:20:93 | I | Matching ok | SEQ : 20174679490, PART : N/A, SCAN N/A, CELL [2,3]
06:55:22:94 | I | Matching ok | SEQ : 20174679480, PART : N/A, SCAN N/A, CELL [2,4]
06:55:25:27 | I | Matching ok | SEQ : 20174679470, PART : 04578885AC, SCAN P04578885AC, CELL [2,5]
06:55:27:29 | I | Matching ok | SEQ : 20174679460, PART : N/A, SCAN N/A, CELL [2,6]
07:03:46:67 | I | Matching ok | SEQ : 20174679570, PART : 04578885AC, SCAN P04578885AC, CELL [1,1]
07:03:49:69 | I | Matching ok | SEQ : 20174679560, PART : 04578885AC, SCAN P04578885AC, CELL [1,2]
07:03:51:79 | I | Matching ok | SEQ : 20174679550, PART : 04578885AC, SCAN P04578885AC, CELL [1,3]
07:03:53:81 | I | Matching ok | SEQ : 20174679540, PART : N/A, SCAN N/A, CELL [1,4]
07:03:56:44 | I | Matching ok | SEQ : 20174679530, PART : 04578885AC, SCAN P04578885AC, CELL [1,5]
07:03:58:59 | I | Matching ok | SEQ : 20174679520, PART : 04578885AC, SCAN P04578885AC, CELL [1,6]
07:04:00:94 | I | Matching ok | SEQ : 20174679630, PART : 04578885AC, SCAN P04578885AC, CELL [2,1]
07:04:02:74 | I | Matching ok | SEQ : 20174679620, PART : 04578885AC, SCAN P04578885AC, CELL [2,2]
07:04:04:76 | I | Matching ok | SEQ : 20174679610, PART : N/A, SCAN N/A, CELL [2,3]
07:04:06:16 | I | Matching ok | SEQ : 20174679600, PART : 04578885AC, SCAN P04578885AC, CELL [2,4]
07:04:08:84 | I | Matching ok | SEQ : 20174679590, PART : 04578885AC, SCAN P04578885AC, CELL [2,5]
07:04:10:71 | I | Matching ok | SEQ : 20174679580, PART : 68193661AB, SCAN P68193661AB, CELL [2,6]
07:04:12:83 | I | Matching ok | SEQ : 20174679690, PART : N/A, SCAN N/A, CELL [1,1]
07:17:28:26 | I | Matching ok | SEQ : 20174679680, PART : 04578885AC, SCAN P04578885AC, CELL [1,2]
07:17:30:29 | I | Matching ok | SEQ : 20174679670, PART : N/A, SCAN N/A, CELL [1,3]
07:17:47:68 | I | Matching ok | SEQ : 20174679660, PART : 68193661AB, SCAN P68193661AB, CELL [1,4]
07:17:50:76 | I | Matching ok | SEQ : 20174679650, PART : 04578885AC, SCAN P04578885AC, CELL [1,5]
07:17:52:77 | I | Matching ok | SEQ : 20174679640, PART : N/A, SCAN N/A, CELL [1,6]
07:17:56:68 | I | Matching ok | SEQ : 20174679750, PART : 04578885AC, SCAN P04578885AC, CELL [2,1]
07:17:59:35 | I | Matching ok | SEQ : 20174679740, PART : 68193661AB, SCAN P68193661AB, CELL [2,2]
07:18:02:53 | I | Matching ok | SEQ : 20174679730, PART : 04578885AC, SCAN P04578885AC, CELL [2,3]
07:18:05:63 | I | Matching ok | SEQ : 20174679720, PART : 04578885AC, SCAN P04578885AC, CELL [2,4]
07:18:08:48 | I | Matching ok | SEQ : 20174679710, PART : 68193661AB, SCAN P68193661AB, CELL [2,5]
07:18:10:83 | I | Matching ok | SEQ : 20174679700, PART : 04578885AC, SCAN P04578885AC, CELL [2,6]
07:25:38:22 | I | Matching ok | SEQ : 20174679810, PART : 04578885AC, SCAN P04578885AC, CELL [1,1]
07:25:41:59 | I | Matching ok | SEQ : 20174679800, PART : 04578885AC, SCAN P04578885AC, CELL [1,2]
07:25:44:89 | I | Matching ok | SEQ : 20174679790, PART : 04578885AC, SCAN P04578885AC, CELL [1,3]
07:25:47:92 | I | Matching ok | SEQ : 20174679780, PART : 04578885AC, SCAN P04578885AC, CELL [1,4]
07:25:49:93 | I | Matching ok | SEQ : 20174679770, PART : N/A, SCAN N/A, CELL [1,5]
07:25:53:17 | I | Matching ok | SEQ : 20174679760, PART : 04578885AC, SCAN P04578885AC, CELL [1,6]
07:25:56:57 | I | Matching ok | SEQ : 20174679870, PART : 04578885AC, SCAN P04578885AC, CELL [2,1]
07:25:58:60 | I | Matching ok | SEQ : 20174679860, PART : N/A, SCAN N/A, CELL [2,2]
07:26:00:61 | I | Matching ok | SEQ : 20174679850, PART : N/A, SCAN N/A, CELL [2,3]
07:26:04:14 | I | Matching ok | SEQ : 20174679840, PART : 52124713AD, SCAN P52124713AD, CELL [2,4]
07:26:06:15 | I | Matching ok | SEQ : 20174679830, PART : N/A, SCAN N/A, CELL [2,5]
07:26:09:32 | I | Matching ok | SEQ : 20174679820, PART : 68193661AB, SCAN P68193661AB, CELL [2,6]
07:35:47:03 | I | Matching ok | SEQ : 20174679930, PART : 04578885AC, SCAN P04578885AC, CELL [1,1]
07:35:54:46 | I | Matching ok | SEQ : 20174679920, PART : 04578885AC, SCAN P04578885AC, CELL [1,2]
07:36:00:18 | I | Matching ok | SEQ : 20174679910, PART : 04578885AC, SCAN P04578885AC, CELL [1,3]
07:36:05:91 | I | Matching ok | SEQ : 20174679900, PART : 68193661AB, SCAN P68193661AB, CELL [1,4]
07:36:09:26 | I | Matching ok | SEQ : 20174679890, PART : 04578885AC, SCAN P04578885AC, CELL [1,5]
07:36:12:63 | I | Matching ok | SEQ : 20174679880, PART : 68193661AB, SCAN P68193661AB, CELL [1,6]
07:36:15:56 | I | Matching ok | SEQ : 20174679990, PART : 04578885AC, SCAN P04578885AC, CELL [2,1]
07:36:18:33 | I | Matching ok | SEQ : 20174679980, PART : 68193661AB, SCAN P68193661AB, CELL [2,2]
07:36:21:51 | I | Matching ok | SEQ : 20174679970, PART : 04578885AC, SCAN P04578885AC, CELL [2,3]
07:36:24:71 | I | Matching ok | SEQ : 20174679960, PART : 04578885AC, SCAN P04578885AC, CELL [2,4]
07:36:28:01 | I | Matching ok | SEQ : 20174679950, PART : 68193661AB, SCAN P68193661AB, CELL [2,5]
07:36:30:01 | I | Matching ok | SEQ : 20174679940, PART : N/A, SCAN N/A, CELL [2,6]
07:48:54:38 | I | Matching ok | SEQ : 20174680050, PART : 04578885AC, SCAN P04578885AC, CELL [1,1]
07:48:58:53 | I | Matching ok | SEQ : 20174680040, PART : 04578885AC, SCAN P04578885AC, CELL [1,2]
07:49:01:78 | I | Matching ok | SEQ : 20174680030, PART : 04578885AC, SCAN P04578885AC, CELL [1,3]
07:49:03:81 | I | Matching ok | SEQ : 20174680020, PART : N/A, SCAN N/A, CELL [1,4]
07:49:08:05 | I | Matching ok | SEQ : 20174680010, PART : 68193661AB, SCAN P68193661AB, CELL [1,5]
07:49:10:08 | I | Matching ok | SEQ : 20174680000, PART : N/A, SCAN N/A, CELL [1,6]
07:49:13:45 | I | Matching ok | SEQ : 20174680110, PART : 68193661AB, SCAN P68193661AB, CELL [2,1]
07:49:15:47 | I | Matching ok | SEQ : 20174680100, PART : N/A, SCAN N/A, CELL [2,2]
07:49:18:35 | I | Matching ok | SEQ : 20174680090, PART : 04578885AC, SCAN P04578885AC, CELL [2,3]
07:49:20:60 | I | Matching ok | SEQ : 20174680080, PART : 68193661AB, SCAN P68193661AB, CELL [2,4]
07:49:23:50 | I | Matching ok | SEQ : 20174680070, PART : 04578885AC, SCAN P04578885AC, CELL [2,5]
07:49:26:30 | I | Matching ok | SEQ : 20174680060, PART : 68193661AB, SCAN P68193661AB, CELL [2,6]
07:59:35:39 | I | Matching ok | SEQ : 20174680170, PART : 04578885AC, SCAN P04578885AC, CELL [1,1]
07:59:40:84 | I | Matching ok | SEQ : 20174680160, PART : 68193661AB, SCAN P68193661AB, CELL [1,2]
07:59:51:67 | I | Matching ok | SEQ : 20174680150, PART : 04578885AC, SCAN P04578885AC, CELL [1,3]
07:59:54:99 | I | Matching ok | SEQ : 20174680140, PART : 04578885AC, SCAN P04578885AC, CELL [1,4]
07:59:57:82 | I | Matching ok | SEQ : 20174680130, PART : 52124713AD, SCAN P52124713AD, CELL [1,5]
07:59:59:84 | I | Matching ok | SEQ : 20174680120, PART : N/A, SCAN N/A, CELL [1,6]
08:00:09:89 | I | Matching ok | SEQ : 20174680230, PART : 04578885AC, SCAN P04578885AC, CELL [2,1]
08:00:15:59 | I | Matching ok | SEQ : 20174680220, PART : 52124713AD, SCAN P52124713AD, CELL [2,2]
08:00:18:19 | I | Matching ok | SEQ : 20174680210, PART : 52124713AD, SCAN P52124713AD, CELL [2,3]
08:00:20:20 | I | Matching ok | SEQ : 20174680200, PART : N/A, SCAN N/A, CELL [2,4]
08:00:25:82 | I | Matching ok | SEQ : 20174680190, PART : 52124713AD, SCAN P52124713AD, CELL [2,5]
08:00:28:39 | I | Matching ok | SEQ : 20174680180, PART : 68193661AB, SCAN P68193661AB, CELL [2,6]
08:30:48:56 | I | Matching ok | SEQ : 20174680290, PART : 04578885AC, SCAN P04578885AC, CELL [1,1]
08:30:50:59 | I | Matching ok | SEQ : 20174680280, PART : N/A, SCAN N/A, CELL [1,2]
08:30:54:64 | I | Matching ok | SEQ : 20174680270, PART : 04578885AC, SCAN P04578885AC, CELL [1,3]
08:30:57:99 | I | Matching ok | SEQ : 20174680260, PART : 68193661AB, SCAN P68193661AB, CELL [1,4]
08:31:00:00 | I | Matching ok | SEQ : 20174680250, PART : N/A, SCAN N/A, CELL [1,5]
08:31:02:64 | I | Matching ok | SEQ : 20174680240, PART : 04578885AC, SCAN P04578885AC, CELL [1,6]
08:31:05:49 | I | Matching ok | SEQ : 20174680350, PART : 52124713AD, SCAN P52124713AD, CELL [2,1]
08:31:07:86 | I | Matching ok | SEQ : 20174680340, PART : 68193661AB, SCAN P68193661AB, CELL [2,2]
08:31:10:34 | I | Matching ok | SEQ : 20174680330, PART : 04578885AC, SCAN P04578885AC, CELL [2,3]
08:31:12:35 | I | Matching ok | SEQ : 20174680320, PART : N/A, SCAN N/A, CELL [2,4]
08:31:14:38 | I | Matching ok | SEQ : 20174680310, PART : N/A, SCAN N/A, CELL [2,5]
08:31:16:39 | I | Matching ok | SEQ : 20174680300, PART : N/A, SCAN N/A, CELL [2,6]
08:45:09:88 | I | Matching ok | SEQ : 20174680410, PART : 04578885AC, SCAN P04578885AC, CELL [1,1]
08:45:11:97 | I | Matching ok | SEQ : 20174680400, PART : N/A, SCAN N/A, CELL [1,2]
08:45:14:58 | I | Matching ok | SEQ : 20174680390, PART : 04578885AC, SCAN P04578885AC, CELL [1,3]
08:45:17:98 | I | Matching ok | SEQ : 20174680380, PART : 04578885AC, SCAN P04578885AC, CELL [1,4]
08:45:20:66 | I | Matching ok | SEQ : 20174680370, PART : 04578885AC, SCAN P04578885AC, CELL [1,5]
08:45:22:67 | I | Matching ok | SEQ : 20174680360, PART : N/A, SCAN N/A, CELL [1,6]
08:45:25:96 | I | Matching ok | SEQ : 20174680470, PART : 04578885AC, SCAN P04578885AC, CELL [2,1]
08:45:27:97 | I | Matching ok | SEQ : 20174680460, PART : N/A, SCAN N/A, CELL [2,2]
08:45:31:18 | I | Matching ok | SEQ : 20174680450, PART : 04578885AC, SCAN P04578885AC, CELL [2,3]
08:45:34:88 | I | Matching ok | SEQ : 20174680440, PART : 04578885AC, SCAN P04578885AC, CELL [2,4]
08:45:36:90 | I | Matching ok | SEQ : 20174680430, PART : N/A, SCAN N/A, CELL [2,5]
08:45:41:16 | I | Matching ok | SEQ : 20174680420, PART : 68193661AB, SCAN P68193661AB, CELL [2,6]
08:45:43:23 | I | Matching ok | SEQ : 20174680530, PART : N/A, SCAN N/A, CELL [1,1]
08:45:45:24 | I | Matching ok | SEQ : 20174680520, PART : N/A, SCAN N/A, CELL [1,2]
09:00:15:35 | I | Matching ok | SEQ : 20174680510, PART : 04578885AC, SCAN P04578885AC, CELL [1,3]
09:00:19:53 | I | Matching ok | SEQ : 20174680500, PART : 68193661AB, SCAN P68193661AB, CELL [1,4]
09:00:22:18 | I | Matching ok | SEQ : 20174680490, PART : 68193661AB, SCAN P68193661AB, CELL [1,5]
09:00:43:70 | I | Matching ok | SEQ : 20174680480, PART : 04578885AC, SCAN P04578885AC, CELL [1,6]
09:00:50:43 | I | Matching ok | SEQ : 20174680590, PART : 68193661AB, SCAN P68193661AB, CELL [2,1]
09:00:54:33 | I | Matching ok | SEQ : 20174680580, PART : 04578885AC, SCAN P04578885AC, CELL [2,2]
09:01:03:28 | I | Matching ok | SEQ : 20174680570, PART : 04578885AC, SCAN P04578885AC, CELL [2,3]
09:01:06:13 | I | Matching ok | SEQ : 20174680560, PART : 52124713AD, SCAN P52124713AD, CELL [2,4]
09:01:08:14 | I | Matching ok | SEQ : 20174680550, PART : N/A, SCAN N/A, CELL [2,5]
09:01:14:38 | I | Matching ok | SEQ : 20174680540, PART : 68193661AB, SCAN P68193661AB, CELL [2,6]
09:18:25:06 | I | Matching ok | SEQ : 20174680650, PART : 04578885AC, SCAN P04578885AC, CELL [1,1]
09:18:27:83 | I | Matching ok | SEQ : 20174680640, PART : 52124713AD, SCAN P52124713AD, CELL [1,2]
09:18:30:28 | I | Matching ok | SEQ : 20174680630, PART : 04578885AC, SCAN P04578885AC, CELL [1,3]
09:18:32:29 | I | Matching ok | SEQ : 20174680620, PART : N/A, SCAN N/A, CELL [1,4]
09:18:35:41 | I | Matching ok | SEQ : 20174680610, PART : 68193661AB, SCAN P68193661AB, CELL [1,5]
09:18:38:31 | I | Matching ok | SEQ : 20174680600, PART : 52124713AD, SCAN P52124713AD, CELL [1,6]
09:18:40:60 | I | Matching ok | SEQ : 20174680710, PART : 04578885AC, SCAN P04578885AC, CELL [2,1]
09:18:44:13 | I | Matching ok | SEQ : 20174680700, PART : 68193661AB, SCAN P68193661AB, CELL [2,2]
09:18:46:24 | I | Matching ok | SEQ : 20174680690, PART : 68193661AB, SCAN P68193661AB, CELL [2,3]
09:18:48:33 | I | Matching ok | SEQ : 20174680680, PART : 04578885AC, SCAN P04578885AC, CELL [2,4]
09:18:50:78 | I | Matching ok | SEQ : 20174680670, PART : 04578885AC, SCAN P04578885AC, CELL [2,5]
09:18:53:33 | I | Matching ok | SEQ : 20174680660, PART : 04578885AC, SCAN P04578885AC, CELL [2,6]
09:27:08:54 | I | Matching ok | SEQ : 20174680770, PART : 04578885AC, SCAN P04578885AC, CELL [1,1]
09:27:11:22 | I | Matching ok | SEQ : 20174680760, PART : 68193661AB, SCAN P68193661AB, CELL [1,2]
09:27:13:24 | I | Matching ok | SEQ : 20174680750, PART : N/A, SCAN N/A, CELL [1,3]
09:27:15:47 | I | Matching ok | SEQ : 20174680740, PART : 52124713AD, SCAN P52124713AD, CELL [1,4]
09:27:17:62 | I | Matching ok | SEQ : 20174680730, PART : 04578885AC, SCAN P04578885AC, CELL [1,5]
09:27:21:12 | I | Matching ok | SEQ : 20174680720, PART : 04578885AC, SCAN P04578885AC, CELL [1,6]
09:27:23:95 | I | Matching ok | SEQ : 20174680830, PART : 04578885AC, SCAN P04578885AC, CELL [2,1]
09:27:26:49 | I | Matching ok | SEQ : 20174680820, PART : 04578885AC, SCAN P04578885AC, CELL [2,2]
09:27:28:85 | I | Matching ok | SEQ : 20174680810, PART : 68193661AB, SCAN P68193661AB, CELL [2,3]
09:27:31:50 | I | Matching ok | SEQ : 20174680800, PART : 04578885AC, SCAN P04578885AC, CELL [2,4]
09:27:34:04 | I | Matching ok | SEQ : 20174680790, PART : 68193661AB, SCAN P68193661AB, CELL [2,5]
09:27:36:06 | I | Matching ok | SEQ : 20174680780, PART : N/A, SCAN N/A, CELL [2,6]
09:27:38:14 | I | Matching ok | SEQ : 20174680890, PART : N/A, SCAN N/A, CELL [1,1]
09:31:50:87 | I | Matching ok | SEQ : 20174680880, PART : 68193661AB, SCAN P68193661AB, CELL [1,2]
09:31:53:33 | I | Matching ok | SEQ : 20174680870, PART : 68193661AB, SCAN P68193661AB, CELL [1,3]
09:31:55:77 | I | Matching ok | SEQ : 20174680860, PART : 04578885AC, SCAN P04578885AC, CELL [1,4]
09:31:57:78 | I | Matching ok | SEQ : 20174680850, PART : N/A, SCAN N/A, CELL [1,5]
09:32:00:97 | I | Matching ok | SEQ : 20174680840, PART : 52124713AD, SCAN P52124713AD, CELL [1,6]
09:32:03:15 | I | Matching ok | SEQ : 20174680950, PART : 04578885AC, SCAN P04578885AC, CELL [2,1]
09:32:06:45 | I | Matching ok | SEQ : 20174680940, PART : 68193661AB, SCAN P68193661AB, CELL [2,2]
09:32:09:65 | I | Matching ok | SEQ : 20174680930, PART : 04578885AC, SCAN P04578885AC, CELL [2,3]
09:32:11:85 | I | Matching ok | SEQ : 20174680920, PART : 04578885AC, SCAN P04578885AC, CELL [2,4]
09:32:14:45 | I | Matching ok | SEQ : 20174680910, PART : 04578885AC, SCAN P04578885AC, CELL [2,5]
09:32:16:60 | I | Matching ok | SEQ : 20174680900, PART : 04578885AC, SCAN P04578885AC, CELL [2,6]
09:40:45:09 | I | Matching ok | SEQ : 20174681010, PART : 52124713AD, SCAN P52124713AD, CELL [1,1]
09:40:48:24 | I | Matching ok | SEQ : 20174681000, PART : 52124713AD, SCAN P52124713AD, CELL [1,2]
09:40:50:61 | I | Matching ok | SEQ : 20174680990, PART : 68193661AB, SCAN P68193661AB, CELL [1,3]
09:40:56:89 | W | Mismatching | SEQ : 20174680980, PART : 52124713AD, SCAN P04578885AC, CELL [1,4]
09:41:06:74 | I | Matching ok | SEQ : 20174680980, PART : 52124713AD, SCAN P52124713AD, CELL [1,4]
09:41:09:44 | I | Matching ok | SEQ : 20174680970, PART : 04578885AC, SCAN P04578885AC, CELL [1,5]
09:41:12:36 | I | Matching ok | SEQ : 20174680960, PART : 68193661AB, SCAN P68193661AB, CELL [1,6]
09:41:15:54 | I | Matching ok | SEQ : 20174681070, PART : 04578885AC, SCAN P04578885AC, CELL [2,1]
09:41:18:94 | I | Matching ok | SEQ : 20174681060, PART : 68193661AB, SCAN P68193661AB, CELL [2,2]
09:41:22:19 | I | Matching ok | SEQ : 20174681050, PART : 68193661AB, SCAN P68193661AB, CELL [2,3]
09:41:25:39 | I | Matching ok | SEQ : 20174681040, PART : 04578885AC, SCAN P04578885AC, CELL [2,4]
09:41:29:02 | I | Matching ok | SEQ : 20174681030, PART : 04578885AC, SCAN P04578885AC, CELL [2,5]
09:41:31:03 | I | Matching ok | SEQ : 20174681020, PART : N/A, SCAN N/A, CELL [2,6]
09:41:33:13 | I | Matching ok | SEQ : 20174681130, PART : N/A, SCAN N/A, CELL [1,1]
09:53:09:08 | I | Matching ok | SEQ : 20174681120, PART : 04578885AC, SCAN P04578885AC, CELL [1,2]
09:53:11:23 | I | Matching ok | SEQ : 20174681110, PART : 68193661AB, SCAN P68193661AB, CELL [1,3]
09:53:13:65 | I | Matching ok | SEQ : 20174681100, PART : 52124713AD, SCAN P52124713AD, CELL [1,4]
09:53:17:73 | I | Matching ok | SEQ : 20174681090, PART : 04578885AC, SCAN P04578885AC, CELL [1,5]
09:53:20:05 | I | Matching ok | SEQ : 20174681080, PART : 52124713AD, SCAN P52124713AD, CELL [1,6]
09:53:22:08 | I | Matching ok | SEQ : 20174681190, PART : N/A, SCAN N/A, CELL [2,1]
09:53:24:26 | I | Matching ok | SEQ : 20174681180, PART : 52124713AD, SCAN P52124713AD, CELL [2,2]
09:53:28:13 | I | Matching ok | SEQ : 20174681170, PART : 52124713AD, SCAN P52124713AD, CELL [2,3]
09:53:35:15 | W | Mismatching | SEQ : 20174681160, PART : 52124713AD, SCAN P04578885AC, CELL [2,4]
09:53:45:23 | I | Matching ok | SEQ : 20174681160, PART : 52124713AD, SCAN P52124713AD, CELL [2,4]
09:54:03:76 | I | Matching ok | SEQ : 20174681150, PART : 04578885AC, SCAN P04578885AC, CELL [2,5]
09:54:06:81 | I | Matching ok | SEQ : 20174681140, PART : 68193661AB, SCAN P68193661AB, CELL [2,6]
10:06:24:77 | I | Matching ok | SEQ : 20174681250, PART : 04578885AC, SCAN P04578885AC, CELL [1,1]
10:06:27:55 | I | Matching ok | SEQ : 20174681240, PART : 52124713AD, SCAN P52124713AD, CELL [1,2]
10:06:30:15 | I | Matching ok | SEQ : 20174681230, PART : 68193661AB, SCAN P68193661AB, CELL [1,3]
10:06:32:32 | I | Matching ok | SEQ : 20174681220, PART : 04578885AC, SCAN P04578885AC, CELL [1,4]
10:06:34:33 | I | Matching ok | SEQ : 20174681210, PART : N/A, SCAN N/A, CELL [1,5]
10:06:37:37 | I | Matching ok | SEQ : 20174681200, PART : 04578885AC, SCAN P04578885AC, CELL [1,6]
10:06:39:38 | I | Matching ok | SEQ : 20174681310, PART : N/A, SCAN N/A, CELL [2,1]
10:06:41:77 | I | Matching ok | SEQ : 20174681300, PART : 04578885AC, SCAN P04578885AC, CELL [2,2]
10:06:43:78 | I | Matching ok | SEQ : 20174681290, PART : N/A, SCAN N/A, CELL [2,3]
10:06:45:80 | I | Matching ok | SEQ : 20174681280, PART : N/A, SCAN N/A, CELL [2,4]
10:06:47:90 | I | Matching ok | SEQ : 20174681270, PART : 68193661AB, SCAN P68193661AB, CELL [2,5]
10:06:49:91 | I | Matching ok | SEQ : 20174681260, PART : N/A, SCAN N/A, CELL [2,6]
10:15:13:97 | I | Matching ok | SEQ : 20174681370, PART : 04578885AC, SCAN P04578885AC, CELL [1,1]
10:15:18:79 | I | Matching ok | SEQ : 20174681360, PART : 68193661AB, SCAN P68193661AB, CELL [1,2]
10:15:21:59 | I | Matching ok | SEQ : 20174681350, PART : 04578885AC, SCAN P04578885AC, CELL [1,3]
10:15:24:76 | I | Matching ok | SEQ : 20174681340, PART : 04578885AC, SCAN P04578885AC, CELL [1,4]
10:15:27:99 | I | Matching ok | SEQ : 20174681330, PART : 68193661AB, SCAN P68193661AB, CELL [1,5]
10:15:30:56 | I | Matching ok | SEQ : 20174681320, PART : 04578885AC, SCAN P04578885AC, CELL [1,6]
10:15:32:79 | I | Matching ok | SEQ : 20174681430, PART : 52124713AD, SCAN P52124713AD, CELL [2,1]
10:15:34:94 | I | Matching ok | SEQ : 20174681420, PART : 04578885AC, SCAN P04578885AC, CELL [2,2]
10:15:37:59 | I | Matching ok | SEQ : 20174681410, PART : 68193661AB, SCAN P68193661AB, CELL [2,3]
10:15:39:60 | I | Matching ok | SEQ : 20174681400, PART : N/A, SCAN N/A, CELL [2,4]
10:15:41:64 | I | Matching ok | SEQ : 20174681390, PART : N/A, SCAN N/A, CELL [2,5]
10:15:47:81 | I | Matching ok | SEQ : 20174681380, PART : 04578885AC, SCAN P04578885AC, CELL [2,6]
10:28:32:75 | I | Matching ok | SEQ : 20174681490, PART : 68193661AB, SCAN P68193661AB, CELL [1,1]
10:28:36:73 | I | Matching ok | SEQ : 20174681480, PART : 04578885AC, SCAN P04578885AC, CELL [1,2]
10:28:40:56 | I | Matching ok | SEQ : 20174681470, PART : 04578885AC, SCAN P04578885AC, CELL [1,3]
10:28:42:58 | I | Matching ok | SEQ : 20174681460, PART : N/A, SCAN N/A, CELL [1,4]
10:28:45:56 | I | Matching ok | SEQ : 20174681450, PART : 04578885AC, SCAN P04578885AC, CELL [1,5]
10:28:49:13 | I | Matching ok | SEQ : 20174681440, PART : 68193661AB, SCAN P68193661AB, CELL [1,6]
10:28:52:50 | I | Matching ok | SEQ : 20174681550, PART : 04578885AC, SCAN P04578885AC, CELL [2,1]
10:28:57:26 | I | Matching ok | SEQ : 20174681540, PART : 68193661AB, SCAN P68193661AB, CELL [2,2]
10:29:03:11 | I | Matching ok | SEQ : 20174681530, PART : 52124713AD, SCAN P52124713AD, CELL [2,3]
10:29:05:13 | I | Matching ok | SEQ : 20174681520, PART : N/A, SCAN N/A, CELL [2,4]
10:29:10:41 | I | Matching ok | SEQ : 20174681510, PART : 04578885AC, SCAN P04578885AC, CELL [2,5]
10:29:16:28 | I | Matching ok | SEQ : 20174681500, PART : 04578885AC, SCAN P04578885AC, CELL [2,6]
10:29:18:35 | I | Matching ok | SEQ : 20174681610, PART : N/A, SCAN N/A, CELL [1,1]
10:37:49:32 | I | Matching ok | SEQ : 20174681600, PART : 04578885AC, SCAN P04578885AC, CELL [1,2]
10:37:51:33 | I | Matching ok | SEQ : 20174681590, PART : N/A, SCAN N/A, CELL [1,3]
10:37:54:79 | I | Matching ok | SEQ : 20174681580, PART : 04578885AC, SCAN P04578885AC, CELL [1,4]
10:37:57:52 | I | Matching ok | SEQ : 20174681570, PART : 04578885AC, SCAN P04578885AC, CELL [1,5]
10:38:00:09 | I | Matching ok | SEQ : 20174681560, PART : 04578885AC, SCAN P04578885AC, CELL [1,6]
10:38:02:47 | I | Matching ok | SEQ : 20174681670, PART : 04578885AC, SCAN P04578885AC, CELL [2,1]
10:38:05:37 | I | Matching ok | SEQ : 20174681660, PART : 52124713AD, SCAN P52124713AD, CELL [2,2]
10:38:08:02 | I | Matching ok | SEQ : 20174681650, PART : 04578885AC, SCAN P04578885AC, CELL [2,3]
10:38:10:04 | I | Matching ok | SEQ : 20174681640, PART : N/A, SCAN N/A, CELL [2,4]
10:38:12:17 | I | Matching ok | SEQ : 20174681630, PART : 68193661AB, SCAN P68193661AB, CELL [2,5]
10:38:14:19 | I | Matching ok | SEQ : 20174681620, PART : N/A, SCAN N/A, CELL [2,6]
10:45:50:46 | I | Matching ok | SEQ : 20174681730, PART : 68193661AB, SCAN P68193661AB, CELL [1,1]
10:45:54:23 | I | Matching ok | SEQ : 20174681720, PART : 68193661AB, SCAN P68193661AB, CELL [1,2]
10:45:57:20 | I | Matching ok | SEQ : 20174681710, PART : 04578885AC, SCAN P04578885AC, CELL [1,3]
10:46:00:08 | I | Matching ok | SEQ : 20174681700, PART : 52124713AD, SCAN P52124713AD, CELL [1,4]
10:46:02:81 | I | Matching ok | SEQ : 20174681690, PART : 52124713AD, SCAN P52124713AD, CELL [1,5]
10:46:04:81 | I | Matching ok | SEQ : 20174681680, PART : N/A, SCAN N/A, CELL [1,6]
10:46:07:58 | I | Matching ok | SEQ : 20174681790, PART : 04578885AC, SCAN P04578885AC, CELL [2,1]
10:46:10:28 | I | Matching ok | SEQ : 20174681780, PART : 04578885AC, SCAN P04578885AC, CELL [2,2]
10:46:12:30 | I | Matching ok | SEQ : 20174681770, PART : N/A, SCAN N/A, CELL [2,3]
10:46:14:33 | I | Matching ok | SEQ : 20174681760, PART : N/A, SCAN N/A, CELL [2,4]
10:46:16:34 | I | Matching ok | SEQ : 20174681750, PART : N/A, SCAN N/A, CELL [2,5]
10:46:18:37 | I | Matching ok | SEQ : 20174681740, PART : N/A, SCAN N/A, CELL [2,6]
10:50:08:46 | I | Matching ok | SEQ : 20174681850, PART : 52124713AD, SCAN P52124713AD, CELL [1,1]
10:50:10:48 | I | Matching ok | SEQ : 20174681840, PART : N/A, SCAN N/A, CELL [1,2]
10:50:14:14 | I | Matching ok | SEQ : 20174681830, PART : 04578885AC, SCAN P04578885AC, CELL [1,3]
10:50:16:16 | I | Matching ok | SEQ : 20174681820, PART : N/A, SCAN N/A, CELL [1,4]
10:50:19:09 | I | Matching ok | SEQ : 20174681810, PART : 04578885AC, SCAN P04578885AC, CELL [1,5]
10:50:21:11 | I | Matching ok | SEQ : 20174681800, PART : N/A, SCAN N/A, CELL [1,6]
10:50:23:12 | I | Matching ok | SEQ : 20174681910, PART : N/A, SCAN N/A, CELL [2,1]
10:50:25:13 | I | Matching ok | SEQ : 20174681900, PART : N/A, SCAN N/A, CELL [2,2]
10:50:27:14 | I | Matching ok | SEQ : 20174681890, PART : N/A, SCAN N/A, CELL [2,3]
10:50:29:96 | I | Matching ok | SEQ : 20174681880, PART : 52124713AD, SCAN P52124713AD, CELL [2,4]
10:50:31:98 | I | Matching ok | SEQ : 20174681870, PART : N/A, SCAN N/A, CELL [2,5]
10:50:35:54 | I | Matching ok | SEQ : 20174681860, PART : 04578885AC, SCAN P04578885AC, CELL [2,6]
10:58:28:50 | I | Matching ok | SEQ : 20174681970, PART : 04578885AC, SCAN P04578885AC, CELL [1,1]
10:58:30:90 | I | Matching ok | SEQ : 20174681960, PART : 68193661AB, SCAN P68193661AB, CELL [1,2]
10:58:32:92 | I | Matching ok | SEQ : 20174681950, PART : N/A, SCAN N/A, CELL [1,3]
10:58:39:55 | I | Matching ok | SEQ : 20174681940, PART : 04578885AC, SCAN P04578885AC, CELL [1,4]
10:58:41:57 | I | Matching ok | SEQ : 20174681930, PART : N/A, SCAN N/A, CELL [1,5]
10:58:45:58 | I | Matching ok | SEQ : 20174681920, PART : 04578885AC, SCAN P04578885AC, CELL [1,6]
10:58:48:15 | I | Matching ok | SEQ : 20174682030, PART : 04578885AC, SCAN P04578885AC, CELL [2,1]
10:58:50:70 | I | Matching ok | SEQ : 20174682020, PART : 52124713AD, SCAN P52124713AD, CELL [2,2]
10:58:52:74 | I | Matching ok | SEQ : 20174682010, PART : N/A, SCAN N/A, CELL [2,3]
10:58:55:45 | I | Matching ok | SEQ : 20174682000, PART : 04578885AC, SCAN P04578885AC, CELL [2,4]
10:58:58:63 | I | Matching ok | SEQ : 20174681990, PART : 68193661AB, SCAN P68193661AB, CELL [2,5]
10:59:00:64 | I | Matching ok | SEQ : 20174681980, PART : N/A, SCAN N/A, CELL [2,6]
10:59:02:79 | I | Matching ok | SEQ : 20174682090, PART : N/A, SCAN N/A, CELL [1,1]
11:41:06:36 | I | Matching ok | SEQ : 20174682080, PART : 04578885AC, SCAN P04578885AC, CELL [1,2]
11:41:08:44 | I | Matching ok | SEQ : 20174682070, PART : N/A, SCAN N/A, CELL [1,3]
11:41:13:01 | I | Matching ok | SEQ : 20174682060, PART : 68193661AB, SCAN P68193661AB, CELL [1,4]
11:41:18:26 | I | Matching ok | SEQ : 20174682050, PART : 04578885AC, SCAN P04578885AC, CELL [1,5]
11:41:20:32 | I | Matching ok | SEQ : 20174682040, PART : N/A, SCAN N/A, CELL [1,6]
11:41:23:78 | I | Matching ok | SEQ : 20174682150, PART : 04578885AC, SCAN P04578885AC, CELL [2,1]
11:41:25:84 | I | Matching ok | SEQ : 20174682140, PART : N/A, SCAN N/A, CELL [2,2]
11:41:29:81 | I | Matching ok | SEQ : 20174682130, PART : 04578885AC, SCAN P04578885AC, CELL [2,3]
11:41:32:79 | I | Matching ok | SEQ : 20174682120, PART : 68193661AB, SCAN P68193661AB, CELL [2,4]
11:41:36:01 | I | Matching ok | SEQ : 20174682110, PART : 04578885AC, SCAN P04578885AC, CELL [2,5]
11:41:38:66 | I | Matching ok | SEQ : 20174682100, PART : 04578885AC, SCAN P04578885AC, CELL [2,6]
11:41:40:89 | I | Matching ok | SEQ : 20174682210, PART : N/A, SCAN N/A, CELL [1,1]
11:41:42:94 | I | Matching ok | SEQ : 20174682200, PART : N/A, SCAN N/A, CELL [1,2]
11:41:45:00 | I | Matching ok | SEQ : 20174682190, PART : N/A, SCAN N/A, CELL [1,3]
11:41:47:04 | I | Matching ok | SEQ : 20174682180, PART : N/A, SCAN N/A, CELL [1,4]
12:05:40:89 | I | Matching ok | SEQ : 20174682170, PART : 68193661AB, SCAN P68193661AB, CELL [1,5]
12:05:42:98 | I | Matching ok | SEQ : 20174682160, PART : N/A, SCAN N/A, CELL [1,6]
12:05:45:03 | I | Matching ok | SEQ : 20174682270, PART : N/A, SCAN N/A, CELL [2,1]
12:06:11:65 | I | Matching ok | SEQ : 20174682260, PART : 52124713AD, SCAN P52124713AD, CELL [2,2]
12:06:15:07 | I | Matching ok | SEQ : 20174682250, PART : 04578885AC, SCAN P04578885AC, CELL [2,3]
12:06:17:12 | I | Matching ok | SEQ : 20174682240, PART : N/A, SCAN N/A, CELL [2,4]
12:06:23:12 | I | Matching ok | SEQ : 20174682230, PART : 04578885AC, SCAN P04578885AC, CELL [2,5]
12:06:25:90 | I | Matching ok | SEQ : 20174682220, PART : 68193661AB, SCAN P68193661AB, CELL [2,6]
12:17:40:19 | I | Matching ok | SEQ : 20174682330, PART : 04578885AC, SCAN P04578885AC, CELL [1,1]
12:17:42:56 | I | Matching ok | SEQ : 20174682320, PART : 04578885AC, SCAN P04578885AC, CELL [1,2]
12:17:44:69 | I | Matching ok | SEQ : 20174682310, PART : 52124713AD, SCAN P52124713AD, CELL [1,3]
12:17:46:77 | I | Matching ok | SEQ : 20174682300, PART : N/A, SCAN N/A, CELL [1,4]
12:17:50:41 | I | Matching ok | SEQ : 20174682290, PART : 68193661AB, SCAN P68193661AB, CELL [1,5]
12:17:52:94 | I | Matching ok | SEQ : 20174682280, PART : 04578885AC, SCAN P04578885AC, CELL [1,6]
12:17:55:89 | I | Matching ok | SEQ : 20174682390, PART : 68193661AB, SCAN P68193661AB, CELL [2,1]
12:17:59:06 | I | Matching ok | SEQ : 20174682380, PART : 04578885AC, SCAN P04578885AC, CELL [2,2]
12:18:01:69 | I | Matching ok | SEQ : 20174682370, PART : 52124713AD, SCAN P52124713AD, CELL [2,3]
12:18:03:74 | I | Matching ok | SEQ : 20174682360, PART : N/A, SCAN N/A, CELL [2,4]
12:18:06:94 | I | Matching ok | SEQ : 20174682350, PART : 04578885AC, SCAN P04578885AC, CELL [2,5]
12:18:09:56 | I | Matching ok | SEQ : 20174682340, PART : 68193661AB, SCAN P68193661AB, CELL [2,6]
12:25:17:80 | I | Matching ok | SEQ : 20174682450, PART : 68193661AB, SCAN P68193661AB, CELL [1,1]
12:25:20:85 | I | Matching ok | SEQ : 20174682440, PART : 04578885AC, SCAN P04578885AC, CELL [1,2]
12:25:22:87 | I | Matching ok | SEQ : 20174682430, PART : N/A, SCAN N/A, CELL [1,3]
12:25:24:88 | I | Matching ok | SEQ : 20174682420, PART : N/A, SCAN N/A, CELL [1,4]
12:25:27:82 | I | Matching ok | SEQ : 20174682410, PART : 04578885AC, SCAN P04578885AC, CELL [1,5]
12:25:31:35 | I | Matching ok | SEQ : 20174682400, PART : 04578885AC, SCAN P04578885AC, CELL [1,6]
12:25:34:70 | I | Matching ok | SEQ : 20174682510, PART : 52124713AD, SCAN P52124713AD, CELL [2,1]
12:25:42:22 | I | Matching ok | SEQ : 20174682500, PART : 04578885AC, SCAN P04578885AC, CELL [2,2]
12:25:45:70 | I | Matching ok | SEQ : 20174682490, PART : 04578885AC, SCAN P04578885AC, CELL [2,3]
12:25:47:72 | I | Matching ok | SEQ : 20174682480, PART : N/A, SCAN N/A, CELL [2,4]
12:25:51:90 | I | Matching ok | SEQ : 20174682470, PART : 52124713AD, SCAN P52124713AD, CELL [2,5]
12:25:55:57 | I | Matching ok | SEQ : 20174682460, PART : 04578885AC, SCAN P04578885AC, CELL [2,6]
12:38:52:72 | I | Matching ok | SEQ : 20174682570, PART : 52124713AD, SCAN P52124713AD, CELL [1,1]
12:38:56:07 | I | Matching ok | SEQ : 20174682560, PART : 04578885AC, SCAN P04578885AC, CELL [1,2]
12:39:01:42 | I | Matching ok | SEQ : 20174682550, PART : 04578885AC, SCAN P04578885AC, CELL [1,3]
12:39:05:79 | I | Matching ok | SEQ : 20174682540, PART : 04578885AC, SCAN P04578885AC, CELL [1,4]
12:39:09:75 | I | Matching ok | SEQ : 20174682530, PART : 68193661AB, SCAN P68193661AB, CELL [1,5]
12:39:11:76 | I | Matching ok | SEQ : 20174682520, PART : N/A, SCAN N/A, CELL [1,6]
12:39:13:79 | I | Matching ok | SEQ : 20174682630, PART : N/A, SCAN N/A, CELL [2,1]
12:39:15:92 | I | Matching ok | SEQ : 20174682620, PART : 04578885AC, SCAN P04578885AC, CELL [2,2]
12:39:18:57 | I | Matching ok | SEQ : 20174682610, PART : 68193661AB, SCAN P68193661AB, CELL [2,3]
12:39:21:69 | I | Matching ok | SEQ : 20174682600, PART : 04578885AC, SCAN P04578885AC, CELL [2,4]
12:39:26:89 | I | Matching ok | SEQ : 20174682590, PART : 04578885AC, SCAN P04578885AC, CELL [2,5]
12:39:28:94 | I | Matching ok | SEQ : 20174682580, PART : N/A, SCAN N/A, CELL [2,6]
12:39:31:09 | I | Matching ok | SEQ : 20174682690, PART : N/A, SCAN N/A, CELL [1,1]
12:39:33:12 | I | Matching ok | SEQ : 20174682680, PART : N/A, SCAN N/A, CELL [1,2]
12:48:10:91 | I | Matching ok | SEQ : 20174682670, PART : 04578885AC, SCAN P04578885AC, CELL [1,3]
12:48:12:93 | I | Matching ok | SEQ : 20174682660, PART : N/A, SCAN N/A, CELL [1,4]
12:48:14:94 | I | Matching ok | SEQ : 20174682650, PART : N/A, SCAN N/A, CELL [1,5]
12:48:17:64 | I | Matching ok | SEQ : 20174682640, PART : 04578885AC, SCAN P04578885AC, CELL [1,6]
12:48:20:96 | I | Matching ok | SEQ : 20174682750, PART : 04578885AC, SCAN P04578885AC, CELL [2,1]
12:48:23:96 | I | Matching ok | SEQ : 20174682740, PART : 68193661AB, SCAN P68193661AB, CELL [2,2]
12:48:25:97 | I | Matching ok | SEQ : 20174682730, PART : N/A, SCAN N/A, CELL [2,3]
12:48:29:31 | I | Matching ok | SEQ : 20174682720, PART : 52124713AD, SCAN P52124713AD, CELL [2,4]
12:48:31:32 | I | Matching ok | SEQ : 20174682710, PART : N/A, SCAN N/A, CELL [2,5]
12:48:33:33 | I | Matching ok | SEQ : 20174682700, PART : N/A, SCAN N/A, CELL [2,6]
12:48:35:41 | I | Matching ok | SEQ : 20174682810, PART : N/A, SCAN N/A, CELL [1,1]
12:48:37:42 | I | Matching ok | SEQ : 20174682800, PART : N/A, SCAN N/A, CELL [1,2]
12:48:39:91 | I | Matching ok | SEQ : 20174682790, PART : 04578885AC, SCAN P04578885AC, CELL [1,3]
12:48:43:96 | I | Matching ok | SEQ : 20174682780, PART : 04578885AC, SCAN P04578885AC, CELL [1,4]
12:48:45:97 | I | Matching ok | SEQ : 20174682770, PART : N/A, SCAN N/A, CELL [1,5]
12:48:47:98 | I | Matching ok | SEQ : 20174682760, PART : N/A, SCAN N/A, CELL [1,6]
12:48:50:01 | I | Matching ok | SEQ : 20174682870, PART : N/A, SCAN N/A, CELL [2,1]
12:48:52:88 | I | Matching ok | SEQ : 20174682860, PART : 52124713AD, SCAN P52124713AD, CELL [2,2]
12:48:55:68 | I | Matching ok | SEQ : 20174682850, PART : 04578885AC, SCAN P04578885AC, CELL [2,3]
12:49:00:41 | I | Matching ok | SEQ : 20174682840, PART : 04578885AC, SCAN P04578885AC, CELL [2,4]
12:49:02:43 | I | Matching ok | SEQ : 20174682830, PART : N/A, SCAN N/A, CELL [2,5]
12:49:04:45 | I | Matching ok | SEQ : 20174682820, PART : N/A, SCAN N/A, CELL [2,6]
13:01:35:55 | I | Matching ok | SEQ : 20174682930, PART : 52124713AD, SCAN P52124713AD, CELL [1,1]
13:01:37:58 | I | Matching ok | SEQ : 20174682920, PART : N/A, SCAN N/A, CELL [1,2]
13:12:56:94 | I | Matching ok | SEQ : 20174682910, PART : 04578885AC, SCAN P04578885AC, CELL [1,3]
13:12:59:12 | I | Matching ok | SEQ : 20174682900, PART : 04578885AC, SCAN P04578885AC, CELL [1,4]
13:13:00:49 | W | Mismatching | SEQ : 20174682890, PART : N/A, SCAN P04578885AC, CELL [1,5]
13:13:01:13 | I | Matching ok | SEQ : 20174682890, PART : N/A, SCAN N/A, CELL [1,5]
13:13:09:59 | I | Matching ok | SEQ : 20174682880, PART : 04578885AC, SCAN P04578885AC, CELL [1,6]
13:13:11:63 | I | Matching ok | SEQ : 20174682990, PART : N/A, SCAN N/A, CELL [2,1]
13:13:12:79 | W | Mismatching | SEQ : 20174682980, PART : N/A, SCAN TQ41887C0139, CELL [2,2]
13:13:13:64 | I | Matching ok | SEQ : 20174682980, PART : N/A, SCAN N/A, CELL [2,2]
13:14:11:12 | I | Matching ok | SEQ : 20174682970, PART : 52124713AD, SCAN P52124713AD, CELL [2,3]
13:14:14:09 | I | Matching ok | SEQ : 20174682960, PART : 04578885AC, SCAN P04578885AC, CELL [2,4]
13:14:16:84 | I | Matching ok | SEQ : 20174682950, PART : 04578885AC, SCAN P04578885AC, CELL [2,5]
13:14:19:45 | I | Matching ok | SEQ : 20174682940, PART : 04578885AC, SCAN P04578885AC, CELL [2,6]
13:22:29:20 | I | Matching ok | SEQ : 20174683050, PART : 04578885AC, SCAN P04578885AC, CELL [1,1]
13:22:32:48 | I | Matching ok | SEQ : 20174683040, PART : 04578885AC, SCAN P04578885AC, CELL [1,2]
13:22:35:11 | I | Matching ok | SEQ : 20174683030, PART : 68193661AB, SCAN P68193661AB, CELL [1,3]
13:22:39:08 | I | Matching ok | SEQ : 20174683020, PART : 04578885AC, SCAN P04578885AC, CELL [1,4]
13:22:41:13 | I | Matching ok | SEQ : 20174683010, PART : N/A, SCAN N/A, CELL [1,5]
13:22:43:28 | I | Matching ok | SEQ : 20174683000, PART : 04578885AC, SCAN P04578885AC, CELL [1,6]
13:22:45:29 | I | Matching ok | SEQ : 20174683110, PART : N/A, SCAN N/A, CELL [2,1]
13:22:48:98 | I | Matching ok | SEQ : 20174683100, PART : 52124713AD, SCAN P52124713AD, CELL [2,2]
13:22:52:33 | I | Matching ok | SEQ : 20174683090, PART : 04578885AC, SCAN P04578885AC, CELL [2,3]
13:22:55:36 | I | Matching ok | SEQ : 20174683080, PART : 04578885AC, SCAN P04578885AC, CELL [2,4]
13:22:57:40 | I | Matching ok | SEQ : 20174683070, PART : N/A, SCAN N/A, CELL [2,5]
13:22:59:41 | I | Matching ok | SEQ : 20174683060, PART : N/A, SCAN N/A, CELL [2,6]
13:40:04:40 | I | Matching ok | SEQ : 20174683170, PART : 04578885AC, SCAN P04578885AC, CELL [1,1]
13:40:06:56 | I | Matching ok | SEQ : 20174683160, PART : 04578885AC, SCAN P04578885AC, CELL [1,2]
13:40:08:60 | I | Matching ok | SEQ : 20174683150, PART : N/A, SCAN N/A, CELL [1,3]
13:40:10:61 | I | Matching ok | SEQ : 20174683140, PART : N/A, SCAN N/A, CELL [1,4]
13:40:15:00 | I | Matching ok | SEQ : 20174683130, PART : 04578885AC, SCAN P04578885AC, CELL [1,5]
13:40:18:93 | I | Matching ok | SEQ : 20174683120, PART : 68193661AB, SCAN P68193661AB, CELL [1,6]
13:40:20:97 | I | Matching ok | SEQ : 20174683230, PART : N/A, SCAN N/A, CELL [2,1]
13:40:26:96 | I | Matching ok | SEQ : 20174683220, PART : 04578885AC, SCAN P04578885AC, CELL [2,2]
13:40:28:97 | I | Matching ok | SEQ : 20174683210, PART : N/A, SCAN N/A, CELL [2,3]
13:40:41:83 | I | Matching ok | SEQ : 20174683200, PART : 04578885AC, SCAN P04578885AC, CELL [2,4]
13:40:43:85 | I | Matching ok | SEQ : 20174683190, PART : N/A, SCAN N/A, CELL [2,5]
13:40:49:31 | I | Matching ok | SEQ : 20174683180, PART : 04578885AC, SCAN P04578885AC, CELL [2,6]
13:40:51:42 | I | Matching ok | SEQ : 20174683290, PART : N/A, SCAN N/A, CELL [1,1]
13:53:53:73 | W | Mismatching | SEQ : 20174683280, PART : 04578885AC, SCAN P52124713AD, CELL [1,2]
13:54:04:40 | W | Mismatching | SEQ : 20174683280, PART : 04578885AC, SCAN P52124713AD, CELL [1,2]
13:54:22:93 | I | Matching ok | SEQ : 20174683280, PART : 04578885AC, SCAN P04578885AC, CELL [1,2]
13:54:26:38 | I | Matching ok | SEQ : 20174683270, PART : 52124713AD, SCAN P52124713AD, CELL [1,3]
13:54:28:39 | I | Matching ok | SEQ : 20174683260, PART : N/A, SCAN N/A, CELL [1,4]
13:54:32:15 | I | Matching ok | SEQ : 20174683250, PART : 68193661AB, SCAN P68193661AB, CELL [1,5]
13:54:33:55 | W | Mismatching | SEQ : 20174683240, PART : N/A, SCAN P68193661AB, CELL [1,6]
13:54:34:21 | I | Matching ok | SEQ : 20174683240, PART : N/A, SCAN N/A, CELL [1,6]
13:54:43:58 | I | Matching ok | SEQ : 20174683350, PART : 04578885AC, SCAN P04578885AC, CELL [2,1]
13:54:46:65 | I | Matching ok | SEQ : 20174683340, PART : 04578885AC, SCAN P04578885AC, CELL [2,2]
13:54:48:55 | W | Mismatching | SEQ : 20174683330, PART : N/A, SCAN P52124713AD, CELL [2,3]
13:54:48:67 | I | Matching ok | SEQ : 20174683330, PART : N/A, SCAN N/A, CELL [2,3]
13:54:51:98 | I | Matching ok | SEQ : 20174683320, PART : 52124713AD, SCAN P52124713AD, CELL [2,4]
13:55:02:08 | I | Matching ok | SEQ : 20174683310, PART : 52124713AD, SCAN P52124713AD, CELL [2,5]
13:55:04:09 | I | Matching ok | SEQ : 20174683300, PART : N/A, SCAN N/A, CELL [2,6]
13:55:06:21 | I | Matching ok | SEQ : 20174683410, PART : N/A, SCAN N/A, CELL [1,1]
14:03:13:17 | I | Matching ok | SEQ : 20174683400, PART : 04578885AC, SCAN P04578885AC, CELL [1,2]
14:03:15:19 | I | Matching ok | SEQ : 20174683390, PART : N/A, SCAN N/A, CELL [1,3]
14:03:18:11 | W | Mismatching | SEQ : 20174683380, PART : 04578885AC, SCAN P68193661AB, CELL [1,4]
14:03:27:11 | I | Matching ok | SEQ : 20174683380, PART : 04578885AC, SCAN P04578885AC, CELL [1,4]
14:03:31:26 | I | Matching ok | SEQ : 20174683370, PART : 68193661AB, SCAN P68193661AB, CELL [1,5]
14:03:33:27 | I | Matching ok | SEQ : 20174683360, PART : N/A, SCAN N/A, CELL [1,6]
14:03:35:29 | I | Matching ok | SEQ : 20174683470, PART : N/A, SCAN N/A, CELL [2,1]
14:03:37:94 | I | Matching ok | SEQ : 20174683460, PART : 04578885AC, SCAN P04578885AC, CELL [2,2]
14:03:39:95 | I | Matching ok | SEQ : 20174683450, PART : N/A, SCAN N/A, CELL [2,3]
14:03:43:14 | I | Matching ok | SEQ : 20174683440, PART : 52124713AD, SCAN P52124713AD, CELL [2,4]
14:03:48:14 | I | Matching ok | SEQ : 20174683430, PART : 52124713AD, SCAN P52124713AD, CELL [2,5]
14:03:50:16 | I | Matching ok | SEQ : 20174683420, PART : N/A, SCAN N/A, CELL [2,6]
14:12:19:68 | I | Matching ok | SEQ : 20174683530, PART : 04578885AC, SCAN P04578885AC, CELL [1,1]
14:12:21:71 | I | Matching ok | SEQ : 20174683520, PART : N/A, SCAN N/A, CELL [1,2]
14:12:25:38 | I | Matching ok | SEQ : 20174683510, PART : 04578885AC, SCAN P04578885AC, CELL [1,3]
14:12:27:42 | I | Matching ok | SEQ : 20174683500, PART : N/A, SCAN N/A, CELL [1,4]
14:12:33:00 | W | Mismatching | SEQ : 20174683490, PART : 68193661AB, SCAN P04578885AC, CELL [1,5]
14:12:43:88 | I | Matching ok | SEQ : 20174683490, PART : 68193661AB, SCAN P68193661AB, CELL [1,5]
14:12:48:23 | I | Matching ok | SEQ : 20174683480, PART : 04578885AC, SCAN P04578885AC, CELL [1,6]
14:12:50:25 | I | Matching ok | SEQ : 20174683590, PART : N/A, SCAN N/A, CELL [2,1]
14:12:54:83 | I | Matching ok | SEQ : 20174683580, PART : 04578885AC, SCAN P04578885AC, CELL [2,2]
14:12:56:84 | I | Matching ok | SEQ : 20174683570, PART : N/A, SCAN N/A, CELL [2,3]
14:12:58:86 | I | Matching ok | SEQ : 20174683560, PART : N/A, SCAN N/A, CELL [2,4]
14:13:02:70 | I | Matching ok | SEQ : 20174683550, PART : 52124713AD, SCAN P52124713AD, CELL [2,5]
14:13:06:60 | I | Matching ok | SEQ : 20174683540, PART : 68193661AB, SCAN P68193661AB, CELL [2,6]
14:13:08:67 | I | Matching ok | SEQ : 20174683650, PART : N/A, SCAN N/A, CELL [1,1]
14:13:10:68 | I | Matching ok | SEQ : 20174683640, PART : N/A, SCAN N/A, CELL [1,2]
14:21:34:12 | I | Matching ok | SEQ : 20174683630, PART : 52124713AD, SCAN P52124713AD, CELL [1,3]
14:21:36:14 | I | Matching ok | SEQ : 20174683620, PART : N/A, SCAN N/A, CELL [1,4]
14:21:38:91 | I | Matching ok | SEQ : 20174683610, PART : 68193661AB, SCAN P68193661AB, CELL [1,5]
14:21:43:14 | I | Matching ok | SEQ : 20174683600, PART : 04578885AC, SCAN P04578885AC, CELL [1,6]
14:21:45:16 | I | Matching ok | SEQ : 20174683710, PART : N/A, SCAN N/A, CELL [2,1]
14:21:47:17 | I | Matching ok | SEQ : 20174683700, PART : N/A, SCAN N/A, CELL [2,2]
14:21:49:20 | I | Matching ok | SEQ : 20174683690, PART : N/A, SCAN N/A, CELL [2,3]
14:21:51:22 | I | Matching ok | SEQ : 20174683680, PART : N/A, SCAN N/A, CELL [2,4]
14:21:53:24 | I | Matching ok | SEQ : 20174683670, PART : N/A, SCAN N/A, CELL [2,5]
14:21:58:46 | I | Matching ok | SEQ : 20174683660, PART : 52124713AD, SCAN P52124713AD, CELL [2,6]
14:22:00:57 | I | Matching ok | SEQ : 20174683770, PART : N/A, SCAN N/A, CELL [1,1]
14:30:05:93 | I | Matching ok | SEQ : 20174683760, PART : 04578885AC, SCAN P04578885AC, CELL [1,2]
14:30:09:25 | I | Matching ok | SEQ : 20174683750, PART : 04578885AC, SCAN P04578885AC, CELL [1,3]
14:30:11:27 | I | Matching ok | SEQ : 20174683740, PART : N/A, SCAN N/A, CELL [1,4]
14:30:13:28 | I | Matching ok | SEQ : 20174683730, PART : N/A, SCAN N/A, CELL [1,5]
14:30:17:10 | I | Matching ok | SEQ : 20174683720, PART : 04578885AC, SCAN P04578885AC, CELL [1,6]
14:30:19:13 | I | Matching ok | SEQ : 20174683830, PART : N/A, SCAN N/A, CELL [2,1]
14:30:24:30 | I | Matching ok | SEQ : 20174683820, PART : 04578885AC, SCAN P04578885AC, CELL [2,2]
14:30:26:31 | I | Matching ok | SEQ : 20174683810, PART : N/A, SCAN N/A, CELL [2,3]
14:30:28:35 | I | Matching ok | SEQ : 20174683800, PART : N/A, SCAN N/A, CELL [2,4]
14:30:30:68 | I | Matching ok | SEQ : 20174683790, PART : 68193661AB, SCAN P68193661AB, CELL [2,5]
14:30:32:69 | I | Matching ok | SEQ : 20174683780, PART : N/A, SCAN N/A, CELL [2,6]
14:30:34:84 | I | Matching ok | SEQ : 20174683890, PART : N/A, SCAN N/A, CELL [1,1]
14:30:36:86 | I | Matching ok | SEQ : 20174683880, PART : N/A, SCAN N/A, CELL [1,2]
14:30:38:88 | I | Matching ok | SEQ : 20174683870, PART : N/A, SCAN N/A, CELL [1,3]
14:30:40:90 | I | Matching ok | SEQ : 20174683860, PART : N/A, SCAN N/A, CELL [1,4]
14:30:42:91 | I | Matching ok | SEQ : 20174683850, PART : N/A, SCAN N/A, CELL [1,5]
14:53:01:18 | I | Matching ok | SEQ : 20174683840, PART : 68193661AB, SCAN P68193661AB, CELL [1,6]
14:53:03:21 | I | Matching ok | SEQ : 20174683950, PART : N/A, SCAN N/A, CELL [2,1]
14:53:06:53 | I | Matching ok | SEQ : 20174683940, PART : 04578885AC, SCAN P04578885AC, CELL [2,2]
14:53:08:54 | I | Matching ok | SEQ : 20174683930, PART : N/A, SCAN N/A, CELL [2,3]
14:53:10:55 | I | Matching ok | SEQ : 20174683920, PART : N/A, SCAN N/A, CELL [2,4]
14:53:14:63 | I | Matching ok | SEQ : 20174683910, PART : 68193661AB, SCAN P68193661AB, CELL [2,5]
14:53:16:65 | I | Matching ok | SEQ : 20174683900, PART : N/A, SCAN N/A, CELL [2,6]
14:53:18:73 | I | Matching ok | SEQ : 20174684010, PART : N/A, SCAN N/A, CELL [1,1]
15:03:43:88 | I | Matching ok | SEQ : 20174684000, PART : 04578885AC, SCAN P04578885AC, CELL [1,2]
15:03:45:90 | I | Matching ok | SEQ : 20174683990, PART : N/A, SCAN N/A, CELL [1,3]
15:03:47:93 | I | Matching ok | SEQ : 20174683980, PART : N/A, SCAN N/A, CELL [1,4]
15:03:49:94 | I | Matching ok | SEQ : 20174683970, PART : N/A, SCAN N/A, CELL [1,5]
15:03:51:97 | I | Matching ok | SEQ : 20174683960, PART : N/A, SCAN N/A, CELL [1,6]
15:03:53:98 | I | Matching ok | SEQ : 20174684070, PART : N/A, SCAN N/A, CELL [2,1]
15:04:02:23 | I | Matching ok | SEQ : 20174684060, PART : 68193661AB, SCAN P68193661AB, CELL [2,2]
15:04:04:25 | I | Matching ok | SEQ : 20174684050, PART : N/A, SCAN N/A, CELL [2,3]
15:04:06:26 | I | Matching ok | SEQ : 20174684040, PART : N/A, SCAN N/A, CELL [2,4]
15:04:08:30 | I | Matching ok | SEQ : 20174684030, PART : N/A, SCAN N/A, CELL [2,5]
15:04:10:33 | I | Matching ok | SEQ : 20174684020, PART : N/A, SCAN N/A, CELL [2,6]
15:08:40:78 | I | Matching ok | SEQ : 20174684130, PART : 68193661AB, SCAN P68193661AB, CELL [1,1]
15:08:42:80 | I | Matching ok | SEQ : 20174684120, PART : N/A, SCAN N/A, CELL [1,2]
15:08:44:85 | I | Matching ok | SEQ : 20174684110, PART : N/A, SCAN N/A, CELL [1,3]
15:08:49:81 | I | Matching ok | SEQ : 20174684100, PART : 52124713AD, SCAN P52124713AD, CELL [1,4]
15:08:54:73 | I | Matching ok | SEQ : 20174684090, PART : 04578885AC, SCAN P04578885AC, CELL [1,5]
15:08:56:75 | I | Matching ok | SEQ : 20174684080, PART : N/A, SCAN N/A, CELL [1,6]
15:08:58:76 | I | Matching ok | SEQ : 20174684190, PART : N/A, SCAN N/A, CELL [2,1]
15:09:03:96 | I | Matching ok | SEQ : 20174684180, PART : 04578885AC, SCAN P04578885AC, CELL [2,2]
15:09:06:00 | I | Matching ok | SEQ : 20174684170, PART : N/A, SCAN N/A, CELL [2,3]
15:09:08:63 | I | Matching ok | SEQ : 20174684160, PART : 04578885AC, SCAN P04578885AC, CELL [2,4]
15:09:11:94 | I | Matching ok | SEQ : 20174684150, PART : 04578885AC, SCAN P04578885AC, CELL [2,5]
15:09:13:97 | I | Matching ok | SEQ : 20174684140, PART : N/A, SCAN N/A, CELL [2,6]
15:15:43:97 | I | Matching ok | SEQ : 20174684250, PART : 04578885AC, SCAN P04578885AC, CELL [1,1]
15:15:46:87 | I | Matching ok | SEQ : 20174684240, PART : 52124713AD, SCAN P52124713AD, CELL [1,2]
15:15:48:90 | I | Matching ok | SEQ : 20174684230, PART : N/A, SCAN N/A, CELL [1,3]
15:15:50:94 | I | Matching ok | SEQ : 20174684220, PART : 04578885AC, SCAN P04578885AC, CELL [1,4]
15:15:53:84 | I | Matching ok | SEQ : 20174684210, PART : 68193661AB, SCAN P68193661AB, CELL [1,5]
15:15:55:86 | I | Matching ok | SEQ : 20174684200, PART : N/A, SCAN N/A, CELL [1,6]
15:15:58:19 | I | Matching ok | SEQ : 20174684310, PART : 52124713AD, SCAN P52124713AD, CELL [2,1]
15:16:03:57 | I | Matching ok | SEQ : 20174684300, PART : 52124713AD, SCAN P52124713AD, CELL [2,2]
15:16:05:58 | I | Matching ok | SEQ : 20174684290, PART : N/A, SCAN N/A, CELL [2,3]
15:16:08:32 | I | Matching ok | SEQ : 20174684280, PART : 68193661AB, SCAN P68193661AB, CELL [2,4]
15:16:11:44 | I | Matching ok | SEQ : 20174684270, PART : 52124713AD, SCAN P52124713AD, CELL [2,5]
15:16:13:46 | I | Matching ok | SEQ : 20174684260, PART : N/A, SCAN N/A, CELL [2,6]
15:16:15:53 | I | Matching ok | SEQ : 20174684370, PART : N/A, SCAN N/A, CELL [1,1]
15:16:17:54 | I | Matching ok | SEQ : 20174684360, PART : N/A, SCAN N/A, CELL [1,2]
15:30:44:91 | I | Matching ok | SEQ : 20174684350, PART : 04578885AC, SCAN P04578885AC, CELL [1,3]
15:30:48:84 | I | Matching ok | SEQ : 20174684340, PART : 68193661AB, SCAN P68193661AB, CELL [1,4]
15:30:50:88 | I | Matching ok | SEQ : 20174684330, PART : N/A, SCAN N/A, CELL [1,5]
15:30:52:90 | I | Matching ok | SEQ : 20174684320, PART : N/A, SCAN N/A, CELL [1,6]
15:31:01:06 | I | Matching ok | SEQ : 20174684430, PART : 04578885AC, SCAN P04578885AC, CELL [2,1]
15:31:03:08 | I | Matching ok | SEQ : 20174684420, PART : N/A, SCAN N/A, CELL [2,2]
15:31:07:84 | I | Matching ok | SEQ : 20174684410, PART : 04578885AC, SCAN P04578885AC, CELL [2,3]
15:31:13:09 | I | Matching ok | SEQ : 20174684400, PART : 04578885AC, SCAN P04578885AC, CELL [2,4]
15:31:17:67 | I | Matching ok | SEQ : 20174684390, PART : 04578885AC, SCAN P04578885AC, CELL [2,5]
15:31:20:96 | I | Matching ok | SEQ : 20174684380, PART : 04578885AC, SCAN P04578885AC, CELL [2,6]
15:31:23:24 | I | Matching ok | SEQ : 20174684490, PART : N/A, SCAN N/A, CELL [1,1]
15:48:34:89 | I | Matching ok | SEQ : 20174684480, PART : 04578885AC, SCAN P04578885AC, CELL [1,2]
15:48:41:54 | I | Matching ok | SEQ : 20174684470, PART : 52124713AD, SCAN P52124713AD, CELL [1,3]
15:48:45:32 | I | Matching ok | SEQ : 20174684460, PART : 04578885AC, SCAN P04578885AC, CELL [1,4]
15:48:47:35 | I | Matching ok | SEQ : 20174684450, PART : N/A, SCAN N/A, CELL [1,5]
15:48:52:19 | I | Matching ok | SEQ : 20174684440, PART : 04578885AC, SCAN P04578885AC, CELL [1,6]
15:48:58:37 | W | Mismatching | SEQ : 20174684550, PART : 52124713AD, SCAN TQ41797C0960, CELL [2,1]
15:49:21:44 | I | Matching ok | SEQ : 20174684550, PART : 52124713AD, SCAN P52124713AD, CELL [2,1]
15:49:23:45 | I | Matching ok | SEQ : 20174684540, PART : N/A, SCAN N/A, CELL [2,2]
15:49:25:46 | I | Matching ok | SEQ : 20174684530, PART : N/A, SCAN N/A, CELL [2,3]
15:49:28:04 | I | Matching ok | SEQ : 20174684520, PART : 04578885AC, SCAN P04578885AC, CELL [2,4]
15:49:31:29 | I | Matching ok | SEQ : 20174684510, PART : 04578885AC, SCAN P04578885AC, CELL [2,5]
15:49:33:31 | I | Matching ok | SEQ : 20174684500, PART : N/A, SCAN N/A, CELL [2,6]
15:49:35:39 | I | Matching ok | SEQ : 20174684610, PART : N/A, SCAN N/A, CELL [1,1]
15:59:39:51 | I | Matching ok | SEQ : 20174684600, PART : 68193661AB, SCAN P68193661AB, CELL [1,2]
15:59:41:53 | I | Matching ok | SEQ : 20174684590, PART : N/A, SCAN N/A, CELL [1,3]
15:59:43:54 | I | Matching ok | SEQ : 20174684580, PART : N/A, SCAN N/A, CELL [1,4]
15:59:46:13 | I | Matching ok | SEQ : 20174684570, PART : 04578885AC, SCAN P04578885AC, CELL [1,5]
15:59:48:14 | I | Matching ok | SEQ : 20174684560, PART : N/A, SCAN N/A, CELL [1,6]
15:59:49:20 | W | Mismatching | SEQ : 20174684670, PART : N/A, SCAN P68193661AB, CELL [2,1]
15:59:50:15 | I | Matching ok | SEQ : 20174684670, PART : N/A, SCAN N/A, CELL [2,1]
15:59:52:17 | I | Matching ok | SEQ : 20174684660, PART : N/A, SCAN N/A, CELL [2,2]
15:59:59:66 | I | Matching ok | SEQ : 20174684650, PART : 68193661AB, SCAN P68193661AB, CELL [2,3]
16:00:02:58 | I | Matching ok | SEQ : 20174684640, PART : 04578885AC, SCAN P04578885AC, CELL [2,4]
16:00:04:60 | I | Matching ok | SEQ : 20174684630, PART : N/A, SCAN N/A, CELL [2,5]
16:00:06:63 | I | Matching ok | SEQ : 20174684620, PART : N/A, SCAN N/A, CELL [2,6]
16:00:08:75 | I | Matching ok | SEQ : 20174684730, PART : N/A, SCAN N/A, CELL [1,1]
16:10:59:30 | I | Matching ok | SEQ : 20174684720, PART : 04578885AC, SCAN P04578885AC, CELL [1,2]
16:11:05:35 | I | Matching ok | SEQ : 20174684710, PART : 04578885AC, SCAN P04578885AC, CELL [1,3]
16:11:07:39 | I | Matching ok | SEQ : 20174684700, PART : N/A, SCAN N/A, CELL [1,4]
16:11:11:77 | I | Matching ok | SEQ : 20174684690, PART : 52124713AD, SCAN P52124713AD, CELL [1,5]
16:11:19:32 | I | Matching ok | SEQ : 20174684680, PART : 04578885AC, SCAN P04578885AC, CELL [1,6]
16:11:21:33 | I | Matching ok | SEQ : 20174684790, PART : N/A, SCAN N/A, CELL [2,1]
16:11:23:36 | I | Matching ok | SEQ : 20174684780, PART : N/A, SCAN N/A, CELL [2,2]
16:11:29:50 | I | Matching ok | SEQ : 20174684770, PART : 04578885AC, SCAN P04578885AC, CELL [2,3]
16:11:31:52 | I | Matching ok | SEQ : 20174684760, PART : N/A, SCAN N/A, CELL [2,4]
16:11:35:07 | I | Matching ok | SEQ : 20174684750, PART : 68193661AB, SCAN P68193661AB, CELL [2,5]
16:11:37:09 | I | Matching ok | SEQ : 20174684740, PART : N/A, SCAN N/A, CELL [2,6]
16:22:55:74 | I | Matching ok | SEQ : 20174684850, PART : 52124713AD, SCAN P52124713AD, CELL [1,1]
16:23:01:84 | I | Matching ok | SEQ : 20174684840, PART : 52124713AD, SCAN P52124713AD, CELL [1,2]
16:23:03:87 | I | Matching ok | SEQ : 20174684830, PART : N/A, SCAN N/A, CELL [1,3]
16:23:09:79 | I | Matching ok | SEQ : 20174684820, PART : 04578885AC, SCAN P04578885AC, CELL [1,4]
16:23:13:31 | I | Matching ok | SEQ : 20174684810, PART : 04578885AC, SCAN P04578885AC, CELL [1,5]
16:23:15:33 | I | Matching ok | SEQ : 20174684800, PART : N/A, SCAN N/A, CELL [1,6]
16:23:19:79 | I | Matching ok | SEQ : 20174684910, PART : 52124713AD, SCAN P52124713AD, CELL [2,1]
16:23:25:74 | W | Mismatching | SEQ : 20174684900, PART : 04578885AC, SCAN P52124713AD, CELL [2,2]
16:23:36:09 | W | Mismatching | SEQ : 20174684900, PART : 04578885AC, SCAN P52124713AD, CELL [2,2]
16:24:09:71 | I | Matching ok | SEQ : 20174684900, PART : 04578885AC, SCAN P04578885AC, CELL [2,2]
16:24:28:09 | I | Matching ok | SEQ : 20174684890, PART : 52124713AD, SCAN P52124713AD, CELL [2,3]
16:24:32:34 | I | Matching ok | SEQ : 20174684880, PART : 04578885AC, SCAN P04578885AC, CELL [2,4]
16:24:34:69 | I | Matching ok | SEQ : 20174684870, PART : 68193661AB, SCAN P68193661AB, CELL [2,5]
16:24:38:99 | I | Matching ok | SEQ : 20174684860, PART : 04578885AC, SCAN P04578885AC, CELL [2,6]
16:24:41:09 | I | Matching ok | SEQ : 20174684970, PART : N/A, SCAN N/A, CELL [1,1]
16:32:12:48 | I | Matching ok | SEQ : 20174684960, PART : 04578885AC, SCAN P04578885AC, CELL [1,2]
16:32:14:90 | I | Matching ok | SEQ : 20174684950, PART : 04578885AC, SCAN P04578885AC, CELL [1,3]
16:32:16:94 | I | Matching ok | SEQ : 20174684940, PART : N/A, SCAN N/A, CELL [1,4]
16:32:18:97 | I | Matching ok | SEQ : 20174684930, PART : N/A, SCAN N/A, CELL [1,5]
16:32:22:15 | I | Matching ok | SEQ : 20174684920, PART : 68193661AB, SCAN P68193661AB, CELL [1,6]
16:32:29:18 | I | Matching ok | SEQ : 20174685030, PART : 04578885AC, SCAN P04578885AC, CELL [2,1]
16:32:31:20 | I | Matching ok | SEQ : 20174685020, PART : N/A, SCAN N/A, CELL [2,2]
16:33:02:95 | I | Matching ok | SEQ : 20174685010, PART : 04578885AC, SCAN P04578885AC, CELL [2,3]
16:33:04:97 | I | Matching ok | SEQ : 20174685000, PART : N/A, SCAN N/A, CELL [2,4]
16:33:10:76 | I | Matching ok | SEQ : 20174684990, PART : 68193661AB, SCAN P68193661AB, CELL [2,5]
16:33:13:85 | I | Matching ok | SEQ : 20174684980, PART : 52124713AD, SCAN P52124713AD, CELL [2,6]
18:21:12:76 | I | Matching ok | SEQ : 20174685090, PART : 52124713AD, SCAN P52124713AD, CELL [1,1]
18:21:16:66 | I | Matching ok | SEQ : 20174685080, PART : 52124713AD, SCAN P52124713AD, CELL [1,2]
18:21:19:01 | I | Matching ok | SEQ : 20174685070, PART : 04578885AC, SCAN P04578885AC, CELL [1,3]
18:21:21:02 | I | Matching ok | SEQ : 20174685060, PART : N/A, SCAN N/A, CELL [1,4]
18:21:23:61 | I | Matching ok | SEQ : 20174685050, PART : 68193661AB, SCAN P68193661AB, CELL [1,5]
18:21:25:64 | I | Matching ok | SEQ : 20174685040, PART : N/A, SCAN N/A, CELL [1,6]
18:21:27:65 | I | Matching ok | SEQ : 20174685150, PART : N/A, SCAN N/A, CELL [2,1]
18:21:29:66 | I | Matching ok | SEQ : 20174685140, PART : N/A, SCAN N/A, CELL [2,2]
18:21:33:36 | I | Matching ok | SEQ : 20174685130, PART : 68193661AB, SCAN P68193661AB, CELL [2,3]
18:21:35:38 | I | Matching ok | SEQ : 20174685120, PART : N/A, SCAN N/A, CELL [2,4]
18:21:37:31 | I | Matching ok | SEQ : 20174685110, PART : 04578885AC, SCAN P04578885AC, CELL [2,5]
18:21:39:32 | I | Matching ok | SEQ : 20174685100, PART : N/A, SCAN N/A, CELL [2,6]
18:21:41:43 | I | Matching ok | SEQ : 20174685210, PART : N/A, SCAN N/A, CELL [1,1]
18:21:43:44 | I | Matching ok | SEQ : 20174685200, PART : N/A, SCAN N/A, CELL [1,2]
18:21:45:45 | I | Matching ok | SEQ : 20174685190, PART : N/A, SCAN N/A, CELL [1,3]
18:21:47:51 | I | Matching ok | SEQ : 20174685180, PART : N/A, SCAN N/A, CELL [1,4]
18:37:51:96 | I | Matching ok | SEQ : 20174685170, PART : 04578885AC, SCAN P04578885AC, CELL [1,5]
18:37:53:99 | I | Matching ok | SEQ : 20174685160, PART : N/A, SCAN N/A, CELL [1,6]
18:37:56:00 | I | Matching ok | SEQ : 20174685270, PART : N/A, SCAN N/A, CELL [2,1]
18:37:58:03 | I | Matching ok | SEQ : 20174685260, PART : N/A, SCAN N/A, CELL [2,2]
18:38:00:04 | I | Matching ok | SEQ : 20174685250, PART : N/A, SCAN N/A, CELL [2,3]
18:38:03:71 | I | Matching ok | SEQ : 20174685240, PART : 04578885AC, SCAN P04578885AC, CELL [2,4]
18:38:05:72 | I | Matching ok | SEQ : 20174685230, PART : N/A, SCAN N/A, CELL [2,5]
18:38:08:68 | I | Matching ok | SEQ : 20174685220, PART : 04578885AC, SCAN P04578885AC, CELL [2,6]
18:38:10:76 | I | Matching ok | SEQ : 20174685330, PART : N/A, SCAN N/A, CELL [1,1]
18:38:12:77 | I | Matching ok | SEQ : 20174685320, PART : N/A, SCAN N/A, CELL [1,2]
18:38:14:80 | I | Matching ok | SEQ : 20174685310, PART : N/A, SCAN N/A, CELL [1,3]
18:52:30:73 | I | Matching ok | SEQ : 20174685300, PART : 52124713AD, SCAN P52124713AD, CELL [1,4]
18:52:32:76 | I | Matching ok | SEQ : 20174685290, PART : N/A, SCAN N/A, CELL [1,5]
18:52:34:78 | I | Matching ok | SEQ : 20174685280, PART : N/A, SCAN N/A, CELL [1,6]
18:52:37:28 | I | Matching ok | SEQ : 20174685390, PART : 04578885AC, SCAN P04578885AC, CELL [2,1]
18:52:39:29 | I | Matching ok | SEQ : 20174685380, PART : N/A, SCAN N/A, CELL [2,2]
18:52:41:32 | I | Matching ok | SEQ : 20174685370, PART : N/A, SCAN N/A, CELL [2,3]
18:52:45:68 | I | Matching ok | SEQ : 20174685360, PART : 52124713AD, SCAN P52124713AD, CELL [2,4]
18:52:47:71 | I | Matching ok | SEQ : 20174685350, PART : N/A, SCAN N/A, CELL [2,5]
18:52:50:21 | I | Matching ok | SEQ : 20174685340, PART : 04578885AC, SCAN P04578885AC, CELL [2,6]
18:52:52:32 | I | Matching ok | SEQ : 20174685450, PART : N/A, SCAN N/A, CELL [1,1]
18:52:54:33 | I | Matching ok | SEQ : 20174685440, PART : N/A, SCAN N/A, CELL [1,2]
18:52:56:36 | I | Matching ok | SEQ : 20174685430, PART : N/A, SCAN N/A, CELL [1,3]
18:52:58:37 | I | Matching ok | SEQ : 20174685420, PART : N/A, SCAN N/A, CELL [1,4]
18:53:00:38 | I | Matching ok | SEQ : 20174685410, PART : N/A, SCAN N/A, CELL [1,5]
18:53:02:41 | I | Matching ok | SEQ : 20174685400, PART : N/A, SCAN N/A, CELL [1,6]
18:58:26:27 | I | Matching ok | SEQ : 20174685510, PART : 04578885AC, SCAN P04578885AC, CELL [2,1]
18:58:28:30 | I | Matching ok | SEQ : 20174685500, PART : N/A, SCAN N/A, CELL [2,2]
18:58:30:31 | I | Matching ok | SEQ : 20174685490, PART : N/A, SCAN N/A, CELL [2,3]
18:58:32:34 | I | Matching ok | SEQ : 20174685480, PART : N/A, SCAN N/A, CELL [2,4]
18:58:34:37 | I | Matching ok | SEQ : 20174685470, PART : N/A, SCAN N/A, CELL [2,5]
18:58:36:39 | I | Matching ok | SEQ : 20174685460, PART : N/A, SCAN N/A, CELL [2,6]
18:58:38:47 | I | Matching ok | SEQ : 20174685570, PART : N/A, SCAN N/A, CELL [1,1]
19:06:29:22 | I | Matching ok | SEQ : 20174685560, PART : 04578885AC, SCAN P04578885AC, CELL [1,2]
19:06:31:90 | I | Matching ok | SEQ : 20174685550, PART : 68193661AB, SCAN P68193661AB, CELL [1,3]
19:06:33:91 | I | Matching ok | SEQ : 20174685540, PART : N/A, SCAN N/A, CELL [1,4]
19:06:36:85 | I | Matching ok | SEQ : 20174685530, PART : 04578885AC, SCAN P04578885AC, CELL [1,5]
19:06:40:17 | I | Matching ok | SEQ : 20174685520, PART : 68193661AB, SCAN P68193661AB, CELL [1,6]
19:06:42:20 | I | Matching ok | SEQ : 20174685630, PART : N/A, SCAN N/A, CELL [2,1]
19:06:45:27 | I | Matching ok | SEQ : 20174685620, PART : 04578885AC, SCAN P04578885AC, CELL [2,2]
19:06:47:28 | I | Matching ok | SEQ : 20174685610, PART : N/A, SCAN N/A, CELL [2,3]
19:07:02:25 | I | Matching ok | SEQ : 20174685600, PART : 68193661AB, SCAN P68193661AB, CELL [2,4]
19:07:05:40 | I | Matching ok | SEQ : 20174685590, PART : 04578885AC, SCAN P04578885AC, CELL [2,5]
19:07:07:41 | I | Matching ok | SEQ : 20174685580, PART : N/A, SCAN N/A, CELL [2,6]
19:09:55:01 | I | Matching ok | SEQ : 20174685690, PART : 68193661AB, SCAN P68193661AB, CELL [1,1]
19:09:57:60 | I | Matching ok | SEQ : 20174685680, PART : 68193661AB, SCAN P68193661AB, CELL [1,2]
19:10:02:06 | I | Matching ok | SEQ : 20174685670, PART : 04578885AC, SCAN P04578885AC, CELL [1,3]
19:10:04:08 | I | Matching ok | SEQ : 20174685660, PART : N/A, SCAN N/A, CELL [1,4]
19:10:06:09 | I | Matching ok | SEQ : 20174685650, PART : N/A, SCAN N/A, CELL [1,5]
19:10:08:10 | I | Matching ok | SEQ : 20174685640, PART : N/A, SCAN N/A, CELL [1,6]
19:10:10:13 | I | Matching ok | SEQ : 20174685750, PART : N/A, SCAN N/A, CELL [2,1]
19:10:12:31 | I | Matching ok | SEQ : 20174685740, PART : 68193661AB, SCAN P68193661AB, CELL [2,2]
19:10:16:88 | I | Matching ok | SEQ : 20174685730, PART : 04578885AC, SCAN P04578885AC, CELL [2,3]
19:10:21:40 | I | Matching ok | SEQ : 20174685720, PART : 04578885AC, SCAN P04578885AC, CELL [2,4]
19:10:27:86 | I | Matching ok | SEQ : 20174685710, PART : 04578885AC, SCAN P04578885AC, CELL [2,5]
19:10:29:86 | I | Matching ok | SEQ : 20174685700, PART : N/A, SCAN N/A, CELL [2,6]
19:10:31:97 | I | Matching ok | SEQ : 20174685810, PART : N/A, SCAN N/A, CELL [1,1]
19:18:19:09 | I | Matching ok | SEQ : 20174685800, PART : 68193661AB, SCAN P68193661AB, CELL [1,2]
19:18:33:59 | I | Matching ok | SEQ : 20174685790, PART : 04578885AC, SCAN P04578885AC, CELL [1,3]
19:18:46:37 | I | Matching ok | SEQ : 20174685780, PART : 04578885AC, SCAN P04578885AC, CELL [1,4]
19:18:59:57 | I | Matching ok | SEQ : 20174685770, PART : 68193661AB, SCAN P68193661AB, CELL [1,5]
19:19:01:59 | I | Matching ok | SEQ : 20174685760, PART : N/A, SCAN N/A, CELL [1,6]
19:19:10:32 | I | Matching ok | SEQ : 20174685870, PART : 04578885AC, SCAN P04578885AC, CELL [2,1]
19:19:12:36 | I | Matching ok | SEQ : 20174685860, PART : N/A, SCAN N/A, CELL [2,2]
19:19:23:99 | I | Matching ok | SEQ : 20174685850, PART : 68193661AB, SCAN P68193661AB, CELL [2,3]
19:19:34:92 | I | Matching ok | SEQ : 20174685840, PART : 04578885AC, SCAN P04578885AC, CELL [2,4]
19:19:39:97 | I | Matching ok | SEQ : 20174685830, PART : 04578885AC, SCAN P04578885AC, CELL [2,5]
19:19:41:98 | I | Matching ok | SEQ : 20174685820, PART : N/A, SCAN N/A, CELL [2,6]
19:42:48:98 | I | Matching ok | SEQ : 20174685930, PART : 52124713AD, SCAN P52124713AD, CELL [1,1]
19:42:56:50 | I | Matching ok | SEQ : 20174685920, PART : 04578885AC, SCAN P04578885AC, CELL [1,2]
19:42:59:38 | I | Matching ok | SEQ : 20174685910, PART : 04578885AC, SCAN P04578885AC, CELL [1,3]
19:43:15:30 | I | Matching ok | SEQ : 20174685900, PART : 04578885AC, SCAN P04578885AC, CELL [1,4]
19:43:34:40 | I | Matching ok | SEQ : 20174685890, PART : 68193661AB, SCAN P68193661AB, CELL [1,5]
19:43:42:93 | I | Matching ok | SEQ : 20174685880, PART : 04578885AC, SCAN P04578885AC, CELL [1,6]
19:43:44:94 | I | Matching ok | SEQ : 20174685990, PART : N/A, SCAN N/A, CELL [2,1]
19:43:46:97 | I | Matching ok | SEQ : 20174685980, PART : N/A, SCAN N/A, CELL [2,2]
19:43:59:95 | I | Matching ok | SEQ : 20174685970, PART : 04578885AC, SCAN P04578885AC, CELL [2,3]
19:44:09:88 | I | Matching ok | SEQ : 20174685960, PART : 04578885AC, SCAN P04578885AC, CELL [2,4]
19:45:40:18 | I | Matching ok | SEQ : 20174685950, PART : 04578885AC, SCAN P04578885AC, CELL [2,5]
19:45:45:56 | I | Matching ok | SEQ : 20174685940, PART : 68193661AB, SCAN P68193661AB, CELL [2,6]
19:55:37:22 | I | Matching ok | SEQ : 20174686050, PART : 68193661AB, SCAN P68193661AB, CELL [1,1]
19:55:39:24 | I | Matching ok | SEQ : 20174686040, PART : N/A, SCAN N/A, CELL [1,2]
19:55:41:27 | I | Matching ok | SEQ : 20174686030, PART : N/A, SCAN N/A, CELL [1,3]
19:55:45:89 | I | Matching ok | SEQ : 20174686020, PART : 68193661AB, SCAN P68193661AB, CELL [1,4]
19:56:06:04 | I | Matching ok | SEQ : 20174686010, PART : 52124713AD, SCAN P52124713AD, CELL [1,5]
19:56:16:34 | I | Matching ok | SEQ : 20174686000, PART : 04578885AC, SCAN P04578885AC, CELL [1,6]
19:56:27:29 | I | Matching ok | SEQ : 20174686110, PART : 68193661AB, SCAN P68193661AB, CELL [2,1]
19:56:29:32 | I | Matching ok | SEQ : 20174686100, PART : N/A, SCAN N/A, CELL [2,2]
19:56:44:72 | I | Matching ok | SEQ : 20174686090, PART : 04578885AC, SCAN P04578885AC, CELL [2,3]
19:56:53:77 | I | Matching ok | SEQ : 20174686080, PART : 04578885AC, SCAN P04578885AC, CELL [2,4]
19:56:55:79 | I | Matching ok | SEQ : 20174686070, PART : N/A, SCAN N/A, CELL [2,5]
19:56:57:81 | I | Matching ok | SEQ : 20174686060, PART : N/A, SCAN N/A, CELL [2,6]
20:27:53:82 | I | Matching ok | SEQ : 20174686170, PART : 04578885AC, SCAN P04578885AC, CELL [1,1]
20:27:55:84 | I | Matching ok | SEQ : 20174686160, PART : N/A, SCAN N/A, CELL [1,2]
20:27:59:49 | I | Matching ok | SEQ : 20174686150, PART : 68193661AB, SCAN P68193661AB, CELL [1,3]
20:28:01:50 | I | Matching ok | SEQ : 20174686140, PART : N/A, SCAN N/A, CELL [1,4]
20:28:11:87 | I | Matching ok | SEQ : 20174686130, PART : 04578885AC, SCAN P04578885AC, CELL [1,5]
20:28:13:89 | I | Matching ok | SEQ : 20174686120, PART : N/A, SCAN N/A, CELL [1,6]
20:28:19:94 | I | Matching ok | SEQ : 20174686230, PART : 52124713AD, SCAN P52124713AD, CELL [2,1]
20:28:30:34 | I | Matching ok | SEQ : 20174686220, PART : 68193661AB, SCAN P68193661AB, CELL [2,2]
20:28:33:92 | I | Matching ok | SEQ : 20174686210, PART : 68193661AB, SCAN P68193661AB, CELL [2,3]
20:28:35:95 | I | Matching ok | SEQ : 20174686200, PART : N/A, SCAN N/A, CELL [2,4]
20:28:50:34 | I | Matching ok | SEQ : 20174686190, PART : 52124713AD, SCAN P52124713AD, CELL [2,5]
20:28:58:39 | I | Matching ok | SEQ : 20174686180, PART : 04578885AC, SCAN P04578885AC, CELL [2,6]
20:29:00:52 | I | Matching ok | SEQ : 20174686290, PART : N/A, SCAN N/A, CELL [1,1]
20:37:30:85 | I | Matching ok | SEQ : 20174686280, PART : 68193661AB, SCAN P68193661AB, CELL [1,2]
20:37:32:89 | I | Matching ok | SEQ : 20174686270, PART : N/A, SCAN N/A, CELL [1,3]
20:37:54:60 | I | Matching ok | SEQ : 20174686260, PART : 04578885AC, SCAN P04578885AC, CELL [1,4]
20:37:59:70 | I | Matching ok | SEQ : 20174686250, PART : 04578885AC, SCAN P04578885AC, CELL [1,5]
20:38:01:73 | I | Matching ok | SEQ : 20174686240, PART : N/A, SCAN N/A, CELL [1,6]
20:38:03:76 | I | Matching ok | SEQ : 20174686350, PART : N/A, SCAN N/A, CELL [2,1]
20:38:18:38 | I | Matching ok | SEQ : 20174686340, PART : 04578885AC, SCAN P04578885AC, CELL [2,2]
20:38:29:68 | I | Matching ok | SEQ : 20174686330, PART : 52124713AD, SCAN P52124713AD, CELL [2,3]
20:38:31:72 | I | Matching ok | SEQ : 20174686320, PART : N/A, SCAN N/A, CELL [2,4]
20:38:47:18 | I | Matching ok | SEQ : 20174686310, PART : 68193661AB, SCAN P68193661AB, CELL [2,5]
20:38:49:20 | I | Matching ok | SEQ : 20174686300, PART : N/A, SCAN N/A, CELL [2,6]
20:49:52:35 | I | Matching ok | SEQ : 20174686410, PART : 04578885AC, SCAN P04578885AC, CELL [1,1]
20:49:55:30 | I | Matching ok | SEQ : 20174686400, PART : 04578885AC, SCAN P04578885AC, CELL [1,2]
20:49:58:25 | I | Matching ok | SEQ : 20174686390, PART : 68193661AB, SCAN P68193661AB, CELL [1,3]
20:50:00:27 | I | Matching ok | SEQ : 20174686380, PART : N/A, SCAN N/A, CELL [1,4]
20:50:02:38 | I | Matching ok | SEQ : 20174686370, PART : N/A, SCAN N/A, CELL [1,5]
20:50:05:62 | I | Matching ok | SEQ : 20174686360, PART : 68193661AB, SCAN P68193661AB, CELL [1,6]
20:50:09:35 | I | Matching ok | SEQ : 20174686470, PART : 68193661AB, SCAN P68193661AB, CELL [2,1]
20:50:12:20 | I | Matching ok | SEQ : 20174686460, PART : 04578885AC, SCAN P04578885AC, CELL [2,2]
20:50:15:63 | I | Matching ok | SEQ : 20174686450, PART : 52124713AD, SCAN P52124713AD, CELL [2,3]
20:50:21:95 | I | Matching ok | SEQ : 20174686440, PART : 52124713AD, SCAN P52124713AD, CELL [2,4]
20:50:25:22 | I | Matching ok | SEQ : 20174686430, PART : 68193661AB, SCAN P68193661AB, CELL [2,5]
20:50:28:17 | I | Matching ok | SEQ : 20174686420, PART : 04578885AC, SCAN P04578885AC, CELL [2,6]
20:50:30:54 | I | Matching ok | SEQ : 20174686530, PART : N/A, SCAN N/A, CELL [1,1]
21:00:46:96 | I | Matching ok | SEQ : 20174686520, PART : 52124713AD, SCAN P52124713AD, CELL [1,2]
21:00:50:34 | I | Matching ok | SEQ : 20174686510, PART : 04578885AC, SCAN P04578885AC, CELL [1,3]
21:00:53:74 | I | Matching ok | SEQ : 20174686500, PART : 68193661AB, SCAN P68193661AB, CELL [1,4]
21:00:55:76 | I | Matching ok | SEQ : 20174686490, PART : N/A, SCAN N/A, CELL [1,5]
21:00:57:77 | I | Matching ok | SEQ : 20174686480, PART : N/A, SCAN N/A, CELL [1,6]
21:00:59:78 | I | Matching ok | SEQ : 20174686590, PART : N/A, SCAN N/A, CELL [2,1]
21:01:24:84 | I | Matching ok | SEQ : 20174686580, PART : 52124713AD, SCAN P52124713AD, CELL [2,2]
21:01:26:86 | I | Matching ok | SEQ : 20174686570, PART : N/A, SCAN N/A, CELL [2,3]
21:01:29:57 | I | Matching ok | SEQ : 20174686560, PART : 52124713AD, SCAN P52124713AD, CELL [2,4]
21:01:36:36 | I | Matching ok | SEQ : 20174686550, PART : 68193661AB, SCAN P68193661AB, CELL [2,5]
21:01:38:38 | I | Matching ok | SEQ : 20174686540, PART : N/A, SCAN N/A, CELL [2,6]
21:01:40:45 | I | Matching ok | SEQ : 20174686650, PART : N/A, SCAN N/A, CELL [1,1]
21:11:52:48 | I | Matching ok | SEQ : 20174686640, PART : 52124713AD, SCAN P52124713AD, CELL [1,2]
21:11:55:58 | I | Matching ok | SEQ : 20174686630, PART : 68193661AB, SCAN P68193661AB, CELL [1,3]
21:11:57:59 | I | Matching ok | SEQ : 20174686620, PART : N/A, SCAN N/A, CELL [1,4]
21:12:01:35 | I | Matching ok | SEQ : 20174686610, PART : 52124713AD, SCAN P52124713AD, CELL [1,5]
21:12:03:36 | I | Matching ok | SEQ : 20174686600, PART : N/A, SCAN N/A, CELL [1,6]
21:12:59:58 | I | Matching ok | SEQ : 20174686710, PART : 04578885AC, SCAN P04578885AC, CELL [2,1]
21:13:01:63 | I | Matching ok | SEQ : 20174686700, PART : N/A, SCAN N/A, CELL [2,2]
21:13:05:28 | I | Matching ok | SEQ : 20174686690, PART : 04578885AC, SCAN P04578885AC, CELL [2,3]
21:13:09:13 | I | Matching ok | SEQ : 20174686680, PART : 68193661AB, SCAN P68193661AB, CELL [2,4]
21:13:12:56 | I | Matching ok | SEQ : 20174686670, PART : 04578885AC, SCAN P04578885AC, CELL [2,5]
21:13:16:85 | I | Matching ok | SEQ : 20174686660, PART : 04578885AC, SCAN P04578885AC, CELL [2,6]
21:13:19:10 | I | Matching ok | SEQ : 20174686770, PART : N/A, SCAN N/A, CELL [1,1]
21:13:21:13 | I | Matching ok | SEQ : 20174686760, PART : N/A, SCAN N/A, CELL [1,2]
21:24:47:35 | I | Matching ok | SEQ : 20174686750, PART : 52124713AD, SCAN P52124713AD, CELL [1,3]
21:24:49:38 | I | Matching ok | SEQ : 20174686740, PART : N/A, SCAN N/A, CELL [1,4]
21:24:52:57 | I | Matching ok | SEQ : 20174686730, PART : 52124713AD, SCAN P52124713AD, CELL [1,5]
21:24:55:80 | I | Matching ok | SEQ : 20174686720, PART : 68193661AB, SCAN P68193661AB, CELL [1,6]
21:25:27:95 | I | Matching ok | SEQ : 20174686830, PART : 04578885AC, SCAN P04578885AC, CELL [2,1]
21:25:31:68 | I | Matching ok | SEQ : 20174686820, PART : 04578885AC, SCAN P04578885AC, CELL [2,2]
21:25:33:70 | I | Matching ok | SEQ : 20174686810, PART : N/A, SCAN N/A, CELL [2,3]
21:25:37:20 | I | Matching ok | SEQ : 20174686800, PART : 68193661AB, SCAN P68193661AB, CELL [2,4]
21:25:40:55 | I | Matching ok | SEQ : 20174686790, PART : 52124713AD, SCAN P52124713AD, CELL [2,5]
21:25:42:57 | I | Matching ok | SEQ : 20174686780, PART : N/A, SCAN N/A, CELL [2,6]
21:39:39:64 | I | Matching ok | SEQ : 20174686890, PART : 52124713AD, SCAN P52124713AD, CELL [1,1]
21:39:42:67 | I | Matching ok | SEQ : 20174686880, PART : 68193661AB, SCAN P68193661AB, CELL [1,2]
21:39:46:67 | I | Matching ok | SEQ : 20174686870, PART : 68193661AB, SCAN P68193661AB, CELL [1,3]
21:39:48:69 | I | Matching ok | SEQ : 20174686860, PART : N/A, SCAN N/A, CELL [1,4]
21:40:01:94 | I | Matching ok | SEQ : 20174686850, PART : 52124713AD, SCAN P52124713AD, CELL [1,5]
21:40:06:57 | I | Matching ok | SEQ : 20174686840, PART : 52124713AD, SCAN P52124713AD, CELL [1,6]
21:40:08:58 | I | Matching ok | SEQ : 20174686950, PART : N/A, SCAN N/A, CELL [2,1]
21:40:26:02 | I | Matching ok | SEQ : 20174686940, PART : 04578885AC, SCAN P04578885AC, CELL [2,2]
21:40:30:17 | I | Matching ok | SEQ : 20174686930, PART : 68193661AB, SCAN P68193661AB, CELL [2,3]
21:40:32:18 | I | Matching ok | SEQ : 20174686920, PART : N/A, SCAN N/A, CELL [2,4]
21:40:34:19 | I | Matching ok | SEQ : 20174686910, PART : N/A, SCAN N/A, CELL [2,5]
21:40:36:21 | I | Matching ok | SEQ : 20174686900, PART : N/A, SCAN N/A, CELL [2,6]
21:40:38:28 | I | Matching ok | SEQ : 20174687010, PART : N/A, SCAN N/A, CELL [1,1]
21:51:11:89 | I | Matching ok | SEQ : 20174687000, PART : 68193661AB, SCAN P68193661AB, CELL [1,2]
21:51:13:91 | I | Matching ok | SEQ : 20174686990, PART : N/A, SCAN N/A, CELL [1,3]
21:51:41:29 | I | Matching ok | SEQ : 20174686980, PART : 04578885AC, SCAN P04578885AC, CELL [1,4]
21:51:44:26 | I | Matching ok | SEQ : 20174686970, PART : 52124713AD, SCAN P52124713AD, CELL [1,5]
21:51:47:33 | I | Matching ok | SEQ : 20174686960, PART : 68193661AB, SCAN P68193661AB, CELL [1,6]
21:51:49:35 | I | Matching ok | SEQ : 20174687070, PART : N/A, SCAN N/A, CELL [2,1]
21:51:51:38 | I | Matching ok | SEQ : 20174687060, PART : N/A, SCAN N/A, CELL [2,2]
21:52:19:89 | I | Matching ok | SEQ : 20174687050, PART : 04578885AC, SCAN P04578885AC, CELL [2,3]
21:52:22:81 | I | Matching ok | SEQ : 20174687040, PART : 68193661AB, SCAN P68193661AB, CELL [2,4]
21:52:25:86 | I | Matching ok | SEQ : 20174687030, PART : 52124713AD, SCAN P52124713AD, CELL [2,5]
21:52:28:54 | I | Matching ok | SEQ : 20174687020, PART : 04578885AC, SCAN P04578885AC, CELL [2,6]
22:03:18:23 | I | Matching ok | SEQ : 20174687130, PART : 68193661AB, SCAN P68193661AB, CELL [1,1]
22:03:21:08 | I | Matching ok | SEQ : 20174687120, PART : 68193661AB, SCAN P68193661AB, CELL [1,2]
22:03:23:10 | I | Matching ok | SEQ : 20174687110, PART : N/A, SCAN N/A, CELL [1,3]
22:03:25:12 | I | Matching ok | SEQ : 20174687100, PART : N/A, SCAN N/A, CELL [1,4]
22:03:28:53 | I | Matching ok | SEQ : 20174687090, PART : 04578885AC, SCAN P04578885AC, CELL [1,5]
22:03:30:54 | I | Matching ok | SEQ : 20174687080, PART : N/A, SCAN N/A, CELL [1,6]
22:03:33:45 | I | Matching ok | SEQ : 20174687190, PART : 04578885AC, SCAN P04578885AC, CELL [2,1]
22:03:36:98 | I | Matching ok | SEQ : 20174687180, PART : 68193661AB, SCAN P68193661AB, CELL [2,2]
22:03:41:53 | I | Matching ok | SEQ : 20174687170, PART : 04578885AC, SCAN P04578885AC, CELL [2,3]
22:03:43:54 | I | Matching ok | SEQ : 20174687160, PART : N/A, SCAN N/A, CELL [2,4]
22:03:48:68 | I | Matching ok | SEQ : 20174687150, PART : 52124713AD, SCAN P52124713AD, CELL [2,5]
22:03:50:68 | I | Matching ok | SEQ : 20174687140, PART : N/A, SCAN N/A, CELL [2,6]
22:03:52:84 | I | Matching ok | SEQ : 20174687250, PART : N/A, SCAN N/A, CELL [1,1]
22:03:54:85 | I | Matching ok | SEQ : 20174687240, PART : N/A, SCAN N/A, CELL [1,2]
22:22:17:03 | I | Matching ok | SEQ : 20174687230, PART : 04578885AC, SCAN P04578885AC, CELL [1,3]
22:22:19:06 | I | Matching ok | SEQ : 20174687220, PART : N/A, SCAN N/A, CELL [1,4]
22:22:22:25 | I | Matching ok | SEQ : 20174687210, PART : 68193661AB, SCAN P68193661AB, CELL [1,5]
22:22:26:25 | I | Matching ok | SEQ : 20174687200, PART : 04578885AC, SCAN P04578885AC, CELL [1,6]
22:22:28:28 | I | Matching ok | SEQ : 20174687310, PART : N/A, SCAN N/A, CELL [2,1]
22:22:32:08 | I | Matching ok | SEQ : 20174687300, PART : 04578885AC, SCAN P04578885AC, CELL [2,2]
22:22:36:18 | I | Matching ok | SEQ : 20174687290, PART : 68193661AB, SCAN P68193661AB, CELL [2,3]
22:22:38:21 | I | Matching ok | SEQ : 20174687280, PART : N/A, SCAN N/A, CELL [2,4]
22:22:41:25 | I | Matching ok | SEQ : 20174687270, PART : 04578885AC, SCAN P04578885AC, CELL [2,5]
22:22:48:51 | I | Matching ok | SEQ : 20174687260, PART : 04578885AC, SCAN P04578885AC, CELL [2,6]
22:35:51:30 | I | Matching ok | SEQ : 20174687370, PART : 68193661AB, SCAN P68193661AB, CELL [1,1]
22:35:54:87 | I | Matching ok | SEQ : 20174687360, PART : 04578885AC, SCAN P04578885AC, CELL [1,2]
22:35:58:78 | I | Matching ok | SEQ : 20174687350, PART : 68193661AB, SCAN P68193661AB, CELL [1,3]
22:36:02:22 | I | Matching ok | SEQ : 20174687340, PART : 04578885AC, SCAN P04578885AC, CELL [1,4]
22:36:05:70 | I | Matching ok | SEQ : 20174687330, PART : 04578885AC, SCAN P04578885AC, CELL [1,5]
22:36:07:72 | I | Matching ok | SEQ : 20174687320, PART : N/A, SCAN N/A, CELL [1,6]
22:36:09:74 | I | Matching ok | SEQ : 20174687430, PART : N/A, SCAN N/A, CELL [2,1]
22:36:11:79 | I | Matching ok | SEQ : 20174687420, PART : N/A, SCAN N/A, CELL [2,2]
22:36:14:60 | I | Matching ok | SEQ : 20174687410, PART : 68193661AB, SCAN P68193661AB, CELL [2,3]
22:36:16:64 | I | Matching ok | SEQ : 20174687400, PART : N/A, SCAN N/A, CELL [2,4]
22:36:18:67 | I | Matching ok | SEQ : 20174687390, PART : N/A, SCAN N/A, CELL [2,5]
22:36:20:77 | I | Matching ok | SEQ : 20174687380, PART : 04578885AC, SCAN P04578885AC, CELL [2,6]
22:36:22:96 | I | Matching ok | SEQ : 20174687490, PART : N/A, SCAN N/A, CELL [1,1]
22:43:31:04 | I | Matching ok | SEQ : 20174687480, PART : 68193661AB, SCAN P68193661AB, CELL [1,2]
22:43:33:07 | I | Matching ok | SEQ : 20174687470, PART : N/A, SCAN N/A, CELL [1,3]
22:43:37:49 | I | Matching ok | SEQ : 20174687460, PART : 04578885AC, SCAN P04578885AC, CELL [1,4]
22:44:37:89 | I | Matching ok | SEQ : 20174687450, PART : 68193661AB, SCAN P68193661AB, CELL [1,5]
22:44:39:90 | I | Matching ok | SEQ : 20174687440, PART : N/A, SCAN N/A, CELL [1,6]
22:44:41:91 | I | Matching ok | SEQ : 20174687550, PART : N/A, SCAN N/A, CELL [2,1]
22:44:47:79 | I | Matching ok | SEQ : 20174687540, PART : 68193661AB, SCAN P68193661AB, CELL [2,2]
22:44:51:66 | I | Matching ok | SEQ : 20174687530, PART : 68193661AB, SCAN P68193661AB, CELL [2,3]
22:44:53:68 | I | Matching ok | SEQ : 20174687520, PART : N/A, SCAN N/A, CELL [2,4]
22:44:55:70 | I | Matching ok | SEQ : 20174687510, PART : N/A, SCAN N/A, CELL [2,5]
22:44:57:71 | I | Matching ok | SEQ : 20174687500, PART : N/A, SCAN N/A, CELL [2,6]
22:44:59:77 | I | Matching ok | SEQ : 20174687610, PART : N/A, SCAN N/A, CELL [1,1]
22:45:01:79 | I | Matching ok | SEQ : 20174687600, PART : N/A, SCAN N/A, CELL [1,2]
22:53:53:62 | I | Matching ok | SEQ : 20174687590, PART : 68193661AB, SCAN P68193661AB, CELL [1,3]
22:53:55:65 | I | Matching ok | SEQ : 20174687580, PART : N/A, SCAN N/A, CELL [1,4]
22:53:57:68 | I | Matching ok | SEQ : 20174687570, PART : N/A, SCAN N/A, CELL [1,5]
22:54:00:27 | I | Matching ok | SEQ : 20174687560, PART : 52124713AD, SCAN P52124713AD, CELL [1,6]
22:54:06:53 | I | Matching ok | SEQ : 20174687670, PART : 04578885AC, SCAN P04578885AC, CELL [2,1]
22:54:10:60 | I | Matching ok | SEQ : 20174687660, PART : 68193661AB, SCAN P68193661AB, CELL [2,2]
22:54:12:61 | I | Matching ok | SEQ : 20174687650, PART : N/A, SCAN N/A, CELL [2,3]
22:54:14:62 | I | Matching ok | SEQ : 20174687640, PART : N/A, SCAN N/A, CELL [2,4]
22:54:19:83 | I | Matching ok | SEQ : 20174687630, PART : 04578885AC, SCAN P04578885AC, CELL [2,5]
22:54:24:50 | I | Matching ok | SEQ : 20174687620, PART : 68193661AB, SCAN P68193661AB, CELL [2,6]
22:54:26:65 | I | Matching ok | SEQ : 20174687730, PART : N/A, SCAN N/A, CELL [1,1]
23:34:59:43 | I | Matching ok | SEQ : 20174687720, PART : 68193661AB, SCAN P68193661AB, CELL [1,2]
23:35:01:51 | I | Matching ok | SEQ : 20174687710, PART : N/A, SCAN N/A, CELL [1,3]
23:35:05:16 | I | Matching ok | SEQ : 20174687700, PART : 68193661AB, SCAN P68193661AB, CELL [1,4]
23:35:09:44 | I | Matching ok | SEQ : 20174687690, PART : 52124713AD, SCAN P52124713AD, CELL [1,5]
23:35:11:49 | I | Matching ok | SEQ : 20174687680, PART : N/A, SCAN N/A, CELL [1,6]
23:35:13:53 | I | Matching ok | SEQ : 20174687790, PART : N/A, SCAN N/A, CELL [2,1]
23:35:44:49 | I | Matching ok | SEQ : 20174687780, PART : 68193661AB, SCAN P68193661AB, CELL [2,2]
23:35:46:54 | I | Matching ok | SEQ : 20174687770, PART : N/A, SCAN N/A, CELL [2,3]
23:35:56:46 | I | Matching ok | SEQ : 20174687760, PART : 52124713AD, SCAN P52124713AD, CELL [2,4]
23:35:58:50 | I | Matching ok | SEQ : 20174687750, PART : N/A, SCAN N/A, CELL [2,5]
23:36:02:09 | I | Matching ok | SEQ : 20174687740, PART : 04578885AC, SCAN P04578885AC, CELL [2,6]
23:49:34:61 | I | Matching ok | SEQ : 20174687850, PART : 68193661AB, SCAN P68193661AB, CELL [1,1]
23:49:36:70 | I | Matching ok | SEQ : 20174687840, PART : N/A, SCAN N/A, CELL [1,2]
23:49:55:05 | I | Matching ok | SEQ : 20174687830, PART : 04578885AC, SCAN P04578885AC, CELL [1,3]
23:49:59:06 | I | Matching ok | SEQ : 20174687820, PART : 04578885AC, SCAN P04578885AC, CELL [1,4]
23:50:03:11 | I | Matching ok | SEQ : 20174687810, PART : 04578885AC, SCAN P04578885AC, CELL [1,5]
23:50:05:15 | I | Matching ok | SEQ : 20174687800, PART : N/A, SCAN N/A, CELL [1,6]
23:51:42:71 | I | Matching ok | SEQ : 20174687910, PART : 04578885AC, SCAN P04578885AC, CELL [2,1]
23:51:44:76 | I | Matching ok | SEQ : 20174687900, PART : N/A, SCAN N/A, CELL [2,2]
23:51:46:82 | I | Matching ok | SEQ : 20174687890, PART : N/A, SCAN N/A, CELL [2,3]
23:56:33:15 | I | Matching ok | SEQ : 20174687880, PART : 68193661AB, SCAN P68193661AB, CELL [2,4]
23:56:37:21 | I | Matching ok | SEQ : 20174687870, PART : 04578885AC, SCAN P04578885AC, CELL [2,5]
23:56:39:27 | I | Matching ok | SEQ : 20174687860, PART : N/A, SCAN N/A, CELL [2,6]
