05:18:14:93 | I | Matching ok | SEQ : 20174821760, PART : 04578885AC, SCAN P04578885AC, CELL [1,2]
05:18:18:30 | I | Matching ok | SEQ : 20174821750, PART : 52124713AD, SCAN P52124713AD, CELL [1,3]
05:18:22:85 | I | Matching ok | SEQ : 20174821740, PART : 52124713AD, SCAN P52124713AD, CELL [1,4]
05:18:26:33 | I | Matching ok | SEQ : 20174821730, PART : 04578885AC, SCAN P04578885AC, CELL [1,5]
05:18:30:43 | I | Matching ok | SEQ : 20174821720, PART : 52124713AD, SCAN P52124713AD, CELL [1,6]
05:18:34:26 | I | Matching ok | SEQ : 20174821830, PART : 52124713AD, SCAN P52124713AD, CELL [2,1]
05:18:38:18 | I | Matching ok | SEQ : 20174821820, PART : 04578885AC, SCAN P04578885AC, CELL [2,2]
05:18:40:20 | I | Matching ok | SEQ : 20174821810, PART : N/A, SCAN N/A, CELL [2,3]
05:18:44:65 | I | Matching ok | SEQ : 20174821800, PART : 04578885AC, SCAN P04578885AC, CELL [2,4]
05:18:48:45 | I | Matching ok | SEQ : 20174821790, PART : 52124713AD, SCAN P52124713AD, CELL [2,5]
05:18:50:50 | I | Matching ok | SEQ : 20174821780, PART : N/A, SCAN N/A, CELL [2,6]
05:28:14:54 | I | Matching ok | SEQ : 20174821890, PART : 52124713AD, SCAN P52124713AD, CELL [1,1]
05:28:17:39 | I | Matching ok | SEQ : 20174821880, PART : 52124713AD, SCAN P52124713AD, CELL [1,2]
05:28:19:42 | I | Matching ok | SEQ : 20174821870, PART : N/A, SCAN N/A, CELL [1,3]
05:28:23:94 | I | Matching ok | SEQ : 20174821860, PART : 04578885AC, SCAN P04578885AC, CELL [1,4]
05:28:27:92 | I | Matching ok | SEQ : 20174821850, PART : 52124713AD, SCAN P52124713AD, CELL [1,5]
05:28:32:12 | I | Matching ok | SEQ : 20174821840, PART : 52124713AD, SCAN P52124713AD, CELL [1,6]
05:28:35:92 | I | Matching ok | SEQ : 20174821950, PART : 52124713AD, SCAN P52124713AD, CELL [2,1]
05:28:39:14 | I | Matching ok | SEQ : 20174821940, PART : 52124713AD, SCAN P52124713AD, CELL [2,2]
05:28:43:62 | I | Matching ok | SEQ : 20174821930, PART : 52124713AD, SCAN P52124713AD, CELL [2,3]
05:28:47:12 | I | Matching ok | SEQ : 20174821920, PART : 52124713AD, SCAN P52124713AD, CELL [2,4]
05:28:50:87 | I | Matching ok | SEQ : 20174821910, PART : 04578885AC, SCAN P04578885AC, CELL [2,5]
05:28:52:89 | I | Matching ok | SEQ : 20174821900, PART : N/A, SCAN N/A, CELL [2,6]
05:36:11:73 | I | Matching ok | SEQ : 20174822010, PART : 52124713AD, SCAN P52124713AD, CELL [1,1]
05:36:16:58 | I | Matching ok | SEQ : 20174822000, PART : 52124713AD, SCAN P52124713AD, CELL [1,2]
05:36:19:99 | I | Matching ok | SEQ : 20174821990, PART : 04578885AC, SCAN P04578885AC, CELL [1,3]
05:36:24:18 | I | Matching ok | SEQ : 20174821980, PART : 52124713AD, SCAN P52124713AD, CELL [1,4]
05:36:26:20 | I | Matching ok | SEQ : 20174821970, PART : N/A, SCAN N/A, CELL [1,5]
05:36:30:73 | I | Matching ok | SEQ : 20174821960, PART : 52124713AD, SCAN P52124713AD, CELL [1,6]
05:36:35:15 | I | Matching ok | SEQ : 20174822070, PART : 52124713AD, SCAN P52124713AD, CELL [2,1]
05:36:38:98 | I | Matching ok | SEQ : 20174822060, PART : 04578885AC, SCAN P04578885AC, CELL [2,2]
05:36:43:68 | I | Matching ok | SEQ : 20174822050, PART : 52124713AD, SCAN P52124713AD, CELL [2,3]
05:36:47:33 | I | Matching ok | SEQ : 20174822040, PART : 52124713AD, SCAN P52124713AD, CELL [2,4]
05:36:51:03 | I | Matching ok | SEQ : 20174822030, PART : 52124713AD, SCAN P52124713AD, CELL [2,5]
05:36:53:05 | I | Matching ok | SEQ : 20174822020, PART : N/A, SCAN N/A, CELL [2,6]
05:51:52:05 | I | Matching ok | SEQ : 20174822130, PART : 04578885AC, SCAN P04578885AC, CELL [1,1]
05:51:55:58 | I | Matching ok | SEQ : 20174822120, PART : 52124713AD, SCAN P52124713AD, CELL [1,2]
05:51:57:60 | I | Matching ok | SEQ : 20174822110, PART : N/A, SCAN N/A, CELL [1,3]
05:52:00:15 | I | Matching ok | SEQ : 20174822100, PART : 04578885AC, SCAN P04578885AC, CELL [1,4]
05:52:03:73 | I | Matching ok | SEQ : 20174822090, PART : 52124713AD, SCAN P52124713AD, CELL [1,5]
05:52:09:48 | I | Matching ok | SEQ : 20174822080, PART : 04578885AC, SCAN P04578885AC, CELL [1,6]
05:52:13:33 | I | Matching ok | SEQ : 20174822190, PART : 52124713AD, SCAN P52124713AD, CELL [2,1]
05:52:16:38 | I | Matching ok | SEQ : 20174822180, PART : 04578885AC, SCAN P04578885AC, CELL [2,2]
05:52:18:40 | I | Matching ok | SEQ : 20174822170, PART : N/A, SCAN N/A, CELL [2,3]
05:52:22:03 | I | Matching ok | SEQ : 20174822160, PART : 52124713AD, SCAN P52124713AD, CELL [2,4]
05:52:24:45 | I | Matching ok | SEQ : 20174822150, PART : 52124713AD, SCAN P52124713AD, CELL [2,5]
05:52:28:55 | I | Matching ok | SEQ : 20174822140, PART : 52124713AD, SCAN P52124713AD, CELL [2,6]
05:58:10:54 | I | Matching ok | SEQ : 20174822250, PART : 04578885AC, SCAN P04578885AC, CELL [1,1]
05:58:13:42 | I | Matching ok | SEQ : 20174822240, PART : 52124713AD, SCAN P52124713AD, CELL [1,2]
05:58:16:13 | I | Matching ok | SEQ : 20174822230, PART : 52124713AD, SCAN P52124713AD, CELL [1,3]
05:58:22:76 | W | Mismatching | SEQ : 20174822220, PART : 52124713AD, SCAN P04578885AC, CELL [1,4]
05:58:33:06 | I | Matching ok | SEQ : 20174822220, PART : 52124713AD, SCAN P52124713AD, CELL [1,4]
05:58:35:94 | I | Matching ok | SEQ : 20174822210, PART : 04578885AC, SCAN P04578885AC, CELL [1,5]
05:58:39:26 | I | Matching ok | SEQ : 20174822200, PART : 52124713AD, SCAN P52124713AD, CELL [1,6]
05:58:42:08 | I | Matching ok | SEQ : 20174822310, PART : 52124713AD, SCAN P52124713AD, CELL [2,1]
05:58:44:51 | I | Matching ok | SEQ : 20174822300, PART : 04578885AC, SCAN P04578885AC, CELL [2,2]
05:58:46:86 | I | Matching ok | SEQ : 20174822290, PART : 52124713AD, SCAN P52124713AD, CELL [2,3]
05:58:48:90 | I | Matching ok | SEQ : 20174822280, PART : N/A, SCAN N/A, CELL [2,4]
05:58:50:51 | W | Mismatching | SEQ : 20174822270, PART : N/A, SCAN P52124713AD, CELL [2,5]
05:58:50:91 | I | Matching ok | SEQ : 20174822270, PART : N/A, SCAN N/A, CELL [2,5]
05:59:01:71 | I | Matching ok | SEQ : 20174822260, PART : 52124713AD, SCAN P52124713AD, CELL [2,6]
06:11:15:93 | I | Matching ok | SEQ : 20174822370, PART : 52124713AD, SCAN P52124713AD, CELL [1,1]
06:11:18:83 | I | Matching ok | SEQ : 20174822360, PART : 52124713AD, SCAN P52124713AD, CELL [1,2]
06:11:20:87 | I | Matching ok | SEQ : 20174822350, PART : N/A, SCAN N/A, CELL [1,3]
06:11:23:03 | I | Matching ok | SEQ : 20174822340, PART : 04578885AC, SCAN P04578885AC, CELL [1,4]
06:11:25:93 | I | Matching ok | SEQ : 20174822330, PART : 52124713AD, SCAN P52124713AD, CELL [1,5]
06:11:28:68 | I | Matching ok | SEQ : 20174822320, PART : 04578885AC, SCAN P04578885AC, CELL [1,6]
06:11:31:55 | I | Matching ok | SEQ : 20174822430, PART : 52124713AD, SCAN P52124713AD, CELL [2,1]
06:11:34:43 | I | Matching ok | SEQ : 20174822420, PART : 04578885AC, SCAN P04578885AC, CELL [2,2]
06:11:37:40 | I | Matching ok | SEQ : 20174822410, PART : 04578885AC, SCAN P04578885AC, CELL [2,3]
06:11:40:20 | I | Matching ok | SEQ : 20174822400, PART : 52124713AD, SCAN P52124713AD, CELL [2,4]
06:11:43:28 | I | Matching ok | SEQ : 20174822390, PART : 52124713AD, SCAN P52124713AD, CELL [2,5]
06:11:45:78 | I | Matching ok | SEQ : 20174822380, PART : 52124713AD, SCAN P52124713AD, CELL [2,6]
06:23:10:10 | I | Matching ok | SEQ : 20174822490, PART : 04578885AC, SCAN P04578885AC, CELL [1,1]
06:23:13:12 | I | Matching ok | SEQ : 20174822480, PART : 04578885AC, SCAN P04578885AC, CELL [1,2]
06:23:16:12 | I | Matching ok | SEQ : 20174822470, PART : 52124713AD, SCAN P52124713AD, CELL [1,3]
06:23:19:24 | I | Matching ok | SEQ : 20174822460, PART : 04578885AC, SCAN P04578885AC, CELL [1,4]
06:23:22:30 | I | Matching ok | SEQ : 20174822450, PART : 04578885AC, SCAN P04578885AC, CELL [1,5]
06:23:25:27 | I | Matching ok | SEQ : 20174822440, PART : 52124713AD, SCAN P52124713AD, CELL [1,6]
06:23:28:70 | I | Matching ok | SEQ : 20174822550, PART : 52124713AD, SCAN P52124713AD, CELL [2,1]
06:23:31:67 | I | Matching ok | SEQ : 20174822540, PART : 04578885AC, SCAN P04578885AC, CELL [2,2]
06:23:33:69 | I | Matching ok | SEQ : 20174822530, PART : N/A, SCAN N/A, CELL [2,3]
06:23:35:71 | I | Matching ok | SEQ : 20174822520, PART : N/A, SCAN N/A, CELL [2,4]
06:23:37:74 | I | Matching ok | SEQ : 20174822510, PART : N/A, SCAN N/A, CELL [2,5]
06:23:42:85 | I | Matching ok | SEQ : 20174822500, PART : 52124713AD, SCAN P52124713AD, CELL [2,6]
06:23:44:89 | I | Matching ok | SEQ : 20174822610, PART : N/A, SCAN N/A, CELL [1,1]
06:35:09:44 | I | Matching ok | SEQ : 20174822600, PART : 04578885AC, SCAN P04578885AC, CELL [1,2]
06:35:12:76 | I | Matching ok | SEQ : 20174822590, PART : 04578885AC, SCAN P04578885AC, CELL [1,3]
06:35:16:24 | I | Matching ok | SEQ : 20174822580, PART : 52124713AD, SCAN P52124713AD, CELL [1,4]
06:35:19:69 | I | Matching ok | SEQ : 20174822570, PART : 52124713AD, SCAN P52124713AD, CELL [1,5]
06:35:21:71 | I | Matching ok | SEQ : 20174822560, PART : N/A, SCAN N/A, CELL [1,6]
06:35:23:72 | I | Matching ok | SEQ : 20174822670, PART : N/A, SCAN N/A, CELL [2,1]
06:35:27:39 | I | Matching ok | SEQ : 20174822660, PART : 52124713AD, SCAN P52124713AD, CELL [2,2]
06:35:31:24 | I | Matching ok | SEQ : 20174822650, PART : 52124713AD, SCAN P52124713AD, CELL [2,3]
06:35:34:96 | I | Matching ok | SEQ : 20174822640, PART : 04578885AC, SCAN P04578885AC, CELL [2,4]
06:35:38:16 | I | Matching ok | SEQ : 20174822630, PART : 04578885AC, SCAN P04578885AC, CELL [2,5]
06:35:41:01 | I | Matching ok | SEQ : 20174822620, PART : 52124713AD, SCAN P52124713AD, CELL [2,6]
06:50:04:18 | I | Matching ok | SEQ : 20174822730, PART : 52124713AD, SCAN P52124713AD, CELL [1,1]
06:50:06:96 | I | Matching ok | SEQ : 20174822720, PART : 52124713AD, SCAN P52124713AD, CELL [1,2]
06:50:09:98 | I | Matching ok | SEQ : 20174822710, PART : 52124713AD, SCAN P52124713AD, CELL [1,3]
06:50:12:96 | I | Matching ok | SEQ : 20174822700, PART : 52124713AD, SCAN P52124713AD, CELL [1,4]
06:50:16:01 | I | Matching ok | SEQ : 20174822690, PART : 52124713AD, SCAN P52124713AD, CELL [1,5]
06:50:18:03 | I | Matching ok | SEQ : 20174822680, PART : N/A, SCAN N/A, CELL [1,6]
06:50:21:54 | I | Matching ok | SEQ : 20174822790, PART : 52124713AD, SCAN P52124713AD, CELL [2,1]
06:50:24:21 | I | Matching ok | SEQ : 20174822780, PART : 52124713AD, SCAN P52124713AD, CELL [2,2]
06:50:28:99 | I | Matching ok | SEQ : 20174822770, PART : 52124713AD, SCAN P52124713AD, CELL [2,3]
06:50:34:06 | I | Matching ok | SEQ : 20174822760, PART : 52124713AD, SCAN P52124713AD, CELL [2,4]
06:50:36:10 | I | Matching ok | SEQ : 20174822750, PART : N/A, SCAN N/A, CELL [2,5]
06:50:38:24 | I | Matching ok | SEQ : 20174822740, PART : 04578885AC, SCAN P04578885AC, CELL [2,6]
07:01:29:80 | I | Matching ok | SEQ : 20174822850, PART : 04578885AC, SCAN P04578885AC, CELL [1,1]
07:01:33:98 | I | Matching ok | SEQ : 20174822840, PART : 04578885AC, SCAN P04578885AC, CELL [1,2]
07:01:37:05 | I | Matching ok | SEQ : 20174822830, PART : 52124713AD, SCAN P52124713AD, CELL [1,3]
07:01:39:65 | I | Matching ok | SEQ : 20174822820, PART : 52124713AD, SCAN P52124713AD, CELL [1,4]
07:01:42:35 | I | Matching ok | SEQ : 20174822810, PART : 04578885AC, SCAN P04578885AC, CELL [1,5]
07:01:45:08 | I | Matching ok | SEQ : 20174822800, PART : 52124713AD, SCAN P52124713AD, CELL [1,6]
07:01:48:28 | I | Matching ok | SEQ : 20174822910, PART : 52124713AD, SCAN P52124713AD, CELL [2,1]
07:01:50:75 | I | Matching ok | SEQ : 20174822900, PART : 52124713AD, SCAN P52124713AD, CELL [2,2]
07:01:53:20 | I | Matching ok | SEQ : 20174822890, PART : 04578885AC, SCAN P04578885AC, CELL [2,3]
07:01:56:30 | I | Matching ok | SEQ : 20174822880, PART : 52124713AD, SCAN P52124713AD, CELL [2,4]
07:01:58:93 | I | Matching ok | SEQ : 20174822870, PART : 52124713AD, SCAN P52124713AD, CELL [2,5]
07:02:01:55 | I | Matching ok | SEQ : 20174822860, PART : 04578885AC, SCAN P04578885AC, CELL [2,6]
07:34:04:80 | I | Matching ok | SEQ : 20174822970, PART : 04578885AC, SCAN P04578885AC, CELL [1,1]
07:34:08:85 | I | Matching ok | SEQ : 20174822960, PART : 52124713AD, SCAN P52124713AD, CELL [1,2]
07:34:11:85 | I | Matching ok | SEQ : 20174822950, PART : 52124713AD, SCAN P52124713AD, CELL [1,3]
07:34:14:82 | I | Matching ok | SEQ : 20174822940, PART : 52124713AD, SCAN P52124713AD, CELL [1,4]
07:34:17:72 | I | Matching ok | SEQ : 20174822930, PART : 52124713AD, SCAN P52124713AD, CELL [1,5]
07:34:20:67 | I | Matching ok | SEQ : 20174822920, PART : 52124713AD, SCAN P52124713AD, CELL [1,6]
07:34:23:35 | I | Matching ok | SEQ : 20174823030, PART : 52124713AD, SCAN P52124713AD, CELL [2,1]
07:34:26:18 | I | Matching ok | SEQ : 20174823020, PART : 04578885AC, SCAN P04578885AC, CELL [2,2]
07:34:28:97 | I | Matching ok | SEQ : 20174823010, PART : 52124713AD, SCAN P52124713AD, CELL [2,3]
07:34:31:87 | I | Matching ok | SEQ : 20174823000, PART : 52124713AD, SCAN P52124713AD, CELL [2,4]
07:34:34:77 | I | Matching ok | SEQ : 20174822990, PART : 52124713AD, SCAN P52124713AD, CELL [2,5]
07:34:38:20 | I | Matching ok | SEQ : 20174822980, PART : 04578885AC, SCAN P04578885AC, CELL [2,6]
07:45:44:02 | I | Matching ok | SEQ : 20174823090, PART : 52124713AD, SCAN P52124713AD, CELL [1,1]
07:45:46:96 | I | Matching ok | SEQ : 20174823080, PART : 52124713AD, SCAN P52124713AD, CELL [1,2]
07:45:49:64 | I | Matching ok | SEQ : 20174823070, PART : 04578885AC, SCAN P04578885AC, CELL [1,3]
07:45:53:56 | I | Matching ok | SEQ : 20174823060, PART : 52124713AD, SCAN P52124713AD, CELL [1,4]
07:45:56:54 | I | Matching ok | SEQ : 20174823050, PART : 52124713AD, SCAN P52124713AD, CELL [1,5]
07:45:59:67 | I | Matching ok | SEQ : 20174823040, PART : 04578885AC, SCAN P04578885AC, CELL [1,6]
07:46:02:89 | I | Matching ok | SEQ : 20174823150, PART : 04578885AC, SCAN P04578885AC, CELL [2,1]
07:46:04:91 | I | Matching ok | SEQ : 20174823140, PART : N/A, SCAN N/A, CELL [2,2]
07:46:08:31 | I | Matching ok | SEQ : 20174823130, PART : 52124713AD, SCAN P52124713AD, CELL [2,3]
07:46:11:29 | I | Matching ok | SEQ : 20174823120, PART : 04578885AC, SCAN P04578885AC, CELL [2,4]
07:46:14:31 | I | Matching ok | SEQ : 20174823110, PART : 04578885AC, SCAN P04578885AC, CELL [2,5]
07:46:16:94 | I | Matching ok | SEQ : 20174823100, PART : 52124713AD, SCAN P52124713AD, CELL [2,6]
07:58:33:96 | I | Matching ok | SEQ : 20174823210, PART : 52124713AD, SCAN P52124713AD, CELL [1,1]
07:58:38:51 | I | Matching ok | SEQ : 20174823200, PART : 52124713AD, SCAN P52124713AD, CELL [1,2]
07:58:41:73 | I | Matching ok | SEQ : 20174823190, PART : 04578885AC, SCAN P04578885AC, CELL [1,3]
07:58:43:74 | I | Matching ok | SEQ : 20174823180, PART : N/A, SCAN N/A, CELL [1,4]
07:58:51:78 | I | Matching ok | SEQ : 20174823170, PART : 52124713AD, SCAN P52124713AD, CELL [1,5]
07:58:56:13 | I | Matching ok | SEQ : 20174823160, PART : 52124713AD, SCAN P52124713AD, CELL [1,6]
07:59:02:18 | I | Matching ok | SEQ : 20174823270, PART : 52124713AD, SCAN P52124713AD, CELL [2,1]
07:59:09:28 | I | Matching ok | SEQ : 20174823260, PART : 52124713AD, SCAN P52124713AD, CELL [2,2]
07:59:11:29 | I | Matching ok | SEQ : 20174823250, PART : N/A, SCAN N/A, CELL [2,3]
07:59:13:31 | I | Matching ok | SEQ : 20174823240, PART : N/A, SCAN N/A, CELL [2,4]
07:59:15:32 | I | Matching ok | SEQ : 20174823230, PART : N/A, SCAN N/A, CELL [2,5]
07:59:19:06 | I | Matching ok | SEQ : 20174823220, PART : 52124713AD, SCAN P52124713AD, CELL [2,6]
08:13:10:51 | I | Program close
08:13:15:05 | I | Program start
08:13:18:11 | I | LogIn Scandata : [331713331713]
08:13:20:26 | I | Matching ok | SEQ : 20174823330, PART : N/A, SCAN N/A, CELL [1,1]
08:13:22:30 | I | Matching ok | SEQ : 20174823320, PART : N/A, SCAN N/A, CELL [1,2]
08:17:34:64 | I | Matching ok | SEQ : 20174823310, PART : 52124713AD, SCAN P52124713AD, CELL [1,3]
08:17:38:06 | I | Matching ok | SEQ : 20174823300, PART : 52124713AD, SCAN P52124713AD, CELL [1,4]
08:17:40:09 | I | Matching ok | SEQ : 20174823290, PART : N/A, SCAN N/A, CELL [1,5]
08:17:42:71 | I | Matching ok | SEQ : 20174823280, PART : 52124713AD, SCAN P52124713AD, CELL [1,6]
08:17:45:23 | I | Matching ok | SEQ : 20174823390, PART : 52124713AD, SCAN P52124713AD, CELL [2,1]
08:17:47:68 | I | Matching ok | SEQ : 20174823380, PART : 52124713AD, SCAN P52124713AD, CELL [2,2]
08:17:50:53 | I | Matching ok | SEQ : 20174823370, PART : 52124713AD, SCAN P52124713AD, CELL [2,3]
08:17:53:06 | I | Matching ok | SEQ : 20174823360, PART : 52124713AD, SCAN P52124713AD, CELL [2,4]
08:17:55:41 | I | Matching ok | SEQ : 20174823350, PART : 52124713AD, SCAN P52124713AD, CELL [2,5]
08:17:58:18 | I | Matching ok | SEQ : 20174823340, PART : 52124713AD, SCAN P52124713AD, CELL [2,6]
08:25:06:67 | I | Matching ok | SEQ : 20174823450, PART : 52124713AD, SCAN P52124713AD, CELL [1,1]
08:25:12:08 | I | Matching ok | SEQ : 20174823440, PART : N/A, SCAN N/A, CELL [1,2]
08:25:15:37 | I | Matching ok | SEQ : 20174823430, PART : 52124713AD, SCAN P52124713AD, CELL [1,3]
08:25:27:02 | I | Matching ok | SEQ : 20174823420, PART : 52124713AD, SCAN P52124713AD, CELL [1,4]
08:25:29:04 | I | Matching ok | SEQ : 20174823410, PART : N/A, SCAN N/A, CELL [1,5]
08:25:31:06 | I | Matching ok | SEQ : 20174823400, PART : N/A, SCAN N/A, CELL [1,6]
08:25:35:40 | I | Matching ok | SEQ : 20174823510, PART : 52124713AD, SCAN P52124713AD, CELL [2,1]
08:25:39:15 | I | Matching ok | SEQ : 20174823500, PART : 52124713AD, SCAN P52124713AD, CELL [2,2]
08:25:41:18 | I | Matching ok | SEQ : 20174823490, PART : N/A, SCAN N/A, CELL [2,3]
08:25:43:87 | I | Matching ok | SEQ : 20174823480, PART : 52124713AD, SCAN P52124713AD, CELL [2,4]
08:25:47:97 | I | Matching ok | SEQ : 20174823470, PART : 52124713AD, SCAN P52124713AD, CELL [2,5]
08:25:51:72 | I | Matching ok | SEQ : 20174823460, PART : 52124713AD, SCAN P52124713AD, CELL [2,6]
08:51:20:26 | I | Program close
08:51:26:47 | I | Program start
08:51:37:84 | I | LogIn Scandata : [331003331003]
08:51:40:04 | I | Matching ok | SEQ : 20174823570, PART : N/A, SCAN N/A, CELL [1,1]
08:51:52:38 | I | Matching ok | SEQ : 20174823560, PART : 52124713AD, SCAN P52124713AD, CELL [1,2]
08:51:55:71 | I | Matching ok | SEQ : 20174823550, PART : 04578885AC, SCAN P04578885AC, CELL [1,3]
08:52:02:81 | I | Matching ok | SEQ : 20174823540, PART : 52124713AD, SCAN P52124713AD, CELL [1,4]
08:52:06:56 | I | Matching ok | SEQ : 20174823530, PART : 04578885AC, SCAN P04578885AC, CELL [1,5]
08:52:09:78 | I | Matching ok | SEQ : 20174823520, PART : 52124713AD, SCAN P52124713AD, CELL [1,6]
08:52:13:96 | I | Matching ok | SEQ : 20174823630, PART : 04578885AC, SCAN P04578885AC, CELL [2,1]
08:52:18:61 | I | Matching ok | SEQ : 20174823620, PART : 52124713AD, SCAN P52124713AD, CELL [2,2]
08:52:23:98 | I | Matching ok | SEQ : 20174823610, PART : 52124713AD, SCAN P52124713AD, CELL [2,3]
08:52:27:86 | I | Matching ok | SEQ : 20174823600, PART : 04578885AC, SCAN P04578885AC, CELL [2,4]
08:52:31:74 | I | Matching ok | SEQ : 20174823590, PART : 04578885AC, SCAN P04578885AC, CELL [2,5]
08:52:37:06 | I | Matching ok | SEQ : 20174823580, PART : 52124713AD, SCAN P52124713AD, CELL [2,6]
09:09:47:43 | I | Matching ok | SEQ : 20174823690, PART : 52124713AD, SCAN P52124713AD, CELL [1,1]
09:09:49:45 | I | Matching ok | SEQ : 20174823680, PART : N/A, SCAN N/A, CELL [1,2]
09:09:51:48 | I | Matching ok | SEQ : 20174823670, PART : N/A, SCAN N/A, CELL [1,3]
09:09:54:73 | I | Matching ok | SEQ : 20174823660, PART : 52124713AD, SCAN P52124713AD, CELL [1,4]
09:09:56:75 | I | Matching ok | SEQ : 20174823650, PART : N/A, SCAN N/A, CELL [1,5]
09:09:59:63 | I | Matching ok | SEQ : 20174823640, PART : 04578885AC, SCAN P04578885AC, CELL [1,6]
09:10:03:76 | I | Matching ok | SEQ : 20174823750, PART : 52124713AD, SCAN P52124713AD, CELL [2,1]
09:10:06:98 | I | Matching ok | SEQ : 20174823740, PART : 52124713AD, SCAN P52124713AD, CELL [2,2]
09:10:09:86 | I | Matching ok | SEQ : 20174823730, PART : 52124713AD, SCAN P52124713AD, CELL [2,3]
09:10:12:84 | I | Matching ok | SEQ : 20174823720, PART : 52124713AD, SCAN P52124713AD, CELL [2,4]
09:10:17:46 | I | Matching ok | SEQ : 20174823710, PART : 52124713AD, SCAN P52124713AD, CELL [2,5]
09:10:22:11 | I | Matching ok | SEQ : 20174823700, PART : 04578885AC, SCAN P04578885AC, CELL [2,6]
09:26:45:43 | I | Matching ok | SEQ : 20174823810, PART : 52124713AD, SCAN P52124713AD, CELL [1,1]
09:26:50:21 | I | Matching ok | SEQ : 20174823800, PART : 52124713AD, SCAN P52124713AD, CELL [1,2]
09:26:54:18 | I | Matching ok | SEQ : 20174823790, PART : 04578885AC, SCAN P04578885AC, CELL [1,3]
09:26:57:93 | I | Matching ok | SEQ : 20174823780, PART : 52124713AD, SCAN P52124713AD, CELL [1,4]
09:27:00:36 | I | Matching ok | SEQ : 20174823770, PART : 52124713AD, SCAN P52124713AD, CELL [1,5]
09:27:03:21 | I | Matching ok | SEQ : 20174823760, PART : 52124713AD, SCAN P52124713AD, CELL [1,6]
09:27:11:41 | I | Matching ok | SEQ : 20174823870, PART : 04578885AC, SCAN P04578885AC, CELL [2,1]
09:27:15:36 | I | Matching ok | SEQ : 20174823860, PART : 52124713AD, SCAN P52124713AD, CELL [2,2]
09:27:20:02 | I | Matching ok | SEQ : 20174823850, PART : 52124713AD, SCAN P52124713AD, CELL [2,3]
09:27:22:04 | I | Matching ok | SEQ : 20174823840, PART : N/A, SCAN N/A, CELL [2,4]
09:27:24:71 | I | Matching ok | SEQ : 20174823830, PART : 04578885AC, SCAN P04578885AC, CELL [2,5]
09:27:26:72 | I | Matching ok | SEQ : 20174823820, PART : N/A, SCAN N/A, CELL [2,6]
09:29:21:92 | I | Matching ok | SEQ : 20174823820, PART : N/A, SCAN N/A, CELL [0,0]
09:29:21:93 | E | There is no row at position 11.
09:29:21:93 | E | There is no row at position 11.
09:40:33:50 | I | Matching ok | SEQ : 20174823930, PART : 52124713AD, SCAN P52124713AD, CELL [1,1]
09:40:36:61 | I | Matching ok | SEQ : 20174823920, PART : 52124713AD, SCAN P52124713AD, CELL [1,2]
09:40:40:51 | I | Matching ok | SEQ : 20174823910, PART : 52124713AD, SCAN P52124713AD, CELL [1,3]
09:40:44:23 | I | Matching ok | SEQ : 20174823900, PART : 52124713AD, SCAN P52124713AD, CELL [1,4]
09:40:48:25 | I | Matching ok | SEQ : 20174823890, PART : 52124713AD, SCAN P52124713AD, CELL [1,5]
09:40:52:03 | I | Matching ok | SEQ : 20174823880, PART : 52124713AD, SCAN P52124713AD, CELL [1,6]
09:40:55:63 | I | Matching ok | SEQ : 20174823990, PART : 52124713AD, SCAN P52124713AD, CELL [2,1]
09:40:59:08 | I | Matching ok | SEQ : 20174823980, PART : 52124713AD, SCAN P52124713AD, CELL [2,2]
09:41:02:50 | I | Matching ok | SEQ : 20174823970, PART : 52124713AD, SCAN P52124713AD, CELL [2,3]
09:41:04:52 | I | Matching ok | SEQ : 20174823960, PART : N/A, SCAN N/A, CELL [2,4]
09:41:08:61 | I | Matching ok | SEQ : 20174823950, PART : 52124713AD, SCAN P52124713AD, CELL [2,5]
09:41:12:40 | I | Matching ok | SEQ : 20174823940, PART : 52124713AD, SCAN P52124713AD, CELL [2,6]
10:38:49:31 | I | Matching ok | SEQ : 20174824050, PART : 52124713AD, SCAN P52124713AD, CELL [1,1]
10:38:51:33 | I | Matching ok | SEQ : 20174824040, PART : N/A, SCAN N/A, CELL [1,2]
10:38:55:16 | I | Matching ok | SEQ : 20174824030, PART : 04578885AC, SCAN P04578885AC, CELL [1,3]
10:38:57:18 | I | Matching ok | SEQ : 20174824020, PART : N/A, SCAN N/A, CELL [1,4]
10:39:00:86 | I | Matching ok | SEQ : 20174824010, PART : 04578885AC, SCAN P04578885AC, CELL [1,5]
10:39:02:88 | I | Matching ok | SEQ : 20174824000, PART : N/A, SCAN N/A, CELL [1,6]
10:39:06:59 | I | Matching ok | SEQ : 20174824110, PART : 52124713AD, SCAN P52124713AD, CELL [2,1]
10:39:11:01 | I | Matching ok | SEQ : 20174824100, PART : 04578885AC, SCAN P04578885AC, CELL [2,2]
10:39:14:79 | I | Matching ok | SEQ : 20174824090, PART : 04578885AC, SCAN P04578885AC, CELL [2,3]
10:39:18:32 | I | Matching ok | SEQ : 20174824080, PART : 52124713AD, SCAN P52124713AD, CELL [2,4]
10:39:20:33 | I | Matching ok | SEQ : 20174824070, PART : N/A, SCAN N/A, CELL [2,5]
10:39:24:86 | I | Matching ok | SEQ : 20174824060, PART : 52124713AD, SCAN P52124713AD, CELL [2,6]
10:45:44:90 | I | Matching ok | SEQ : 20174824170, PART : 04578885AC, SCAN P04578885AC, CELL [1,1]
10:45:46:92 | I | Matching ok | SEQ : 20174824160, PART : N/A, SCAN N/A, CELL [1,2]
10:45:50:35 | I | Matching ok | SEQ : 20174824150, PART : 52124713AD, SCAN P52124713AD, CELL [1,3]
10:45:52:70 | I | Matching ok | SEQ : 20174824140, PART : 52124713AD, SCAN P52124713AD, CELL [1,4]
10:45:55:38 | I | Matching ok | SEQ : 20174824130, PART : 52124713AD, SCAN P52124713AD, CELL [1,5]
10:45:57:39 | I | Matching ok | SEQ : 20174824120, PART : N/A, SCAN N/A, CELL [1,6]
10:46:01:62 | I | Matching ok | SEQ : 20174824230, PART : 52124713AD, SCAN P52124713AD, CELL [2,1]
10:46:05:85 | I | Matching ok | SEQ : 20174824220, PART : 52124713AD, SCAN P52124713AD, CELL [2,2]
10:46:09:40 | I | Matching ok | SEQ : 20174824210, PART : 52124713AD, SCAN P52124713AD, CELL [2,3]
10:46:12:37 | I | Matching ok | SEQ : 20174824200, PART : 04578885AC, SCAN P04578885AC, CELL [2,4]
10:46:15:08 | I | Matching ok | SEQ : 20174824190, PART : 52124713AD, SCAN P52124713AD, CELL [2,5]
10:46:17:90 | I | Matching ok | SEQ : 20174824180, PART : 52124713AD, SCAN P52124713AD, CELL [2,6]
11:06:18:68 | I | Matching ok | SEQ : 20174824290, PART : 52124713AD, SCAN P52124713AD, CELL [1,1]
11:06:20:70 | I | Matching ok | SEQ : 20174824280, PART : N/A, SCAN N/A, CELL [1,2]
11:06:22:74 | I | Matching ok | SEQ : 20174824270, PART : N/A, SCAN N/A, CELL [1,3]
11:06:24:77 | I | Matching ok | SEQ : 20174824260, PART : N/A, SCAN N/A, CELL [1,4]
11:06:28:73 | I | Matching ok | SEQ : 20174824250, PART : 04578885AC, SCAN P04578885AC, CELL [1,5]
11:06:32:20 | I | Matching ok | SEQ : 20174824240, PART : 04578885AC, SCAN P04578885AC, CELL [1,6]
11:06:35:93 | I | Matching ok | SEQ : 20174824350, PART : 52124713AD, SCAN P52124713AD, CELL [2,1]
11:06:37:94 | I | Matching ok | SEQ : 20174824340, PART : N/A, SCAN N/A, CELL [2,2]
11:06:41:68 | I | Matching ok | SEQ : 20174824330, PART : 52124713AD, SCAN P52124713AD, CELL [2,3]
11:06:45:23 | I | Matching ok | SEQ : 20174824320, PART : 52124713AD, SCAN P52124713AD, CELL [2,4]
11:06:48:53 | I | Matching ok | SEQ : 20174824310, PART : 52124713AD, SCAN P52124713AD, CELL [2,5]
11:06:51:50 | I | Matching ok | SEQ : 20174824300, PART : 04578885AC, SCAN P04578885AC, CELL [2,6]
11:15:19:39 | I | Matching ok | SEQ : 20174824410, PART : 04578885AC, SCAN P04578885AC, CELL [1,1]
11:15:23:71 | I | Matching ok | SEQ : 20174824400, PART : 52124713AD, SCAN P52124713AD, CELL [1,2]
11:15:26:41 | I | Matching ok | SEQ : 20174824390, PART : 52124713AD, SCAN P52124713AD, CELL [1,3]
11:15:29:09 | I | Matching ok | SEQ : 20174824380, PART : 52124713AD, SCAN P52124713AD, CELL [1,4]
11:15:31:66 | I | Matching ok | SEQ : 20174824370, PART : 52124713AD, SCAN P52124713AD, CELL [1,5]
11:15:34:29 | I | Matching ok | SEQ : 20174824360, PART : 52124713AD, SCAN P52124713AD, CELL [1,6]
11:15:36:31 | I | Matching ok | SEQ : 20174824470, PART : N/A, SCAN N/A, CELL [2,1]
11:15:39:19 | I | Matching ok | SEQ : 20174824460, PART : 52124713AD, SCAN P52124713AD, CELL [2,2]
11:15:42:29 | I | Matching ok | SEQ : 20174824450, PART : 52124713AD, SCAN P52124713AD, CELL [2,3]
11:15:45:94 | I | Matching ok | SEQ : 20174824440, PART : 52124713AD, SCAN P52124713AD, CELL [2,4]
11:15:48:61 | I | Matching ok | SEQ : 20174824430, PART : 04578885AC, SCAN P04578885AC, CELL [2,5]
11:15:51:87 | I | Matching ok | SEQ : 20174824420, PART : 52124713AD, SCAN P52124713AD, CELL [2,6]
11:15:54:00 | I | Matching ok | SEQ : 20174824530, PART : N/A, SCAN N/A, CELL [1,1]
11:31:33:74 | I | Matching ok | SEQ : 20174824520, PART : 52124713AD, SCAN P52124713AD, CELL [1,2]
11:31:37:16 | I | Matching ok | SEQ : 20174824510, PART : 52124713AD, SCAN P52124713AD, CELL [1,3]
11:31:39:84 | I | Matching ok | SEQ : 20174824500, PART : 52124713AD, SCAN P52124713AD, CELL [1,4]
11:31:42:77 | I | Matching ok | SEQ : 20174824490, PART : 52124713AD, SCAN P52124713AD, CELL [1,5]
11:31:45:14 | I | Matching ok | SEQ : 20174824480, PART : 52124713AD, SCAN P52124713AD, CELL [1,6]
11:31:47:54 | I | Matching ok | SEQ : 20174824590, PART : 04578885AC, SCAN P04578885AC, CELL [2,1]
11:31:49:84 | I | Matching ok | SEQ : 20174824580, PART : 52124713AD, SCAN P52124713AD, CELL [2,2]
11:31:52:29 | I | Matching ok | SEQ : 20174824570, PART : 52124713AD, SCAN P52124713AD, CELL [2,3]
11:31:54:69 | I | Matching ok | SEQ : 20174824560, PART : 04578885AC, SCAN P04578885AC, CELL [2,4]
11:31:57:39 | I | Matching ok | SEQ : 20174824550, PART : 52124713AD, SCAN P52124713AD, CELL [2,5]
11:32:03:04 | I | Matching ok | SEQ : 20174824540, PART : 52124713AD, SCAN P52124713AD, CELL [2,6]
11:41:46:78 | I | Matching ok | SEQ : 20174824650, PART : 52124713AD, SCAN P52124713AD, CELL [1,1]
11:41:50:26 | I | Matching ok | SEQ : 20174824640, PART : 52124713AD, SCAN P52124713AD, CELL [1,2]
11:41:55:53 | I | Matching ok | SEQ : 20174824630, PART : 52124713AD, SCAN P52124713AD, CELL [1,3]
11:42:04:35 | I | Matching ok | SEQ : 20174824620, PART : 04578885AC, SCAN P04578885AC, CELL [1,4]
11:42:07:23 | I | Matching ok | SEQ : 20174824610, PART : 52124713AD, SCAN P52124713AD, CELL [1,5]
11:42:09:24 | I | Matching ok | SEQ : 20174824600, PART : N/A, SCAN N/A, CELL [1,6]
11:42:15:38 | I | Matching ok | SEQ : 20174824710, PART : 52124713AD, SCAN P52124713AD, CELL [2,1]
11:42:17:48 | I | Matching ok | SEQ : 20174824700, PART : 52124713AD, SCAN P52124713AD, CELL [2,2]
11:42:20:03 | I | Matching ok | SEQ : 20174824690, PART : 52124713AD, SCAN P52124713AD, CELL [2,3]
11:42:22:83 | I | Matching ok | SEQ : 20174824680, PART : 52124713AD, SCAN P52124713AD, CELL [2,4]
11:42:26:38 | I | Matching ok | SEQ : 20174824670, PART : 52124713AD, SCAN P52124713AD, CELL [2,5]
11:42:28:55 | I | Matching ok | SEQ : 20174824660, PART : 52124713AD, SCAN P52124713AD, CELL [2,6]
11:42:30:67 | I | Matching ok | SEQ : 20174824770, PART : N/A, SCAN N/A, CELL [1,1]
11:55:32:15 | I | Matching ok | SEQ : 20174824760, PART : 52124713AD, SCAN P52124713AD, CELL [1,2]
11:55:34:95 | I | Matching ok | SEQ : 20174824750, PART : 04578885AC, SCAN P04578885AC, CELL [1,3]
11:55:37:62 | I | Matching ok | SEQ : 20174824740, PART : 04578885AC, SCAN P04578885AC, CELL [1,4]
11:55:41:45 | I | Matching ok | SEQ : 20174824730, PART : 52124713AD, SCAN P52124713AD, CELL [1,5]
11:55:44:60 | I | Matching ok | SEQ : 20174824720, PART : 04578885AC, SCAN P04578885AC, CELL [1,6]
11:55:47:27 | I | Matching ok | SEQ : 20174824830, PART : 04578885AC, SCAN P04578885AC, CELL [2,1]
11:55:51:22 | I | Matching ok | SEQ : 20174824820, PART : 04578885AC, SCAN P04578885AC, CELL [2,2]
11:56:01:40 | I | Matching ok | SEQ : 20174824810, PART : 04578885AC, SCAN P04578885AC, CELL [2,3]
11:56:04:02 | I | Matching ok | SEQ : 20174824800, PART : 52124713AD, SCAN P52124713AD, CELL [2,4]
11:56:09:95 | I | Matching ok | SEQ : 20174824790, PART : 52124713AD, SCAN P52124713AD, CELL [2,5]
11:56:11:99 | I | Matching ok | SEQ : 20174824780, PART : N/A, SCAN N/A, CELL [2,6]
12:17:48:33 | I | Matching ok | SEQ : 20174824890, PART : 52124713AD, SCAN P52124713AD, CELL [1,1]
12:17:50:86 | I | Matching ok | SEQ : 20174824880, PART : 52124713AD, SCAN P52124713AD, CELL [1,2]
12:17:53:95 | I | Matching ok | SEQ : 20174824870, PART : 04578885AC, SCAN P04578885AC, CELL [1,3]
12:17:57:33 | I | Matching ok | SEQ : 20174824860, PART : 52124713AD, SCAN P52124713AD, CELL [1,4]
12:18:00:51 | I | Matching ok | SEQ : 20174824850, PART : 52124713AD, SCAN P52124713AD, CELL [1,5]
12:18:03:53 | I | Matching ok | SEQ : 20174824840, PART : 52124713AD, SCAN P52124713AD, CELL [1,6]
12:18:05:55 | I | Matching ok | SEQ : 20174824950, PART : N/A, SCAN N/A, CELL [2,1]
12:18:09:08 | I | Matching ok | SEQ : 20174824940, PART : 52124713AD, SCAN P52124713AD, CELL [2,2]
12:18:11:75 | I | Matching ok | SEQ : 20174824930, PART : 04578885AC, SCAN P04578885AC, CELL [2,3]
12:18:14:68 | I | Matching ok | SEQ : 20174824920, PART : 52124713AD, SCAN P52124713AD, CELL [2,4]
12:18:16:70 | I | Matching ok | SEQ : 20174824910, PART : N/A, SCAN N/A, CELL [2,5]
12:18:20:73 | I | Matching ok | SEQ : 20174824900, PART : 52124713AD, SCAN P52124713AD, CELL [2,6]
12:29:48:12 | I | Matching ok | SEQ : 20174825010, PART : 52124713AD, SCAN P52124713AD, CELL [1,1]
12:29:51:55 | I | Matching ok | SEQ : 20174825000, PART : 52124713AD, SCAN P52124713AD, CELL [1,2]
12:29:55:02 | I | Matching ok | SEQ : 20174824990, PART : 04578885AC, SCAN P04578885AC, CELL [1,3]
12:30:00:13 | I | Matching ok | SEQ : 20174824980, PART : 04578885AC, SCAN P04578885AC, CELL [1,4]
12:30:03:12 | I | Matching ok | SEQ : 20174824970, PART : 52124713AD, SCAN P52124713AD, CELL [1,5]
12:30:06:10 | I | Matching ok | SEQ : 20174824960, PART : 04578885AC, SCAN P04578885AC, CELL [1,6]
12:30:10:67 | W | Mismatching | SEQ : 20174825070, PART : 04578885AC, SCAN P52124713AD, CELL [2,1]
12:31:00:30 | I | Matching ok | SEQ : 20174825070, PART : 04578885AC, SCAN P04578885AC, CELL [2,1]
12:31:10:42 | I | Matching ok | SEQ : 20174825060, PART : 52124713AD, SCAN P52124713AD, CELL [2,2]
12:31:12:43 | I | Matching ok | SEQ : 20174825050, PART : N/A, SCAN N/A, CELL [2,3]
12:31:21:10 | I | Matching ok | SEQ : 20174825040, PART : 52124713AD, SCAN P52124713AD, CELL [2,4]
12:31:24:48 | I | Matching ok | SEQ : 20174825030, PART : 04578885AC, SCAN P04578885AC, CELL [2,5]
12:31:28:40 | I | Matching ok | SEQ : 20174825020, PART : 04578885AC, SCAN P04578885AC, CELL [2,6]
12:43:40:02 | I | Matching ok | SEQ : 20174825130, PART : 52124713AD, SCAN P52124713AD, CELL [1,1]
12:43:43:22 | I | Matching ok | SEQ : 20174825120, PART : 04578885AC, SCAN P04578885AC, CELL [1,2]
12:43:49:40 | I | Matching ok | SEQ : 20174825110, PART : 04578885AC, SCAN P04578885AC, CELL [1,3]
12:43:51:42 | I | Matching ok | SEQ : 20174825100, PART : N/A, SCAN N/A, CELL [1,4]
12:43:55:27 | I | Matching ok | SEQ : 20174825090, PART : 52124713AD, SCAN P52124713AD, CELL [1,5]
12:43:57:27 | I | Matching ok | SEQ : 20174825080, PART : N/A, SCAN N/A, CELL [1,6]
12:43:59:30 | I | Matching ok | SEQ : 20174825190, PART : N/A, SCAN N/A, CELL [2,1]
12:44:05:17 | W | Mismatching | SEQ : 20174825180, PART : 04578885AC, SCAN P52124713AD, CELL [2,2]
12:44:13:44 | I | Matching ok | SEQ : 20174825180, PART : 04578885AC, SCAN P04578885AC, CELL [2,2]
12:44:17:19 | I | Matching ok | SEQ : 20174825170, PART : 52124713AD, SCAN P52124713AD, CELL [2,3]
12:44:20:62 | I | Matching ok | SEQ : 20174825160, PART : 52124713AD, SCAN P52124713AD, CELL [2,4]
12:44:23:99 | I | Matching ok | SEQ : 20174825150, PART : 52124713AD, SCAN P52124713AD, CELL [2,5]
12:44:53:07 | I | Matching ok | SEQ : 20174825140, PART : 52124713AD, SCAN P52124713AD, CELL [2,6]
12:44:55:18 | I | Matching ok | SEQ : 20174825250, PART : N/A, SCAN N/A, CELL [1,1]
12:57:32:39 | I | Matching ok | SEQ : 20174825240, PART : 52124713AD, SCAN P52124713AD, CELL [1,2]
12:57:38:06 | I | Matching ok | SEQ : 20174825230, PART : 04578885AC, SCAN P04578885AC, CELL [1,3]
12:57:40:08 | I | Matching ok | SEQ : 20174825220, PART : N/A, SCAN N/A, CELL [1,4]
12:57:44:26 | I | Matching ok | SEQ : 20174825210, PART : 52124713AD, SCAN P52124713AD, CELL [1,5]
12:57:52:42 | I | Matching ok | SEQ : 20174825200, PART : 52124713AD, SCAN P52124713AD, CELL [1,6]
12:57:55:66 | I | Matching ok | SEQ : 20174825310, PART : 04578885AC, SCAN P04578885AC, CELL [2,1]
12:57:59:71 | I | Matching ok | SEQ : 20174825300, PART : 52124713AD, SCAN P52124713AD, CELL [2,2]
12:58:02:37 | I | Matching ok | SEQ : 20174825290, PART : 52124713AD, SCAN P52124713AD, CELL [2,3]
12:58:06:71 | I | Matching ok | SEQ : 20174825280, PART : 52124713AD, SCAN P52124713AD, CELL [2,4]
12:58:10:01 | I | Matching ok | SEQ : 20174825270, PART : 04578885AC, SCAN P04578885AC, CELL [2,5]
12:58:13:14 | I | Matching ok | SEQ : 20174825260, PART : 52124713AD, SCAN P52124713AD, CELL [2,6]
13:11:32:03 | I | Matching ok | SEQ : 20174825370, PART : 52124713AD, SCAN P52124713AD, CELL [1,1]
13:11:36:51 | I | Matching ok | SEQ : 20174825360, PART : 52124713AD, SCAN P52124713AD, CELL [1,2]
13:11:38:53 | I | Matching ok | SEQ : 20174825350, PART : N/A, SCAN N/A, CELL [1,3]
13:11:42:56 | I | Matching ok | SEQ : 20174825340, PART : 52124713AD, SCAN P52124713AD, CELL [1,4]
13:11:46:38 | I | Matching ok | SEQ : 20174825330, PART : 04578885AC, SCAN P04578885AC, CELL [1,5]
13:11:50:48 | I | Matching ok | SEQ : 20174825320, PART : 04578885AC, SCAN P04578885AC, CELL [1,6]
13:11:54:28 | I | Matching ok | SEQ : 20174825430, PART : 52124713AD, SCAN P52124713AD, CELL [2,1]
13:11:58:16 | I | Matching ok | SEQ : 20174825420, PART : 52124713AD, SCAN P52124713AD, CELL [2,2]
13:12:02:41 | I | Matching ok | SEQ : 20174825410, PART : 04578885AC, SCAN P04578885AC, CELL [2,3]
13:12:07:11 | I | Matching ok | SEQ : 20174825400, PART : 52124713AD, SCAN P52124713AD, CELL [2,4]
13:12:09:12 | I | Matching ok | SEQ : 20174825390, PART : N/A, SCAN N/A, CELL [2,5]
13:12:16:84 | I | Matching ok | SEQ : 20174825380, PART : 04578885AC, SCAN P04578885AC, CELL [2,6]
13:21:04:87 | I | Matching ok | SEQ : 20174825490, PART : 52124713AD, SCAN P52124713AD, CELL [1,1]
13:21:08:72 | I | Matching ok | SEQ : 20174825480, PART : 04578885AC, SCAN P04578885AC, CELL [1,2]
13:21:10:74 | I | Matching ok | SEQ : 20174825470, PART : N/A, SCAN N/A, CELL [1,3]
13:21:15:05 | I | Matching ok | SEQ : 20174825460, PART : 52124713AD, SCAN P52124713AD, CELL [1,4]
13:21:19:17 | I | Matching ok | SEQ : 20174825450, PART : 52124713AD, SCAN P52124713AD, CELL [1,5]
13:21:21:21 | I | Matching ok | SEQ : 20174825440, PART : N/A, SCAN N/A, CELL [1,6]
13:21:23:97 | I | Matching ok | SEQ : 20174825550, PART : 52124713AD, SCAN P52124713AD, CELL [2,1]
13:21:26:00 | I | Matching ok | SEQ : 20174825540, PART : N/A, SCAN N/A, CELL [2,2]
13:21:30:85 | I | Matching ok | SEQ : 20174825530, PART : 04578885AC, SCAN P04578885AC, CELL [2,3]
13:21:33:82 | I | Matching ok | SEQ : 20174825520, PART : 52124713AD, SCAN P52124713AD, CELL [2,4]
13:21:36:87 | I | Matching ok | SEQ : 20174825510, PART : 52124713AD, SCAN P52124713AD, CELL [2,5]
13:21:39:93 | I | Matching ok | SEQ : 20174825500, PART : 04578885AC, SCAN P04578885AC, CELL [2,6]
13:31:56:31 | I | Matching ok | SEQ : 20174825610, PART : 52124713AD, SCAN P52124713AD, CELL [1,1]
13:31:58:33 | I | Matching ok | SEQ : 20174825600, PART : N/A, SCAN N/A, CELL [1,2]
13:45:02:08 | I | Matching ok | SEQ : 20174825590, PART : 04578885AC, SCAN P04578885AC, CELL [1,3]
13:45:06:13 | I | Matching ok | SEQ : 20174825580, PART : 52124713AD, SCAN P52124713AD, CELL [1,4]
13:45:10:86 | I | Matching ok | SEQ : 20174825570, PART : 04578885AC, SCAN P04578885AC, CELL [1,5]
13:45:15:98 | I | Matching ok | SEQ : 20174825560, PART : 04578885AC, SCAN P04578885AC, CELL [1,6]
13:45:20:63 | I | Matching ok | SEQ : 20174825670, PART : 52124713AD, SCAN P52124713AD, CELL [2,1]
13:45:25:59 | I | Matching ok | SEQ : 20174825660, PART : 04578885AC, SCAN P04578885AC, CELL [2,2]
13:45:32:56 | I | Matching ok | SEQ : 20174825650, PART : 52124713AD, SCAN P52124713AD, CELL [2,3]
13:45:38:71 | I | Matching ok | SEQ : 20174825640, PART : 52124713AD, SCAN P52124713AD, CELL [2,4]
13:45:44:31 | I | Matching ok | SEQ : 20174825630, PART : 04578885AC, SCAN P04578885AC, CELL [2,5]
13:45:50:51 | I | Matching ok | SEQ : 20174825620, PART : 04578885AC, SCAN P04578885AC, CELL [2,6]
13:53:51:42 | I | Matching ok | SEQ : 20174825730, PART : 04578885AC, SCAN P04578885AC, CELL [1,1]
13:53:55:24 | I | Matching ok | SEQ : 20174825720, PART : 04578885AC, SCAN P04578885AC, CELL [1,2]
13:53:58:20 | I | Matching ok | SEQ : 20174825710, PART : 04578885AC, SCAN P04578885AC, CELL [1,3]
13:54:00:22 | I | Matching ok | SEQ : 20174825700, PART : N/A, SCAN N/A, CELL [1,4]
13:54:02:23 | I | Matching ok | SEQ : 20174825690, PART : N/A, SCAN N/A, CELL [1,5]
13:54:05:03 | I | Matching ok | SEQ : 20174825680, PART : 04578885AC, SCAN P04578885AC, CELL [1,6]
13:54:07:04 | I | Matching ok | SEQ : 20174825790, PART : N/A, SCAN N/A, CELL [2,1]
13:54:11:52 | I | Matching ok | SEQ : 20174825780, PART : 52124713AD, SCAN P52124713AD, CELL [2,2]
13:54:16:12 | I | Matching ok | SEQ : 20174825770, PART : 52124713AD, SCAN P52124713AD, CELL [2,3]
13:54:18:13 | I | Matching ok | SEQ : 20174825760, PART : N/A, SCAN N/A, CELL [2,4]
13:54:20:14 | I | Matching ok | SEQ : 20174825750, PART : N/A, SCAN N/A, CELL [2,5]
13:54:24:24 | I | Matching ok | SEQ : 20174825740, PART : 04578885AC, SCAN P04578885AC, CELL [2,6]
14:10:34:64 | I | Matching ok | SEQ : 20174825850, PART : 04578885AC, SCAN P04578885AC, CELL [1,1]
14:10:36:66 | I | Matching ok | SEQ : 20174825840, PART : N/A, SCAN N/A, CELL [1,2]
14:10:40:84 | I | Matching ok | SEQ : 20174825830, PART : 04578885AC, SCAN P04578885AC, CELL [1,3]
14:10:50:30 | I | Matching ok | SEQ : 20174825820, PART : 52124713AD, SCAN P52124713AD, CELL [1,4]
14:10:56:85 | I | Matching ok | SEQ : 20174825810, PART : 04578885AC, SCAN P04578885AC, CELL [1,5]
14:11:14:77 | I | Matching ok | SEQ : 20174825800, PART : 04578885AC, SCAN P04578885AC, CELL [1,6]
14:11:21:67 | I | Matching ok | SEQ : 20174825910, PART : 52124713AD, SCAN P52124713AD, CELL [2,1]
14:11:27:67 | I | Matching ok | SEQ : 20174825900, PART : 52124713AD, SCAN P52124713AD, CELL [2,2]
14:11:32:02 | I | Matching ok | SEQ : 20174825890, PART : 52124713AD, SCAN P52124713AD, CELL [2,3]
14:11:36:85 | I | Matching ok | SEQ : 20174825880, PART : 04578885AC, SCAN P04578885AC, CELL [2,4]
14:11:41:15 | I | Matching ok | SEQ : 20174825870, PART : 52124713AD, SCAN P52124713AD, CELL [2,5]
14:11:43:17 | I | Matching ok | SEQ : 20174825860, PART : N/A, SCAN N/A, CELL [2,6]
14:28:26:47 | I | Matching ok | SEQ : 20174825970, PART : 52124713AD, SCAN P52124713AD, CELL [1,1]
14:28:29:74 | I | Matching ok | SEQ : 20174825960, PART : 52124713AD, SCAN P52124713AD, CELL [1,2]
14:28:33:57 | I | Matching ok | SEQ : 20174825950, PART : 04578885AC, SCAN P04578885AC, CELL [1,3]
14:28:38:94 | I | Matching ok | SEQ : 20174825940, PART : 52124713AD, SCAN P52124713AD, CELL [1,4]
14:28:43:35 | I | Matching ok | SEQ : 20174825930, PART : 04578885AC, SCAN P04578885AC, CELL [1,5]
14:28:47:07 | I | Matching ok | SEQ : 20174825920, PART : 52124713AD, SCAN P52124713AD, CELL [1,6]
14:28:50:02 | I | Matching ok | SEQ : 20174826030, PART : 52124713AD, SCAN P52124713AD, CELL [2,1]
14:28:52:82 | I | Matching ok | SEQ : 20174826020, PART : 52124713AD, SCAN P52124713AD, CELL [2,2]
14:28:54:85 | I | Matching ok | SEQ : 20174826010, PART : N/A, SCAN N/A, CELL [2,3]
14:28:58:55 | I | Matching ok | SEQ : 20174826000, PART : 52124713AD, SCAN P52124713AD, CELL [2,4]
14:29:00:56 | I | Matching ok | SEQ : 20174825990, PART : N/A, SCAN N/A, CELL [2,5]
14:29:03:80 | I | Matching ok | SEQ : 20174825980, PART : 52124713AD, SCAN P52124713AD, CELL [2,6]
16:11:14:32 | W | Mismatching | SEQ : 20174826090, PART : N/A, SCAN P04578885AC, CELL [1,1]
16:11:35:61 | I | Program close
16:11:38:87 | I | Program start
16:12:09:10 | I | LogIn Scandata : [330218330218]
16:12:11:26 | I | Matching ok | SEQ : 20174826090, PART : N/A, SCAN N/A, CELL [1,1]
16:12:51:68 | W | Mismatching | SEQ : 20174826080, PART : 04578885AC, SCAN P04578884AC, CELL [1,2]
16:13:19:35 | I | Matching ok | SEQ : 20174826080, PART : 04578885AC, SCAN P04578885AC, CELL [1,2]
16:13:21:38 | I | Matching ok | SEQ : 20174826070, PART : N/A, SCAN N/A, CELL [1,3]
16:13:25:95 | I | Matching ok | SEQ : 20174826060, PART : 52124713AD, SCAN P52124713AD, CELL [1,4]
16:13:32:33 | I | Matching ok | SEQ : 20174826050, PART : 04578885AC, SCAN P04578885AC, CELL [1,5]
16:13:36:95 | I | Matching ok | SEQ : 20174826040, PART : 04578885AC, SCAN P04578885AC, CELL [1,6]
16:13:41:10 | I | Matching ok | SEQ : 20174826150, PART : 52124713AD, SCAN P52124713AD, CELL [2,1]
16:13:44:05 | I | Matching ok | SEQ : 20174826140, PART : 04578885AC, SCAN P04578885AC, CELL [2,2]
16:13:47:70 | I | Matching ok | SEQ : 20174826130, PART : 04578885AC, SCAN P04578885AC, CELL [2,3]
16:13:51:38 | I | Matching ok | SEQ : 20174826120, PART : 52124713AD, SCAN P52124713AD, CELL [2,4]
16:13:53:38 | I | Matching ok | SEQ : 20174826110, PART : N/A, SCAN N/A, CELL [2,5]
16:13:59:93 | I | Matching ok | SEQ : 20174826100, PART : 52124713AD, SCAN P52124713AD, CELL [2,6]
16:23:15:11 | I | Matching ok | SEQ : 20174826210, PART : 52124713AD, SCAN P52124713AD, CELL [1,1]
16:23:17:44 | I | Matching ok | SEQ : 20174826200, PART : 04578885AC, SCAN P04578885AC, CELL [1,2]
16:23:19:87 | I | Matching ok | SEQ : 20174826190, PART : 52124713AD, SCAN P52124713AD, CELL [1,3]
16:23:22:82 | I | Matching ok | SEQ : 20174826180, PART : 52124713AD, SCAN P52124713AD, CELL [1,4]
16:23:25:37 | I | Matching ok | SEQ : 20174826170, PART : 04578885AC, SCAN P04578885AC, CELL [1,5]
16:23:27:39 | I | Matching ok | SEQ : 20174826160, PART : N/A, SCAN N/A, CELL [1,6]
16:23:31:82 | I | Matching ok | SEQ : 20174826270, PART : 52124713AD, SCAN P52124713AD, CELL [2,1]
16:23:34:54 | I | Matching ok | SEQ : 20174826260, PART : 04578885AC, SCAN P04578885AC, CELL [2,2]
16:23:37:54 | I | Matching ok | SEQ : 20174826250, PART : 52124713AD, SCAN P52124713AD, CELL [2,3]
16:23:40:44 | I | Matching ok | SEQ : 20174826240, PART : 52124713AD, SCAN P52124713AD, CELL [2,4]
16:23:43:64 | I | Matching ok | SEQ : 20174826230, PART : 04578885AC, SCAN P04578885AC, CELL [2,5]
16:23:47:47 | I | Matching ok | SEQ : 20174826220, PART : 52124713AD, SCAN P52124713AD, CELL [2,6]
16:31:53:70 | I | Matching ok | SEQ : 20174826330, PART : 04578885AC, SCAN P04578885AC, CELL [1,1]
16:31:56:35 | I | Matching ok | SEQ : 20174826320, PART : 52124713AD, SCAN P52124713AD, CELL [1,2]
16:32:04:38 | I | Matching ok | SEQ : 20174826310, PART : 04578885AC, SCAN P04578885AC, CELL [1,3]
16:32:10:73 | I | Matching ok | SEQ : 20174826300, PART : 04578885AC, SCAN P04578885AC, CELL [1,4]
16:32:13:16 | I | Matching ok | SEQ : 20174826290, PART : 04578885AC, SCAN P04578885AC, CELL [1,5]
16:32:15:18 | I | Matching ok | SEQ : 20174826280, PART : N/A, SCAN N/A, CELL [1,6]
16:32:17:19 | I | Matching ok | SEQ : 20174826390, PART : N/A, SCAN N/A, CELL [2,1]
16:32:19:98 | I | Matching ok | SEQ : 20174826380, PART : 52124713AD, SCAN P52124713AD, CELL [2,2]
16:32:23:35 | I | Matching ok | SEQ : 20174826370, PART : 52124713AD, SCAN P52124713AD, CELL [2,3]
16:32:30:03 | I | Matching ok | SEQ : 20174826360, PART : 04578885AC, SCAN P04578885AC, CELL [2,4]
16:32:32:04 | I | Matching ok | SEQ : 20174826350, PART : N/A, SCAN N/A, CELL [2,5]
16:32:34:05 | I | Matching ok | SEQ : 20174826340, PART : N/A, SCAN N/A, CELL [2,6]
16:42:31:89 | I | Matching ok | SEQ : 20174826450, PART : 52124713AD, SCAN P52124713AD, CELL [1,1]
16:42:33:92 | I | Matching ok | SEQ : 20174826440, PART : N/A, SCAN N/A, CELL [1,2]
16:42:37:47 | I | Matching ok | SEQ : 20174826430, PART : 04578885AC, SCAN P04578885AC, CELL [1,3]
16:42:39:49 | I | Matching ok | SEQ : 20174826420, PART : N/A, SCAN N/A, CELL [1,4]
16:42:41:79 | I | Matching ok | SEQ : 20174826410, PART : 52124713AD, SCAN P52124713AD, CELL [1,5]
16:42:46:57 | I | Matching ok | SEQ : 20174826400, PART : 04578885AC, SCAN P04578885AC, CELL [1,6]
16:42:52:39 | I | Matching ok | SEQ : 20174826510, PART : 04578885AC, SCAN P04578885AC, CELL [2,1]
16:42:57:07 | I | Matching ok | SEQ : 20174826500, PART : 52124713AD, SCAN P52124713AD, CELL [2,2]
16:43:00:87 | I | Matching ok | SEQ : 20174826490, PART : 52124713AD, SCAN P52124713AD, CELL [2,3]
16:43:11:49 | I | Matching ok | SEQ : 20174826480, PART : 52124713AD, SCAN P52124713AD, CELL [2,4]
16:43:30:80 | I | Matching ok | SEQ : 20174826470, PART : 04578885AC, SCAN P04578885AC, CELL [2,5]
16:43:33:17 | I | Matching ok | SEQ : 20174826460, PART : 04578885AC, SCAN P04578885AC, CELL [2,6]
16:48:39:65 | I | Matching ok | SEQ : 20174826570, PART : 04578885AC, SCAN P04578885AC, CELL [1,1]
16:48:41:68 | I | Matching ok | SEQ : 20174826560, PART : N/A, SCAN N/A, CELL [1,2]
16:49:03:38 | I | Matching ok | SEQ : 20174826550, PART : 52124713AD, SCAN P52124713AD, CELL [1,3]
16:49:24:33 | I | Matching ok | SEQ : 20174826540, PART : 04578885AC, SCAN P04578885AC, CELL [1,4]
16:49:38:90 | I | Matching ok | SEQ : 20174826530, PART : 52124713AD, SCAN P52124713AD, CELL [1,5]
16:50:07:25 | I | Matching ok | SEQ : 20174826520, PART : 52124713AD, SCAN P52124713AD, CELL [1,6]
16:50:30:73 | I | Matching ok | SEQ : 20174826630, PART : 04578885AC, SCAN P04578885AC, CELL [2,1]
16:50:42:73 | I | Matching ok | SEQ : 20174826620, PART : 04578885AC, SCAN P04578885AC, CELL [2,2]
16:50:54:88 | I | Matching ok | SEQ : 20174826610, PART : 52124713AD, SCAN P52124713AD, CELL [2,3]
16:52:03:21 | I | Matching ok | SEQ : 20174826600, PART : 04578885AC, SCAN P04578885AC, CELL [2,4]
16:52:08:41 | I | Matching ok | SEQ : 20174826590, PART : 04578885AC, SCAN P04578885AC, CELL [2,5]
16:52:10:42 | I | Matching ok | SEQ : 20174826580, PART : N/A, SCAN N/A, CELL [2,6]
16:52:12:48 | I | Matching ok | SEQ : 20174826690, PART : N/A, SCAN N/A, CELL [1,1]
17:01:54:60 | I | Matching ok | SEQ : 20174826680, PART : 52124713AD, SCAN P52124713AD, CELL [1,2]
17:01:57:90 | I | Matching ok | SEQ : 20174826670, PART : 04578885AC, SCAN P04578885AC, CELL [1,3]
17:02:00:70 | I | Matching ok | SEQ : 20174826660, PART : 04578885AC, SCAN P04578885AC, CELL [1,4]
17:02:03:95 | I | Matching ok | SEQ : 20174826650, PART : 52124713AD, SCAN P52124713AD, CELL [1,5]
17:02:05:96 | I | Matching ok | SEQ : 20174826640, PART : N/A, SCAN N/A, CELL [1,6]
17:02:20:55 | I | Matching ok | SEQ : 20174826750, PART : 04578885AC, SCAN P04578885AC, CELL [2,1]
17:02:28:33 | I | Matching ok | SEQ : 20174826740, PART : 52124713AD, SCAN P52124713AD, CELL [2,2]
17:02:33:10 | I | Matching ok | SEQ : 20174826730, PART : 52124713AD, SCAN P52124713AD, CELL [2,3]
17:02:36:15 | I | Matching ok | SEQ : 20174826720, PART : 04578885AC, SCAN P04578885AC, CELL [2,4]
17:02:44:92 | I | Matching ok | SEQ : 20174826710, PART : 04578885AC, SCAN P04578885AC, CELL [2,5]
17:02:47:85 | I | Matching ok | SEQ : 20174826700, PART : 52124713AD, SCAN P52124713AD, CELL [2,6]
17:13:27:11 | I | Matching ok | SEQ : 20174826810, PART : 52124713AD, SCAN P52124713AD, CELL [1,1]
17:13:42:01 | I | Matching ok | SEQ : 20174826800, PART : 04578885AC, SCAN P04578885AC, CELL [1,2]
17:13:45:52 | I | Matching ok | SEQ : 20174826790, PART : 52124713AD, SCAN P52124713AD, CELL [1,3]
17:13:50:74 | I | Matching ok | SEQ : 20174826780, PART : 52124713AD, SCAN P52124713AD, CELL [1,4]
17:13:54:84 | I | Matching ok | SEQ : 20174826770, PART : 04578885AC, SCAN P04578885AC, CELL [1,5]
17:13:56:85 | I | Matching ok | SEQ : 20174826760, PART : N/A, SCAN N/A, CELL [1,6]
17:14:02:29 | I | Matching ok | SEQ : 20174826870, PART : 52124713AD, SCAN P52124713AD, CELL [2,1]
17:14:06:19 | I | Matching ok | SEQ : 20174826860, PART : 04578885AC, SCAN P04578885AC, CELL [2,2]
17:14:08:91 | I | Matching ok | SEQ : 20174826850, PART : 52124713AD, SCAN P52124713AD, CELL [2,3]
17:14:10:92 | I | Matching ok | SEQ : 20174826840, PART : N/A, SCAN N/A, CELL [2,4]
17:14:12:94 | I | Matching ok | SEQ : 20174826830, PART : N/A, SCAN N/A, CELL [2,5]
17:14:14:95 | I | Matching ok | SEQ : 20174826820, PART : N/A, SCAN N/A, CELL [2,6]
17:26:18:88 | I | Matching ok | SEQ : 20174826930, PART : 04578885AC, SCAN P04578885AC, CELL [1,1]
17:26:22:01 | I | Matching ok | SEQ : 20174826920, PART : 04578885AC, SCAN P04578885AC, CELL [1,2]
17:26:24:02 | I | Matching ok | SEQ : 20174826910, PART : N/A, SCAN N/A, CELL [1,3]
17:26:26:91 | I | Matching ok | SEQ : 20174826900, PART : 52124713AD, SCAN P52124713AD, CELL [1,4]
17:26:29:63 | I | Matching ok | SEQ : 20174826890, PART : 04578885AC, SCAN P04578885AC, CELL [1,5]
17:26:33:43 | I | Matching ok | SEQ : 20174826880, PART : 52124713AD, SCAN P52124713AD, CELL [1,6]
17:26:35:46 | I | Matching ok | SEQ : 20174826990, PART : N/A, SCAN N/A, CELL [2,1]
17:26:40:58 | I | Matching ok | SEQ : 20174826980, PART : 52124713AD, SCAN P52124713AD, CELL [2,2]
17:26:42:76 | I | Matching ok | SEQ : 20174826970, PART : 04578885AC, SCAN P04578885AC, CELL [2,3]
17:26:44:77 | I | Matching ok | SEQ : 20174826960, PART : N/A, SCAN N/A, CELL [2,4]
17:26:49:84 | I | Matching ok | SEQ : 20174826950, PART : 52124713AD, SCAN P52124713AD, CELL [2,5]
17:26:52:24 | I | Matching ok | SEQ : 20174826940, PART : 52124713AD, SCAN P52124713AD, CELL [2,6]
17:36:38:17 | I | Matching ok | SEQ : 20174827050, PART : 04578885AC, SCAN P04578885AC, CELL [1,1]
17:36:47:70 | I | Matching ok | SEQ : 20174827040, PART : 52124713AD, SCAN P52124713AD, CELL [1,2]
17:36:50:80 | I | Matching ok | SEQ : 20174827030, PART : 52124713AD, SCAN P52124713AD, CELL [1,3]
17:36:55:37 | W | Mismatching | SEQ : 20174827020, PART : 04578885AC, SCAN P52124713AD, CELL [1,4]
17:37:33:20 | I | Matching ok | SEQ : 20174827020, PART : 04578885AC, SCAN P04578885AC, CELL [1,4]
17:37:36:40 | W | Mismatching | SEQ : 20174827010, PART : 52124713AD, SCAN P04578885AC, CELL [1,5]
17:38:02:77 | I | Matching ok | SEQ : 20174827010, PART : 52124713AD, SCAN P52124713AD, CELL [1,5]
17:38:05:98 | I | Matching ok | SEQ : 20174827000, PART : 52124713AD, SCAN P52124713AD, CELL [1,6]
17:38:09:30 | I | Matching ok | SEQ : 20174827110, PART : 04578885AC, SCAN P04578885AC, CELL [2,1]
17:38:15:25 | I | Matching ok | SEQ : 20174827100, PART : 52124713AD, SCAN P52124713AD, CELL [2,2]
17:38:23:22 | I | Matching ok | SEQ : 20174827090, PART : 52124713AD, SCAN P52124713AD, CELL [2,3]
17:38:26:50 | I | Matching ok | SEQ : 20174827080, PART : 04578885AC, SCAN P04578885AC, CELL [2,4]
17:38:29:70 | I | Matching ok | SEQ : 20174827070, PART : 52124713AD, SCAN P52124713AD, CELL [2,5]
17:38:32:77 | I | Matching ok | SEQ : 20174827060, PART : 52124713AD, SCAN P52124713AD, CELL [2,6]
17:52:57:62 | I | Matching ok | SEQ : 20174827170, PART : 04578885AC, SCAN P04578885AC, CELL [1,1]
17:52:59:77 | I | Matching ok | SEQ : 20174827160, PART : 04578885AC, SCAN P04578885AC, CELL [1,2]
17:53:03:82 | I | Matching ok | SEQ : 20174827150, PART : 52124713AD, SCAN P52124713AD, CELL [1,3]
17:53:05:84 | I | Matching ok | SEQ : 20174827140, PART : N/A, SCAN N/A, CELL [1,4]
17:53:09:95 | W | Mismatching | SEQ : 20174827130, PART : 04578885AC, SCAN P52124713AD, CELL [1,5]
17:53:31:45 | I | Matching ok | SEQ : 20174827130, PART : 04578885AC, SCAN P04578885AC, CELL [1,5]
17:53:34:95 | I | Matching ok | SEQ : 20174827120, PART : 52124713AD, SCAN P52124713AD, CELL [1,6]
17:53:38:52 | I | Matching ok | SEQ : 20174827230, PART : 04578885AC, SCAN P04578885AC, CELL [2,1]
17:53:42:15 | I | Matching ok | SEQ : 20174827220, PART : 52124713AD, SCAN P52124713AD, CELL [2,2]
17:53:45:72 | I | Matching ok | SEQ : 20174827210, PART : 52124713AD, SCAN P52124713AD, CELL [2,3]
17:53:49:25 | I | Matching ok | SEQ : 20174827200, PART : 52124713AD, SCAN P52124713AD, CELL [2,4]
17:53:52:55 | I | Matching ok | SEQ : 20174827190, PART : 04578885AC, SCAN P04578885AC, CELL [2,5]
17:53:56:25 | I | Matching ok | SEQ : 20174827180, PART : 52124713AD, SCAN P52124713AD, CELL [2,6]
18:01:04:73 | I | Matching ok | SEQ : 20174827290, PART : 52124713AD, SCAN P52124713AD, CELL [1,1]
18:01:08:73 | I | Matching ok | SEQ : 20174827280, PART : 52124713AD, SCAN P52124713AD, CELL [1,2]
18:01:10:75 | I | Matching ok | SEQ : 20174827270, PART : N/A, SCAN N/A, CELL [1,3]
18:01:12:83 | I | Matching ok | SEQ : 20174827260, PART : 04578885AC, SCAN P04578885AC, CELL [1,4]
18:01:16:86 | I | Matching ok | SEQ : 20174827250, PART : 52124713AD, SCAN P52124713AD, CELL [1,5]
18:01:21:51 | I | Matching ok | SEQ : 20174827240, PART : 04578885AC, SCAN P04578885AC, CELL [1,6]
18:01:25:89 | I | Matching ok | SEQ : 20174827350, PART : 04578885AC, SCAN P04578885AC, CELL [2,1]
18:01:27:91 | I | Matching ok | SEQ : 20174827340, PART : N/A, SCAN N/A, CELL [2,2]
18:01:31:04 | I | Matching ok | SEQ : 20174827330, PART : 52124713AD, SCAN P52124713AD, CELL [2,3]
18:01:36:51 | I | Matching ok | SEQ : 20174827320, PART : 52124713AD, SCAN P52124713AD, CELL [2,4]
18:01:38:52 | I | Matching ok | SEQ : 20174827310, PART : N/A, SCAN N/A, CELL [2,5]
18:01:40:53 | I | Matching ok | SEQ : 20174827300, PART : N/A, SCAN N/A, CELL [2,6]
18:01:42:64 | I | Matching ok | SEQ : 20174827410, PART : N/A, SCAN N/A, CELL [1,1]
18:29:34:10 | I | Matching ok | SEQ : 20174827400, PART : 04578885AC, SCAN P04578885AC, CELL [1,2]
18:29:36:98 | I | Matching ok | SEQ : 20174827390, PART : 52124713AD, SCAN P52124713AD, CELL [1,3]
18:29:39:50 | I | Matching ok | SEQ : 20174827380, PART : 04578885AC, SCAN P04578885AC, CELL [1,4]
18:29:42:92 | I | Matching ok | SEQ : 20174827370, PART : 52124713AD, SCAN P52124713AD, CELL [1,5]
18:29:44:94 | I | Matching ok | SEQ : 20174827360, PART : N/A, SCAN N/A, CELL [1,6]
18:29:46:95 | I | Matching ok | SEQ : 20174827470, PART : N/A, SCAN N/A, CELL [2,1]
18:29:51:90 | I | Matching ok | SEQ : 20174827460, PART : 52124713AD, SCAN P52124713AD, CELL [2,2]
18:29:54:72 | I | Matching ok | SEQ : 20174827450, PART : 52124713AD, SCAN P52124713AD, CELL [2,3]
18:29:56:76 | I | Matching ok | SEQ : 20174827440, PART : N/A, SCAN N/A, CELL [2,4]
18:29:59:00 | I | Matching ok | SEQ : 20174827430, PART : 52124713AD, SCAN P52124713AD, CELL [2,5]
18:30:01:04 | I | Matching ok | SEQ : 20174827420, PART : N/A, SCAN N/A, CELL [2,6]
18:40:45:21 | I | Matching ok | SEQ : 20174827530, PART : 04578885AC, SCAN P04578885AC, CELL [1,1]
18:40:49:29 | I | Matching ok | SEQ : 20174827520, PART : 52124713AD, SCAN P52124713AD, CELL [1,2]
18:40:53:81 | I | Matching ok | SEQ : 20174827510, PART : 52124713AD, SCAN P52124713AD, CELL [1,3]
18:40:55:84 | I | Matching ok | SEQ : 20174827500, PART : N/A, SCAN N/A, CELL [1,4]
18:41:01:21 | I | Matching ok | SEQ : 20174827490, PART : 52124713AD, SCAN P52124713AD, CELL [1,5]
18:41:04:59 | I | Matching ok | SEQ : 20174827480, PART : 52124713AD, SCAN P52124713AD, CELL [1,6]
18:41:08:11 | I | Matching ok | SEQ : 20174827590, PART : 52124713AD, SCAN P52124713AD, CELL [2,1]
18:41:11:49 | W | Mismatching | SEQ : 20174827580, PART : 52124713AD, SCAN P04578885AC, CELL [2,2]
18:41:29:39 | I | Matching ok | SEQ : 20174827580, PART : 52124713AD, SCAN P52124713AD, CELL [2,2]
18:41:31:45 | I | Matching ok | SEQ : 20174827570, PART : N/A, SCAN N/A, CELL [2,3]
18:41:40:89 | W | Mismatching | SEQ : 20174827560, PART : 04578885AC, SCAN P52124713AD, CELL [2,4]
18:41:54:56 | I | Matching ok | SEQ : 20174827560, PART : 04578885AC, SCAN P04578885AC, CELL [2,4]
18:41:58:29 | I | Matching ok | SEQ : 20174827550, PART : 52124713AD, SCAN P52124713AD, CELL [2,5]
18:42:00:31 | I | Matching ok | SEQ : 20174827540, PART : N/A, SCAN N/A, CELL [2,6]
18:52:04:30 | I | Matching ok | SEQ : 20174827650, PART : 52124713AD, SCAN P52124713AD, CELL [1,1]
18:52:07:55 | I | Matching ok | SEQ : 20174827640, PART : 52124713AD, SCAN P52124713AD, CELL [1,2]
18:52:09:57 | I | Matching ok | SEQ : 20174827630, PART : N/A, SCAN N/A, CELL [1,3]
18:52:12:08 | I | Matching ok | SEQ : 20174827620, PART : 04578885AC, SCAN P04578885AC, CELL [1,4]
18:52:14:68 | I | Matching ok | SEQ : 20174827610, PART : 52124713AD, SCAN P52124713AD, CELL [1,5]
18:52:16:73 | I | Matching ok | SEQ : 20174827600, PART : N/A, SCAN N/A, CELL [1,6]
18:52:21:09 | I | Matching ok | SEQ : 20174827710, PART : 04578885AC, SCAN P04578885AC, CELL [2,1]
18:52:23:45 | I | Matching ok | SEQ : 20174827700, PART : 52124713AD, SCAN P52124713AD, CELL [2,2]
18:52:26:91 | I | Matching ok | SEQ : 20174827690, PART : 52124713AD, SCAN P52124713AD, CELL [2,3]
18:52:29:81 | I | Matching ok | SEQ : 20174827680, PART : 52124713AD, SCAN P52124713AD, CELL [2,4]
18:52:32:59 | I | Matching ok | SEQ : 20174827670, PART : 04578885AC, SCAN P04578885AC, CELL [2,5]
18:52:35:56 | I | Matching ok | SEQ : 20174827660, PART : 04578885AC, SCAN P04578885AC, CELL [2,6]
19:03:42:27 | I | Matching ok | SEQ : 20174827770, PART : 52124713AD, SCAN P52124713AD, CELL [1,1]
19:03:47:22 | I | Matching ok | SEQ : 20174827760, PART : 52124713AD, SCAN P52124713AD, CELL [1,2]
19:03:49:25 | I | Matching ok | SEQ : 20174827750, PART : N/A, SCAN N/A, CELL [1,3]
19:03:52:70 | I | Matching ok | SEQ : 20174827740, PART : 04578885AC, SCAN P04578885AC, CELL [1,4]
19:03:57:00 | I | Matching ok | SEQ : 20174827730, PART : 04578885AC, SCAN P04578885AC, CELL [1,5]
19:03:59:02 | I | Matching ok | SEQ : 20174827720, PART : N/A, SCAN N/A, CELL [1,6]
19:04:02:35 | I | Matching ok | SEQ : 20174827830, PART : 52124713AD, SCAN P52124713AD, CELL [2,1]
19:04:04:92 | I | Matching ok | SEQ : 20174827820, PART : 52124713AD, SCAN P52124713AD, CELL [2,2]
19:04:06:96 | I | Matching ok | SEQ : 20174827810, PART : N/A, SCAN N/A, CELL [2,3]
19:04:10:02 | I | Matching ok | SEQ : 20174827800, PART : 52124713AD, SCAN P52124713AD, CELL [2,4]
19:04:12:03 | I | Matching ok | SEQ : 20174827790, PART : N/A, SCAN N/A, CELL [2,5]
19:04:14:06 | I | Matching ok | SEQ : 20174827780, PART : N/A, SCAN N/A, CELL [2,6]
19:04:16:16 | I | Matching ok | SEQ : 20174827890, PART : N/A, SCAN N/A, CELL [1,1]
19:14:21:94 | I | Matching ok | SEQ : 20174827880, PART : 52124713AD, SCAN P52124713AD, CELL [1,2]
19:14:27:19 | I | Matching ok | SEQ : 20174827870, PART : 52124713AD, SCAN P52124713AD, CELL [1,3]
19:14:32:89 | I | Matching ok | SEQ : 20174827860, PART : 52124713AD, SCAN P52124713AD, CELL [1,4]
19:14:39:81 | I | Matching ok | SEQ : 20174827850, PART : 52124713AD, SCAN P52124713AD, CELL [1,5]
19:14:44:54 | I | Matching ok | SEQ : 20174827840, PART : 52124713AD, SCAN P52124713AD, CELL [1,6]
19:14:48:46 | I | Matching ok | SEQ : 20174827950, PART : 04578885AC, SCAN P04578885AC, CELL [2,1]
19:14:52:81 | I | Matching ok | SEQ : 20174827940, PART : 52124713AD, SCAN P52124713AD, CELL [2,2]
19:14:57:46 | I | Matching ok | SEQ : 20174827930, PART : 52124713AD, SCAN P52124713AD, CELL [2,3]
19:15:01:34 | I | Matching ok | SEQ : 20174827920, PART : 04578885AC, SCAN P04578885AC, CELL [2,4]
19:15:03:36 | I | Matching ok | SEQ : 20174827910, PART : N/A, SCAN N/A, CELL [2,5]
19:15:07:59 | I | Matching ok | SEQ : 20174827900, PART : 52124713AD, SCAN P52124713AD, CELL [2,6]
19:26:44:03 | I | Matching ok | SEQ : 20174828010, PART : 52124713AD, SCAN P52124713AD, CELL [1,1]
19:26:46:05 | I | Matching ok | SEQ : 20174828000, PART : N/A, SCAN N/A, CELL [1,2]
19:26:48:07 | I | Matching ok | SEQ : 20174827990, PART : N/A, SCAN N/A, CELL [1,3]
19:26:53:13 | I | Matching ok | SEQ : 20174827980, PART : 52124713AD, SCAN P52124713AD, CELL [1,4]
19:26:58:73 | I | Matching ok | SEQ : 20174827970, PART : 52124713AD, SCAN P52124713AD, CELL [1,5]
19:27:06:26 | I | Matching ok | SEQ : 20174827960, PART : 52124713AD, SCAN P52124713AD, CELL [1,6]
19:27:16:83 | I | Matching ok | SEQ : 20174828070, PART : 52124713AD, SCAN P52124713AD, CELL [2,1]
19:27:18:85 | I | Matching ok | SEQ : 20174828060, PART : N/A, SCAN N/A, CELL [2,2]
19:27:21:36 | I | Matching ok | SEQ : 20174828050, PART : 52124713AD, SCAN P52124713AD, CELL [2,3]
19:27:25:08 | W | Mismatching | SEQ : 20174828040, PART : 52124713AD, SCAN P04578885AC, CELL [2,4]
19:27:55:61 | I | Matching ok | SEQ : 20174828040, PART : 52124713AD, SCAN P52124713AD, CELL [2,4]
19:27:59:38 | I | Matching ok | SEQ : 20174828030, PART : 04578885AC, SCAN P04578885AC, CELL [2,5]
19:28:04:78 | I | Matching ok | SEQ : 20174828020, PART : 04578885AC, SCAN P04578885AC, CELL [2,6]
19:35:39:05 | I | Matching ok | SEQ : 20174828130, PART : 52124713AD, SCAN P52124713AD, CELL [1,1]
19:35:41:42 | I | Matching ok | SEQ : 20174828120, PART : 52124713AD, SCAN P52124713AD, CELL [1,2]
19:35:51:67 | I | Matching ok | SEQ : 20174828110, PART : 52124713AD, SCAN P52124713AD, CELL [1,3]
19:35:58:35 | I | Matching ok | SEQ : 20174828100, PART : 04578885AC, SCAN P04578885AC, CELL [1,4]
19:36:02:79 | I | Matching ok | SEQ : 20174828090, PART : 52124713AD, SCAN P52124713AD, CELL [1,5]
19:36:04:80 | I | Matching ok | SEQ : 20174828080, PART : N/A, SCAN N/A, CELL [1,6]
19:36:09:12 | I | Matching ok | SEQ : 20174828190, PART : 04578885AC, SCAN P04578885AC, CELL [2,1]
19:36:15:52 | I | Matching ok | SEQ : 20174828180, PART : 52124713AD, SCAN P52124713AD, CELL [2,2]
19:36:18:99 | I | Matching ok | SEQ : 20174828170, PART : 52124713AD, SCAN P52124713AD, CELL [2,3]
19:36:21:01 | I | Matching ok | SEQ : 20174828160, PART : N/A, SCAN N/A, CELL [2,4]
19:36:24:69 | I | Matching ok | SEQ : 20174828150, PART : 52124713AD, SCAN P52124713AD, CELL [2,5]
19:36:29:47 | I | Matching ok | SEQ : 20174828140, PART : 52124713AD, SCAN P52124713AD, CELL [2,6]
19:44:11:31 | I | Matching ok | SEQ : 20174828250, PART : 52124713AD, SCAN P52124713AD, CELL [1,1]
19:44:14:88 | I | Matching ok | SEQ : 20174828240, PART : 52124713AD, SCAN P52124713AD, CELL [1,2]
19:44:18:90 | I | Matching ok | SEQ : 20174828230, PART : 52124713AD, SCAN P52124713AD, CELL [1,3]
19:44:24:78 | I | Matching ok | SEQ : 20174828220, PART : 52124713AD, SCAN P52124713AD, CELL [1,4]
19:44:30:06 | I | Matching ok | SEQ : 20174828210, PART : 52124713AD, SCAN P52124713AD, CELL [1,5]
19:44:34:36 | I | Matching ok | SEQ : 20174828200, PART : 52124713AD, SCAN P52124713AD, CELL [1,6]
19:44:38:43 | I | Matching ok | SEQ : 20174828310, PART : 04578885AC, SCAN P04578885AC, CELL [2,1]
19:44:42:26 | I | Matching ok | SEQ : 20174828300, PART : 52124713AD, SCAN P52124713AD, CELL [2,2]
19:44:46:56 | I | Matching ok | SEQ : 20174828290, PART : 52124713AD, SCAN P52124713AD, CELL [2,3]
19:44:48:58 | I | Matching ok | SEQ : 20174828280, PART : N/A, SCAN N/A, CELL [2,4]
19:44:54:51 | W | Mismatching | SEQ : 20174828270, PART : 04578885AC, SCAN P52124713AD, CELL [2,5]
19:45:12:48 | I | Matching ok | SEQ : 20174828270, PART : 04578885AC, SCAN P04578885AC, CELL [2,5]
19:45:16:21 | I | Matching ok | SEQ : 20174828260, PART : 52124713AD, SCAN P52124713AD, CELL [2,6]
19:45:18:31 | I | Matching ok | SEQ : 20174828370, PART : N/A, SCAN N/A, CELL [1,1]
19:45:20:32 | I | Matching ok | SEQ : 20174828360, PART : N/A, SCAN N/A, CELL [1,2]
19:59:12:10 | I | Matching ok | SEQ : 20174828350, PART : 52124713AD, SCAN P52124713AD, CELL [1,3]
19:59:17:43 | I | Matching ok | SEQ : 20174828340, PART : 04578885AC, SCAN P04578885AC, CELL [1,4]
19:59:23:45 | I | Matching ok | SEQ : 20174828330, PART : 52124713AD, SCAN P52124713AD, CELL [1,5]
19:59:27:45 | I | Matching ok | SEQ : 20174828320, PART : 52124713AD, SCAN P52124713AD, CELL [1,6]
20:01:15:43 | I | Matching ok | SEQ : 20174828430, PART : 04578885AC, SCAN P04578885AC, CELL [2,1]
20:01:19:66 | I | Matching ok | SEQ : 20174828420, PART : 52124713AD, SCAN P52124713AD, CELL [2,2]
20:01:24:56 | I | Matching ok | SEQ : 20174828410, PART : 52124713AD, SCAN P52124713AD, CELL [2,3]
20:01:28:50 | I | Matching ok | SEQ : 20174828400, PART : 04578885AC, SCAN P04578885AC, CELL [2,4]
20:01:30:51 | I | Matching ok | SEQ : 20174828390, PART : N/A, SCAN N/A, CELL [2,5]
20:01:33:03 | I | Matching ok | SEQ : 20174828380, PART : 52124713AD, SCAN P52124713AD, CELL [2,6]
20:11:43:05 | I | Matching ok | SEQ : 20174828490, PART : 04578885AC, SCAN P04578885AC, CELL [1,1]
20:11:45:74 | I | Matching ok | SEQ : 20174828480, PART : 52124713AD, SCAN P52124713AD, CELL [1,2]
20:11:47:76 | I | Matching ok | SEQ : 20174828470, PART : N/A, SCAN N/A, CELL [1,3]
20:11:51:74 | I | Matching ok | SEQ : 20174828460, PART : 04578885AC, SCAN P04578885AC, CELL [1,4]
20:11:54:85 | I | Matching ok | SEQ : 20174828450, PART : 52124713AD, SCAN P52124713AD, CELL [1,5]
20:11:56:88 | I | Matching ok | SEQ : 20174828440, PART : N/A, SCAN N/A, CELL [1,6]
20:12:00:14 | I | Matching ok | SEQ : 20174828550, PART : 52124713AD, SCAN P52124713AD, CELL [2,1]
20:12:02:47 | I | Matching ok | SEQ : 20174828540, PART : 52124713AD, SCAN P52124713AD, CELL [2,2]
20:12:05:82 | I | Matching ok | SEQ : 20174828530, PART : 52124713AD, SCAN P52124713AD, CELL [2,3]
20:12:08:30 | I | Matching ok | SEQ : 20174828520, PART : 04578885AC, SCAN P04578885AC, CELL [2,4]
20:12:10:57 | I | Matching ok | SEQ : 20174828510, PART : 52124713AD, SCAN P52124713AD, CELL [2,5]
20:12:13:92 | I | Matching ok | SEQ : 20174828500, PART : 52124713AD, SCAN P52124713AD, CELL [2,6]
20:25:31:80 | I | Matching ok | SEQ : 20174828610, PART : 52124713AD, SCAN P52124713AD, CELL [1,1]
20:25:34:24 | I | Matching ok | SEQ : 20174828600, PART : 52124713AD, SCAN P52124713AD, CELL [1,2]
20:25:38:82 | I | Matching ok | SEQ : 20174828590, PART : 04578885AC, SCAN P04578885AC, CELL [1,3]
20:25:42:72 | I | Matching ok | SEQ : 20174828580, PART : 04578885AC, SCAN P04578885AC, CELL [1,4]
20:25:44:73 | I | Matching ok | SEQ : 20174828570, PART : N/A, SCAN N/A, CELL [1,5]
20:25:46:76 | I | Matching ok | SEQ : 20174828560, PART : N/A, SCAN N/A, CELL [1,6]
20:25:48:78 | I | Matching ok | SEQ : 20174828670, PART : N/A, SCAN N/A, CELL [2,1]
20:25:50:91 | I | Matching ok | SEQ : 20174828660, PART : 04578885AC, SCAN P04578885AC, CELL [2,2]
20:25:52:94 | I | Matching ok | SEQ : 20174828650, PART : N/A, SCAN N/A, CELL [2,3]
20:25:57:46 | I | Matching ok | SEQ : 20174828640, PART : 52124713AD, SCAN P52124713AD, CELL [2,4]
20:26:01:14 | I | Matching ok | SEQ : 20174828630, PART : 04578885AC, SCAN P04578885AC, CELL [2,5]
20:26:03:89 | I | Matching ok | SEQ : 20174828620, PART : 52124713AD, SCAN P52124713AD, CELL [2,6]
20:34:27:02 | I | Matching ok | SEQ : 20174828730, PART : 52124713AD, SCAN P52124713AD, CELL [1,1]
20:34:30:25 | I | Matching ok | SEQ : 20174828720, PART : 52124713AD, SCAN P52124713AD, CELL [1,2]
20:34:32:27 | I | Matching ok | SEQ : 20174828710, PART : N/A, SCAN N/A, CELL [1,3]
20:34:34:98 | I | Matching ok | SEQ : 20174828700, PART : 04578885AC, SCAN P04578885AC, CELL [1,4]
20:34:39:60 | I | Matching ok | SEQ : 20174828690, PART : 52124713AD, SCAN P52124713AD, CELL [1,5]
20:34:42:03 | I | Matching ok | SEQ : 20174828680, PART : 52124713AD, SCAN P52124713AD, CELL [1,6]
20:34:44:38 | I | Matching ok | SEQ : 20174828790, PART : 52124713AD, SCAN P52124713AD, CELL [2,1]
20:34:46:73 | I | Matching ok | SEQ : 20174828780, PART : 52124713AD, SCAN P52124713AD, CELL [2,2]
20:34:48:74 | I | Matching ok | SEQ : 20174828770, PART : N/A, SCAN N/A, CELL [2,3]
20:34:52:15 | I | Matching ok | SEQ : 20174828760, PART : 52124713AD, SCAN P52124713AD, CELL [2,4]
20:34:56:10 | I | Matching ok | SEQ : 20174828750, PART : 52124713AD, SCAN P52124713AD, CELL [2,5]
20:34:58:12 | I | Matching ok | SEQ : 20174828740, PART : N/A, SCAN N/A, CELL [2,6]
20:49:59:31 | I | Matching ok | SEQ : 20174828850, PART : 04578885AC, SCAN P04578885AC, CELL [1,1]
20:50:03:08 | I | Matching ok | SEQ : 20174828840, PART : 04578885AC, SCAN P04578885AC, CELL [1,2]
20:50:07:20 | I | Matching ok | SEQ : 20174828830, PART : 52124713AD, SCAN P52124713AD, CELL [1,3]
20:50:09:77 | I | Matching ok | SEQ : 20174828820, PART : 52124713AD, SCAN P52124713AD, CELL [1,4]
20:50:15:53 | I | Matching ok | SEQ : 20174828810, PART : 52124713AD, SCAN P52124713AD, CELL [1,5]
20:50:19:65 | I | Matching ok | SEQ : 20174828800, PART : 04578885AC, SCAN P04578885AC, CELL [1,6]
20:50:23:35 | I | Matching ok | SEQ : 20174828910, PART : 52124713AD, SCAN P52124713AD, CELL [2,1]
20:50:25:43 | I | Matching ok | SEQ : 20174828900, PART : 52124713AD, SCAN P52124713AD, CELL [2,2]
20:50:27:63 | I | Matching ok | SEQ : 20174828890, PART : 52124713AD, SCAN P52124713AD, CELL [2,3]
20:50:29:78 | I | Matching ok | SEQ : 20174828880, PART : 52124713AD, SCAN P52124713AD, CELL [2,4]
20:50:31:83 | I | Matching ok | SEQ : 20174828870, PART : 52124713AD, SCAN P52124713AD, CELL [2,5]
20:50:33:91 | I | Matching ok | SEQ : 20174828860, PART : 52124713AD, SCAN P52124713AD, CELL [2,6]
20:59:59:06 | I | Matching ok | SEQ : 20174828970, PART : 52124713AD, SCAN P52124713AD, CELL [1,1]
21:00:01:47 | I | Matching ok | SEQ : 20174828960, PART : 04578885AC, SCAN P04578885AC, CELL [1,2]
21:00:03:51 | I | Matching ok | SEQ : 20174828950, PART : 52124713AD, SCAN P52124713AD, CELL [1,3]
21:00:06:16 | I | Matching ok | SEQ : 20174828940, PART : 52124713AD, SCAN P52124713AD, CELL [1,4]
21:00:08:62 | I | Matching ok | SEQ : 20174828930, PART : 04578885AC, SCAN P04578885AC, CELL [1,5]
21:00:11:32 | I | Matching ok | SEQ : 20174828920, PART : 52124713AD, SCAN P52124713AD, CELL [1,6]
21:00:13:60 | I | Matching ok | SEQ : 20174829030, PART : 52124713AD, SCAN P52124713AD, CELL [2,1]
21:00:17:94 | I | Matching ok | SEQ : 20174829020, PART : 52124713AD, SCAN P52124713AD, CELL [2,2]
21:00:20:27 | I | Matching ok | SEQ : 20174829010, PART : 52124713AD, SCAN P52124713AD, CELL [2,3]
21:00:22:84 | I | Matching ok | SEQ : 20174829000, PART : 04578885AC, SCAN P04578885AC, CELL [2,4]
21:00:25:64 | I | Matching ok | SEQ : 20174828990, PART : 52124713AD, SCAN P52124713AD, CELL [2,5]
21:00:28:29 | I | Matching ok | SEQ : 20174828980, PART : 04578885AC, SCAN P04578885AC, CELL [2,6]
21:46:39:51 | W | Mismatching | SEQ : 20174829090, PART : N/A, SCAN P04578885AC, CELL [1,1]
21:48:50:18 | I | LogIn Scandata : [330218330218]
21:49:03:44 | I | Program close
21:49:15:46 | I | Program start
21:49:18:11 | I | LogIn Scandata : [330218330218]
21:49:20:27 | I | Matching ok | SEQ : 20174829090, PART : N/A, SCAN N/A, CELL [1,1]
21:49:35:41 | I | Matching ok | SEQ : 20174829080, PART : 04578885AC, SCAN P04578885AC, CELL [1,2]
21:49:41:54 | I | Matching ok | SEQ : 20174829070, PART : 52124713AD, SCAN P52124713AD, CELL [1,3]
21:49:44:39 | I | Matching ok | SEQ : 20174829060, PART : 52124713AD, SCAN P52124713AD, CELL [1,4]
21:49:47:86 | I | Matching ok | SEQ : 20174829050, PART : 04578885AC, SCAN P04578885AC, CELL [1,5]
21:49:49:81 | I | Matching ok | SEQ : 20174829040, PART : 52124713AD, SCAN P52124713AD, CELL [1,6]
21:49:51:71 | I | Matching ok | SEQ : 20174829150, PART : 04578885AC, SCAN P04578885AC, CELL [2,1]
21:49:53:54 | I | Matching ok | SEQ : 20174829140, PART : 52124713AD, SCAN P52124713AD, CELL [2,2]
21:49:57:57 | I | Matching ok | SEQ : 20174829130, PART : 52124713AD, SCAN P52124713AD, CELL [2,3]
21:49:59:76 | I | Matching ok | SEQ : 20174829120, PART : 04578885AC, SCAN P04578885AC, CELL [2,4]
21:50:01:21 | I | Matching ok | SEQ : 20174829110, PART : 52124713AD, SCAN P52124713AD, CELL [2,5]
21:50:02:64 | I | Matching ok | SEQ : 20174829100, PART : 52124713AD, SCAN P52124713AD, CELL [2,6]
21:56:22:70 | I | Matching ok | SEQ : 20174829210, PART : 52124713AD, SCAN P52124713AD, CELL [1,1]
21:56:27:72 | I | Matching ok | SEQ : 20174829200, PART : 04578885AC, SCAN P04578885AC, CELL [1,2]
21:56:31:27 | I | Matching ok | SEQ : 20174829190, PART : 04578885AC, SCAN P04578885AC, CELL [1,3]
21:56:35:60 | I | Matching ok | SEQ : 20174829180, PART : 52124713AD, SCAN P52124713AD, CELL [1,4]
21:56:42:00 | I | Matching ok | SEQ : 20174829170, PART : 52124713AD, SCAN P52124713AD, CELL [1,5]
21:56:46:85 | I | Matching ok | SEQ : 20174829160, PART : 04578885AC, SCAN P04578885AC, CELL [1,6]
21:56:48:87 | I | Matching ok | SEQ : 20174829270, PART : N/A, SCAN N/A, CELL [2,1]
21:56:50:88 | I | Matching ok | SEQ : 20174829260, PART : N/A, SCAN N/A, CELL [2,2]
21:56:59:80 | W | Mismatching | SEQ : 20174829250, PART : 52124713AD, SCAN P04578885AC, CELL [2,3]
21:57:13:92 | I | Matching ok | SEQ : 20174829250, PART : 52124713AD, SCAN P52124713AD, CELL [2,3]
21:57:15:95 | I | Matching ok | SEQ : 20174829240, PART : N/A, SCAN N/A, CELL [2,4]
21:57:17:97 | I | Matching ok | SEQ : 20174829230, PART : N/A, SCAN N/A, CELL [2,5]
21:57:26:65 | I | Matching ok | SEQ : 20174829220, PART : 04578885AC, SCAN P04578885AC, CELL [2,6]
22:02:08:48 | I | Matching ok | SEQ : 20174829330, PART : 52124713AD, SCAN P52124713AD, CELL [1,1]
22:02:12:40 | I | Matching ok | SEQ : 20174829320, PART : 52124713AD, SCAN P52124713AD, CELL [1,2]
22:02:14:42 | I | Matching ok | SEQ : 20174829310, PART : N/A, SCAN N/A, CELL [1,3]
22:02:20:15 | I | Matching ok | SEQ : 20174829300, PART : 04578885AC, SCAN P04578885AC, CELL [1,4]
22:02:23:73 | I | Matching ok | SEQ : 20174829290, PART : 52124713AD, SCAN P52124713AD, CELL [1,5]
22:02:28:78 | I | Matching ok | SEQ : 20174829280, PART : 52124713AD, SCAN P52124713AD, CELL [1,6]
22:02:30:81 | I | Matching ok | SEQ : 20174829390, PART : N/A, SCAN N/A, CELL [2,1]
22:02:32:82 | I | Matching ok | SEQ : 20174829380, PART : N/A, SCAN N/A, CELL [2,2]
22:02:35:85 | I | Matching ok | SEQ : 20174829370, PART : 04578885AC, SCAN P04578885AC, CELL [2,3]
22:02:41:60 | I | Matching ok | SEQ : 20174829360, PART : 04578885AC, SCAN P04578885AC, CELL [2,4]
22:02:46:15 | I | Matching ok | SEQ : 20174829350, PART : 52124713AD, SCAN P52124713AD, CELL [2,5]
22:02:50:68 | I | Matching ok | SEQ : 20174829340, PART : 04578885AC, SCAN P04578885AC, CELL [2,6]
22:10:54:92 | I | Matching ok | SEQ : 20174829450, PART : 04578885AC, SCAN P04578885AC, CELL [1,1]
22:10:59:14 | I | Matching ok | SEQ : 20174829440, PART : 04578885AC, SCAN P04578885AC, CELL [1,2]
22:11:03:57 | I | Matching ok | SEQ : 20174829430, PART : 52124713AD, SCAN P52124713AD, CELL [1,3]
22:11:18:32 | I | Matching ok | SEQ : 20174829420, PART : 04578885AC, SCAN P04578885AC, CELL [1,4]
22:11:22:97 | I | Matching ok | SEQ : 20174829410, PART : 52124713AD, SCAN P52124713AD, CELL [1,5]
22:11:24:99 | I | Matching ok | SEQ : 20174829400, PART : N/A, SCAN N/A, CELL [1,6]
22:11:30:89 | I | Matching ok | SEQ : 20174829510, PART : 52124713AD, SCAN P52124713AD, CELL [2,1]
22:11:32:90 | I | Matching ok | SEQ : 20174829500, PART : N/A, SCAN N/A, CELL [2,2]
22:11:35:69 | I | Matching ok | SEQ : 20174829490, PART : 04578885AC, SCAN P04578885AC, CELL [2,3]
22:11:37:72 | I | Matching ok | SEQ : 20174829480, PART : N/A, SCAN N/A, CELL [2,4]
22:11:40:12 | I | Matching ok | SEQ : 20174829470, PART : 52124713AD, SCAN P52124713AD, CELL [2,5]
22:11:43:35 | I | Matching ok | SEQ : 20174829460, PART : 52124713AD, SCAN P52124713AD, CELL [2,6]
22:19:09:35 | I | Matching ok | SEQ : 20174829570, PART : 52124713AD, SCAN P52124713AD, CELL [1,1]
22:19:13:36 | I | Matching ok | SEQ : 20174829560, PART : 04578885AC, SCAN P04578885AC, CELL [1,2]
22:19:16:38 | I | Matching ok | SEQ : 20174829550, PART : 52124713AD, SCAN P52124713AD, CELL [1,3]
22:19:18:41 | I | Matching ok | SEQ : 20174829540, PART : N/A, SCAN N/A, CELL [1,4]
22:19:23:25 | I | Matching ok | SEQ : 20174829530, PART : 52124713AD, SCAN P52124713AD, CELL [1,5]
22:19:25:27 | I | Matching ok | SEQ : 20174829520, PART : N/A, SCAN N/A, CELL [1,6]
22:19:30:66 | W | Mismatching | SEQ : 20174829630, PART : 52124713AD, SCAN P04578885AC, CELL [2,1]
22:19:46:06 | I | Matching ok | SEQ : 20174829630, PART : 52124713AD, SCAN P52124713AD, CELL [2,1]
22:19:49:36 | I | Matching ok | SEQ : 20174829620, PART : 52124713AD, SCAN P52124713AD, CELL [2,2]
22:19:52:78 | W | Mismatching | SEQ : 20174829610, PART : 04578885AC, SCAN P52124713AD, CELL [2,3]
22:20:07:28 | I | Matching ok | SEQ : 20174829610, PART : 04578885AC, SCAN P04578885AC, CELL [2,3]
22:20:11:68 | I | Matching ok | SEQ : 20174829600, PART : 52124713AD, SCAN P52124713AD, CELL [2,4]
22:20:16:68 | I | Matching ok | SEQ : 20174829590, PART : 52124713AD, SCAN P52124713AD, CELL [2,5]
22:20:20:25 | I | Matching ok | SEQ : 20174829580, PART : 52124713AD, SCAN P52124713AD, CELL [2,6]
22:31:37:30 | I | Matching ok | SEQ : 20174829690, PART : 52124713AD, SCAN P52124713AD, CELL [1,1]
22:31:41:65 | I | Matching ok | SEQ : 20174829680, PART : 52124713AD, SCAN P52124713AD, CELL [1,2]
22:31:43:65 | I | Matching ok | SEQ : 20174829670, PART : N/A, SCAN N/A, CELL [1,3]
22:31:45:70 | I | Matching ok | SEQ : 20174829660, PART : N/A, SCAN N/A, CELL [1,4]
22:31:48:92 | I | Matching ok | SEQ : 20174829650, PART : 52124713AD, SCAN P52124713AD, CELL [1,5]
22:31:52:42 | I | Matching ok | SEQ : 20174829640, PART : 04578885AC, SCAN P04578885AC, CELL [1,6]
22:31:55:77 | I | Matching ok | SEQ : 20174829750, PART : 52124713AD, SCAN P52124713AD, CELL [2,1]
22:31:57:79 | I | Matching ok | SEQ : 20174829740, PART : N/A, SCAN N/A, CELL [2,2]
22:32:01:02 | I | Matching ok | SEQ : 20174829730, PART : 04578885AC, SCAN P04578885AC, CELL [2,3]
22:32:03:05 | I | Matching ok | SEQ : 20174829720, PART : N/A, SCAN N/A, CELL [2,4]
22:32:06:27 | I | Matching ok | SEQ : 20174829710, PART : 04578885AC, SCAN P04578885AC, CELL [2,5]
22:32:22:15 | I | Matching ok | SEQ : 20174829700, PART : 04578885AC, SCAN P04578885AC, CELL [2,6]
22:41:46:14 | I | Matching ok | SEQ : 20174829810, PART : 52124713AD, SCAN P52124713AD, CELL [1,1]
22:41:49:48 | I | Matching ok | SEQ : 20174829800, PART : 04578885AC, SCAN P04578885AC, CELL [1,2]
22:41:53:34 | I | Matching ok | SEQ : 20174829790, PART : 52124713AD, SCAN P52124713AD, CELL [1,3]
22:41:58:94 | I | Matching ok | SEQ : 20174829780, PART : 52124713AD, SCAN P52124713AD, CELL [1,4]
22:42:02:46 | I | Matching ok | SEQ : 20174829770, PART : 04578885AC, SCAN P04578885AC, CELL [1,5]
22:42:05:68 | I | Matching ok | SEQ : 20174829760, PART : 52124713AD, SCAN P52124713AD, CELL [1,6]
22:42:07:71 | I | Matching ok | SEQ : 20174829870, PART : N/A, SCAN N/A, CELL [2,1]
22:42:11:19 | I | Matching ok | SEQ : 20174829860, PART : 52124713AD, SCAN P52124713AD, CELL [2,2]
22:42:12:84 | W | Mismatching | SEQ : 20174829850, PART : N/A, SCAN P52124713AD, CELL [2,3]
22:42:13:20 | I | Matching ok | SEQ : 20174829850, PART : N/A, SCAN N/A, CELL [2,3]
22:42:17:36 | I | Matching ok | SEQ : 20174829840, PART : 52124713AD, SCAN P52124713AD, CELL [2,4]
22:42:19:54 | I | Matching ok | SEQ : 20174829830, PART : 52124713AD, SCAN P52124713AD, CELL [2,5]
22:42:21:57 | I | Matching ok | SEQ : 20174829820, PART : N/A, SCAN N/A, CELL [2,6]
22:51:43:15 | I | Matching ok | SEQ : 20174829930, PART : 52124713AD, SCAN P52124713AD, CELL [1,1]
22:51:47:30 | I | Matching ok | SEQ : 20174829920, PART : 52124713AD, SCAN P52124713AD, CELL [1,2]
22:51:50:63 | I | Matching ok | SEQ : 20174829910, PART : 04578885AC, SCAN P04578885AC, CELL [1,3]
22:51:53:88 | I | Matching ok | SEQ : 20174829900, PART : 52124713AD, SCAN P52124713AD, CELL [1,4]
22:51:57:63 | I | Matching ok | SEQ : 20174829890, PART : 52124713AD, SCAN P52124713AD, CELL [1,5]
22:51:59:66 | I | Matching ok | SEQ : 20174829880, PART : N/A, SCAN N/A, CELL [1,6]
22:52:03:08 | I | Matching ok | SEQ : 20174829990, PART : 52124713AD, SCAN P52124713AD, CELL [2,1]
22:52:06:43 | I | Matching ok | SEQ : 20174829980, PART : 04578885AC, SCAN P04578885AC, CELL [2,2]
22:52:08:43 | I | Matching ok | SEQ : 20174829970, PART : N/A, SCAN N/A, CELL [2,3]
22:52:31:73 | I | Matching ok | SEQ : 20174829960, PART : 52124713AD, SCAN P52124713AD, CELL [2,4]
22:52:35:28 | I | Matching ok | SEQ : 20174829950, PART : 04578885AC, SCAN P04578885AC, CELL [2,5]
22:52:38:60 | I | Matching ok | SEQ : 20174829940, PART : 52124713AD, SCAN P52124713AD, CELL [2,6]
22:59:42:12 | I | Matching ok | SEQ : 20174830050, PART : 52124713AD, SCAN P52124713AD, CELL [1,1]
22:59:44:13 | I | Matching ok | SEQ : 20174830040, PART : N/A, SCAN N/A, CELL [1,2]
22:59:46:17 | I | Matching ok | SEQ : 20174830030, PART : N/A, SCAN N/A, CELL [1,3]
22:59:52:04 | I | Matching ok | SEQ : 20174830020, PART : 52124713AD, SCAN P52124713AD, CELL [1,4]
22:59:55:84 | I | Matching ok | SEQ : 20174830010, PART : 04578885AC, SCAN P04578885AC, CELL [1,5]
22:59:59:49 | I | Matching ok | SEQ : 20174830000, PART : 52124713AD, SCAN P52124713AD, CELL [1,6]
23:00:03:47 | I | Matching ok | SEQ : 20174830110, PART : 04578885AC, SCAN P04578885AC, CELL [2,1]
23:00:05:49 | I | Matching ok | SEQ : 20174830100, PART : N/A, SCAN N/A, CELL [2,2]
23:00:09:04 | I | Matching ok | SEQ : 20174830090, PART : 52124713AD, SCAN P52124713AD, CELL [2,3]
23:00:12:89 | I | Matching ok | SEQ : 20174830080, PART : 52124713AD, SCAN P52124713AD, CELL [2,4]
23:00:14:91 | I | Matching ok | SEQ : 20174830070, PART : N/A, SCAN N/A, CELL [2,5]
23:00:19:44 | I | Matching ok | SEQ : 20174830060, PART : 52124713AD, SCAN P52124713AD, CELL [2,6]
23:28:49:65 | I | Matching ok | SEQ : 20174830170, PART : 52124713AD, SCAN P52124713AD, CELL [1,1]
23:28:53:35 | I | Matching ok | SEQ : 20174830160, PART : 04578885AC, SCAN P04578885AC, CELL [1,2]
23:28:56:98 | I | Matching ok | SEQ : 20174830150, PART : 52124713AD, SCAN P52124713AD, CELL [1,3]
23:29:00:18 | I | Matching ok | SEQ : 20174830140, PART : 04578885AC, SCAN P04578885AC, CELL [1,4]
23:29:01:53 | I | Matching ok | SEQ : 20174830130, PART : 52124713AD, SCAN P52124713AD, CELL [1,5]
23:29:02:78 | I | Matching ok | SEQ : 20174830120, PART : 52124713AD, SCAN P52124713AD, CELL [1,6]
23:29:04:78 | I | Matching ok | SEQ : 20174830230, PART : 52124713AD, SCAN P52124713AD, CELL [2,1]
23:29:09:98 | I | Matching ok | SEQ : 20174830220, PART : 52124713AD, SCAN P52124713AD, CELL [2,2]
23:29:12:26 | I | Matching ok | SEQ : 20174830210, PART : 52124713AD, SCAN P52124713AD, CELL [2,3]
23:29:13:53 | I | Matching ok | SEQ : 20174830200, PART : 04578885AC, SCAN P04578885AC, CELL [2,4]
23:29:15:70 | I | Matching ok | SEQ : 20174830190, PART : 04578885AC, SCAN P04578885AC, CELL [2,5]
23:29:19:13 | I | Matching ok | SEQ : 20174830180, PART : 52124713AD, SCAN P52124713AD, CELL [2,6]
23:29:21:24 | I | Matching ok | SEQ : 20174830290, PART : N/A, SCAN N/A, CELL [1,1]
23:36:50:39 | I | Matching ok | SEQ : 20174830280, PART : 04578885AC, SCAN P04578885AC, CELL [1,2]
23:36:54:04 | I | Matching ok | SEQ : 20174830270, PART : 04578885AC, SCAN P04578885AC, CELL [1,3]
23:36:58:14 | I | Matching ok | SEQ : 20174830260, PART : 52124713AD, SCAN P52124713AD, CELL [1,4]
23:37:01:67 | I | Matching ok | SEQ : 20174830250, PART : 52124713AD, SCAN P52124713AD, CELL [1,5]
23:37:03:69 | I | Matching ok | SEQ : 20174830240, PART : N/A, SCAN N/A, CELL [1,6]
23:37:06:79 | I | Matching ok | SEQ : 20174830350, PART : 04578885AC, SCAN P04578885AC, CELL [2,1]
23:37:09:79 | I | Matching ok | SEQ : 20174830340, PART : 04578885AC, SCAN P04578885AC, CELL [2,2]
23:37:13:35 | I | Matching ok | SEQ : 20174830330, PART : 04578885AC, SCAN P04578885AC, CELL [2,3]
23:37:15:36 | I | Matching ok | SEQ : 20174830320, PART : N/A, SCAN N/A, CELL [2,4]
23:37:19:84 | I | Matching ok | SEQ : 20174830310, PART : 52124713AD, SCAN P52124713AD, CELL [2,5]
23:37:23:94 | I | Matching ok | SEQ : 20174830300, PART : 04578885AC, SCAN P04578885AC, CELL [2,6]
23:46:38:26 | I | Matching ok | SEQ : 20174830410, PART : 52124713AD, SCAN P52124713AD, CELL [1,1]
23:46:41:13 | W | Mismatching | SEQ : 20174830400, PART : 04578885AC, SCAN P52124713AD, CELL [1,2]
23:46:56:03 | I | Matching ok | SEQ : 20174830400, PART : 04578885AC, SCAN P04578885AC, CELL [1,2]
23:47:03:63 | I | Matching ok | SEQ : 20174830390, PART : 52124713AD, SCAN P52124713AD, CELL [1,3]
23:47:07:93 | I | Matching ok | SEQ : 20174830380, PART : 04578885AC, SCAN P04578885AC, CELL [1,4]
23:47:11:51 | I | Matching ok | SEQ : 20174830370, PART : 52124713AD, SCAN P52124713AD, CELL [1,5]
23:47:15:03 | I | Matching ok | SEQ : 20174830360, PART : 52124713AD, SCAN P52124713AD, CELL [1,6]
23:47:18:73 | I | Matching ok | SEQ : 20174830470, PART : 52124713AD, SCAN P52124713AD, CELL [2,1]
23:47:20:74 | I | Matching ok | SEQ : 20174830460, PART : N/A, SCAN N/A, CELL [2,2]
23:47:25:38 | I | Matching ok | SEQ : 20174830450, PART : 52124713AD, SCAN P52124713AD, CELL [2,3]
23:47:27:39 | I | Matching ok | SEQ : 20174830440, PART : N/A, SCAN N/A, CELL [2,4]
23:47:29:40 | I | Matching ok | SEQ : 20174830430, PART : N/A, SCAN N/A, CELL [2,5]
23:47:34:29 | I | Matching ok | SEQ : 20174830420, PART : 52124713AD, SCAN P52124713AD, CELL [2,6]
