00:06:46:20 | W | Mismatching | SEQ : 20174670210, PART : 04578885AC, SCAN TQ41847C1466, CELL [1,1]
00:06:51:35 | I | Matching ok | SEQ : 20174670210, PART : 04578885AC, SCAN P04578885AC, CELL [1,1]
00:07:06:35 | I | Matching ok | SEQ : 20174670200, PART : 68193661AB, SCAN P68193661AB, CELL [1,2]
00:07:22:58 | I | Matching ok | SEQ : 20174670190, PART : 52124713AD, SCAN P52124713AD, CELL [1,3]
00:07:34:45 | I | Matching ok | SEQ : 20174670180, PART : 04578885AC, SCAN P04578885AC, CELL [1,4]
00:07:46:90 | I | Matching ok | SEQ : 20174670170, PART : 68193661AB, SCAN P68193661AB, CELL [1,5]
00:07:48:94 | I | Matching ok | SEQ : 20174670160, PART : N/A, SCAN N/A, CELL [1,6]
00:08:02:73 | I | Matching ok | SEQ : 20174670270, PART : 04578885AC, SCAN P04578885AC, CELL [2,1]
00:08:07:68 | I | Matching ok | SEQ : 20174670260, PART : 04578885AC, SCAN P04578885AC, CELL [2,2]
00:08:15:15 | I | Matching ok | SEQ : 20174670250, PART : 04578885AC, SCAN P04578885AC, CELL [2,3]
00:08:22:00 | I | Matching ok | SEQ : 20174670240, PART : 04578885AC, SCAN P04578885AC, CELL [2,4]
00:08:36:45 | I | Matching ok | SEQ : 20174670230, PART : 68193661AB, SCAN P68193661AB, CELL [2,5]
00:08:38:47 | I | Matching ok | SEQ : 20174670220, PART : N/A, SCAN N/A, CELL [2,6]
00:15:22:39 | I | Matching ok | SEQ : 20174670330, PART : 68193661AB, SCAN P68193661AB, CELL [1,1]
00:15:33:39 | I | Matching ok | SEQ : 20174670320, PART : 68193661AB, SCAN P68193661AB, CELL [1,2]
00:15:39:79 | I | Matching ok | SEQ : 20174670310, PART : 04578885AC, SCAN P04578885AC, CELL [1,3]
00:15:41:81 | I | Matching ok | SEQ : 20174670300, PART : N/A, SCAN N/A, CELL [1,4]
00:15:43:82 | I | Matching ok | SEQ : 20174670290, PART : N/A, SCAN N/A, CELL [1,5]
00:15:51:04 | I | Matching ok | SEQ : 20174670280, PART : 68193661AB, SCAN P68193661AB, CELL [1,6]
00:15:55:04 | I | Matching ok | SEQ : 20174670390, PART : 04578885AC, SCAN P04578885AC, CELL [2,1]
00:16:11:64 | I | Matching ok | SEQ : 20174670380, PART : 68193661AB, SCAN P68193661AB, CELL [2,2]
00:16:15:34 | I | Matching ok | SEQ : 20174670370, PART : 04578885AC, SCAN P04578885AC, CELL [2,3]
00:16:24:07 | I | Matching ok | SEQ : 20174670360, PART : 04578885AC, SCAN P04578885AC, CELL [2,4]
00:16:35:44 | I | Matching ok | SEQ : 20174670350, PART : 52124713AD, SCAN P52124713AD, CELL [2,5]
00:16:56:12 | I | Matching ok | SEQ : 20174670340, PART : 04578885AC, SCAN P04578885AC, CELL [2,6]
00:27:14:60 | I | Matching ok | SEQ : 20174670450, PART : 52124713AD, SCAN P52124713AD, CELL [1,1]
00:27:16:64 | I | Matching ok | SEQ : 20174670440, PART : N/A, SCAN N/A, CELL [1,2]
00:27:19:78 | I | Matching ok | SEQ : 20174670430, PART : 68193661AB, SCAN P68193661AB, CELL [1,3]
00:27:25:16 | I | Matching ok | SEQ : 20174670420, PART : 04578885AC, SCAN P04578885AC, CELL [1,4]
00:27:30:03 | I | Matching ok | SEQ : 20174670410, PART : 04578885AC, SCAN P04578885AC, CELL [1,5]
00:27:40:03 | I | Matching ok | SEQ : 20174670400, PART : 04578885AC, SCAN P04578885AC, CELL [1,6]
00:28:02:48 | I | Matching ok | SEQ : 20174670510, PART : 68193661AB, SCAN P68193661AB, CELL [2,1]
00:28:16:46 | I | Matching ok | SEQ : 20174670500, PART : 04578885AC, SCAN P04578885AC, CELL [2,2]
00:28:24:68 | I | Matching ok | SEQ : 20174670490, PART : 04578885AC, SCAN P04578885AC, CELL [2,3]
00:28:26:70 | I | Matching ok | SEQ : 20174670480, PART : N/A, SCAN N/A, CELL [2,4]
00:28:40:33 | I | Matching ok | SEQ : 20174670470, PART : 04578885AC, SCAN P04578885AC, CELL [2,5]
00:28:44:91 | I | Matching ok | SEQ : 20174670460, PART : 52124713AD, SCAN P52124713AD, CELL [2,6]
00:39:05:52 | I | Matching ok | SEQ : 20174670570, PART : 04578885AC, SCAN P04578885AC, CELL [1,1]
00:39:24:25 | I | Matching ok | SEQ : 20174670560, PART : 68193661AB, SCAN P68193661AB, CELL [1,2]
00:39:26:29 | I | Matching ok | SEQ : 20174670550, PART : N/A, SCAN N/A, CELL [1,3]
00:39:38:40 | I | Matching ok | SEQ : 20174670540, PART : 04578885AC, SCAN P04578885AC, CELL [1,4]
00:39:40:42 | I | Matching ok | SEQ : 20174670530, PART : N/A, SCAN N/A, CELL [1,5]
00:40:12:62 | I | Matching ok | SEQ : 20174670520, PART : 04578885AC, SCAN P04578885AC, CELL [1,6]
00:40:32:77 | I | Matching ok | SEQ : 20174670630, PART : 04578885AC, SCAN P04578885AC, CELL [2,1]
00:40:36:37 | I | Matching ok | SEQ : 20174670620, PART : 04578885AC, SCAN P04578885AC, CELL [2,2]
00:40:43:37 | I | Matching ok | SEQ : 20174670610, PART : 04578885AC, SCAN P04578885AC, CELL [2,3]
00:40:45:39 | I | Matching ok | SEQ : 20174670600, PART : N/A, SCAN N/A, CELL [2,4]
00:41:05:58 | I | Matching ok | SEQ : 20174670590, PART : 68193661AB, SCAN P68193661AB, CELL [2,5]
00:41:16:25 | I | Matching ok | SEQ : 20174670580, PART : 04578885AC, SCAN P04578885AC, CELL [2,6]
00:49:32:54 | I | Matching ok | SEQ : 20174670690, PART : 04578885AC, SCAN P04578885AC, CELL [1,1]
00:49:46:56 | I | Matching ok | SEQ : 20174670680, PART : 52124713AD, SCAN P52124713AD, CELL [1,2]
00:50:04:66 | I | Matching ok | SEQ : 20174670670, PART : 04578885AC, SCAN P04578885AC, CELL [1,3]
00:50:17:59 | I | Matching ok | SEQ : 20174670660, PART : 04578885AC, SCAN P04578885AC, CELL [1,4]
00:50:31:21 | I | Matching ok | SEQ : 20174670650, PART : 04578885AC, SCAN P04578885AC, CELL [1,5]
00:50:33:22 | I | Matching ok | SEQ : 20174670640, PART : N/A, SCAN N/A, CELL [1,6]
00:51:07:06 | I | Matching ok | SEQ : 20174670750, PART : 04578885AC, SCAN P04578885AC, CELL [2,1]
00:51:24:44 | I | Matching ok | SEQ : 20174670740, PART : 68193661AB, SCAN P68193661AB, CELL [2,2]
00:51:37:31 | I | Matching ok | SEQ : 20174670730, PART : 04578885AC, SCAN P04578885AC, CELL [2,3]
00:51:57:29 | I | Matching ok | SEQ : 20174670720, PART : 52124713AD, SCAN P52124713AD, CELL [2,4]
00:52:09:67 | I | Matching ok | SEQ : 20174670710, PART : 04578885AC, SCAN P04578885AC, CELL [2,5]
00:52:11:70 | I | Matching ok | SEQ : 20174670700, PART : N/A, SCAN N/A, CELL [2,6]
00:52:13:81 | I | Matching ok | SEQ : 20174670810, PART : N/A, SCAN N/A, CELL [1,1]
00:59:33:90 | I | Matching ok | SEQ : 20174670800, PART : 68193661AB, SCAN P68193661AB, CELL [1,2]
00:59:52:75 | I | Matching ok | SEQ : 20174670790, PART : 04578885AC, SCAN P04578885AC, CELL [1,3]
00:59:56:65 | I | Matching ok | SEQ : 20174670780, PART : 52124713AD, SCAN P52124713AD, CELL [1,4]
01:00:04:01 | W | Mismatching | SEQ : 20174670770, PART : 68193661AB, SCAN P52124713AD, CELL [1,5]
01:00:27:18 | I | Matching ok | SEQ : 20174670770, PART : 68193661AB, SCAN P68193661AB, CELL [1,5]
01:00:35:70 | I | Matching ok | SEQ : 20174670760, PART : 04578885AC, SCAN P04578885AC, CELL [1,6]
01:00:50:21 | I | Matching ok | SEQ : 20174670870, PART : 68193661AB, SCAN P68193661AB, CELL [2,1]
01:00:59:65 | I | Matching ok | SEQ : 20174670860, PART : 04578885AC, SCAN P04578885AC, CELL [2,2]
01:01:28:28 | I | Matching ok | SEQ : 20174670850, PART : 04578885AC, SCAN P04578885AC, CELL [2,3]
01:01:35:10 | I | Matching ok | SEQ : 20174670840, PART : 04578885AC, SCAN P04578885AC, CELL [2,4]
01:01:37:13 | I | Matching ok | SEQ : 20174670830, PART : N/A, SCAN N/A, CELL [2,5]
01:01:39:14 | I | Matching ok | SEQ : 20174670820, PART : N/A, SCAN N/A, CELL [2,6]
01:19:00:80 | I | Matching ok | SEQ : 20174670930, PART : 04578885AC, SCAN P04578885AC, CELL [1,1]
01:19:02:83 | I | Matching ok | SEQ : 20174670920, PART : N/A, SCAN N/A, CELL [1,2]
01:19:09:96 | I | Matching ok | SEQ : 20174670910, PART : 68193661AB, SCAN P68193661AB, CELL [1,3]
01:19:26:58 | I | Matching ok | SEQ : 20174670900, PART : 04578885AC, SCAN P04578885AC, CELL [1,4]
01:19:35:43 | I | Matching ok | SEQ : 20174670890, PART : 04578885AC, SCAN P04578885AC, CELL [1,5]
01:19:37:45 | I | Matching ok | SEQ : 20174670880, PART : N/A, SCAN N/A, CELL [1,6]
01:19:44:13 | I | Matching ok | SEQ : 20174670990, PART : 68193661AB, SCAN P68193661AB, CELL [2,1]
01:19:50:26 | I | Matching ok | SEQ : 20174670980, PART : 04578885AC, SCAN P04578885AC, CELL [2,2]
01:19:55:73 | I | Matching ok | SEQ : 20174670970, PART : 04578885AC, SCAN P04578885AC, CELL [2,3]
01:20:01:16 | I | Matching ok | SEQ : 20174670960, PART : 04578885AC, SCAN P04578885AC, CELL [2,4]
01:20:15:28 | I | Matching ok | SEQ : 20174670950, PART : 52124713AD, SCAN P52124713AD, CELL [2,5]
01:20:20:98 | I | Matching ok | SEQ : 20174670940, PART : 04578885AC, SCAN P04578885AC, CELL [2,6]
01:27:48:17 | I | Matching ok | SEQ : 20174671050, PART : 52124713AD, SCAN P52124713AD, CELL [1,1]
01:28:00:72 | I | Matching ok | SEQ : 20174671040, PART : 52124713AD, SCAN P52124713AD, CELL [1,2]
01:28:14:72 | I | Matching ok | SEQ : 20174671030, PART : 04578885AC, SCAN P04578885AC, CELL [1,3]
01:28:16:75 | I | Matching ok | SEQ : 20174671020, PART : N/A, SCAN N/A, CELL [1,4]
01:28:31:52 | I | Matching ok | SEQ : 20174671010, PART : 04578885AC, SCAN P04578885AC, CELL [1,5]
01:28:36:25 | I | Matching ok | SEQ : 20174671000, PART : 04578885AC, SCAN P04578885AC, CELL [1,6]
01:28:40:49 | I | Matching ok | SEQ : 20174671110, PART : 68193661AB, SCAN P68193661AB, CELL [2,1]
01:28:44:77 | I | Matching ok | SEQ : 20174671100, PART : 04578885AC, SCAN P04578885AC, CELL [2,2]
01:28:46:78 | I | Matching ok | SEQ : 20174671090, PART : N/A, SCAN N/A, CELL [2,3]
01:28:55:77 | I | Matching ok | SEQ : 20174671080, PART : 04578885AC, SCAN P04578885AC, CELL [2,4]
01:29:07:20 | I | Matching ok | SEQ : 20174671070, PART : 68193661AB, SCAN P68193661AB, CELL [2,5]
01:29:18:07 | I | Matching ok | SEQ : 20174671060, PART : 04578885AC, SCAN P04578885AC, CELL [2,6]
01:40:13:13 | I | Matching ok | SEQ : 20174671170, PART : 04578885AC, SCAN P04578885AC, CELL [1,1]
01:40:32:29 | I | Matching ok | SEQ : 20174671160, PART : 68193661AB, SCAN P68193661AB, CELL [1,2]
01:40:44:01 | I | Matching ok | SEQ : 20174671150, PART : 04578885AC, SCAN P04578885AC, CELL [1,3]
01:41:10:21 | I | Matching ok | SEQ : 20174671140, PART : 52124713AD, SCAN P52124713AD, CELL [1,4]
01:41:12:23 | I | Matching ok | SEQ : 20174671130, PART : N/A, SCAN N/A, CELL [1,5]
01:41:25:69 | I | Matching ok | SEQ : 20174671120, PART : 04578885AC, SCAN P04578885AC, CELL [1,6]
01:41:29:64 | W | Mismatching | SEQ : 20174671230, PART : 04578885AC, SCAN TQ41847C0089, CELL [2,1]
01:41:42:41 | I | Matching ok | SEQ : 20174671230, PART : 04578885AC, SCAN P04578885AC, CELL [2,1]
01:41:46:86 | W | Mismatching | SEQ : 20174671220, PART : 04578885AC, SCAN TQ41847C0089, CELL [2,2]
01:42:06:02 | I | Matching ok | SEQ : 20174671220, PART : 04578885AC, SCAN P04578885AC, CELL [2,2]
01:42:11:61 | W | Mismatching | SEQ : 20174671210, PART : 68193661AB, SCAN P04578885AC, CELL [2,3]
01:42:24:89 | W | Mismatching | SEQ : 20174671210, PART : 68193661AB, SCAN P04578885AC, CELL [2,3]
01:42:43:94 | W | Mismatching | SEQ : 20174671210, PART : 68193661AB, SCAN P04578885AC, CELL [2,3]
01:43:20:29 | I | Matching ok | SEQ : 20174671210, PART : 68193661AB, SCAN P68193661AB, CELL [2,3]
01:43:23:16 | W | Mismatching | SEQ : 20174671200, PART : 04578885AC, SCAN P68193661AB, CELL [2,4]
01:44:00:46 | W | Mismatching | SEQ : 20174671200, PART : 04578885AC, SCAN TQ41867C0717, CELL [2,4]
01:44:10:69 | W | Mismatching | SEQ : 20174671200, PART : 04578885AC, SCAN P68193661AB, CELL [2,4]
01:44:27:21 | I | Matching ok | SEQ : 20174671200, PART : 04578885AC, SCAN P04578885AC, CELL [2,4]
01:44:30:84 | I | Matching ok | SEQ : 20174671190, PART : 04578885AC, SCAN P04578885AC, CELL [2,5]
01:44:49:32 | I | Matching ok | SEQ : 20174671180, PART : 68193661AB, SCAN P68193661AB, CELL [2,6]
01:53:43:88 | I | Matching ok | SEQ : 20174671290, PART : 04578885AC, SCAN P04578885AC, CELL [1,1]
01:53:46:68 | I | Matching ok | SEQ : 20174671280, PART : 04578885AC, SCAN P04578885AC, CELL [1,2]
01:54:21:60 | I | Matching ok | SEQ : 20174671270, PART : 68193661AB, SCAN P68193661AB, CELL [1,3]
01:54:38:75 | I | Matching ok | SEQ : 20174671260, PART : 52124713AD, SCAN P52124713AD, CELL [1,4]
01:54:57:13 | I | Matching ok | SEQ : 20174671250, PART : 52124713AD, SCAN P52124713AD, CELL [1,5]
01:54:59:16 | I | Matching ok | SEQ : 20174671240, PART : N/A, SCAN N/A, CELL [1,6]
01:55:14:61 | I | Matching ok | SEQ : 20174671350, PART : 68193661AB, SCAN P68193661AB, CELL [2,1]
01:55:23:33 | I | Matching ok | SEQ : 20174671340, PART : 52124713AD, SCAN P52124713AD, CELL [2,2]
01:55:30:33 | I | Matching ok | SEQ : 20174671330, PART : 04578885AC, SCAN P04578885AC, CELL [2,3]
01:55:43:11 | I | Matching ok | SEQ : 20174671320, PART : 68193661AB, SCAN P68193661AB, CELL [2,4]
01:55:45:12 | I | Matching ok | SEQ : 20174671310, PART : N/A, SCAN N/A, CELL [2,5]
01:56:15:36 | I | Matching ok | SEQ : 20174671300, PART : 04578885AC, SCAN P04578885AC, CELL [2,6]
01:56:17:55 | I | Matching ok | SEQ : 20174671410, PART : N/A, SCAN N/A, CELL [1,1]
02:05:41:32 | I | Matching ok | SEQ : 20174671400, PART : 68193661AB, SCAN P68193661AB, CELL [1,2]
02:05:51:37 | I | Matching ok | SEQ : 20174671390, PART : 04578885AC, SCAN P04578885AC, CELL [1,3]
02:05:53:38 | I | Matching ok | SEQ : 20174671380, PART : N/A, SCAN N/A, CELL [1,4]
02:05:59:02 | I | Matching ok | SEQ : 20174671370, PART : 04578885AC, SCAN P04578885AC, CELL [1,5]
02:06:01:04 | I | Matching ok | SEQ : 20174671360, PART : N/A, SCAN N/A, CELL [1,6]
02:06:08:22 | I | Matching ok | SEQ : 20174671470, PART : 52124713AD, SCAN P52124713AD, CELL [2,1]
02:06:41:55 | I | Matching ok | SEQ : 20174671460, PART : 68193661AB, SCAN P68193661AB, CELL [2,2]
02:06:52:05 | I | Matching ok | SEQ : 20174671450, PART : 04578885AC, SCAN P04578885AC, CELL [2,3]
02:07:05:60 | I | Matching ok | SEQ : 20174671440, PART : 04578885AC, SCAN P04578885AC, CELL [2,4]
02:07:22:32 | I | Matching ok | SEQ : 20174671430, PART : 68193661AB, SCAN P68193661AB, CELL [2,5]
02:07:24:35 | I | Matching ok | SEQ : 20174671420, PART : N/A, SCAN N/A, CELL [2,6]
02:16:42:59 | I | Matching ok | SEQ : 20174671530, PART : 68193661AB, SCAN P68193661AB, CELL [1,1]
02:16:44:61 | I | Matching ok | SEQ : 20174671520, PART : N/A, SCAN N/A, CELL [1,2]
02:16:53:01 | I | Matching ok | SEQ : 20174671510, PART : 04578885AC, SCAN P04578885AC, CELL [1,3]
02:16:55:04 | I | Matching ok | SEQ : 20174671500, PART : N/A, SCAN N/A, CELL [1,4]
02:17:12:04 | W | Mismatching | SEQ : 20174671490, PART : 52124713AD, SCAN TQ41667C0579, CELL [1,5]
02:17:24:84 | I | Matching ok | SEQ : 20174671490, PART : 52124713AD, SCAN P52124713AD, CELL [1,5]
02:17:52:84 | I | Matching ok | SEQ : 20174671480, PART : 04578885AC, SCAN P04578885AC, CELL [1,6]
02:18:05:42 | I | Matching ok | SEQ : 20174671590, PART : 04578885AC, SCAN P04578885AC, CELL [2,1]
02:18:15:01 | I | Matching ok | SEQ : 20174671580, PART : 04578885AC, SCAN P04578885AC, CELL [2,2]
02:18:17:04 | I | Matching ok | SEQ : 20174671570, PART : N/A, SCAN N/A, CELL [2,3]
02:18:26:82 | I | Matching ok | SEQ : 20174671560, PART : 04578885AC, SCAN P04578885AC, CELL [2,4]
02:18:35:44 | I | Matching ok | SEQ : 20174671550, PART : 04578885AC, SCAN P04578885AC, CELL [2,5]
02:18:43:47 | I | Matching ok | SEQ : 20174671540, PART : 68193661AB, SCAN P68193661AB, CELL [2,6]
02:42:34:38 | I | Matching ok | SEQ : 20174671650, PART : 04578885AC, SCAN P04578885AC, CELL [1,1]
02:42:36:39 | I | Matching ok | SEQ : 20174671640, PART : N/A, SCAN N/A, CELL [1,2]
02:42:38:41 | I | Matching ok | SEQ : 20174671630, PART : N/A, SCAN N/A, CELL [1,3]
02:42:47:15 | I | Matching ok | SEQ : 20174671620, PART : 68193661AB, SCAN P68193661AB, CELL [1,4]
02:42:49:17 | I | Matching ok | SEQ : 20174671610, PART : N/A, SCAN N/A, CELL [1,5]
02:43:03:78 | I | Matching ok | SEQ : 20174671600, PART : 04578885AC, SCAN P04578885AC, CELL [1,6]
02:43:15:80 | I | Matching ok | SEQ : 20174671710, PART : 04578885AC, SCAN P04578885AC, CELL [2,1]
02:43:30:81 | I | Matching ok | SEQ : 20174671700, PART : 68193661AB, SCAN P68193661AB, CELL [2,2]
02:43:32:82 | I | Matching ok | SEQ : 20174671690, PART : N/A, SCAN N/A, CELL [2,3]
02:44:05:08 | I | Matching ok | SEQ : 20174671680, PART : 04578885AC, SCAN P04578885AC, CELL [2,4]
02:44:13:10 | I | Matching ok | SEQ : 20174671670, PART : 68193661AB, SCAN P68193661AB, CELL [2,5]
02:44:15:11 | I | Matching ok | SEQ : 20174671660, PART : N/A, SCAN N/A, CELL [2,6]
02:55:09:67 | I | Matching ok | SEQ : 20174671770, PART : 04578885AC, SCAN P04578885AC, CELL [1,1]
02:55:25:12 | I | Matching ok | SEQ : 20174671760, PART : 52124713AD, SCAN P52124713AD, CELL [1,2]
02:55:38:77 | I | Matching ok | SEQ : 20174671750, PART : 04578885AC, SCAN P04578885AC, CELL [1,3]
02:55:40:78 | I | Matching ok | SEQ : 20174671740, PART : N/A, SCAN N/A, CELL [1,4]
02:55:50:47 | I | Matching ok | SEQ : 20174671730, PART : 04578885AC, SCAN P04578885AC, CELL [1,5]
02:56:15:04 | I | Matching ok | SEQ : 20174671720, PART : 04578885AC, SCAN P04578885AC, CELL [1,6]
02:56:29:87 | I | Matching ok | SEQ : 20174671830, PART : 04578885AC, SCAN P04578885AC, CELL [2,1]
02:56:31:90 | I | Matching ok | SEQ : 20174671820, PART : N/A, SCAN N/A, CELL [2,2]
02:56:50:94 | I | Matching ok | SEQ : 20174671810, PART : 52124713AD, SCAN P52124713AD, CELL [2,3]
02:56:52:98 | I | Matching ok | SEQ : 20174671800, PART : N/A, SCAN N/A, CELL [2,4]
02:57:14:10 | I | Matching ok | SEQ : 20174671790, PART : 68193661AB, SCAN P68193661AB, CELL [2,5]
02:57:26:90 | I | Matching ok | SEQ : 20174671780, PART : 04578885AC, SCAN P04578885AC, CELL [2,6]
03:06:06:43 | I | Matching ok | SEQ : 20174671890, PART : 04578885AC, SCAN P04578885AC, CELL [1,1]
03:06:17:26 | I | Matching ok | SEQ : 20174671880, PART : 52124713AD, SCAN P52124713AD, CELL [1,2]
03:06:30:23 | I | Matching ok | SEQ : 20174671870, PART : 68193661AB, SCAN P68193661AB, CELL [1,3]
03:06:32:24 | I | Matching ok | SEQ : 20174671860, PART : N/A, SCAN N/A, CELL [1,4]
03:06:35:04 | I | Matching ok | SEQ : 20174671850, PART : 04578885AC, SCAN P04578885AC, CELL [1,5]
03:06:51:96 | I | Matching ok | SEQ : 20174671840, PART : 04578885AC, SCAN P04578885AC, CELL [1,6]
03:07:04:91 | I | Matching ok | SEQ : 20174671950, PART : 68193661AB, SCAN P68193661AB, CELL [2,1]
03:07:12:48 | I | Matching ok | SEQ : 20174671940, PART : 04578885AC, SCAN P04578885AC, CELL [2,2]
03:07:14:49 | I | Matching ok | SEQ : 20174671930, PART : N/A, SCAN N/A, CELL [2,3]
03:07:23:81 | I | Matching ok | SEQ : 20174671920, PART : 04578885AC, SCAN P04578885AC, CELL [2,4]
03:07:30:09 | I | Matching ok | SEQ : 20174671910, PART : 04578885AC, SCAN P04578885AC, CELL [2,5]
03:07:32:43 | I | Matching ok | SEQ : 20174671900, PART : N/A, SCAN N/A, CELL [2,6]
03:19:10:93 | W | Mismatching | SEQ : 20174672010, PART : 52124713AD, SCAN TQ41767C1337, CELL [1,1]
03:19:19:50 | I | Matching ok | SEQ : 20174672010, PART : 52124713AD, SCAN P52124713AD, CELL [1,1]
03:19:32:18 | I | Matching ok | SEQ : 20174672000, PART : 04578885AC, SCAN P04578885AC, CELL [1,2]
03:19:46:60 | I | Matching ok | SEQ : 20174671990, PART : 68193661AB, SCAN P68193661AB, CELL [1,3]
03:20:15:18 | I | Matching ok | SEQ : 20174671980, PART : 52124713AD, SCAN P52124713AD, CELL [1,4]
03:20:17:22 | I | Matching ok | SEQ : 20174671970, PART : N/A, SCAN N/A, CELL [1,5]
03:20:19:25 | I | Matching ok | SEQ : 20174671960, PART : N/A, SCAN N/A, CELL [1,6]
03:20:28:38 | W | Mismatching | SEQ : 20174672070, PART : 04578885AC, SCAN P52124713AD, CELL [2,1]
03:20:57:78 | I | Matching ok | SEQ : 20174672070, PART : 04578885AC, SCAN P04578885AC, CELL [2,1]
03:21:13:50 | I | Matching ok | SEQ : 20174672060, PART : 04578885AC, SCAN P04578885AC, CELL [2,2]
03:21:17:20 | I | Matching ok | SEQ : 20174672050, PART : 52124713AD, SCAN P52124713AD, CELL [2,3]
03:21:34:96 | I | Matching ok | SEQ : 20174672040, PART : 68193661AB, SCAN P68193661AB, CELL [2,4]
03:21:45:96 | I | Matching ok | SEQ : 20174672030, PART : 04578885AC, SCAN P04578885AC, CELL [2,5]
03:21:47:97 | I | Matching ok | SEQ : 20174672020, PART : N/A, SCAN N/A, CELL [2,6]
03:30:01:07 | I | Matching ok | SEQ : 20174672130, PART : 52124713AD, SCAN P52124713AD, CELL [1,1]
03:30:17:17 | I | Matching ok | SEQ : 20174672120, PART : 68193661AB, SCAN P68193661AB, CELL [1,2]
03:30:32:84 | I | Matching ok | SEQ : 20174672110, PART : 04578885AC, SCAN P04578885AC, CELL [1,3]
03:30:58:22 | I | Matching ok | SEQ : 20174672100, PART : 04578885AC, SCAN P04578885AC, CELL [1,4]
03:31:06:25 | I | Matching ok | SEQ : 20174672090, PART : 04578885AC, SCAN P04578885AC, CELL [1,5]
03:31:13:72 | I | Matching ok | SEQ : 20174672080, PART : 68193661AB, SCAN P68193661AB, CELL [1,6]
03:31:21:07 | I | Matching ok | SEQ : 20174672190, PART : 04578885AC, SCAN P04578885AC, CELL [2,1]
03:31:30:12 | I | Matching ok | SEQ : 20174672180, PART : 04578885AC, SCAN P04578885AC, CELL [2,2]
03:31:38:25 | I | Matching ok | SEQ : 20174672170, PART : 04578885AC, SCAN P04578885AC, CELL [2,3]
03:31:40:28 | I | Matching ok | SEQ : 20174672160, PART : N/A, SCAN N/A, CELL [2,4]
03:31:49:62 | I | Matching ok | SEQ : 20174672150, PART : 68193661AB, SCAN P68193661AB, CELL [2,5]
03:31:59:02 | I | Matching ok | SEQ : 20174672140, PART : 04578885AC, SCAN P04578885AC, CELL [2,6]
03:40:38:64 | I | Matching ok | SEQ : 20174672250, PART : 04578885AC, SCAN P04578885AC, CELL [1,1]
03:40:55:73 | I | Matching ok | SEQ : 20174672240, PART : 52124713AD, SCAN P52124713AD, CELL [1,2]
03:41:11:08 | I | Matching ok | SEQ : 20174672230, PART : 04578885AC, SCAN P04578885AC, CELL [1,3]
03:41:23:99 | I | Matching ok | SEQ : 20174672220, PART : 04578885AC, SCAN P04578885AC, CELL [1,4]
03:41:39:66 | I | Matching ok | SEQ : 20174672210, PART : 68193661AB, SCAN P68193661AB, CELL [1,5]
03:41:51:96 | I | Matching ok | SEQ : 20174672200, PART : 68193661AB, SCAN P68193661AB, CELL [1,6]
03:42:09:26 | I | Matching ok | SEQ : 20174672310, PART : 52124713AD, SCAN P52124713AD, CELL [2,1]
03:42:23:51 | I | Matching ok | SEQ : 20174672300, PART : 52124713AD, SCAN P52124713AD, CELL [2,2]
03:42:49:79 | I | Matching ok | SEQ : 20174672290, PART : 04578885AC, SCAN P04578885AC, CELL [2,3]
03:43:03:86 | I | Matching ok | SEQ : 20174672280, PART : 04578885AC, SCAN P04578885AC, CELL [2,4]
03:43:53:04 | I | Matching ok | SEQ : 20174672270, PART : 68193661AB, SCAN P68193661AB, CELL [2,5]
03:44:06:57 | I | Matching ok | SEQ : 20174672260, PART : 04578885AC, SCAN P04578885AC, CELL [2,6]
03:53:03:85 | I | Matching ok | SEQ : 20174672370, PART : 52124713AD, SCAN P52124713AD, CELL [1,1]
03:53:05:88 | I | Matching ok | SEQ : 20174672360, PART : N/A, SCAN N/A, CELL [1,2]
03:53:08:21 | I | Matching ok | SEQ : 20174672350, PART : 52124713AD, SCAN P52124713AD, CELL [1,3]
03:53:17:98 | I | Matching ok | SEQ : 20174672340, PART : 04578885AC, SCAN P04578885AC, CELL [1,4]
03:53:19:98 | I | Matching ok | SEQ : 20174672330, PART : N/A, SCAN N/A, CELL [1,5]
03:53:35:95 | I | Matching ok | SEQ : 20174672320, PART : 68193661AB, SCAN P68193661AB, CELL [1,6]
03:53:43:58 | I | Matching ok | SEQ : 20174672430, PART : 04578885AC, SCAN P04578885AC, CELL [2,1]
03:54:03:58 | I | Matching ok | SEQ : 20174672420, PART : 68193661AB, SCAN P68193661AB, CELL [2,2]
03:54:10:83 | I | Matching ok | SEQ : 20174672410, PART : 04578885AC, SCAN P04578885AC, CELL [2,3]
03:54:26:88 | I | Matching ok | SEQ : 20174672400, PART : 52124713AD, SCAN P52124713AD, CELL [2,4]
03:54:28:90 | I | Matching ok | SEQ : 20174672390, PART : N/A, SCAN N/A, CELL [2,5]
03:54:43:75 | I | Matching ok | SEQ : 20174672380, PART : 04578885AC, SCAN P04578885AC, CELL [2,6]
04:02:34:74 | I | Matching ok | SEQ : 20174672490, PART : 04578885AC, SCAN P04578885AC, CELL [1,1]
04:02:55:22 | I | Matching ok | SEQ : 20174672480, PART : 52124713AD, SCAN P52124713AD, CELL [1,2]
04:02:57:23 | I | Matching ok | SEQ : 20174672470, PART : N/A, SCAN N/A, CELL [1,3]
04:03:21:34 | I | Matching ok | SEQ : 20174672460, PART : 04578885AC, SCAN P04578885AC, CELL [1,4]
04:03:40:84 | I | Matching ok | SEQ : 20174672450, PART : 04578885AC, SCAN P04578885AC, CELL [1,5]
04:04:35:47 | I | Matching ok | SEQ : 20174672440, PART : 04578885AC, SCAN P04578885AC, CELL [1,6]
04:04:38:14 | W | Mismatching | SEQ : 20174672550, PART : 52124713AD, SCAN P04578885AC, CELL [2,1]
04:04:52:62 | I | Matching ok | SEQ : 20174672550, PART : 52124713AD, SCAN P52124713AD, CELL [2,1]
04:05:21:52 | I | Matching ok | SEQ : 20174672540, PART : 52124713AD, SCAN P52124713AD, CELL [2,2]
04:05:24:62 | I | Matching ok | SEQ : 20174672530, PART : 04578885AC, SCAN P04578885AC, CELL [2,3]
04:05:35:34 | I | Matching ok | SEQ : 20174672520, PART : 04578885AC, SCAN P04578885AC, CELL [2,4]
04:05:50:92 | I | Matching ok | SEQ : 20174672510, PART : 68193661AB, SCAN P68193661AB, CELL [2,5]
04:06:01:97 | I | Matching ok | SEQ : 20174672500, PART : 04578885AC, SCAN P04578885AC, CELL [2,6]
04:15:27:48 | I | Matching ok | SEQ : 20174672610, PART : 04578885AC, SCAN P04578885AC, CELL [1,1]
04:15:42:71 | I | Matching ok | SEQ : 20174672600, PART : 52124713AD, SCAN P52124713AD, CELL [1,2]
04:15:45:61 | I | Matching ok | SEQ : 20174672590, PART : 68193661AB, SCAN P68193661AB, CELL [1,3]
04:15:47:63 | I | Matching ok | SEQ : 20174672580, PART : N/A, SCAN N/A, CELL [1,4]
04:15:53:46 | I | Matching ok | SEQ : 20174672570, PART : 04578885AC, SCAN P04578885AC, CELL [1,5]
04:15:55:47 | I | Matching ok | SEQ : 20174672560, PART : N/A, SCAN N/A, CELL [1,6]
04:16:01:66 | I | Matching ok | SEQ : 20174672670, PART : 04578885AC, SCAN P04578885AC, CELL [2,1]
04:16:13:94 | I | Matching ok | SEQ : 20174672660, PART : 68193661AB, SCAN P68193661AB, CELL [2,2]
04:16:25:99 | I | Matching ok | SEQ : 20174672650, PART : 04578885AC, SCAN P04578885AC, CELL [2,3]
04:16:31:21 | I | Matching ok | SEQ : 20174672640, PART : 52124713AD, SCAN P52124713AD, CELL [2,4]
04:16:50:74 | I | Matching ok | SEQ : 20174672630, PART : 04578885AC, SCAN P04578885AC, CELL [2,5]
04:16:52:74 | I | Matching ok | SEQ : 20174672620, PART : N/A, SCAN N/A, CELL [2,6]
04:16:54:85 | I | Matching ok | SEQ : 20174672730, PART : N/A, SCAN N/A, CELL [1,1]
04:23:29:30 | I | Matching ok | SEQ : 20174672720, PART : 04578885AC, SCAN P04578885AC, CELL [1,2]
04:23:35:25 | I | Matching ok | SEQ : 20174672710, PART : 04578885AC, SCAN P04578885AC, CELL [1,3]
04:23:45:50 | I | Matching ok | SEQ : 20174672700, PART : 52124713AD, SCAN P52124713AD, CELL [1,4]
04:23:57:15 | I | Matching ok | SEQ : 20174672690, PART : 04578885AC, SCAN P04578885AC, CELL [1,5]
04:24:05:70 | I | Matching ok | SEQ : 20174672680, PART : 04578885AC, SCAN P04578885AC, CELL [1,6]
04:24:34:85 | I | Matching ok | SEQ : 20174672790, PART : 68193661AB, SCAN P68193661AB, CELL [2,1]
04:24:40:85 | I | Matching ok | SEQ : 20174672780, PART : 04578885AC, SCAN P04578885AC, CELL [2,2]
04:25:03:40 | I | Matching ok | SEQ : 20174672770, PART : 04578885AC, SCAN P04578885AC, CELL [2,3]
04:25:11:35 | I | Matching ok | SEQ : 20174672760, PART : 52124713AD, SCAN P52124713AD, CELL [2,4]
04:25:13:38 | I | Matching ok | SEQ : 20174672750, PART : N/A, SCAN N/A, CELL [2,5]
04:25:27:42 | I | Matching ok | SEQ : 20174672740, PART : 68193661AB, SCAN P68193661AB, CELL [2,6]
04:25:29:65 | I | Matching ok | SEQ : 20174672850, PART : N/A, SCAN N/A, CELL [1,1]
04:33:50:23 | I | Matching ok | SEQ : 20174672840, PART : 52124713AD, SCAN P52124713AD, CELL [1,2]
04:34:02:11 | I | Matching ok | SEQ : 20174672830, PART : 04578885AC, SCAN P04578885AC, CELL [1,3]
04:34:10:84 | I | Matching ok | SEQ : 20174672820, PART : 68193661AB, SCAN P68193661AB, CELL [1,4]
04:34:19:14 | I | Matching ok | SEQ : 20174672810, PART : 04578885AC, SCAN P04578885AC, CELL [1,5]
04:34:21:15 | I | Matching ok | SEQ : 20174672800, PART : N/A, SCAN N/A, CELL [1,6]
04:34:30:99 | I | Matching ok | SEQ : 20174672910, PART : 04578885AC, SCAN P04578885AC, CELL [2,1]
04:34:39:54 | I | Matching ok | SEQ : 20174672900, PART : 68193661AB, SCAN P68193661AB, CELL [2,2]
04:34:41:55 | I | Matching ok | SEQ : 20174672890, PART : N/A, SCAN N/A, CELL [2,3]
04:34:44:49 | I | Matching ok | SEQ : 20174672880, PART : 04578885AC, SCAN P04578885AC, CELL [2,4]
04:34:52:69 | I | Matching ok | SEQ : 20174672870, PART : 04578885AC, SCAN P04578885AC, CELL [2,5]
04:34:58:81 | I | Matching ok | SEQ : 20174672860, PART : 04578885AC, SCAN P04578885AC, CELL [2,6]
04:35:00:93 | I | Matching ok | SEQ : 20174672970, PART : N/A, SCAN N/A, CELL [1,1]
06:21:00:77 | I | Matching ok | SEQ : 20174672960, PART : 04578885AC, SCAN P04578885AC, CELL [1,2]
06:21:05:19 | I | Matching ok | SEQ : 20174672950, PART : 04578885AC, SCAN P04578885AC, CELL [1,3]
06:21:07:20 | I | Matching ok | SEQ : 20174672940, PART : N/A, SCAN N/A, CELL [1,4]
06:21:09:23 | I | Matching ok | SEQ : 20174672930, PART : N/A, SCAN N/A, CELL [1,5]
06:21:11:41 | I | Matching ok | SEQ : 20174672920, PART : 68193661AB, SCAN P68193661AB, CELL [1,6]
06:21:15:04 | I | Matching ok | SEQ : 20174673030, PART : 04578885AC, SCAN P04578885AC, CELL [2,1]
06:21:18:69 | I | Matching ok | SEQ : 20174673020, PART : 68193661AB, SCAN P68193661AB, CELL [2,2]
06:21:22:01 | I | Matching ok | SEQ : 20174673010, PART : 68193661AB, SCAN P68193661AB, CELL [2,3]
06:21:24:34 | I | Matching ok | SEQ : 20174673000, PART : 52124713AD, SCAN P52124713AD, CELL [2,4]
06:21:27:39 | I | Matching ok | SEQ : 20174672990, PART : 52124713AD, SCAN P52124713AD, CELL [2,5]
06:21:30:14 | I | Matching ok | SEQ : 20174672980, PART : 04578885AC, SCAN P04578885AC, CELL [2,6]
06:29:23:80 | I | Matching ok | SEQ : 20174673090, PART : 68193661AB, SCAN P68193661AB, CELL [1,1]
06:29:26:38 | I | Matching ok | SEQ : 20174673080, PART : 68193661AB, SCAN P68193661AB, CELL [1,2]
06:29:29:38 | I | Matching ok | SEQ : 20174673070, PART : 52124713AD, SCAN P52124713AD, CELL [1,3]
06:29:35:95 | I | Matching ok | SEQ : 20174673060, PART : 04578885AC, SCAN P04578885AC, CELL [1,4]
06:29:39:73 | I | Matching ok | SEQ : 20174673050, PART : 04578885AC, SCAN P04578885AC, CELL [1,5]
06:29:43:93 | I | Matching ok | SEQ : 20174673040, PART : 04578885AC, SCAN P04578885AC, CELL [1,6]
06:29:48:68 | I | Matching ok | SEQ : 20174673150, PART : 04578885AC, SCAN P04578885AC, CELL [2,1]
06:29:50:70 | I | Matching ok | SEQ : 20174673140, PART : N/A, SCAN N/A, CELL [2,2]
06:29:52:71 | I | Matching ok | SEQ : 20174673130, PART : N/A, SCAN N/A, CELL [2,3]
06:29:56:05 | I | Matching ok | SEQ : 20174673120, PART : 04578885AC, SCAN P04578885AC, CELL [2,4]
06:29:59:63 | I | Matching ok | SEQ : 20174673110, PART : 04578885AC, SCAN P04578885AC, CELL [2,5]
06:30:03:73 | I | Matching ok | SEQ : 20174673100, PART : 04578885AC, SCAN P04578885AC, CELL [2,6]
06:40:17:12 | I | Matching ok | SEQ : 20174673210, PART : 52124713AD, SCAN P52124713AD, CELL [1,1]
06:40:18:82 | I | Matching ok | SEQ : 20174673200, PART : 04578885AC, SCAN P04578885AC, CELL [1,2]
06:40:20:83 | I | Matching ok | SEQ : 20174673190, PART : N/A, SCAN N/A, CELL [1,3]
06:40:23:77 | I | Matching ok | SEQ : 20174673180, PART : 04578885AC, SCAN P04578885AC, CELL [1,4]
06:40:27:67 | I | Matching ok | SEQ : 20174673170, PART : 68193661AB, SCAN P68193661AB, CELL [1,5]
06:40:30:32 | I | Matching ok | SEQ : 20174673160, PART : 04578885AC, SCAN P04578885AC, CELL [1,6]
06:40:33:02 | I | Matching ok | SEQ : 20174673270, PART : 04578885AC, SCAN P04578885AC, CELL [2,1]
06:40:35:67 | I | Matching ok | SEQ : 20174673260, PART : 68193661AB, SCAN P68193661AB, CELL [2,2]
06:40:37:47 | I | Matching ok | SEQ : 20174673250, PART : 52124713AD, SCAN P52124713AD, CELL [2,3]
06:40:39:49 | I | Matching ok | SEQ : 20174673240, PART : N/A, SCAN N/A, CELL [2,4]
06:40:41:22 | I | Matching ok | SEQ : 20174673230, PART : 68193661AB, SCAN P68193661AB, CELL [2,5]
06:40:44:87 | I | Matching ok | SEQ : 20174673220, PART : 52124713AD, SCAN P52124713AD, CELL [2,6]
06:55:27:99 | I | Matching ok | SEQ : 20174673330, PART : 04578885AC, SCAN P04578885AC, CELL [1,1]
06:55:30:00 | I | Matching ok | SEQ : 20174673320, PART : N/A, SCAN N/A, CELL [1,2]
06:55:35:76 | I | Matching ok | SEQ : 20174673310, PART : 04578885AC, SCAN P04578885AC, CELL [1,3]
06:55:37:77 | I | Matching ok | SEQ : 20174673300, PART : N/A, SCAN N/A, CELL [1,4]
06:55:40:44 | I | Matching ok | SEQ : 20174673290, PART : 04578885AC, SCAN P04578885AC, CELL [1,5]
06:55:52:51 | I | Matching ok | SEQ : 20174673280, PART : 04578885AC, SCAN P04578885AC, CELL [1,6]
06:55:54:53 | I | Matching ok | SEQ : 20174673390, PART : N/A, SCAN N/A, CELL [2,1]
06:55:57:76 | I | Matching ok | SEQ : 20174673380, PART : 04578885AC, SCAN P04578885AC, CELL [2,2]
06:56:02:21 | I | Matching ok | SEQ : 20174673370, PART : 04578885AC, SCAN P04578885AC, CELL [2,3]
06:56:06:46 | I | Matching ok | SEQ : 20174673360, PART : 04578885AC, SCAN P04578885AC, CELL [2,4]
06:56:08:49 | I | Matching ok | SEQ : 20174673350, PART : N/A, SCAN N/A, CELL [2,5]
06:56:12:11 | I | Matching ok | SEQ : 20174673340, PART : 68193661AB, SCAN P68193661AB, CELL [2,6]
06:56:14:17 | I | Matching ok | SEQ : 20174673450, PART : N/A, SCAN N/A, CELL [1,1]
06:56:16:18 | I | Matching ok | SEQ : 20174673440, PART : N/A, SCAN N/A, CELL [1,2]
07:07:10:71 | I | Matching ok | SEQ : 20174673430, PART : 52124713AD, SCAN P52124713AD, CELL [1,3]
07:07:14:39 | I | Matching ok | SEQ : 20174673420, PART : 68193661AB, SCAN P68193661AB, CELL [1,4]
07:07:16:64 | I | Matching ok | SEQ : 20174673410, PART : 04578885AC, SCAN P04578885AC, CELL [1,5]
07:07:18:65 | I | Matching ok | SEQ : 20174673400, PART : N/A, SCAN N/A, CELL [1,6]
07:07:20:76 | I | Matching ok | SEQ : 20174673510, PART : 52124713AD, SCAN P52124713AD, CELL [2,1]
07:07:25:16 | W | Mismatching | SEQ : 20174673500, PART : 68193661AB, SCAN TQ41877C0724, CELL [2,2]
07:07:33:99 | I | Matching ok | SEQ : 20174673500, PART : 68193661AB, SCAN P68193661AB, CELL [2,2]
07:07:38:01 | I | Matching ok | SEQ : 20174673490, PART : 04578885AC, SCAN P04578885AC, CELL [2,3]
07:07:41:09 | I | Matching ok | SEQ : 20174673480, PART : 04578885AC, SCAN P04578885AC, CELL [2,4]
07:07:46:06 | I | Matching ok | SEQ : 20174673470, PART : 04578885AC, SCAN P04578885AC, CELL [2,5]
07:07:49:26 | I | Matching ok | SEQ : 20174673460, PART : 04578885AC, SCAN P04578885AC, CELL [2,6]
07:16:40:70 | I | Matching ok | SEQ : 20174673570, PART : 68193661AB, SCAN P68193661AB, CELL [1,1]
07:16:44:47 | I | Matching ok | SEQ : 20174673560, PART : 04578885AC, SCAN P04578885AC, CELL [1,2]
07:16:50:35 | I | Matching ok | SEQ : 20174673550, PART : 04578885AC, SCAN P04578885AC, CELL [1,3]
07:16:54:45 | I | Matching ok | SEQ : 20174673540, PART : 52124713AD, SCAN P52124713AD, CELL [1,4]
07:16:58:97 | I | Matching ok | SEQ : 20174673530, PART : 68193661AB, SCAN P68193661AB, CELL [1,5]
07:17:00:99 | I | Matching ok | SEQ : 20174673520, PART : N/A, SCAN N/A, CELL [1,6]
07:17:04:85 | I | Matching ok | SEQ : 20174673630, PART : 68193661AB, SCAN P68193661AB, CELL [2,1]
07:17:09:48 | I | Matching ok | SEQ : 20174673620, PART : 04578885AC, SCAN P04578885AC, CELL [2,2]
07:17:13:95 | I | Matching ok | SEQ : 20174673610, PART : 68193661AB, SCAN P68193661AB, CELL [2,3]
07:17:18:62 | I | Matching ok | SEQ : 20174673600, PART : 04578885AC, SCAN P04578885AC, CELL [2,4]
07:17:20:63 | I | Matching ok | SEQ : 20174673590, PART : N/A, SCAN N/A, CELL [2,5]
07:17:23:55 | I | Matching ok | SEQ : 20174673580, PART : 52124713AD, SCAN P52124713AD, CELL [2,6]
07:30:22:20 | I | Matching ok | SEQ : 20174673690, PART : 68193661AB, SCAN P68193661AB, CELL [1,1]
07:30:25:34 | I | Matching ok | SEQ : 20174673680, PART : 68193661AB, SCAN P68193661AB, CELL [1,2]
07:30:29:79 | I | Matching ok | SEQ : 20174673670, PART : 04578885AC, SCAN P04578885AC, CELL [1,3]
07:30:35:47 | I | Matching ok | SEQ : 20174673660, PART : 04578885AC, SCAN P04578885AC, CELL [1,4]
07:30:38:57 | I | Matching ok | SEQ : 20174673650, PART : 04578885AC, SCAN P04578885AC, CELL [1,5]
07:30:42:94 | I | Matching ok | SEQ : 20174673640, PART : 04578885AC, SCAN P04578885AC, CELL [1,6]
07:30:47:32 | I | Matching ok | SEQ : 20174673750, PART : 04578885AC, SCAN P04578885AC, CELL [2,1]
07:30:49:34 | I | Matching ok | SEQ : 20174673740, PART : N/A, SCAN N/A, CELL [2,2]
07:30:55:60 | I | Matching ok | SEQ : 20174673730, PART : 04578885AC, SCAN P04578885AC, CELL [2,3]
07:31:01:45 | I | Matching ok | SEQ : 20174673720, PART : 04578885AC, SCAN P04578885AC, CELL [2,4]
07:31:03:94 | I | Matching ok | SEQ : 20174673710, PART : 04578885AC, SCAN P04578885AC, CELL [2,5]
07:31:06:44 | I | Matching ok | SEQ : 20174673700, PART : 04578885AC, SCAN P04578885AC, CELL [2,6]
07:38:14:81 | I | Matching ok | SEQ : 20174673810, PART : 04578885AC, SCAN P04578885AC, CELL [1,1]
07:38:16:91 | I | Matching ok | SEQ : 20174673800, PART : 04578885AC, SCAN P04578885AC, CELL [1,2]
07:38:20:75 | I | Matching ok | SEQ : 20174673790, PART : 52124713AD, SCAN P52124713AD, CELL [1,3]
07:38:26:96 | I | Matching ok | SEQ : 20174673780, PART : 04578885AC, SCAN P04578885AC, CELL [1,4]
07:38:33:40 | I | Matching ok | SEQ : 20174673770, PART : 68193661AB, SCAN P68193661AB, CELL [1,5]
07:38:35:42 | I | Matching ok | SEQ : 20174673760, PART : N/A, SCAN N/A, CELL [1,6]
07:38:43:31 | I | Matching ok | SEQ : 20174673870, PART : 04578885AC, SCAN P04578885AC, CELL [2,1]
07:38:45:31 | I | Matching ok | SEQ : 20174673860, PART : N/A, SCAN N/A, CELL [2,2]
07:38:57:11 | I | Matching ok | SEQ : 20174673850, PART : 68193661AB, SCAN P68193661AB, CELL [2,3]
07:39:00:58 | I | Matching ok | SEQ : 20174673840, PART : 04578885AC, SCAN P04578885AC, CELL [2,4]
07:39:04:71 | I | Matching ok | SEQ : 20174673830, PART : 04578885AC, SCAN P04578885AC, CELL [2,5]
07:39:14:66 | I | Matching ok | SEQ : 20174673820, PART : 52124713AD, SCAN P52124713AD, CELL [2,6]
07:50:05:85 | I | Matching ok | SEQ : 20174673930, PART : 52124713AD, SCAN P52124713AD, CELL [1,1]
07:50:08:07 | I | Matching ok | SEQ : 20174673920, PART : 52124713AD, SCAN P52124713AD, CELL [1,2]
07:50:12:82 | I | Matching ok | SEQ : 20174673910, PART : 04578885AC, SCAN P04578885AC, CELL [1,3]
07:50:32:90 | I | Matching ok | SEQ : 20174673900, PART : 04578885AC, SCAN P04578885AC, CELL [1,4]
07:50:35:35 | I | Matching ok | SEQ : 20174673890, PART : 04578885AC, SCAN P04578885AC, CELL [1,5]
07:50:38:12 | I | Matching ok | SEQ : 20174673880, PART : 04578885AC, SCAN P04578885AC, CELL [1,6]
07:50:40:60 | I | Matching ok | SEQ : 20174673990, PART : 04578885AC, SCAN P04578885AC, CELL [2,1]
07:50:42:62 | I | Matching ok | SEQ : 20174673980, PART : N/A, SCAN N/A, CELL [2,2]
07:50:48:03 | I | Matching ok | SEQ : 20174673970, PART : 52124713AD, SCAN P52124713AD, CELL [2,3]
07:50:50:03 | I | Matching ok | SEQ : 20174673960, PART : N/A, SCAN N/A, CELL [2,4]
07:51:04:35 | I | Matching ok | SEQ : 20174673950, PART : 68193661AB, SCAN P68193661AB, CELL [2,5]
07:51:06:52 | I | Matching ok | SEQ : 20174673940, PART : 04578885AC, SCAN P04578885AC, CELL [2,6]
07:51:08:63 | I | Matching ok | SEQ : 20174674050, PART : N/A, SCAN N/A, CELL [1,1]
07:59:44:84 | I | Matching ok | SEQ : 20174674040, PART : 04578885AC, SCAN P04578885AC, CELL [1,2]
07:59:47:89 | I | Matching ok | SEQ : 20174674030, PART : 04578885AC, SCAN P04578885AC, CELL [1,3]
07:59:51:06 | I | Matching ok | SEQ : 20174674020, PART : 52124713AD, SCAN P52124713AD, CELL [1,4]
07:59:53:07 | I | Matching ok | SEQ : 20174674010, PART : N/A, SCAN N/A, CELL [1,5]
07:59:56:66 | I | Matching ok | SEQ : 20174674000, PART : 68193661AB, SCAN P68193661AB, CELL [1,6]
07:59:59:49 | I | Matching ok | SEQ : 20174674110, PART : 04578885AC, SCAN P04578885AC, CELL [2,1]
08:00:03:21 | I | Matching ok | SEQ : 20174674100, PART : 52124713AD, SCAN P52124713AD, CELL [2,2]
08:00:06:59 | I | Matching ok | SEQ : 20174674090, PART : 04578885AC, SCAN P04578885AC, CELL [2,3]
08:00:09:69 | I | Matching ok | SEQ : 20174674080, PART : 68193661AB, SCAN P68193661AB, CELL [2,4]
08:00:12:51 | I | Matching ok | SEQ : 20174674070, PART : 04578885AC, SCAN P04578885AC, CELL [2,5]
08:00:19:74 | I | Matching ok | SEQ : 20174674060, PART : 04578885AC, SCAN P04578885AC, CELL [2,6]
08:30:18:68 | I | Matching ok | SEQ : 20174674170, PART : 52124713AD, SCAN P52124713AD, CELL [1,1]
08:30:21:93 | I | Matching ok | SEQ : 20174674160, PART : 68193661AB, SCAN P68193661AB, CELL [1,2]
08:30:24:75 | I | Matching ok | SEQ : 20174674150, PART : 52124713AD, SCAN P52124713AD, CELL [1,3]
08:30:26:78 | I | Matching ok | SEQ : 20174674140, PART : N/A, SCAN N/A, CELL [1,4]
08:30:28:80 | I | Matching ok | SEQ : 20174674130, PART : N/A, SCAN N/A, CELL [1,5]
08:30:31:76 | I | Matching ok | SEQ : 20174674120, PART : 68193661AB, SCAN P68193661AB, CELL [1,6]
08:30:34:78 | I | Matching ok | SEQ : 20174674230, PART : 04578885AC, SCAN P04578885AC, CELL [2,1]
08:30:37:55 | I | Matching ok | SEQ : 20174674220, PART : 04578885AC, SCAN P04578885AC, CELL [2,2]
08:30:40:38 | I | Matching ok | SEQ : 20174674210, PART : 04578885AC, SCAN P04578885AC, CELL [2,3]
08:30:42:39 | I | Matching ok | SEQ : 20174674200, PART : N/A, SCAN N/A, CELL [2,4]
08:30:45:63 | I | Matching ok | SEQ : 20174674190, PART : 68193661AB, SCAN P68193661AB, CELL [2,5]
08:30:47:66 | I | Matching ok | SEQ : 20174674180, PART : N/A, SCAN N/A, CELL [2,6]
08:39:55:39 | I | Matching ok | SEQ : 20174674290, PART : 04578885AC, SCAN P04578885AC, CELL [1,1]
08:39:59:39 | I | Matching ok | SEQ : 20174674280, PART : 04578885AC, SCAN P04578885AC, CELL [1,2]
08:40:01:84 | I | Matching ok | SEQ : 20174674270, PART : 04578885AC, SCAN P04578885AC, CELL [1,3]
08:40:04:39 | I | Matching ok | SEQ : 20174674260, PART : 04578885AC, SCAN P04578885AC, CELL [1,4]
08:40:06:41 | I | Matching ok | SEQ : 20174674250, PART : N/A, SCAN N/A, CELL [1,5]
08:40:08:87 | I | Matching ok | SEQ : 20174674240, PART : 68193661AB, SCAN P68193661AB, CELL [1,6]
08:40:11:74 | I | Matching ok | SEQ : 20174674350, PART : 04578885AC, SCAN P04578885AC, CELL [2,1]
08:40:15:25 | I | Matching ok | SEQ : 20174674340, PART : 68193661AB, SCAN P68193661AB, CELL [2,2]
08:40:17:27 | I | Matching ok | SEQ : 20174674330, PART : N/A, SCAN N/A, CELL [2,3]
08:40:22:43 | I | Matching ok | SEQ : 20174674320, PART : 04578885AC, SCAN P04578885AC, CELL [2,4]
08:40:24:44 | I | Matching ok | SEQ : 20174674310, PART : N/A, SCAN N/A, CELL [2,5]
08:40:29:27 | I | Matching ok | SEQ : 20174674300, PART : 04578885AC, SCAN P04578885AC, CELL [2,6]
08:48:34:69 | I | Matching ok | SEQ : 20174674410, PART : 04578885AC, SCAN P04578885AC, CELL [1,1]
08:48:37:48 | I | Matching ok | SEQ : 20174674400, PART : 04578885AC, SCAN P04578885AC, CELL [1,2]
08:48:40:78 | I | Matching ok | SEQ : 20174674390, PART : 04578885AC, SCAN P04578885AC, CELL [1,3]
08:48:44:11 | I | Matching ok | SEQ : 20174674380, PART : 52124713AD, SCAN P52124713AD, CELL [1,4]
08:48:47:88 | I | Matching ok | SEQ : 20174674370, PART : 04578885AC, SCAN P04578885AC, CELL [1,5]
08:48:49:90 | I | Matching ok | SEQ : 20174674360, PART : N/A, SCAN N/A, CELL [1,6]
08:48:52:66 | I | Matching ok | SEQ : 20174674470, PART : 68193661AB, SCAN P68193661AB, CELL [2,1]
08:48:56:08 | I | Matching ok | SEQ : 20174674460, PART : 04578885AC, SCAN P04578885AC, CELL [2,2]
08:48:59:58 | I | Matching ok | SEQ : 20174674450, PART : 52124713AD, SCAN P52124713AD, CELL [2,3]
08:49:01:62 | I | Matching ok | SEQ : 20174674440, PART : N/A, SCAN N/A, CELL [2,4]
08:49:06:31 | I | Matching ok | SEQ : 20174674430, PART : 04578885AC, SCAN P04578885AC, CELL [2,5]
08:49:10:83 | I | Matching ok | SEQ : 20174674420, PART : 04578885AC, SCAN P04578885AC, CELL [2,6]
08:57:51:53 | I | Matching ok | SEQ : 20174674530, PART : 52124713AD, SCAN P52124713AD, CELL [1,1]
08:57:53:55 | I | Matching ok | SEQ : 20174674520, PART : N/A, SCAN N/A, CELL [1,2]
08:57:55:84 | I | Matching ok | SEQ : 20174674510, PART : 52124713AD, SCAN P52124713AD, CELL [1,3]
08:57:58:82 | I | Matching ok | SEQ : 20174674500, PART : 04578885AC, SCAN P04578885AC, CELL [1,4]
08:58:01:59 | I | Matching ok | SEQ : 20174674490, PART : 04578885AC, SCAN P04578885AC, CELL [1,5]
08:58:04:03 | I | Matching ok | SEQ : 20174674480, PART : 04578885AC, SCAN P04578885AC, CELL [1,6]
08:58:06:72 | I | Matching ok | SEQ : 20174674590, PART : 04578885AC, SCAN P04578885AC, CELL [2,1]
08:58:10:33 | I | Matching ok | SEQ : 20174674580, PART : 04578885AC, SCAN P04578885AC, CELL [2,2]
08:58:12:35 | I | Matching ok | SEQ : 20174674570, PART : N/A, SCAN N/A, CELL [2,3]
08:58:15:37 | I | Matching ok | SEQ : 20174674560, PART : 04578885AC, SCAN P04578885AC, CELL [2,4]
08:58:18:32 | I | Matching ok | SEQ : 20174674550, PART : 52124713AD, SCAN P52124713AD, CELL [2,5]
08:58:20:33 | I | Matching ok | SEQ : 20174674540, PART : N/A, SCAN N/A, CELL [2,6]
09:06:53:93 | I | Matching ok | SEQ : 20174674650, PART : 04578885AC, SCAN P04578885AC, CELL [1,1]
09:06:56:23 | I | Matching ok | SEQ : 20174674640, PART : 04578885AC, SCAN P04578885AC, CELL [1,2]
09:06:58:51 | I | Matching ok | SEQ : 20174674630, PART : 04578885AC, SCAN P04578885AC, CELL [1,3]
09:07:01:01 | I | Matching ok | SEQ : 20174674620, PART : 04578885AC, SCAN P04578885AC, CELL [1,4]
09:07:03:31 | I | Matching ok | SEQ : 20174674610, PART : 04578885AC, SCAN P04578885AC, CELL [1,5]
09:07:05:46 | I | Matching ok | SEQ : 20174674600, PART : 04578885AC, SCAN P04578885AC, CELL [1,6]
09:07:08:41 | I | Matching ok | SEQ : 20174674710, PART : 04578885AC, SCAN P04578885AC, CELL [2,1]
09:07:11:53 | I | Matching ok | SEQ : 20174674700, PART : 68193661AB, SCAN P68193661AB, CELL [2,2]
09:07:13:54 | I | Matching ok | SEQ : 20174674690, PART : N/A, SCAN N/A, CELL [2,3]
09:07:17:68 | I | Matching ok | SEQ : 20174674680, PART : 52124713AD, SCAN P52124713AD, CELL [2,4]
09:07:19:71 | I | Matching ok | SEQ : 20174674670, PART : N/A, SCAN N/A, CELL [2,5]
09:07:22:56 | I | Matching ok | SEQ : 20174674660, PART : 04578885AC, SCAN P04578885AC, CELL [2,6]
09:07:24:67 | I | Matching ok | SEQ : 20174674770, PART : N/A, SCAN N/A, CELL [1,1]
09:18:59:27 | I | Matching ok | SEQ : 20174674760, PART : 04578885AC, SCAN P04578885AC, CELL [1,2]
09:19:03:78 | I | Matching ok | SEQ : 20174674750, PART : 68193661AB, SCAN P68193661AB, CELL [1,3]
09:19:08:00 | I | Matching ok | SEQ : 20174674740, PART : 52124713AD, SCAN P52124713AD, CELL [1,4]
09:19:10:01 | I | Matching ok | SEQ : 20174674730, PART : N/A, SCAN N/A, CELL [1,5]
09:19:16:53 | I | Matching ok | SEQ : 20174674720, PART : 04578885AC, SCAN P04578885AC, CELL [1,6]
09:19:20:45 | I | Matching ok | SEQ : 20174674830, PART : 04578885AC, SCAN P04578885AC, CELL [2,1]
09:19:22:46 | I | Matching ok | SEQ : 20174674820, PART : N/A, SCAN N/A, CELL [2,2]
09:19:24:47 | I | Matching ok | SEQ : 20174674810, PART : N/A, SCAN N/A, CELL [2,3]
09:19:26:48 | I | Matching ok | SEQ : 20174674800, PART : N/A, SCAN N/A, CELL [2,4]
09:19:29:30 | I | Matching ok | SEQ : 20174674790, PART : 04578885AC, SCAN P04578885AC, CELL [2,5]
09:19:33:48 | I | Matching ok | SEQ : 20174674780, PART : 04578885AC, SCAN P04578885AC, CELL [2,6]
09:30:41:59 | W | Mismatching | SEQ : 20174674890, PART : 04578885AC, SCAN TQ41877H0069, CELL [1,1]
09:30:53:30 | I | Matching ok | SEQ : 20174674890, PART : 04578885AC, SCAN P04578885AC, CELL [1,1]
09:30:57:17 | I | Matching ok | SEQ : 20174674880, PART : 04578885AC, SCAN P04578885AC, CELL [1,2]
09:30:59:18 | I | Matching ok | SEQ : 20174674870, PART : N/A, SCAN N/A, CELL [1,3]
09:31:02:44 | I | Matching ok | SEQ : 20174674860, PART : 52124713AD, SCAN P52124713AD, CELL [1,4]
09:31:26:64 | I | Matching ok | SEQ : 20174674850, PART : 04578885AC, SCAN P04578885AC, CELL [1,5]
09:31:30:84 | I | Matching ok | SEQ : 20174674840, PART : 68193661AB, SCAN P68193661AB, CELL [1,6]
09:31:33:87 | I | Matching ok | SEQ : 20174674950, PART : 68193661AB, SCAN P68193661AB, CELL [2,1]
09:31:36:87 | I | Matching ok | SEQ : 20174674940, PART : 04578885AC, SCAN P04578885AC, CELL [2,2]
09:31:40:22 | I | Matching ok | SEQ : 20174674930, PART : 04578885AC, SCAN P04578885AC, CELL [2,3]
09:31:44:99 | I | Matching ok | SEQ : 20174674920, PART : 04578885AC, SCAN P04578885AC, CELL [2,4]
09:31:48:09 | I | Matching ok | SEQ : 20174674910, PART : 04578885AC, SCAN P04578885AC, CELL [2,5]
09:31:50:77 | I | Matching ok | SEQ : 20174674900, PART : 68193661AB, SCAN P68193661AB, CELL [2,6]
09:42:04:11 | I | Matching ok | SEQ : 20174675010, PART : 04578885AC, SCAN P04578885AC, CELL [1,1]
09:42:06:86 | I | Matching ok | SEQ : 20174675000, PART : 68193661AB, SCAN P68193661AB, CELL [1,2]
09:42:09:96 | I | Matching ok | SEQ : 20174674990, PART : 04578885AC, SCAN P04578885AC, CELL [1,3]
09:42:13:11 | I | Matching ok | SEQ : 20174674980, PART : 04578885AC, SCAN P04578885AC, CELL [1,4]
09:42:15:61 | I | Matching ok | SEQ : 20174674970, PART : 04578885AC, SCAN P04578885AC, CELL [1,5]
09:42:17:62 | I | Matching ok | SEQ : 20174674960, PART : N/A, SCAN N/A, CELL [1,6]
09:42:23:86 | I | Matching ok | SEQ : 20174675070, PART : 52124713AD, SCAN P52124713AD, CELL [2,1]
09:42:26:81 | I | Matching ok | SEQ : 20174675060, PART : 52124713AD, SCAN P52124713AD, CELL [2,2]
09:42:29:83 | I | Matching ok | SEQ : 20174675050, PART : 68193661AB, SCAN P68193661AB, CELL [2,3]
09:42:33:31 | I | Matching ok | SEQ : 20174675040, PART : 04578885AC, SCAN P04578885AC, CELL [2,4]
09:42:36:28 | I | Matching ok | SEQ : 20174675030, PART : 52124713AD, SCAN P52124713AD, CELL [2,5]
09:42:41:31 | I | Matching ok | SEQ : 20174675020, PART : 04578885AC, SCAN P04578885AC, CELL [2,6]
09:55:52:13 | I | Matching ok | SEQ : 20174675130, PART : 04578885AC, SCAN P04578885AC, CELL [1,1]
09:55:54:48 | I | Matching ok | SEQ : 20174675120, PART : 04578885AC, SCAN P04578885AC, CELL [1,2]
09:55:57:35 | I | Matching ok | SEQ : 20174675110, PART : 04578885AC, SCAN P04578885AC, CELL [1,3]
09:55:59:38 | I | Matching ok | SEQ : 20174675100, PART : N/A, SCAN N/A, CELL [1,4]
09:56:07:10 | I | Matching ok | SEQ : 20174675090, PART : 52124713AD, SCAN P52124713AD, CELL [1,5]
09:56:10:56 | I | Matching ok | SEQ : 20174675080, PART : 04578885AC, SCAN P04578885AC, CELL [1,6]
09:56:12:57 | I | Matching ok | SEQ : 20174675190, PART : N/A, SCAN N/A, CELL [2,1]
09:56:15:05 | I | Matching ok | SEQ : 20174675180, PART : 04578885AC, SCAN P04578885AC, CELL [2,2]
09:56:17:88 | I | Matching ok | SEQ : 20174675170, PART : 68193661AB, SCAN P68193661AB, CELL [2,3]
09:56:19:90 | I | Matching ok | SEQ : 20174675160, PART : N/A, SCAN N/A, CELL [2,4]
09:56:23:65 | I | Matching ok | SEQ : 20174675150, PART : 04578885AC, SCAN P04578885AC, CELL [2,5]
09:56:27:03 | I | Matching ok | SEQ : 20174675140, PART : 52124713AD, SCAN P52124713AD, CELL [2,6]
09:56:29:16 | I | Matching ok | SEQ : 20174675250, PART : N/A, SCAN N/A, CELL [1,1]
10:04:30:89 | I | Matching ok | SEQ : 20174675240, PART : 04578885AC, SCAN P04578885AC, CELL [1,2]
10:04:33:71 | I | Matching ok | SEQ : 20174675230, PART : 04578885AC, SCAN P04578885AC, CELL [1,3]
10:04:36:14 | I | Matching ok | SEQ : 20174675220, PART : 04578885AC, SCAN P04578885AC, CELL [1,4]
10:04:38:89 | I | Matching ok | SEQ : 20174675210, PART : 52124713AD, SCAN P52124713AD, CELL [1,5]
10:04:40:92 | I | Matching ok | SEQ : 20174675200, PART : N/A, SCAN N/A, CELL [1,6]
10:04:43:24 | I | Matching ok | SEQ : 20174675310, PART : 04578885AC, SCAN P04578885AC, CELL [2,1]
10:04:45:26 | I | Matching ok | SEQ : 20174675300, PART : N/A, SCAN N/A, CELL [2,2]
10:04:47:27 | I | Matching ok | SEQ : 20174675290, PART : N/A, SCAN N/A, CELL [2,3]
10:04:50:31 | I | Matching ok | SEQ : 20174675280, PART : 52124713AD, SCAN P52124713AD, CELL [2,4]
10:04:53:59 | I | Matching ok | SEQ : 20174675270, PART : 52124713AD, SCAN P52124713AD, CELL [2,5]
10:04:55:61 | I | Matching ok | SEQ : 20174675260, PART : N/A, SCAN N/A, CELL [2,6]
10:20:26:31 | I | Matching ok | SEQ : 20174675370, PART : 04578885AC, SCAN P04578885AC, CELL [1,1]
10:20:29:54 | I | Matching ok | SEQ : 20174675360, PART : 04578885AC, SCAN P04578885AC, CELL [1,2]
10:20:31:56 | I | Matching ok | SEQ : 20174675350, PART : N/A, SCAN N/A, CELL [1,3]
10:20:33:57 | I | Matching ok | SEQ : 20174675340, PART : N/A, SCAN N/A, CELL [1,4]
10:20:35:58 | I | Matching ok | SEQ : 20174675330, PART : N/A, SCAN N/A, CELL [1,5]
10:20:38:19 | I | Matching ok | SEQ : 20174675320, PART : 04578885AC, SCAN P04578885AC, CELL [1,6]
10:20:41:60 | I | Matching ok | SEQ : 20174675430, PART : 52124713AD, SCAN P52124713AD, CELL [2,1]
10:20:56:56 | I | Matching ok | SEQ : 20174675420, PART : 04578885AC, SCAN P04578885AC, CELL [2,2]
10:21:00:19 | I | Matching ok | SEQ : 20174675410, PART : 04578885AC, SCAN P04578885AC, CELL [2,3]
10:21:03:09 | I | Matching ok | SEQ : 20174675400, PART : 04578885AC, SCAN P04578885AC, CELL [2,4]
10:21:05:11 | I | Matching ok | SEQ : 20174675390, PART : N/A, SCAN N/A, CELL [2,5]
10:21:07:26 | I | Matching ok | SEQ : 20174675380, PART : 04578885AC, SCAN P04578885AC, CELL [2,6]
10:27:03:05 | I | Matching ok | SEQ : 20174675490, PART : 04578885AC, SCAN P04578885AC, CELL [1,1]
10:27:05:30 | I | Matching ok | SEQ : 20174675480, PART : 04578885AC, SCAN P04578885AC, CELL [1,2]
10:27:08:17 | I | Matching ok | SEQ : 20174675470, PART : 68193661AB, SCAN P68193661AB, CELL [1,3]
10:27:11:35 | I | Matching ok | SEQ : 20174675460, PART : 04578885AC, SCAN P04578885AC, CELL [1,4]
10:27:13:37 | I | Matching ok | SEQ : 20174675450, PART : N/A, SCAN N/A, CELL [1,5]
10:27:15:72 | I | Matching ok | SEQ : 20174675440, PART : 04578885AC, SCAN P04578885AC, CELL [1,6]
10:27:18:72 | I | Matching ok | SEQ : 20174675550, PART : 04578885AC, SCAN P04578885AC, CELL [2,1]
10:27:20:73 | I | Matching ok | SEQ : 20174675540, PART : N/A, SCAN N/A, CELL [2,2]
10:27:23:67 | I | Matching ok | SEQ : 20174675530, PART : 04578885AC, SCAN P04578885AC, CELL [2,3]
10:27:29:02 | I | Matching ok | SEQ : 20174675520, PART : 04578885AC, SCAN P04578885AC, CELL [2,4]
10:27:33:40 | I | Matching ok | SEQ : 20174675510, PART : 04578885AC, SCAN P04578885AC, CELL [2,5]
10:27:36:60 | I | Matching ok | SEQ : 20174675500, PART : 04578885AC, SCAN P04578885AC, CELL [2,6]
10:35:25:49 | W | Mismatching | SEQ : 20174675610, PART : 04578885AC, SCAN TQ41787C1371, CELL [1,1]
10:35:37:07 | I | Matching ok | SEQ : 20174675610, PART : 04578885AC, SCAN P04578885AC, CELL [1,1]
10:35:39:02 | I | Matching ok | SEQ : 20174675600, PART : 04578885AC, SCAN P04578885AC, CELL [1,2]
10:35:40:52 | I | Matching ok | SEQ : 20174675590, PART : 68193661AB, SCAN P68193661AB, CELL [1,3]
10:35:42:53 | I | Matching ok | SEQ : 20174675580, PART : N/A, SCAN N/A, CELL [1,4]
10:35:43:44 | I | Matching ok | SEQ : 20174675570, PART : 04578885AC, SCAN P04578885AC, CELL [1,5]
10:35:44:82 | I | Matching ok | SEQ : 20174675560, PART : 04578885AC, SCAN P04578885AC, CELL [1,6]
10:35:46:83 | I | Matching ok | SEQ : 20174675670, PART : N/A, SCAN N/A, CELL [2,1]
10:35:48:04 | I | Matching ok | SEQ : 20174675660, PART : 04578885AC, SCAN P04578885AC, CELL [2,2]
10:35:50:06 | I | Matching ok | SEQ : 20174675650, PART : N/A, SCAN N/A, CELL [2,3]
10:35:51:46 | I | Matching ok | SEQ : 20174675640, PART : 04578885AC, SCAN P04578885AC, CELL [2,4]
10:35:53:48 | I | Matching ok | SEQ : 20174675630, PART : N/A, SCAN N/A, CELL [2,5]
10:35:54:54 | I | Matching ok | SEQ : 20174675620, PART : 04578885AC, SCAN P04578885AC, CELL [2,6]
10:51:11:54 | I | Matching ok | SEQ : 20174675730, PART : 04578885AC, SCAN P04578885AC, CELL [1,1]
10:51:13:69 | I | Matching ok | SEQ : 20174675720, PART : 52124713AD, SCAN P52124713AD, CELL [1,2]
10:51:16:54 | I | Matching ok | SEQ : 20174675710, PART : 68193661AB, SCAN P68193661AB, CELL [1,3]
10:51:18:97 | I | Matching ok | SEQ : 20174675700, PART : 04578885AC, SCAN P04578885AC, CELL [1,4]
10:51:21:54 | I | Matching ok | SEQ : 20174675690, PART : 04578885AC, SCAN P04578885AC, CELL [1,5]
10:51:24:64 | I | Matching ok | SEQ : 20174675680, PART : 04578885AC, SCAN P04578885AC, CELL [1,6]
10:51:28:29 | I | Matching ok | SEQ : 20174675790, PART : 52124713AD, SCAN P52124713AD, CELL [2,1]
10:51:31:29 | I | Matching ok | SEQ : 20174675780, PART : 04578885AC, SCAN P04578885AC, CELL [2,2]
10:51:34:44 | I | Matching ok | SEQ : 20174675770, PART : 04578885AC, SCAN P04578885AC, CELL [2,3]
10:51:36:89 | I | Matching ok | SEQ : 20174675760, PART : 68193661AB, SCAN P68193661AB, CELL [2,4]
10:51:39:21 | W | Mismatching | SEQ : 20174675750, PART : 04578885AC, SCAN TQ41877H0347, CELL [2,5]
10:51:43:29 | I | Matching ok | SEQ : 20174675750, PART : 04578885AC, SCAN P04578885AC, CELL [2,5]
10:51:44:64 | I | Matching ok | SEQ : 20174675740, PART : 04578885AC, SCAN P04578885AC, CELL [2,6]
10:59:00:75 | I | Matching ok | SEQ : 20174675850, PART : 68193661AB, SCAN P68193661AB, CELL [1,1]
10:59:02:79 | I | Matching ok | SEQ : 20174675840, PART : N/A, SCAN N/A, CELL [1,2]
10:59:04:80 | I | Matching ok | SEQ : 20174675830, PART : N/A, SCAN N/A, CELL [1,3]
10:59:06:95 | I | Matching ok | SEQ : 20174675820, PART : 04578885AC, SCAN P04578885AC, CELL [1,4]
10:59:08:33 | I | Matching ok | SEQ : 20174675810, PART : 04578885AC, SCAN P04578885AC, CELL [1,5]
10:59:09:48 | I | Matching ok | SEQ : 20174675800, PART : 04578885AC, SCAN P04578885AC, CELL [1,6]
10:59:11:00 | I | Matching ok | SEQ : 20174675910, PART : 04578885AC, SCAN P04578885AC, CELL [2,1]
10:59:12:30 | I | Matching ok | SEQ : 20174675900, PART : 68193661AB, SCAN P68193661AB, CELL [2,2]
10:59:13:36 | I | Matching ok | SEQ : 20174675890, PART : 04578885AC, SCAN P04578885AC, CELL [2,3]
10:59:14:93 | I | Matching ok | SEQ : 20174675880, PART : 52124713AD, SCAN P52124713AD, CELL [2,4]
10:59:15:91 | I | Matching ok | SEQ : 20174675870, PART : 04578885AC, SCAN P04578885AC, CELL [2,5]
10:59:17:03 | I | Matching ok | SEQ : 20174675860, PART : 04578885AC, SCAN P04578885AC, CELL [2,6]
11:39:18:71 | I | Matching ok | SEQ : 20174675970, PART : 04578885AC, SCAN P04578885AC, CELL [1,1]
11:39:20:93 | I | Matching ok | SEQ : 20174675960, PART : 52124713AD, SCAN P52124713AD, CELL [1,2]
11:39:22:66 | I | Matching ok | SEQ : 20174675950, PART : 68193661AB, SCAN P68193661AB, CELL [1,3]
11:39:24:51 | I | Matching ok | SEQ : 20174675940, PART : 04578885AC, SCAN P04578885AC, CELL [1,4]
11:39:26:56 | I | Matching ok | SEQ : 20174675930, PART : N/A, SCAN N/A, CELL [1,5]
11:39:28:59 | I | Matching ok | SEQ : 20174675920, PART : N/A, SCAN N/A, CELL [1,6]
11:39:30:38 | I | Matching ok | SEQ : 20174676030, PART : 04578885AC, SCAN P04578885AC, CELL [2,1]
11:39:31:98 | I | Matching ok | SEQ : 20174676020, PART : 04578885AC, SCAN P04578885AC, CELL [2,2]
11:39:33:68 | I | Matching ok | SEQ : 20174676010, PART : 68193661AB, SCAN P68193661AB, CELL [2,3]
11:39:35:18 | I | Matching ok | SEQ : 20174676000, PART : 04578885AC, SCAN P04578885AC, CELL [2,4]
11:39:36:63 | I | Matching ok | SEQ : 20174675990, PART : 04578885AC, SCAN P04578885AC, CELL [2,5]
11:39:37:96 | I | Matching ok | SEQ : 20174675980, PART : 04578885AC, SCAN P04578885AC, CELL [2,6]
11:39:40:23 | I | Matching ok | SEQ : 20174676090, PART : N/A, SCAN N/A, CELL [1,1]
11:48:20:37 | I | Matching ok | SEQ : 20174676080, PART : 04578885AC, SCAN P04578885AC, CELL [1,2]
11:48:23:52 | I | Matching ok | SEQ : 20174676070, PART : 04578885AC, SCAN P04578885AC, CELL [1,3]
11:48:26:49 | I | Matching ok | SEQ : 20174676060, PART : 52124713AD, SCAN P52124713AD, CELL [1,4]
11:48:29:77 | I | Matching ok | SEQ : 20174676050, PART : 52124713AD, SCAN P52124713AD, CELL [1,5]
11:48:32:45 | I | Matching ok | SEQ : 20174676040, PART : 04578885AC, SCAN P04578885AC, CELL [1,6]
11:48:34:48 | I | Matching ok | SEQ : 20174676150, PART : N/A, SCAN N/A, CELL [2,1]
11:48:36:77 | I | Matching ok | SEQ : 20174676140, PART : 04578885AC, SCAN P04578885AC, CELL [2,2]
11:48:40:07 | I | Matching ok | SEQ : 20174676130, PART : 68193661AB, SCAN P68193661AB, CELL [2,3]
11:48:44:30 | I | Matching ok | SEQ : 20174676120, PART : 04578885AC, SCAN P04578885AC, CELL [2,4]
11:48:47:89 | I | Matching ok | SEQ : 20174676110, PART : 04578885AC, SCAN P04578885AC, CELL [2,5]
11:48:50:10 | I | Matching ok | SEQ : 20174676100, PART : 52124713AD, SCAN P52124713AD, CELL [2,6]
11:48:52:28 | I | Matching ok | SEQ : 20174676210, PART : N/A, SCAN N/A, CELL [1,1]
11:48:54:33 | I | Matching ok | SEQ : 20174676200, PART : N/A, SCAN N/A, CELL [1,2]
12:00:07:71 | I | Matching ok | SEQ : 20174676190, PART : 52124713AD, SCAN P52124713AD, CELL [1,3]
12:00:10:16 | I | Matching ok | SEQ : 20174676180, PART : 04578885AC, SCAN P04578885AC, CELL [1,4]
12:00:12:84 | I | Matching ok | SEQ : 20174676170, PART : 04578885AC, SCAN P04578885AC, CELL [1,5]
12:00:15:26 | I | Matching ok | SEQ : 20174676160, PART : 04578885AC, SCAN P04578885AC, CELL [1,6]
12:00:17:99 | I | Matching ok | SEQ : 20174676270, PART : 04578885AC, SCAN P04578885AC, CELL [2,1]
12:00:20:36 | I | Matching ok | SEQ : 20174676260, PART : 04578885AC, SCAN P04578885AC, CELL [2,2]
12:00:22:46 | I | Matching ok | SEQ : 20174676250, PART : 52124713AD, SCAN P52124713AD, CELL [2,3]
12:00:24:61 | I | Matching ok | SEQ : 20174676240, PART : 04578885AC, SCAN P04578885AC, CELL [2,4]
12:00:26:96 | I | Matching ok | SEQ : 20174676230, PART : 68193661AB, SCAN P68193661AB, CELL [2,5]
12:00:29:34 | I | Matching ok | SEQ : 20174676220, PART : 04578885AC, SCAN P04578885AC, CELL [2,6]
12:11:12:58 | I | Matching ok | SEQ : 20174676330, PART : 04578885AC, SCAN P04578885AC, CELL [1,1]
12:11:14:69 | I | Matching ok | SEQ : 20174676320, PART : N/A, SCAN N/A, CELL [1,2]
12:11:16:50 | I | Matching ok | SEQ : 20174676310, PART : 04578885AC, SCAN P04578885AC, CELL [1,3]
12:11:18:33 | I | Matching ok | SEQ : 20174676300, PART : 68193661AB, SCAN P68193661AB, CELL [1,4]
12:11:20:38 | I | Matching ok | SEQ : 20174676290, PART : N/A, SCAN N/A, CELL [1,5]
12:11:22:44 | I | Matching ok | SEQ : 20174676280, PART : N/A, SCAN N/A, CELL [1,6]
12:11:50:86 | I | Matching ok | SEQ : 20174676390, PART : 04578885AC, SCAN P04578885AC, CELL [2,1]
12:11:53:03 | I | Matching ok | SEQ : 20174676380, PART : 04578885AC, SCAN P04578885AC, CELL [2,2]
12:11:56:36 | I | Matching ok | SEQ : 20174676370, PART : 04578885AC, SCAN P04578885AC, CELL [2,3]
12:11:58:51 | I | Matching ok | SEQ : 20174676360, PART : 68193661AB, SCAN P68193661AB, CELL [2,4]
12:12:00:26 | I | Matching ok | SEQ : 20174676350, PART : 04578885AC, SCAN P04578885AC, CELL [2,5]
12:12:02:02 | I | Matching ok | SEQ : 20174676340, PART : 04578885AC, SCAN P04578885AC, CELL [2,6]
12:23:07:24 | I | Matching ok | SEQ : 20174676450, PART : 04578885AC, SCAN P04578885AC, CELL [1,1]
12:23:09:26 | I | Matching ok | SEQ : 20174676440, PART : N/A, SCAN N/A, CELL [1,2]
12:23:11:92 | I | Matching ok | SEQ : 20174676430, PART : 68193661AB, SCAN P68193661AB, CELL [1,3]
12:23:14:59 | I | Matching ok | SEQ : 20174676420, PART : 04578885AC, SCAN P04578885AC, CELL [1,4]
12:23:16:61 | I | Matching ok | SEQ : 20174676410, PART : N/A, SCAN N/A, CELL [1,5]
12:23:19:57 | I | Matching ok | SEQ : 20174676400, PART : 04578885AC, SCAN P04578885AC, CELL [1,6]
12:23:22:24 | I | Matching ok | SEQ : 20174676510, PART : 04578885AC, SCAN P04578885AC, CELL [2,1]
12:23:24:97 | I | Matching ok | SEQ : 20174676500, PART : 52124713AD, SCAN P52124713AD, CELL [2,2]
12:23:26:99 | I | Matching ok | SEQ : 20174676490, PART : N/A, SCAN N/A, CELL [2,3]
12:23:29:15 | I | Matching ok | SEQ : 20174676480, PART : 04578885AC, SCAN P04578885AC, CELL [2,4]
12:23:31:97 | I | Matching ok | SEQ : 20174676470, PART : 04578885AC, SCAN P04578885AC, CELL [2,5]
12:23:34:39 | I | Matching ok | SEQ : 20174676460, PART : 52124713AD, SCAN P52124713AD, CELL [2,6]
12:33:36:51 | I | Matching ok | SEQ : 20174676570, PART : 04578885AC, SCAN P04578885AC, CELL [1,1]
12:33:39:18 | I | Matching ok | SEQ : 20174676560, PART : 04578885AC, SCAN P04578885AC, CELL [1,2]
12:33:41:21 | I | Matching ok | SEQ : 20174676550, PART : N/A, SCAN N/A, CELL [1,3]
12:33:43:61 | I | Matching ok | SEQ : 20174676540, PART : 68193661AB, SCAN P68193661AB, CELL [1,4]
12:33:45:91 | I | Matching ok | SEQ : 20174676530, PART : 52124713AD, SCAN P52124713AD, CELL [1,5]
12:33:48:34 | I | Matching ok | SEQ : 20174676520, PART : 04578885AC, SCAN P04578885AC, CELL [1,6]
12:33:50:35 | I | Matching ok | SEQ : 20174676630, PART : N/A, SCAN N/A, CELL [2,1]
12:33:54:14 | I | Matching ok | SEQ : 20174676620, PART : 04578885AC, SCAN P04578885AC, CELL [2,2]
12:33:56:56 | W | Mismatching | SEQ : 20174676610, PART : 04578885AC, SCAN P52124713AD, CELL [2,3]
12:34:06:43 | I | Matching ok | SEQ : 20174676610, PART : 04578885AC, SCAN P04578885AC, CELL [2,3]
12:34:09:52 | I | Matching ok | SEQ : 20174676600, PART : 52124713AD, SCAN P52124713AD, CELL [2,4]
12:34:11:54 | I | Matching ok | SEQ : 20174676590, PART : N/A, SCAN N/A, CELL [2,5]
12:34:17:46 | I | Matching ok | SEQ : 20174676580, PART : 04578885AC, SCAN P04578885AC, CELL [2,6]
12:45:15:53 | I | Matching ok | SEQ : 20174676690, PART : 04578885AC, SCAN P04578885AC, CELL [1,1]
12:45:18:08 | I | Matching ok | SEQ : 20174676680, PART : 04578885AC, SCAN P04578885AC, CELL [1,2]
12:45:20:30 | I | Matching ok | SEQ : 20174676670, PART : 04578885AC, SCAN P04578885AC, CELL [1,3]
12:45:22:40 | I | Matching ok | SEQ : 20174676660, PART : 04578885AC, SCAN P04578885AC, CELL [1,4]
12:45:24:33 | I | Matching ok | SEQ : 20174676650, PART : 68193661AB, SCAN P68193661AB, CELL [1,5]
12:45:26:18 | I | Matching ok | SEQ : 20174676640, PART : 52124713AD, SCAN P52124713AD, CELL [1,6]
12:45:28:15 | I | Matching ok | SEQ : 20174676750, PART : 04578885AC, SCAN P04578885AC, CELL [2,1]
12:45:29:88 | I | Matching ok | SEQ : 20174676740, PART : 04578885AC, SCAN P04578885AC, CELL [2,2]
12:45:31:55 | I | Matching ok | SEQ : 20174676730, PART : 52124713AD, SCAN P52124713AD, CELL [2,3]
12:45:33:18 | I | Matching ok | SEQ : 20174676720, PART : 04578885AC, SCAN P04578885AC, CELL [2,4]
12:45:34:98 | I | Matching ok | SEQ : 20174676710, PART : 04578885AC, SCAN P04578885AC, CELL [2,5]
12:45:37:20 | I | Matching ok | SEQ : 20174676700, PART : 68193661AB, SCAN P68193661AB, CELL [2,6]
12:45:39:33 | I | Matching ok | SEQ : 20174676810, PART : N/A, SCAN N/A, CELL [1,1]
12:56:04:34 | I | Matching ok | SEQ : 20174676800, PART : 68193661AB, SCAN P68193661AB, CELL [1,2]
12:56:06:38 | I | Matching ok | SEQ : 20174676790, PART : N/A, SCAN N/A, CELL [1,3]
12:56:08:84 | I | Matching ok | SEQ : 20174676780, PART : 04578885AC, SCAN P04578885AC, CELL [1,4]
12:56:10:42 | I | Matching ok | SEQ : 20174676770, PART : 04578885AC, SCAN P04578885AC, CELL [1,5]
12:56:11:62 | I | Matching ok | SEQ : 20174676760, PART : 04578885AC, SCAN P04578885AC, CELL [1,6]
12:56:12:82 | I | Matching ok | SEQ : 20174676870, PART : 04578885AC, SCAN P04578885AC, CELL [2,1]
12:56:14:30 | I | Matching ok | SEQ : 20174676860, PART : 68193661AB, SCAN P68193661AB, CELL [2,2]
12:56:15:79 | I | Matching ok | SEQ : 20174676850, PART : 04578885AC, SCAN P04578885AC, CELL [2,3]
12:56:18:34 | I | Matching ok | SEQ : 20174676840, PART : 04578885AC, SCAN P04578885AC, CELL [2,4]
12:56:19:52 | I | Matching ok | SEQ : 20174676830, PART : 04578885AC, SCAN P04578885AC, CELL [2,5]
12:56:21:52 | I | Matching ok | SEQ : 20174676820, PART : 52124713AD, SCAN P52124713AD, CELL [2,6]
13:23:15:98 | I | Matching ok | SEQ : 20174676930, PART : 68193661AB, SCAN P68193661AB, CELL [1,1]
13:23:18:01 | I | Matching ok | SEQ : 20174676920, PART : N/A, SCAN N/A, CELL [1,2]
13:23:21:33 | I | Matching ok | SEQ : 20174676910, PART : 04578885AC, SCAN P04578885AC, CELL [1,3]
13:23:23:53 | I | Matching ok | SEQ : 20174676900, PART : 04578885AC, SCAN P04578885AC, CELL [1,4]
13:23:25:36 | I | Matching ok | SEQ : 20174676890, PART : 52124713AD, SCAN P52124713AD, CELL [1,5]
13:23:26:66 | I | Matching ok | SEQ : 20174676880, PART : 52124713AD, SCAN P52124713AD, CELL [1,6]
13:23:27:91 | I | Matching ok | SEQ : 20174676990, PART : 04578885AC, SCAN P04578885AC, CELL [2,1]
13:23:29:18 | I | Matching ok | SEQ : 20174676980, PART : 52124713AD, SCAN P52124713AD, CELL [2,2]
13:23:30:43 | I | Matching ok | SEQ : 20174676970, PART : 04578885AC, SCAN P04578885AC, CELL [2,3]
13:23:31:91 | I | Matching ok | SEQ : 20174676960, PART : 04578885AC, SCAN P04578885AC, CELL [2,4]
13:23:33:92 | I | Matching ok | SEQ : 20174676950, PART : N/A, SCAN N/A, CELL [2,5]
13:23:35:38 | I | Matching ok | SEQ : 20174676940, PART : 04578885AC, SCAN P04578885AC, CELL [2,6]
13:30:47:99 | I | Matching ok | SEQ : 20174677050, PART : 04578885AC, SCAN P04578885AC, CELL [1,1]
13:30:50:94 | I | Matching ok | SEQ : 20174677040, PART : 52124713AD, SCAN P52124713AD, CELL [1,2]
13:30:53:19 | I | Matching ok | SEQ : 20174677030, PART : 68193661AB, SCAN P68193661AB, CELL [1,3]
13:30:55:69 | I | Matching ok | SEQ : 20174677020, PART : 52124713AD, SCAN P52124713AD, CELL [1,4]
13:30:58:07 | I | Matching ok | SEQ : 20174677010, PART : 04578885AC, SCAN P04578885AC, CELL [1,5]
13:31:00:12 | I | Matching ok | SEQ : 20174677000, PART : 04578885AC, SCAN P04578885AC, CELL [1,6]
13:31:02:39 | I | Matching ok | SEQ : 20174677110, PART : 04578885AC, SCAN P04578885AC, CELL [2,1]
13:31:06:02 | I | Matching ok | SEQ : 20174677100, PART : 04578885AC, SCAN P04578885AC, CELL [2,2]
13:31:08:32 | I | Matching ok | SEQ : 20174677090, PART : 04578885AC, SCAN P04578885AC, CELL [2,3]
13:31:10:57 | I | Matching ok | SEQ : 20174677080, PART : 68193661AB, SCAN P68193661AB, CELL [2,4]
13:31:13:72 | I | Matching ok | SEQ : 20174677070, PART : 04578885AC, SCAN P04578885AC, CELL [2,5]
13:31:16:48 | I | Matching ok | SEQ : 20174677060, PART : 04578885AC, SCAN P04578885AC, CELL [2,6]
13:44:06:59 | I | Matching ok | SEQ : 20174677170, PART : 04578885AC, SCAN P04578885AC, CELL [1,1]
13:44:08:60 | I | Matching ok | SEQ : 20174677160, PART : N/A, SCAN N/A, CELL [1,2]
13:44:11:39 | I | Matching ok | SEQ : 20174677150, PART : 04578885AC, SCAN P04578885AC, CELL [1,3]
13:44:13:79 | I | Matching ok | SEQ : 20174677140, PART : 04578885AC, SCAN P04578885AC, CELL [1,4]
13:44:16:22 | I | Matching ok | SEQ : 20174677130, PART : 68193661AB, SCAN P68193661AB, CELL [1,5]
13:44:18:61 | I | Matching ok | SEQ : 20174677120, PART : 52124713AD, SCAN P52124713AD, CELL [1,6]
13:44:21:09 | I | Matching ok | SEQ : 20174677230, PART : 52124713AD, SCAN P52124713AD, CELL [2,1]
13:44:23:59 | I | Matching ok | SEQ : 20174677220, PART : 04578885AC, SCAN P04578885AC, CELL [2,2]
13:44:26:24 | I | Matching ok | SEQ : 20174677210, PART : 04578885AC, SCAN P04578885AC, CELL [2,3]
13:44:28:46 | I | Matching ok | SEQ : 20174677200, PART : 04578885AC, SCAN P04578885AC, CELL [2,4]
13:44:30:74 | I | Matching ok | SEQ : 20174677190, PART : 68193661AB, SCAN P68193661AB, CELL [2,5]
13:44:35:16 | I | Matching ok | SEQ : 20174677180, PART : 04578885AC, SCAN P04578885AC, CELL [2,6]
13:57:26:88 | I | Matching ok | SEQ : 20174677290, PART : 04578885AC, SCAN P04578885AC, CELL [1,1]
13:57:29:36 | I | Matching ok | SEQ : 20174677280, PART : 04578885AC, SCAN P04578885AC, CELL [1,2]
13:57:31:76 | I | Matching ok | SEQ : 20174677270, PART : 04578885AC, SCAN P04578885AC, CELL [1,3]
13:57:34:18 | I | Matching ok | SEQ : 20174677260, PART : 04578885AC, SCAN P04578885AC, CELL [1,4]
13:57:36:71 | I | Matching ok | SEQ : 20174677250, PART : 68193661AB, SCAN P68193661AB, CELL [1,5]
13:57:39:31 | I | Matching ok | SEQ : 20174677240, PART : 04578885AC, SCAN P04578885AC, CELL [1,6]
13:57:42:03 | I | Matching ok | SEQ : 20174677350, PART : 04578885AC, SCAN P04578885AC, CELL [2,1]
13:57:44:53 | I | Matching ok | SEQ : 20174677340, PART : 52124713AD, SCAN P52124713AD, CELL [2,2]
13:57:46:86 | I | Matching ok | SEQ : 20174677330, PART : 04578885AC, SCAN P04578885AC, CELL [2,3]
13:57:49:09 | I | Matching ok | SEQ : 20174677320, PART : 04578885AC, SCAN P04578885AC, CELL [2,4]
13:57:51:36 | I | Matching ok | SEQ : 20174677310, PART : 68193661AB, SCAN P68193661AB, CELL [2,5]
13:57:53:61 | I | Matching ok | SEQ : 20174677300, PART : 52124713AD, SCAN P52124713AD, CELL [2,6]
14:10:27:20 | I | Matching ok | SEQ : 20174677410, PART : 52124713AD, SCAN P52124713AD, CELL [1,1]
14:10:30:45 | I | Matching ok | SEQ : 20174677400, PART : 52124713AD, SCAN P52124713AD, CELL [1,2]
14:10:33:58 | I | Matching ok | SEQ : 20174677390, PART : 04578885AC, SCAN P04578885AC, CELL [1,3]
14:10:35:62 | I | Matching ok | SEQ : 20174677380, PART : N/A, SCAN N/A, CELL [1,4]
14:10:38:25 | I | Matching ok | SEQ : 20174677370, PART : 68193661AB, SCAN P68193661AB, CELL [1,5]
14:10:40:55 | I | Matching ok | SEQ : 20174677360, PART : 04578885AC, SCAN P04578885AC, CELL [1,6]
14:10:42:56 | I | Matching ok | SEQ : 20174677470, PART : N/A, SCAN N/A, CELL [2,1]
14:10:44:97 | I | Matching ok | SEQ : 20174677460, PART : 52124713AD, SCAN P52124713AD, CELL [2,2]
14:10:47:65 | I | Matching ok | SEQ : 20174677450, PART : 04578885AC, SCAN P04578885AC, CELL [2,3]
14:10:50:00 | I | Matching ok | SEQ : 20174677440, PART : 52124713AD, SCAN P52124713AD, CELL [2,4]
14:10:53:48 | I | Matching ok | SEQ : 20174677430, PART : 68193661AB, SCAN P68193661AB, CELL [2,5]
14:10:56:07 | I | Matching ok | SEQ : 20174677420, PART : 04578885AC, SCAN P04578885AC, CELL [2,6]
14:19:53:66 | I | Matching ok | SEQ : 20174677530, PART : 04578885AC, SCAN P04578885AC, CELL [1,1]
14:19:56:89 | I | Matching ok | SEQ : 20174677520, PART : 04578885AC, SCAN P04578885AC, CELL [1,2]
14:19:58:90 | I | Matching ok | SEQ : 20174677510, PART : N/A, SCAN N/A, CELL [1,3]
14:20:01:87 | I | Matching ok | SEQ : 20174677500, PART : 68193661AB, SCAN P68193661AB, CELL [1,4]
14:20:05:84 | I | Matching ok | SEQ : 20174677490, PART : 04578885AC, SCAN P04578885AC, CELL [1,5]
14:20:08:14 | I | Matching ok | SEQ : 20174677480, PART : 04578885AC, SCAN P04578885AC, CELL [1,6]
14:20:10:15 | I | Matching ok | SEQ : 20174677590, PART : N/A, SCAN N/A, CELL [2,1]
14:20:12:18 | I | Matching ok | SEQ : 20174677580, PART : N/A, SCAN N/A, CELL [2,2]
14:20:15:94 | I | Matching ok | SEQ : 20174677570, PART : 04578885AC, SCAN P04578885AC, CELL [2,3]
14:20:19:04 | I | Matching ok | SEQ : 20174677560, PART : 68193661AB, SCAN P68193661AB, CELL [2,4]
14:20:22:22 | I | Matching ok | SEQ : 20174677550, PART : 04578885AC, SCAN P04578885AC, CELL [2,5]
14:20:24:67 | I | Matching ok | SEQ : 20174677540, PART : 52124713AD, SCAN P52124713AD, CELL [2,6]
14:46:21:23 | I | Matching ok | SEQ : 20174677650, PART : 04578885AC, SCAN P04578885AC, CELL [1,1]
14:46:24:70 | I | Matching ok | SEQ : 20174677640, PART : 04578885AC, SCAN P04578885AC, CELL [1,2]
14:46:27:30 | I | Matching ok | SEQ : 20174677630, PART : 04578885AC, SCAN P04578885AC, CELL [1,3]
14:46:29:98 | I | Matching ok | SEQ : 20174677620, PART : 04578885AC, SCAN P04578885AC, CELL [1,4]
14:46:32:75 | I | Matching ok | SEQ : 20174677610, PART : 68193661AB, SCAN P68193661AB, CELL [1,5]
14:46:35:05 | I | Matching ok | SEQ : 20174677600, PART : 04578885AC, SCAN P04578885AC, CELL [1,6]
14:46:39:08 | I | Matching ok | SEQ : 20174677710, PART : 04578885AC, SCAN P04578885AC, CELL [2,1]
14:46:41:10 | I | Matching ok | SEQ : 20174677700, PART : N/A, SCAN N/A, CELL [2,2]
14:46:43:15 | I | Matching ok | SEQ : 20174677690, PART : 52124713AD, SCAN P52124713AD, CELL [2,3]
14:46:45:78 | I | Matching ok | SEQ : 20174677680, PART : 04578885AC, SCAN P04578885AC, CELL [2,4]
14:46:48:88 | I | Matching ok | SEQ : 20174677670, PART : 04578885AC, SCAN P04578885AC, CELL [2,5]
14:46:51:63 | I | Matching ok | SEQ : 20174677660, PART : 04578885AC, SCAN P04578885AC, CELL [2,6]
14:58:06:45 | I | Matching ok | SEQ : 20174677770, PART : 04578885AC, SCAN P04578885AC, CELL [1,1]
14:58:09:12 | I | Matching ok | SEQ : 20174677760, PART : 52124713AD, SCAN P52124713AD, CELL [1,2]
14:58:11:67 | I | Matching ok | SEQ : 20174677750, PART : 52124713AD, SCAN P52124713AD, CELL [1,3]
14:58:13:69 | I | Matching ok | SEQ : 20174677740, PART : N/A, SCAN N/A, CELL [1,4]
14:58:17:79 | I | Matching ok | SEQ : 20174677730, PART : 52124713AD, SCAN P52124713AD, CELL [1,5]
14:58:20:37 | I | Matching ok | SEQ : 20174677720, PART : 04578885AC, SCAN P04578885AC, CELL [1,6]
14:58:22:67 | I | Matching ok | SEQ : 20174677830, PART : 04578885AC, SCAN P04578885AC, CELL [2,1]
14:58:25:30 | I | Matching ok | SEQ : 20174677820, PART : 04578885AC, SCAN P04578885AC, CELL [2,2]
14:58:28:94 | I | Matching ok | SEQ : 20174677810, PART : 04578885AC, SCAN P04578885AC, CELL [2,3]
14:58:32:52 | I | Matching ok | SEQ : 20174677800, PART : 04578885AC, SCAN P04578885AC, CELL [2,4]
14:58:35:07 | I | Matching ok | SEQ : 20174677790, PART : 04578885AC, SCAN P04578885AC, CELL [2,5]
14:58:37:08 | I | Matching ok | SEQ : 20174677780, PART : N/A, SCAN N/A, CELL [2,6]
15:09:30:56 | I | Matching ok | SEQ : 20174677890, PART : 52124713AD, SCAN P52124713AD, CELL [1,1]
15:09:32:58 | I | Matching ok | SEQ : 20174677880, PART : N/A, SCAN N/A, CELL [1,2]
15:09:36:88 | I | Matching ok | SEQ : 20174677870, PART : 04578885AC, SCAN P04578885AC, CELL [1,3]
15:09:38:90 | I | Matching ok | SEQ : 20174677860, PART : N/A, SCAN N/A, CELL [1,4]
15:09:42:46 | I | Matching ok | SEQ : 20174677850, PART : 04578885AC, SCAN P04578885AC, CELL [1,5]
15:09:45:14 | I | Matching ok | SEQ : 20174677840, PART : 04578885AC, SCAN P04578885AC, CELL [1,6]
15:09:47:59 | I | Matching ok | SEQ : 20174677950, PART : 04578885AC, SCAN P04578885AC, CELL [2,1]
15:09:48:96 | I | Matching ok | SEQ : 20174677940, PART : 52124713AD, SCAN P52124713AD, CELL [2,2]
15:09:50:41 | I | Matching ok | SEQ : 20174677930, PART : 04578885AC, SCAN P04578885AC, CELL [2,3]
15:09:51:51 | I | Matching ok | SEQ : 20174677920, PART : 04578885AC, SCAN P04578885AC, CELL [2,4]
15:09:53:79 | I | Matching ok | SEQ : 20174677910, PART : 52124713AD, SCAN P52124713AD, CELL [2,5]
15:09:55:47 | I | Matching ok | SEQ : 20174677900, PART : 04578885AC, SCAN P04578885AC, CELL [2,6]
15:18:58:27 | I | Matching ok | SEQ : 20174678010, PART : 04578885AC, SCAN P04578885AC, CELL [1,1]
15:19:01:50 | I | Matching ok | SEQ : 20174678000, PART : 04578885AC, SCAN P04578885AC, CELL [1,2]
15:19:06:50 | I | Matching ok | SEQ : 20174677990, PART : 04578885AC, SCAN P04578885AC, CELL [1,3]
15:19:08:52 | I | Matching ok | SEQ : 20174677980, PART : N/A, SCAN N/A, CELL [1,4]
15:19:10:17 | I | Matching ok | SEQ : 20174677970, PART : 04578885AC, SCAN P04578885AC, CELL [1,5]
15:19:11:65 | I | Matching ok | SEQ : 20174677960, PART : 04578885AC, SCAN P04578885AC, CELL [1,6]
15:19:12:95 | I | Matching ok | SEQ : 20174678070, PART : 04578885AC, SCAN P04578885AC, CELL [2,1]
15:19:14:25 | I | Matching ok | SEQ : 20174678060, PART : 04578885AC, SCAN P04578885AC, CELL [2,2]
15:19:15:55 | I | Matching ok | SEQ : 20174678050, PART : 04578885AC, SCAN P04578885AC, CELL [2,3]
15:19:16:95 | I | Matching ok | SEQ : 20174678040, PART : 52124713AD, SCAN P52124713AD, CELL [2,4]
15:19:18:15 | I | Matching ok | SEQ : 20174678030, PART : 04578885AC, SCAN P04578885AC, CELL [2,5]
15:19:20:17 | I | Matching ok | SEQ : 20174678020, PART : N/A, SCAN N/A, CELL [2,6]
15:28:32:04 | I | Matching ok | SEQ : 20174678130, PART : 52124713AD, SCAN P52124713AD, CELL [1,1]
15:28:37:01 | I | Matching ok | SEQ : 20174678120, PART : 52124713AD, SCAN P52124713AD, CELL [1,2]
15:28:40:96 | I | Matching ok | SEQ : 20174678110, PART : 04578885AC, SCAN P04578885AC, CELL [1,3]
15:28:47:62 | I | Matching ok | SEQ : 20174678100, PART : 04578885AC, SCAN P04578885AC, CELL [1,4]
15:28:50:69 | I | Matching ok | SEQ : 20174678090, PART : 04578885AC, SCAN P04578885AC, CELL [1,5]
15:28:54:36 | I | Matching ok | SEQ : 20174678080, PART : 04578885AC, SCAN P04578885AC, CELL [1,6]
15:28:57:29 | I | Matching ok | SEQ : 20174678190, PART : 52124713AD, SCAN P52124713AD, CELL [2,1]
15:28:59:96 | I | Matching ok | SEQ : 20174678180, PART : 04578885AC, SCAN P04578885AC, CELL [2,2]
15:29:01:98 | I | Matching ok | SEQ : 20174678170, PART : N/A, SCAN N/A, CELL [2,3]
15:29:04:91 | I | Matching ok | SEQ : 20174678160, PART : 04578885AC, SCAN P04578885AC, CELL [2,4]
15:29:08:26 | I | Matching ok | SEQ : 20174678150, PART : 04578885AC, SCAN P04578885AC, CELL [2,5]
15:29:10:31 | I | Matching ok | SEQ : 20174678140, PART : N/A, SCAN N/A, CELL [2,6]
15:36:13:37 | I | Matching ok | SEQ : 20174678250, PART : 04578885AC, SCAN P04578885AC, CELL [1,1]
15:36:16:27 | I | Matching ok | SEQ : 20174678240, PART : 04578885AC, SCAN P04578885AC, CELL [1,2]
15:36:18:77 | I | Matching ok | SEQ : 20174678230, PART : 68193661AB, SCAN P68193661AB, CELL [1,3]
15:36:21:40 | I | Matching ok | SEQ : 20174678220, PART : 04578885AC, SCAN P04578885AC, CELL [1,4]
15:36:23:68 | I | Matching ok | SEQ : 20174678210, PART : 52124713AD, SCAN P52124713AD, CELL [1,5]
15:36:26:22 | I | Matching ok | SEQ : 20174678200, PART : 04578885AC, SCAN P04578885AC, CELL [1,6]
15:36:30:00 | I | Matching ok | SEQ : 20174678310, PART : 52124713AD, SCAN P52124713AD, CELL [2,1]
15:36:32:50 | I | Matching ok | SEQ : 20174678300, PART : 52124713AD, SCAN P52124713AD, CELL [2,2]
15:36:35:50 | I | Matching ok | SEQ : 20174678290, PART : 52124713AD, SCAN P52124713AD, CELL [2,3]
15:36:38:00 | I | Matching ok | SEQ : 20174678280, PART : 68193661AB, SCAN P68193661AB, CELL [2,4]
15:36:40:05 | I | Matching ok | SEQ : 20174678270, PART : N/A, SCAN N/A, CELL [2,5]
15:36:42:52 | I | Matching ok | SEQ : 20174678260, PART : 04578885AC, SCAN P04578885AC, CELL [2,6]
15:45:59:91 | I | Matching ok | SEQ : 20174678370, PART : 04578885AC, SCAN P04578885AC, CELL [1,1]
15:46:02:69 | I | Matching ok | SEQ : 20174678360, PART : 68193661AB, SCAN P68193661AB, CELL [1,2]
15:46:04:71 | I | Matching ok | SEQ : 20174678350, PART : N/A, SCAN N/A, CELL [1,3]
15:46:06:75 | I | Matching ok | SEQ : 20174678340, PART : N/A, SCAN N/A, CELL [1,4]
15:46:08:78 | I | Matching ok | SEQ : 20174678330, PART : N/A, SCAN N/A, CELL [1,5]
15:46:13:39 | I | Matching ok | SEQ : 20174678320, PART : 04578885AC, SCAN P04578885AC, CELL [1,6]
15:46:15:41 | I | Matching ok | SEQ : 20174678430, PART : N/A, SCAN N/A, CELL [2,1]
15:46:17:59 | I | Matching ok | SEQ : 20174678420, PART : 68193661AB, SCAN P68193661AB, CELL [2,2]
15:46:20:49 | I | Matching ok | SEQ : 20174678410, PART : 52124713AD, SCAN P52124713AD, CELL [2,3]
15:46:23:24 | I | Matching ok | SEQ : 20174678400, PART : 52124713AD, SCAN P52124713AD, CELL [2,4]
15:46:25:81 | I | Matching ok | SEQ : 20174678390, PART : 04578885AC, SCAN P04578885AC, CELL [2,5]
15:46:29:89 | I | Matching ok | SEQ : 20174678380, PART : 04578885AC, SCAN P04578885AC, CELL [2,6]
15:58:04:80 | I | Matching ok | SEQ : 20174678490, PART : 68193661AB, SCAN P68193661AB, CELL [1,1]
15:58:08:28 | I | Matching ok | SEQ : 20174678480, PART : 04578885AC, SCAN P04578885AC, CELL [1,2]
15:58:10:78 | I | Matching ok | SEQ : 20174678470, PART : 04578885AC, SCAN P04578885AC, CELL [1,3]
15:58:13:83 | I | Matching ok | SEQ : 20174678460, PART : 04578885AC, SCAN P04578885AC, CELL [1,4]
15:58:16:20 | I | Matching ok | SEQ : 20174678450, PART : 04578885AC, SCAN P04578885AC, CELL [1,5]
15:58:18:58 | I | Matching ok | SEQ : 20174678440, PART : 52124713AD, SCAN P52124713AD, CELL [1,6]
15:58:20:93 | I | Matching ok | SEQ : 20174678550, PART : 04578885AC, SCAN P04578885AC, CELL [2,1]
15:58:23:51 | I | Matching ok | SEQ : 20174678540, PART : 04578885AC, SCAN P04578885AC, CELL [2,2]
15:58:26:03 | I | Matching ok | SEQ : 20174678530, PART : 04578885AC, SCAN P04578885AC, CELL [2,3]
15:58:28:55 | I | Matching ok | SEQ : 20174678520, PART : 04578885AC, SCAN P04578885AC, CELL [2,4]
15:58:31:05 | I | Matching ok | SEQ : 20174678510, PART : 04578885AC, SCAN P04578885AC, CELL [2,5]
15:58:33:63 | I | Matching ok | SEQ : 20174678500, PART : 52124713AD, SCAN P52124713AD, CELL [2,6]
16:05:37:37 | I | Matching ok | SEQ : 20174678610, PART : 52124713AD, SCAN P52124713AD, CELL [1,1]
16:05:39:99 | I | Matching ok | SEQ : 20174678600, PART : 04578885AC, SCAN P04578885AC, CELL [1,2]
16:05:42:37 | I | Matching ok | SEQ : 20174678590, PART : 04578885AC, SCAN P04578885AC, CELL [1,3]
16:05:44:52 | I | Matching ok | SEQ : 20174678580, PART : 04578885AC, SCAN P04578885AC, CELL [1,4]
16:05:46:89 | I | Matching ok | SEQ : 20174678570, PART : 04578885AC, SCAN P04578885AC, CELL [1,5]
16:05:49:22 | I | Matching ok | SEQ : 20174678560, PART : 68193661AB, SCAN P68193661AB, CELL [1,6]
16:05:53:67 | I | Matching ok | SEQ : 20174678670, PART : 04578885AC, SCAN P04578885AC, CELL [2,1]
16:05:56:37 | W | Mismatching | SEQ : 20174678660, PART : 52124713AD, SCAN P04578885AC, CELL [2,2]
16:06:28:64 | I | Matching ok | SEQ : 20174678660, PART : 52124713AD, SCAN P52124713AD, CELL [2,2]
16:06:30:67 | I | Matching ok | SEQ : 20174678650, PART : N/A, SCAN N/A, CELL [2,3]
16:06:32:27 | I | Matching ok | SEQ : 20174678640, PART : 04578885AC, SCAN P04578885AC, CELL [2,4]
16:06:35:59 | I | Matching ok | SEQ : 20174678630, PART : 68193661AB, SCAN P68193661AB, CELL [2,5]
16:06:40:67 | I | Matching ok | SEQ : 20174678620, PART : 04578885AC, SCAN P04578885AC, CELL [2,6]
16:16:52:31 | I | Matching ok | SEQ : 20174678730, PART : 04578885AC, SCAN P04578885AC, CELL [1,1]
16:16:54:96 | I | Matching ok | SEQ : 20174678720, PART : 04578885AC, SCAN P04578885AC, CELL [1,2]
16:16:57:71 | I | Matching ok | SEQ : 20174678710, PART : 04578885AC, SCAN P04578885AC, CELL [1,3]
16:16:59:98 | I | Matching ok | SEQ : 20174678700, PART : 52124713AD, SCAN P52124713AD, CELL [1,4]
16:17:02:41 | I | Matching ok | SEQ : 20174678690, PART : 04578885AC, SCAN P04578885AC, CELL [1,5]
16:17:04:53 | I | Matching ok | SEQ : 20174678680, PART : 68193661AB, SCAN P68193661AB, CELL [1,6]
16:17:07:23 | I | Matching ok | SEQ : 20174678790, PART : 68193661AB, SCAN P68193661AB, CELL [2,1]
16:17:10:08 | I | Matching ok | SEQ : 20174678780, PART : 04578885AC, SCAN P04578885AC, CELL [2,2]
16:17:12:53 | I | Matching ok | SEQ : 20174678770, PART : 04578885AC, SCAN P04578885AC, CELL [2,3]
16:17:15:13 | I | Matching ok | SEQ : 20174678760, PART : 04578885AC, SCAN P04578885AC, CELL [2,4]
16:17:17:56 | I | Matching ok | SEQ : 20174678750, PART : 52124713AD, SCAN P52124713AD, CELL [2,5]
16:17:19:76 | I | Matching ok | SEQ : 20174678740, PART : 04578885AC, SCAN P04578885AC, CELL [2,6]
16:27:15:75 | I | Matching ok | SEQ : 20174678850, PART : 04578885AC, SCAN P04578885AC, CELL [1,1]
16:27:18:47 | I | Matching ok | SEQ : 20174678840, PART : 68193661AB, SCAN P68193661AB, CELL [1,2]
16:27:20:00 | I | Matching ok | SEQ : 20174678830, PART : 52124713AD, SCAN P52124713AD, CELL [1,3]
16:27:22:02 | I | Matching ok | SEQ : 20174678820, PART : N/A, SCAN N/A, CELL [1,4]
16:27:23:75 | I | Matching ok | SEQ : 20174678810, PART : 04578885AC, SCAN P04578885AC, CELL [1,5]
16:27:25:15 | I | Matching ok | SEQ : 20174678800, PART : 04578885AC, SCAN P04578885AC, CELL [1,6]
16:27:26:32 | I | Matching ok | SEQ : 20174678910, PART : 04578885AC, SCAN P04578885AC, CELL [2,1]
16:27:27:45 | I | Matching ok | SEQ : 20174678900, PART : 04578885AC, SCAN P04578885AC, CELL [2,2]
16:27:28:55 | I | Matching ok | SEQ : 20174678890, PART : 68193661AB, SCAN P68193661AB, CELL [2,3]
16:27:29:50 | I | Matching ok | SEQ : 20174678880, PART : 04578885AC, SCAN P04578885AC, CELL [2,4]
16:27:30:67 | I | Matching ok | SEQ : 20174678870, PART : 04578885AC, SCAN P04578885AC, CELL [2,5]
16:27:31:98 | I | Matching ok | SEQ : 20174678860, PART : 52124713AD, SCAN P52124713AD, CELL [2,6]
