17:21:41:61 | I | Program start
17:21:46:79 | I | Program close
17:21:54:85 | I | Program start
17:22:03:90 | I | Matching ok | SEQ : 20155460780, PART : N/A, SCAN N/A, CELL [1,3]
17:22:24:68 | I | Program close
17:22:38:28 | I | Program start
17:22:40:86 | W | Mismatching | SEQ : 20155460770, PART : 52124727AF, SCAN N/A, CELL [1,4]
17:22:43:38 | I | Program close
17:23:00:26 | I | Program start
17:23:02:96 | W | Mismatching | SEQ : 20155460770, PART : 52124727AF, SCAN N/A, CELL [1,4]
17:23:18:65 | I | Program close
17:23:39:18 | I | Program start
17:24:02:90 | I | Matching ok | SEQ : 20155460770, PART : 52124727AF, SCAN 52124727AF, CELL [1,4]
17:26:07:32 | I | Program start
17:26:26:23 | W | Mismatching | SEQ : 20155460800, PART : 52124727AF, SCAN 68078529AE, CELL [1,1]
17:26:47:91 | I | Program close
17:27:16:09 | I | Program start
17:27:22:42 | I | Matching ok | SEQ : 20155460790, PART : 68078529AE, SCAN 68078529AE, CELL [1,2]
17:30:45:96 | I | Program close
17:31:00:61 | I | Program start
17:31:05:88 | I | Program close
17:31:34:97 | I | Program start
17:31:37:45 | I | Program close
17:31:48:76 | I | Program start
17:31:57:78 | I | Matching ok | SEQ : 20155460790, PART : 68078529AE, SCAN 68078529AE, CELL [1,2]
